ARM GAS  C:\Users\User\AppData\Local\Temp\cckAauha.s 			page 1


   1              		.syntax unified
   2              		.cpu cortex-m3
   3              		.fpu softvfp
   4              		.eabi_attribute 20, 1
   5              		.eabi_attribute 21, 1
   6              		.eabi_attribute 23, 3
   7              		.eabi_attribute 24, 1
   8              		.eabi_attribute 25, 1
   9              		.eabi_attribute 26, 1
  10              		.eabi_attribute 30, 1
  11              		.eabi_attribute 34, 1
  12              		.eabi_attribute 18, 4
  13              		.thumb
  14              		.file	"cymetadata.c"
  15              		.text
  16              	.Ltext0:
  17              		.cfi_sections	.debug_frame
  18              		.global	cy_metadata
  19              		.global	cy_meta_flashprotect
  20              		.global	cy_meta_wonvl
  21              		.global	cy_meta_custnvl
  22              		.global	cy_meta_configecc
  23              		.section	.cyconfigecc,"a",%progbits
  24              		.align	2
  25              		.type	cy_meta_configecc, %object
  26              		.size	cy_meta_configecc, 572
  27              	cy_meta_configecc:
  28 0000 01       		.byte	1
  29 0001 52       		.byte	82
  30 0002 00       		.byte	0
  31 0003 40       		.byte	64
  32 0004 02       		.byte	2
  33 0005 64       		.byte	100
  34 0006 00       		.byte	0
  35 0007 40       		.byte	64
  36 0008 01       		.byte	1
  37 0009 03       		.byte	3
  38 000a 01       		.byte	1
  39 000b 40       		.byte	64
  40 000c 3F       		.byte	63
  41 000d 0C       		.byte	12
  42 000e 01       		.byte	1
  43 000f 40       		.byte	64
  44 0010 32       		.byte	50
  45 0011 0D       		.byte	13
  46 0012 01       		.byte	1
  47 0013 40       		.byte	64
  48 0014 3B       		.byte	59
  49 0015 0E       		.byte	14
  50 0016 01       		.byte	1
  51 0017 40       		.byte	64
  52 0018 2F       		.byte	47
  53 0019 0F       		.byte	15
  54 001a 01       		.byte	1
  55 001b 40       		.byte	64
  56 001c 03       		.byte	3
  57 001d 40       		.byte	64
ARM GAS  C:\Users\User\AppData\Local\Temp\cckAauha.s 			page 2


  58 001e 01       		.byte	1
  59 001f 40       		.byte	64
  60 0020 04       		.byte	4
  61 0021 41       		.byte	65
  62 0022 01       		.byte	1
  63 0023 40       		.byte	64
  64 0024 01       		.byte	1
  65 0025 42       		.byte	66
  66 0026 01       		.byte	1
  67 0027 40       		.byte	64
  68 0028 01       		.byte	1
  69 0029 43       		.byte	67
  70 002a 01       		.byte	1
  71 002b 40       		.byte	64
  72 002c 02       		.byte	2
  73 002d 44       		.byte	68
  74 002e 01       		.byte	1
  75 002f 40       		.byte	64
  76 0030 02       		.byte	2
  77 0031 45       		.byte	69
  78 0032 01       		.byte	1
  79 0033 40       		.byte	64
  80 0034 03       		.byte	3
  81 0035 48       		.byte	72
  82 0036 01       		.byte	1
  83 0037 40       		.byte	64
  84 0038 02       		.byte	2
  85 0039 50       		.byte	80
  86 003a 01       		.byte	1
  87 003b 40       		.byte	64
  88 003c 01       		.byte	1
  89 003d 51       		.byte	81
  90 003e 01       		.byte	1
  91 003f 40       		.byte	64
  92 0040 34       		.byte	52
  93 0041 40       		.byte	64
  94 0042 8D       		.byte	-115
  95 0043 38       		.byte	56
  96 0044 8E       		.byte	-114
  97 0045 72       		.byte	114
  98 0046 E6       		.byte	-26
  99 0047 02       		.byte	2
 100 0048 85       		.byte	-123
 101 0049 18       		.byte	24
 102 004a 86       		.byte	-122
 103 004b 20       		.byte	32
 104 004c 88       		.byte	-120
 105 004d 01       		.byte	1
 106 004e 89       		.byte	-119
 107 004f 08       		.byte	8
 108 0050 8A       		.byte	-118
 109 0051 0E       		.byte	14
 110 0052 8F       		.byte	-113
 111 0053 04       		.byte	4
 112 0054 90       		.byte	-112
 113 0055 04       		.byte	4
 114 0056 92       		.byte	-110
ARM GAS  C:\Users\User\AppData\Local\Temp\cckAauha.s 			page 3


 115 0057 11       		.byte	17
 116 0058 93       		.byte	-109
 117 0059 02       		.byte	2
 118 005a 95       		.byte	-107
 119 005b 1D       		.byte	29
 120 005c 98       		.byte	-104
 121 005d 07       		.byte	7
 122 005e 99       		.byte	-103
 123 005f 1C       		.byte	28
 124 0060 9B       		.byte	-101
 125 0061 01       		.byte	1
 126 0062 9D       		.byte	-99
 127 0063 10       		.byte	16
 128 0064 A2       		.byte	-94
 129 0065 20       		.byte	32
 130 0066 A4       		.byte	-92
 131 0067 07       		.byte	7
 132 0068 A5       		.byte	-91
 133 0069 05       		.byte	5
 134 006a A7       		.byte	-89
 135 006b 18       		.byte	24
 136 006c AB       		.byte	-85
 137 006d 02       		.byte	2
 138 006e AC       		.byte	-84
 139 006f 02       		.byte	2
 140 0070 AD       		.byte	-83
 141 0071 18       		.byte	24
 142 0072 AE       		.byte	-82
 143 0073 11       		.byte	17
 144 0074 AF       		.byte	-81
 145 0075 05       		.byte	5
 146 0076 B0       		.byte	-80
 147 0077 20       		.byte	32
 148 0078 B1       		.byte	-79
 149 0079 01       		.byte	1
 150 007a B4       		.byte	-76
 151 007b 07       		.byte	7
 152 007c B5       		.byte	-75
 153 007d 02       		.byte	2
 154 007e B6       		.byte	-74
 155 007f 18       		.byte	24
 156 0080 B7       		.byte	-73
 157 0081 1C       		.byte	28
 158 0082 B9       		.byte	-71
 159 0083 02       		.byte	2
 160 0084 BB       		.byte	-69
 161 0085 08       		.byte	8
 162 0086 BE       		.byte	-66
 163 0087 41       		.byte	65
 164 0088 BF       		.byte	-65
 165 0089 10       		.byte	16
 166 008a C0       		.byte	-64
 167 008b 24       		.byte	36
 168 008c C1       		.byte	-63
 169 008d 03       		.byte	3
 170 008e C2       		.byte	-62
 171 008f 05       		.byte	5
ARM GAS  C:\Users\User\AppData\Local\Temp\cckAauha.s 			page 4


 172 0090 C4       		.byte	-60
 173 0091 01       		.byte	1
 174 0092 C5       		.byte	-59
 175 0093 0C       		.byte	12
 176 0094 C7       		.byte	-57
 177 0095 0E       		.byte	14
 178 0096 C8       		.byte	-56
 179 0097 11       		.byte	17
 180 0098 C9       		.byte	-55
 181 0099 FF       		.byte	-1
 182 009a CA       		.byte	-54
 183 009b FF       		.byte	-1
 184 009c CB       		.byte	-53
 185 009d FF       		.byte	-1
 186 009e CC       		.byte	-52
 187 009f 62       		.byte	98
 188 00a0 CD       		.byte	-51
 189 00a1 A0       		.byte	-96
 190 00a2 CE       		.byte	-50
 191 00a3 F0       		.byte	-16
 192 00a4 CF       		.byte	-49
 193 00a5 41       		.byte	65
 194 00a6 D0       		.byte	-48
 195 00a7 0C       		.byte	12
 196 00a8 D4       		.byte	-44
 197 00a9 18       		.byte	24
 198 00aa D6       		.byte	-42
 199 00ab 04       		.byte	4
 200 00ac D8       		.byte	-40
 201 00ad 04       		.byte	4
 202 00ae D9       		.byte	-39
 203 00af 04       		.byte	4
 204 00b0 DA       		.byte	-38
 205 00b1 04       		.byte	4
 206 00b2 DB       		.byte	-37
 207 00b3 04       		.byte	4
 208 00b4 DF       		.byte	-33
 209 00b5 01       		.byte	1
 210 00b6 E6       		.byte	-26
 211 00b7 40       		.byte	64
 212 00b8 E7       		.byte	-25
 213 00b9 02       		.byte	2
 214 00ba E9       		.byte	-23
 215 00bb 10       		.byte	16
 216 00bc EA       		.byte	-22
 217 00bd 30       		.byte	48
 218 00be EB       		.byte	-21
 219 00bf 10       		.byte	16
 220 00c0 ED       		.byte	-19
 221 00c1 10       		.byte	16
 222 00c2 EE       		.byte	-18
 223 00c3 10       		.byte	16
 224 00c4 EF       		.byte	-17
 225 00c5 12       		.byte	18
 226 00c6 01       		.byte	1
 227 00c7 28       		.byte	40
 228 00c8 0A       		.byte	10
ARM GAS  C:\Users\User\AppData\Local\Temp\cckAauha.s 			page 5


 229 00c9 04       		.byte	4
 230 00ca 0B       		.byte	11
 231 00cb 80       		.byte	-128
 232 00cc 10       		.byte	16
 233 00cd 02       		.byte	2
 234 00ce 13       		.byte	19
 235 00cf 0A       		.byte	10
 236 00d0 18       		.byte	24
 237 00d1 01       		.byte	1
 238 00d2 19       		.byte	25
 239 00d3 20       		.byte	32
 240 00d4 1B       		.byte	27
 241 00d5 01       		.byte	1
 242 00d6 20       		.byte	32
 243 00d7 02       		.byte	2
 244 00d8 21       		.byte	33
 245 00d9 08       		.byte	8
 246 00da 22       		.byte	34
 247 00db 02       		.byte	2
 248 00dc 23       		.byte	35
 249 00dd 06       		.byte	6
 250 00de 29       		.byte	41
 251 00df 80       		.byte	-128
 252 00e0 2B       		.byte	43
 253 00e1 28       		.byte	40
 254 00e2 30       		.byte	48
 255 00e3 80       		.byte	-128
 256 00e4 31       		.byte	49
 257 00e5 28       		.byte	40
 258 00e6 32       		.byte	50
 259 00e7 02       		.byte	2
 260 00e8 38       		.byte	56
 261 00e9 68       		.byte	104
 262 00ea 40       		.byte	64
 263 00eb 41       		.byte	65
 264 00ec 41       		.byte	65
 265 00ed 08       		.byte	8
 266 00ee 43       		.byte	67
 267 00ef 21       		.byte	33
 268 00f0 48       		.byte	72
 269 00f1 01       		.byte	1
 270 00f2 49       		.byte	73
 271 00f3 08       		.byte	8
 272 00f4 53       		.byte	83
 273 00f5 08       		.byte	8
 274 00f6 5A       		.byte	90
 275 00f7 02       		.byte	2
 276 00f8 63       		.byte	99
 277 00f9 46       		.byte	70
 278 00fa 87       		.byte	-121
 279 00fb 40       		.byte	64
 280 00fc 8D       		.byte	-115
 281 00fd 20       		.byte	32
 282 00fe 8E       		.byte	-114
 283 00ff 40       		.byte	64
 284 0100 90       		.byte	-112
 285 0101 28       		.byte	40
ARM GAS  C:\Users\User\AppData\Local\Temp\cckAauha.s 			page 6


 286 0102 92       		.byte	-110
 287 0103 06       		.byte	6
 288 0104 93       		.byte	-109
 289 0105 80       		.byte	-128
 290 0106 96       		.byte	-106
 291 0107 80       		.byte	-128
 292 0108 99       		.byte	-103
 293 0109 80       		.byte	-128
 294 010a 9B       		.byte	-101
 295 010b 09       		.byte	9
 296 010c A0       		.byte	-96
 297 010d 82       		.byte	-126
 298 010e A1       		.byte	-95
 299 010f 20       		.byte	32
 300 0110 A3       		.byte	-93
 301 0111 20       		.byte	32
 302 0112 A5       		.byte	-91
 303 0113 08       		.byte	8
 304 0114 B0       		.byte	-80
 305 0115 02       		.byte	2
 306 0116 C0       		.byte	-64
 307 0117 06       		.byte	6
 308 0118 C2       		.byte	-62
 309 0119 0A       		.byte	10
 310 011a C4       		.byte	-60
 311 011b 0D       		.byte	13
 312 011c CA       		.byte	-54
 313 011d 0E       		.byte	14
 314 011e CC       		.byte	-52
 315 011f 0F       		.byte	15
 316 0120 CE       		.byte	-50
 317 0121 0E       		.byte	14
 318 0122 D0       		.byte	-48
 319 0123 0F       		.byte	15
 320 0124 D2       		.byte	-46
 321 0125 08       		.byte	8
 322 0126 D6       		.byte	-42
 323 0127 01       		.byte	1
 324 0128 D8       		.byte	-40
 325 0129 0D       		.byte	13
 326 012a 01       		.byte	1
 327 012b 10       		.byte	16
 328 012c 02       		.byte	2
 329 012d 23       		.byte	35
 330 012e 04       		.byte	4
 331 012f 33       		.byte	51
 332 0130 05       		.byte	5
 333 0131 08       		.byte	8
 334 0132 06       		.byte	6
 335 0133 0C       		.byte	12
 336 0134 08       		.byte	8
 337 0135 02       		.byte	2
 338 0136 09       		.byte	9
 339 0137 DF       		.byte	-33
 340 0138 0C       		.byte	12
 341 0139 1F       		.byte	31
 342 013a 0E       		.byte	14
ARM GAS  C:\Users\User\AppData\Local\Temp\cckAauha.s 			page 7


 343 013b 20       		.byte	32
 344 013c 0F       		.byte	15
 345 013d 04       		.byte	4
 346 013e 10       		.byte	16
 347 013f 03       		.byte	3
 348 0140 11       		.byte	17
 349 0141 44       		.byte	68
 350 0142 13       		.byte	19
 351 0143 20       		.byte	32
 352 0144 14       		.byte	20
 353 0145 3F       		.byte	63
 354 0146 15       		.byte	21
 355 0147 80       		.byte	-128
 356 0148 18       		.byte	24
 357 0149 1C       		.byte	28
 358 014a 19       		.byte	25
 359 014b 1C       		.byte	28
 360 014c 1A       		.byte	26
 361 014d 23       		.byte	35
 362 014e 1B       		.byte	27
 363 014f C2       		.byte	-62
 364 0150 1F       		.byte	31
 365 0151 C3       		.byte	-61
 366 0152 20       		.byte	32
 367 0153 08       		.byte	8
 368 0154 21       		.byte	33
 369 0155 1C       		.byte	28
 370 0156 23       		.byte	35
 371 0157 C1       		.byte	-63
 372 0158 24       		.byte	36
 373 0159 04       		.byte	4
 374 015a 25       		.byte	37
 375 015b C7       		.byte	-57
 376 015c 27       		.byte	39
 377 015d 18       		.byte	24
 378 015e 28       		.byte	40
 379 015f 0C       		.byte	12
 380 0160 29       		.byte	41
 381 0161 18       		.byte	24
 382 0162 2C       		.byte	44
 383 0163 01       		.byte	1
 384 0164 2D       		.byte	45
 385 0165 C0       		.byte	-64
 386 0166 30       		.byte	48
 387 0167 10       		.byte	16
 388 0168 31       		.byte	49
 389 0169 C0       		.byte	-64
 390 016a 34       		.byte	52
 391 016b 0F       		.byte	15
 392 016c 35       		.byte	53
 393 016d 1F       		.byte	31
 394 016e 36       		.byte	54
 395 016f 2C       		.byte	44
 396 0170 37       		.byte	55
 397 0171 20       		.byte	32
 398 0172 3A       		.byte	58
 399 0173 A0       		.byte	-96
ARM GAS  C:\Users\User\AppData\Local\Temp\cckAauha.s 			page 8


 400 0174 3B       		.byte	59
 401 0175 20       		.byte	32
 402 0176 3E       		.byte	62
 403 0177 01       		.byte	1
 404 0178 56       		.byte	86
 405 0179 02       		.byte	2
 406 017a 57       		.byte	87
 407 017b 13       		.byte	19
 408 017c 58       		.byte	88
 409 017d 04       		.byte	4
 410 017e 59       		.byte	89
 411 017f 04       		.byte	4
 412 0180 5B       		.byte	91
 413 0181 04       		.byte	4
 414 0182 5F       		.byte	95
 415 0183 01       		.byte	1
 416 0184 85       		.byte	-123
 417 0185 01       		.byte	1
 418 0186 90       		.byte	-112
 419 0187 01       		.byte	1
 420 0188 91       		.byte	-111
 421 0189 01       		.byte	1
 422 018a 92       		.byte	-110
 423 018b 02       		.byte	2
 424 018c 95       		.byte	-107
 425 018d 01       		.byte	1
 426 018e 98       		.byte	-104
 427 018f 03       		.byte	3
 428 0190 9C       		.byte	-100
 429 0191 02       		.byte	2
 430 0192 9E       		.byte	-98
 431 0193 01       		.byte	1
 432 0194 A4       		.byte	-92
 433 0195 03       		.byte	3
 434 0196 B6       		.byte	-74
 435 0197 03       		.byte	3
 436 0198 B7       		.byte	-73
 437 0199 01       		.byte	1
 438 019a D8       		.byte	-40
 439 019b 04       		.byte	4
 440 019c D9       		.byte	-39
 441 019d 04       		.byte	4
 442 019e DF       		.byte	-33
 443 019f 01       		.byte	1
 444 01a0 01       		.byte	1
 445 01a1 80       		.byte	-128
 446 01a2 02       		.byte	2
 447 01a3 80       		.byte	-128
 448 01a4 03       		.byte	3
 449 01a5 28       		.byte	40
 450 01a6 08       		.byte	8
 451 01a7 01       		.byte	1
 452 01a8 09       		.byte	9
 453 01a9 28       		.byte	40
 454 01aa 0A       		.byte	10
 455 01ab 80       		.byte	-128
 456 01ac 0B       		.byte	11
ARM GAS  C:\Users\User\AppData\Local\Temp\cckAauha.s 			page 9


 457 01ad 10       		.byte	16
 458 01ae 0C       		.byte	12
 459 01af 02       		.byte	2
 460 01b0 0E       		.byte	14
 461 01b1 06       		.byte	6
 462 01b2 10       		.byte	16
 463 01b3 82       		.byte	-126
 464 01b4 13       		.byte	19
 465 01b5 24       		.byte	36
 466 01b6 17       		.byte	23
 467 01b7 08       		.byte	8
 468 01b8 19       		.byte	25
 469 01b9 81       		.byte	-127
 470 01ba 1B       		.byte	27
 471 01bb A0       		.byte	-96
 472 01bc 1E       		.byte	30
 473 01bd 02       		.byte	2
 474 01be 1F       		.byte	31
 475 01bf 40       		.byte	64
 476 01c0 21       		.byte	33
 477 01c1 60       		.byte	96
 478 01c2 22       		.byte	34
 479 01c3 01       		.byte	1
 480 01c4 26       		.byte	38
 481 01c5 80       		.byte	-128
 482 01c6 27       		.byte	39
 483 01c7 01       		.byte	1
 484 01c8 28       		.byte	40
 485 01c9 01       		.byte	1
 486 01ca 2A       		.byte	42
 487 01cb 20       		.byte	32
 488 01cc 2B       		.byte	43
 489 01cd A0       		.byte	-96
 490 01ce 30       		.byte	48
 491 01cf 02       		.byte	2
 492 01d0 31       		.byte	49
 493 01d1 20       		.byte	32
 494 01d2 32       		.byte	50
 495 01d3 80       		.byte	-128
 496 01d4 33       		.byte	51
 497 01d5 08       		.byte	8
 498 01d6 37       		.byte	55
 499 01d7 0A       		.byte	10
 500 01d8 39       		.byte	57
 501 01d9 80       		.byte	-128
 502 01da 3A       		.byte	58
 503 01db 02       		.byte	2
 504 01dc 3B       		.byte	59
 505 01dd 14       		.byte	20
 506 01de 3E       		.byte	62
 507 01df 04       		.byte	4
 508 01e0 59       		.byte	89
 509 01e1 01       		.byte	1
 510 01e2 6A       		.byte	106
 511 01e3 04       		.byte	4
 512 01e4 6B       		.byte	107
 513 01e5 0A       		.byte	10
ARM GAS  C:\Users\User\AppData\Local\Temp\cckAauha.s 			page 10


 514 01e6 70       		.byte	112
 515 01e7 94       		.byte	-108
 516 01e8 72       		.byte	114
 517 01e9 22       		.byte	34
 518 01ea 73       		.byte	115
 519 01eb 24       		.byte	36
 520 01ec 8E       		.byte	-114
 521 01ed 01       		.byte	1
 522 01ee 8F       		.byte	-113
 523 01ef 08       		.byte	8
 524 01f0 C0       		.byte	-64
 525 01f1 0F       		.byte	15
 526 01f2 C2       		.byte	-62
 527 01f3 DE       		.byte	-34
 528 01f4 C4       		.byte	-60
 529 01f5 2F       		.byte	47
 530 01f6 CA       		.byte	-54
 531 01f7 0F       		.byte	15
 532 01f8 CC       		.byte	-52
 533 01f9 CF       		.byte	-49
 534 01fa CE       		.byte	-50
 535 01fb 4F       		.byte	79
 536 01fc D6       		.byte	-42
 537 01fd 01       		.byte	1
 538 01fe 32       		.byte	50
 539 01ff 20       		.byte	32
 540 0200 37       		.byte	55
 541 0201 80       		.byte	-128
 542 0202 CC       		.byte	-52
 543 0203 30       		.byte	48
 544 0204 86       		.byte	-122
 545 0205 20       		.byte	32
 546 0206 9F       		.byte	-97
 547 0207 80       		.byte	-128
 548 0208 A6       		.byte	-90
 549 0209 20       		.byte	32
 550 020a E6       		.byte	-26
 551 020b 40       		.byte	64
 552 020c 9F       		.byte	-97
 553 020d 80       		.byte	-128
 554 020e 9F       		.byte	-97
 555 020f 80       		.byte	-128
 556 0210 09       		.byte	9
 557 0211 20       		.byte	32
 558 0212 C2       		.byte	-62
 559 0213 02       		.byte	2
 560 0214 B1       		.byte	-79
 561 0215 20       		.byte	32
 562 0216 EE       		.byte	-18
 563 0217 01       		.byte	1
 564 0218 23       		.byte	35
 565 0219 80       		.byte	-128
 566 021a 9F       		.byte	-97
 567 021b 80       		.byte	-128
 568 021c C8       		.byte	-56
 569 021d 40       		.byte	64
 570 021e 00       		.byte	0
ARM GAS  C:\Users\User\AppData\Local\Temp\cckAauha.s 			page 11


 571 021f 01       		.byte	1
 572 0220 0E       		.byte	14
 573 0221 01       		.byte	1
 574 0222 00       		.byte	0
 575 0223 0F       		.byte	15
 576 0224 00       		.byte	0
 577 0225 7F       		.byte	127
 578 0226 7F       		.byte	127
 579 0227 00       		.byte	0
 580 0228 00       		.byte	0
 581 0229 00       		.byte	0
 582 022a 00       		.byte	0
 583 022b 00       		.byte	0
 584 022c 00       		.byte	0
 585 022d 00       		.byte	0
 586 022e 00       		.byte	0
 587 022f 00       		.byte	0
 588 0230 00       		.byte	0
 589 0231 00       		.byte	0
 590 0232 03       		.byte	3
 591 0233 00       		.byte	0
 592 0234 40       		.byte	64
 593 0235 00       		.byte	0
 594 0236 00       		.byte	0
 595 0237 00       		.byte	0
 596 0238 00       		.byte	0
 597 0239 00       		.byte	0
 598 023a 00       		.byte	0
 599 023b 00       		.byte	0
 600              		.section	.cywolatch,"a",%progbits
 601              		.align	2
 602              		.type	cy_meta_wonvl, %object
 603              		.size	cy_meta_wonvl, 4
 604              	cy_meta_wonvl:
 605 0000 BC       		.byte	-68
 606 0001 90       		.byte	-112
 607 0002 AC       		.byte	-84
 608 0003 AF       		.byte	-81
 609              		.section	.cycustnvl,"a",%progbits
 610              		.align	2
 611              		.type	cy_meta_custnvl, %object
 612              		.size	cy_meta_custnvl, 4
 613              	cy_meta_custnvl:
 614 0000 00       		.byte	0
 615 0001 00       		.byte	0
 616 0002 40       		.byte	64
 617 0003 05       		.byte	5
 618              		.section	.cymeta,"a",%progbits
 619              		.align	2
 620              		.type	cy_metadata, %object
 621              		.size	cy_metadata, 12
 622              	cy_metadata:
 623 0000 00       		.byte	0
 624 0001 01       		.byte	1
 625 0002 2E       		.byte	46
 626 0003 12       		.byte	18
 627 0004 30       		.byte	48
ARM GAS  C:\Users\User\AppData\Local\Temp\cckAauha.s 			page 12


 628 0005 69       		.byte	105
 629 0006 00       		.byte	0
 630 0007 01       		.byte	1
 631 0008 00       		.byte	0
 632 0009 00       		.byte	0
 633 000a 00       		.byte	0
 634 000b 00       		.byte	0
 635              		.section	.cyflashprotect,"a",%progbits
 636              		.align	2
 637              		.type	cy_meta_flashprotect, %object
 638              		.size	cy_meta_flashprotect, 256
 639              	cy_meta_flashprotect:
 640 0000 00000000 		.space	256
 640      00000000 
 640      00000000 
 640      00000000 
 640      00000000 
 641              		.text
 642              	.Letext0:
 643              		.file 1 ".\\Generated_Source\\PSoC5\\cymetadata.c"
 644              		.file 2 ".\\Generated_Source\\PSoC5\\cytypes.h"
 645              		.section	.debug_info,"",%progbits
 646              	.Ldebug_info0:
 647 0000 37010000 		.4byte	0x137
 648 0004 0400     		.2byte	0x4
 649 0006 00000000 		.4byte	.Ldebug_abbrev0
 650 000a 04       		.byte	0x4
 651 000b 01       		.uleb128 0x1
 652 000c 00000000 		.4byte	.LASF18
 653 0010 01       		.byte	0x1
 654 0011 99000000 		.4byte	.LASF19
 655 0015 04010000 		.4byte	.LASF20
 656 0019 00000000 		.4byte	.Ldebug_line0
 657 001d 02       		.uleb128 0x2
 658 001e 01       		.byte	0x1
 659 001f 06       		.byte	0x6
 660 0020 E9010000 		.4byte	.LASF0
 661 0024 02       		.uleb128 0x2
 662 0025 01       		.byte	0x1
 663 0026 08       		.byte	0x8
 664 0027 D1000000 		.4byte	.LASF1
 665 002b 02       		.uleb128 0x2
 666 002c 02       		.byte	0x2
 667 002d 05       		.byte	0x5
 668 002e D0010000 		.4byte	.LASF2
 669 0032 02       		.uleb128 0x2
 670 0033 02       		.byte	0x2
 671 0034 07       		.byte	0x7
 672 0035 F1000000 		.4byte	.LASF3
 673 0039 02       		.uleb128 0x2
 674 003a 04       		.byte	0x4
 675 003b 05       		.byte	0x5
 676 003c E0010000 		.4byte	.LASF4
 677 0040 02       		.uleb128 0x2
 678 0041 04       		.byte	0x4
 679 0042 07       		.byte	0x7
 680 0043 DF000000 		.4byte	.LASF5
ARM GAS  C:\Users\User\AppData\Local\Temp\cckAauha.s 			page 13


 681 0047 02       		.uleb128 0x2
 682 0048 08       		.byte	0x8
 683 0049 05       		.byte	0x5
 684 004a BD010000 		.4byte	.LASF6
 685 004e 02       		.uleb128 0x2
 686 004f 08       		.byte	0x8
 687 0050 07       		.byte	0x7
 688 0051 7A010000 		.4byte	.LASF7
 689 0055 03       		.uleb128 0x3
 690 0056 04       		.byte	0x4
 691 0057 05       		.byte	0x5
 692 0058 696E7400 		.ascii	"int\000"
 693 005c 02       		.uleb128 0x2
 694 005d 04       		.byte	0x4
 695 005e 07       		.byte	0x7
 696 005f 6D010000 		.4byte	.LASF8
 697 0063 04       		.uleb128 0x4
 698 0064 DA010000 		.4byte	.LASF21
 699 0068 02       		.byte	0x2
 700 0069 9201     		.2byte	0x192
 701 006b 24000000 		.4byte	0x24
 702 006f 02       		.uleb128 0x2
 703 0070 04       		.byte	0x4
 704 0071 04       		.byte	0x4
 705 0072 CB000000 		.4byte	.LASF9
 706 0076 02       		.uleb128 0x2
 707 0077 08       		.byte	0x8
 708 0078 04       		.byte	0x4
 709 0079 44010000 		.4byte	.LASF10
 710 007d 02       		.uleb128 0x2
 711 007e 01       		.byte	0x1
 712 007f 08       		.byte	0x8
 713 0080 CB010000 		.4byte	.LASF11
 714 0084 05       		.uleb128 0x5
 715 0085 63000000 		.4byte	0x63
 716 0089 95000000 		.4byte	0x95
 717 008d 06       		.uleb128 0x6
 718 008e 95000000 		.4byte	0x95
 719 0092 3B02     		.2byte	0x23b
 720 0094 00       		.byte	0
 721 0095 02       		.uleb128 0x2
 722 0096 04       		.byte	0x4
 723 0097 07       		.byte	0x7
 724 0098 B4010000 		.4byte	.LASF12
 725 009c 07       		.uleb128 0x7
 726 009d 5B010000 		.4byte	.LASF13
 727 00a1 01       		.byte	0x1
 728 00a2 1F       		.byte	0x1f
 729 00a3 AD000000 		.4byte	0xad
 730 00a7 05       		.uleb128 0x5
 731 00a8 03       		.byte	0x3
 732 00a9 00000000 		.4byte	cy_meta_configecc
 733 00ad 08       		.uleb128 0x8
 734 00ae 84000000 		.4byte	0x84
 735 00b2 05       		.uleb128 0x5
 736 00b3 63000000 		.4byte	0x63
 737 00b7 C2000000 		.4byte	0xc2
ARM GAS  C:\Users\User\AppData\Local\Temp\cckAauha.s 			page 14


 738 00bb 09       		.uleb128 0x9
 739 00bc 95000000 		.4byte	0x95
 740 00c0 03       		.byte	0x3
 741 00c1 00       		.byte	0
 742 00c2 07       		.uleb128 0x7
 743 00c3 4B010000 		.4byte	.LASF14
 744 00c7 01       		.byte	0x1
 745 00c8 74       		.byte	0x74
 746 00c9 D3000000 		.4byte	0xd3
 747 00cd 05       		.uleb128 0x5
 748 00ce 03       		.byte	0x3
 749 00cf 00000000 		.4byte	cy_meta_custnvl
 750 00d3 08       		.uleb128 0x8
 751 00d4 B2000000 		.4byte	0xb2
 752 00d8 07       		.uleb128 0x7
 753 00d9 A6010000 		.4byte	.LASF15
 754 00dd 01       		.byte	0x1
 755 00de 82       		.byte	0x82
 756 00df E9000000 		.4byte	0xe9
 757 00e3 05       		.uleb128 0x5
 758 00e4 03       		.byte	0x3
 759 00e5 00000000 		.4byte	cy_meta_wonvl
 760 00e9 08       		.uleb128 0x8
 761 00ea B2000000 		.4byte	0xb2
 762 00ee 05       		.uleb128 0x5
 763 00ef 63000000 		.4byte	0x63
 764 00f3 FE000000 		.4byte	0xfe
 765 00f7 09       		.uleb128 0x9
 766 00f8 95000000 		.4byte	0x95
 767 00fc FF       		.byte	0xff
 768 00fd 00       		.byte	0
 769 00fe 07       		.uleb128 0x7
 770 00ff 91010000 		.4byte	.LASF16
 771 0103 01       		.byte	0x1
 772 0104 90       		.byte	0x90
 773 0105 0F010000 		.4byte	0x10f
 774 0109 05       		.uleb128 0x5
 775 010a 03       		.byte	0x3
 776 010b 00000000 		.4byte	cy_meta_flashprotect
 777 010f 08       		.uleb128 0x8
 778 0110 EE000000 		.4byte	0xee
 779 0114 05       		.uleb128 0x5
 780 0115 63000000 		.4byte	0x63
 781 0119 24010000 		.4byte	0x124
 782 011d 09       		.uleb128 0x9
 783 011e 95000000 		.4byte	0x95
 784 0122 0B       		.byte	0xb
 785 0123 00       		.byte	0
 786 0124 07       		.uleb128 0x7
 787 0125 BF000000 		.4byte	.LASF17
 788 0129 01       		.byte	0x1
 789 012a BD       		.byte	0xbd
 790 012b 35010000 		.4byte	0x135
 791 012f 05       		.uleb128 0x5
 792 0130 03       		.byte	0x3
 793 0131 00000000 		.4byte	cy_metadata
 794 0135 08       		.uleb128 0x8
ARM GAS  C:\Users\User\AppData\Local\Temp\cckAauha.s 			page 15


 795 0136 14010000 		.4byte	0x114
 796 013a 00       		.byte	0
 797              		.section	.debug_abbrev,"",%progbits
 798              	.Ldebug_abbrev0:
 799 0000 01       		.uleb128 0x1
 800 0001 11       		.uleb128 0x11
 801 0002 01       		.byte	0x1
 802 0003 25       		.uleb128 0x25
 803 0004 0E       		.uleb128 0xe
 804 0005 13       		.uleb128 0x13
 805 0006 0B       		.uleb128 0xb
 806 0007 03       		.uleb128 0x3
 807 0008 0E       		.uleb128 0xe
 808 0009 1B       		.uleb128 0x1b
 809 000a 0E       		.uleb128 0xe
 810 000b 10       		.uleb128 0x10
 811 000c 17       		.uleb128 0x17
 812 000d 00       		.byte	0
 813 000e 00       		.byte	0
 814 000f 02       		.uleb128 0x2
 815 0010 24       		.uleb128 0x24
 816 0011 00       		.byte	0
 817 0012 0B       		.uleb128 0xb
 818 0013 0B       		.uleb128 0xb
 819 0014 3E       		.uleb128 0x3e
 820 0015 0B       		.uleb128 0xb
 821 0016 03       		.uleb128 0x3
 822 0017 0E       		.uleb128 0xe
 823 0018 00       		.byte	0
 824 0019 00       		.byte	0
 825 001a 03       		.uleb128 0x3
 826 001b 24       		.uleb128 0x24
 827 001c 00       		.byte	0
 828 001d 0B       		.uleb128 0xb
 829 001e 0B       		.uleb128 0xb
 830 001f 3E       		.uleb128 0x3e
 831 0020 0B       		.uleb128 0xb
 832 0021 03       		.uleb128 0x3
 833 0022 08       		.uleb128 0x8
 834 0023 00       		.byte	0
 835 0024 00       		.byte	0
 836 0025 04       		.uleb128 0x4
 837 0026 16       		.uleb128 0x16
 838 0027 00       		.byte	0
 839 0028 03       		.uleb128 0x3
 840 0029 0E       		.uleb128 0xe
 841 002a 3A       		.uleb128 0x3a
 842 002b 0B       		.uleb128 0xb
 843 002c 3B       		.uleb128 0x3b
 844 002d 05       		.uleb128 0x5
 845 002e 49       		.uleb128 0x49
 846 002f 13       		.uleb128 0x13
 847 0030 00       		.byte	0
 848 0031 00       		.byte	0
 849 0032 05       		.uleb128 0x5
 850 0033 01       		.uleb128 0x1
 851 0034 01       		.byte	0x1
ARM GAS  C:\Users\User\AppData\Local\Temp\cckAauha.s 			page 16


 852 0035 49       		.uleb128 0x49
 853 0036 13       		.uleb128 0x13
 854 0037 01       		.uleb128 0x1
 855 0038 13       		.uleb128 0x13
 856 0039 00       		.byte	0
 857 003a 00       		.byte	0
 858 003b 06       		.uleb128 0x6
 859 003c 21       		.uleb128 0x21
 860 003d 00       		.byte	0
 861 003e 49       		.uleb128 0x49
 862 003f 13       		.uleb128 0x13
 863 0040 2F       		.uleb128 0x2f
 864 0041 05       		.uleb128 0x5
 865 0042 00       		.byte	0
 866 0043 00       		.byte	0
 867 0044 07       		.uleb128 0x7
 868 0045 34       		.uleb128 0x34
 869 0046 00       		.byte	0
 870 0047 03       		.uleb128 0x3
 871 0048 0E       		.uleb128 0xe
 872 0049 3A       		.uleb128 0x3a
 873 004a 0B       		.uleb128 0xb
 874 004b 3B       		.uleb128 0x3b
 875 004c 0B       		.uleb128 0xb
 876 004d 49       		.uleb128 0x49
 877 004e 13       		.uleb128 0x13
 878 004f 3F       		.uleb128 0x3f
 879 0050 19       		.uleb128 0x19
 880 0051 02       		.uleb128 0x2
 881 0052 18       		.uleb128 0x18
 882 0053 00       		.byte	0
 883 0054 00       		.byte	0
 884 0055 08       		.uleb128 0x8
 885 0056 26       		.uleb128 0x26
 886 0057 00       		.byte	0
 887 0058 49       		.uleb128 0x49
 888 0059 13       		.uleb128 0x13
 889 005a 00       		.byte	0
 890 005b 00       		.byte	0
 891 005c 09       		.uleb128 0x9
 892 005d 21       		.uleb128 0x21
 893 005e 00       		.byte	0
 894 005f 49       		.uleb128 0x49
 895 0060 13       		.uleb128 0x13
 896 0061 2F       		.uleb128 0x2f
 897 0062 0B       		.uleb128 0xb
 898 0063 00       		.byte	0
 899 0064 00       		.byte	0
 900 0065 00       		.byte	0
 901              		.section	.debug_aranges,"",%progbits
 902 0000 14000000 		.4byte	0x14
 903 0004 0200     		.2byte	0x2
 904 0006 00000000 		.4byte	.Ldebug_info0
 905 000a 04       		.byte	0x4
 906 000b 00       		.byte	0
 907 000c 0000     		.2byte	0
 908 000e 0000     		.2byte	0
ARM GAS  C:\Users\User\AppData\Local\Temp\cckAauha.s 			page 17


 909 0010 00000000 		.4byte	0
 910 0014 00000000 		.4byte	0
 911              		.section	.debug_line,"",%progbits
 912              	.Ldebug_line0:
 913 0000 4F000000 		.section	.debug_str,"MS",%progbits,1
 913      02004900 
 913      00000201 
 913      FB0E0D00 
 913      01010101 
 914              	.LASF18:
 915 0000 474E5520 		.ascii	"GNU C 4.9.3 20150303 (release) [ARM/embedded-4_9-br"
 915      4320342E 
 915      392E3320 
 915      32303135 
 915      30333033 
 916 0033 616E6368 		.ascii	"anch revision 221220] -mcpu=cortex-m3 -mthumb -g -O"
 916      20726576 
 916      6973696F 
 916      6E203232 
 916      31323230 
 917 0066 67202D73 		.ascii	"g -std=gnu11 -ffunction-sections -ffat-lto-objects\000"
 917      74643D67 
 917      6E753131 
 917      202D6666 
 917      756E6374 
 918              	.LASF19:
 919 0099 2E5C4765 		.ascii	".\\Generated_Source\\PSoC5\\cymetadata.c\000"
 919      6E657261 
 919      7465645F 
 919      536F7572 
 919      63655C50 
 920              	.LASF17:
 921 00bf 63795F6D 		.ascii	"cy_metadata\000"
 921      65746164 
 921      61746100 
 922              	.LASF9:
 923 00cb 666C6F61 		.ascii	"float\000"
 923      7400
 924              	.LASF1:
 925 00d1 756E7369 		.ascii	"unsigned char\000"
 925      676E6564 
 925      20636861 
 925      7200
 926              	.LASF5:
 927 00df 6C6F6E67 		.ascii	"long unsigned int\000"
 927      20756E73 
 927      69676E65 
 927      6420696E 
 927      7400
 928              	.LASF3:
 929 00f1 73686F72 		.ascii	"short unsigned int\000"
 929      7420756E 
 929      7369676E 
 929      65642069 
 929      6E7400
 930              	.LASF20:
 931 0104 433A5C55 		.ascii	"C:\\Users\\User\\Documents\\MIT 6.115\\finalproject"
ARM GAS  C:\Users\User\AppData\Local\Temp\cckAauha.s 			page 18


 931      73657273 
 931      5C557365 
 931      725C446F 
 931      63756D65 
 932 0132 5C477569 		.ascii	"\\GuitarHero.cydsn\000"
 932      74617248 
 932      65726F2E 
 932      63796473 
 932      6E00
 933              	.LASF10:
 934 0144 646F7562 		.ascii	"double\000"
 934      6C6500
 935              	.LASF14:
 936 014b 63795F6D 		.ascii	"cy_meta_custnvl\000"
 936      6574615F 
 936      63757374 
 936      6E766C00 
 937              	.LASF13:
 938 015b 63795F6D 		.ascii	"cy_meta_configecc\000"
 938      6574615F 
 938      636F6E66 
 938      69676563 
 938      6300
 939              	.LASF8:
 940 016d 756E7369 		.ascii	"unsigned int\000"
 940      676E6564 
 940      20696E74 
 940      00
 941              	.LASF7:
 942 017a 6C6F6E67 		.ascii	"long long unsigned int\000"
 942      206C6F6E 
 942      6720756E 
 942      7369676E 
 942      65642069 
 943              	.LASF16:
 944 0191 63795F6D 		.ascii	"cy_meta_flashprotect\000"
 944      6574615F 
 944      666C6173 
 944      6870726F 
 944      74656374 
 945              	.LASF15:
 946 01a6 63795F6D 		.ascii	"cy_meta_wonvl\000"
 946      6574615F 
 946      776F6E76 
 946      6C00
 947              	.LASF12:
 948 01b4 73697A65 		.ascii	"sizetype\000"
 948      74797065 
 948      00
 949              	.LASF6:
 950 01bd 6C6F6E67 		.ascii	"long long int\000"
 950      206C6F6E 
 950      6720696E 
 950      7400
 951              	.LASF11:
 952 01cb 63686172 		.ascii	"char\000"
 952      00
ARM GAS  C:\Users\User\AppData\Local\Temp\cckAauha.s 			page 19


 953              	.LASF2:
 954 01d0 73686F72 		.ascii	"short int\000"
 954      7420696E 
 954      7400
 955              	.LASF21:
 956 01da 75696E74 		.ascii	"uint8\000"
 956      3800
 957              	.LASF4:
 958 01e0 6C6F6E67 		.ascii	"long int\000"
 958      20696E74 
 958      00
 959              	.LASF0:
 960 01e9 7369676E 		.ascii	"signed char\000"
 960      65642063 
 960      68617200 
 961              		.ident	"GCC: (GNU Tools for ARM Embedded Processors) 4.9.3 20150303 (release) [ARM/embedded-4_9-br
