ARM GAS  C:\Users\User\AppData\Local\Temp\cccZFL1i.s 			page 1


   1              		.syntax unified
   2              		.cpu cortex-m3
   3              		.fpu softvfp
   4              		.eabi_attribute 20, 1
   5              		.eabi_attribute 21, 1
   6              		.eabi_attribute 23, 3
   7              		.eabi_attribute 24, 1
   8              		.eabi_attribute 25, 1
   9              		.eabi_attribute 26, 1
  10              		.eabi_attribute 30, 1
  11              		.eabi_attribute 34, 1
  12              		.eabi_attribute 18, 4
  13              		.thumb
  14              		.file	"FPS_Timer_PM.c"
  15              		.text
  16              	.Ltext0:
  17              		.cfi_sections	.debug_frame
  18              		.section	.text.FPS_Timer_SaveConfig,"ax",%progbits
  19              		.align	2
  20              		.global	FPS_Timer_SaveConfig
  21              		.thumb
  22              		.thumb_func
  23              		.type	FPS_Timer_SaveConfig, %function
  24              	FPS_Timer_SaveConfig:
  25              	.LFB0:
  26              		.file 1 ".\\Generated_Source\\PSoC5\\FPS_Timer_PM.c"
   1:.\Generated_Source\PSoC5/FPS_Timer_PM.c **** /*******************************************************************************
   2:.\Generated_Source\PSoC5/FPS_Timer_PM.c **** * File Name: FPS_Timer_PM.c
   3:.\Generated_Source\PSoC5/FPS_Timer_PM.c **** * Version 2.70
   4:.\Generated_Source\PSoC5/FPS_Timer_PM.c **** *
   5:.\Generated_Source\PSoC5/FPS_Timer_PM.c **** *  Description:
   6:.\Generated_Source\PSoC5/FPS_Timer_PM.c **** *     This file provides the power management source code to API for the
   7:.\Generated_Source\PSoC5/FPS_Timer_PM.c **** *     Timer.
   8:.\Generated_Source\PSoC5/FPS_Timer_PM.c **** *
   9:.\Generated_Source\PSoC5/FPS_Timer_PM.c **** *   Note:
  10:.\Generated_Source\PSoC5/FPS_Timer_PM.c **** *     None
  11:.\Generated_Source\PSoC5/FPS_Timer_PM.c **** *
  12:.\Generated_Source\PSoC5/FPS_Timer_PM.c **** *******************************************************************************
  13:.\Generated_Source\PSoC5/FPS_Timer_PM.c **** * Copyright 2008-2014, Cypress Semiconductor Corporation.  All rights reserved.
  14:.\Generated_Source\PSoC5/FPS_Timer_PM.c **** * You may use this file only in accordance with the license, terms, conditions,
  15:.\Generated_Source\PSoC5/FPS_Timer_PM.c **** * disclaimers, and limitations in the end user license agreement accompanying
  16:.\Generated_Source\PSoC5/FPS_Timer_PM.c **** * the software package with which this file was provided.
  17:.\Generated_Source\PSoC5/FPS_Timer_PM.c **** ********************************************************************************/
  18:.\Generated_Source\PSoC5/FPS_Timer_PM.c **** 
  19:.\Generated_Source\PSoC5/FPS_Timer_PM.c **** #include "FPS_Timer.h"
  20:.\Generated_Source\PSoC5/FPS_Timer_PM.c **** 
  21:.\Generated_Source\PSoC5/FPS_Timer_PM.c **** static FPS_Timer_backupStruct FPS_Timer_backup;
  22:.\Generated_Source\PSoC5/FPS_Timer_PM.c **** 
  23:.\Generated_Source\PSoC5/FPS_Timer_PM.c **** 
  24:.\Generated_Source\PSoC5/FPS_Timer_PM.c **** /*******************************************************************************
  25:.\Generated_Source\PSoC5/FPS_Timer_PM.c **** * Function Name: FPS_Timer_SaveConfig
  26:.\Generated_Source\PSoC5/FPS_Timer_PM.c **** ********************************************************************************
  27:.\Generated_Source\PSoC5/FPS_Timer_PM.c **** *
  28:.\Generated_Source\PSoC5/FPS_Timer_PM.c **** * Summary:
  29:.\Generated_Source\PSoC5/FPS_Timer_PM.c **** *     Save the current user configuration
  30:.\Generated_Source\PSoC5/FPS_Timer_PM.c **** *
  31:.\Generated_Source\PSoC5/FPS_Timer_PM.c **** * Parameters:
ARM GAS  C:\Users\User\AppData\Local\Temp\cccZFL1i.s 			page 2


  32:.\Generated_Source\PSoC5/FPS_Timer_PM.c **** *  void
  33:.\Generated_Source\PSoC5/FPS_Timer_PM.c **** *
  34:.\Generated_Source\PSoC5/FPS_Timer_PM.c **** * Return:
  35:.\Generated_Source\PSoC5/FPS_Timer_PM.c **** *  void
  36:.\Generated_Source\PSoC5/FPS_Timer_PM.c **** *
  37:.\Generated_Source\PSoC5/FPS_Timer_PM.c **** * Global variables:
  38:.\Generated_Source\PSoC5/FPS_Timer_PM.c **** *  FPS_Timer_backup:  Variables of this global structure are modified to
  39:.\Generated_Source\PSoC5/FPS_Timer_PM.c **** *  store the values of non retention configuration registers when Sleep() API is
  40:.\Generated_Source\PSoC5/FPS_Timer_PM.c **** *  called.
  41:.\Generated_Source\PSoC5/FPS_Timer_PM.c **** *
  42:.\Generated_Source\PSoC5/FPS_Timer_PM.c **** *******************************************************************************/
  43:.\Generated_Source\PSoC5/FPS_Timer_PM.c **** void FPS_Timer_SaveConfig(void) 
  44:.\Generated_Source\PSoC5/FPS_Timer_PM.c **** {
  27              		.loc 1 44 0
  28              		.cfi_startproc
  29              		@ args = 0, pretend = 0, frame = 0
  30              		@ frame_needed = 0, uses_anonymous_args = 0
  31 0000 10B5     		push	{r4, lr}
  32              		.cfi_def_cfa_offset 8
  33              		.cfi_offset 4, -8
  34              		.cfi_offset 14, -4
  45:.\Generated_Source\PSoC5/FPS_Timer_PM.c ****     #if (!FPS_Timer_UsingFixedFunction)
  46:.\Generated_Source\PSoC5/FPS_Timer_PM.c ****         FPS_Timer_backup.TimerUdb = FPS_Timer_ReadCounter();
  35              		.loc 1 46 0
  36 0002 FFF7FEFF 		bl	FPS_Timer_ReadCounter
  37              	.LVL0:
  38 0006 044C     		ldr	r4, .L3
  39 0008 6070     		strb	r0, [r4, #1]
  47:.\Generated_Source\PSoC5/FPS_Timer_PM.c ****         FPS_Timer_backup.InterruptMaskValue = FPS_Timer_STATUS_MASK;
  40              		.loc 1 47 0
  41 000a 044B     		ldr	r3, .L3+4
  42 000c 1B78     		ldrb	r3, [r3]	@ zero_extendqisi2
  43 000e A370     		strb	r3, [r4, #2]
  48:.\Generated_Source\PSoC5/FPS_Timer_PM.c ****         #if (FPS_Timer_UsingHWCaptureCounter)
  49:.\Generated_Source\PSoC5/FPS_Timer_PM.c ****             FPS_Timer_backup.TimerCaptureCounter = FPS_Timer_ReadCaptureCount();
  50:.\Generated_Source\PSoC5/FPS_Timer_PM.c ****         #endif /* Back Up capture counter register  */
  51:.\Generated_Source\PSoC5/FPS_Timer_PM.c **** 
  52:.\Generated_Source\PSoC5/FPS_Timer_PM.c ****         #if(!FPS_Timer_UDB_CONTROL_REG_REMOVED)
  53:.\Generated_Source\PSoC5/FPS_Timer_PM.c ****             FPS_Timer_backup.TimerControlRegister = FPS_Timer_ReadControlRegister();
  44              		.loc 1 53 0
  45 0010 FFF7FEFF 		bl	FPS_Timer_ReadControlRegister
  46              	.LVL1:
  47 0014 E070     		strb	r0, [r4, #3]
  48 0016 10BD     		pop	{r4, pc}
  49              	.L4:
  50              		.align	2
  51              	.L3:
  52 0018 00000000 		.word	.LANCHOR0
  53 001c 8B640040 		.word	1073767563
  54              		.cfi_endproc
  55              	.LFE0:
  56              		.size	FPS_Timer_SaveConfig, .-FPS_Timer_SaveConfig
  57              		.section	.text.FPS_Timer_RestoreConfig,"ax",%progbits
  58              		.align	2
  59              		.global	FPS_Timer_RestoreConfig
  60              		.thumb
  61              		.thumb_func
ARM GAS  C:\Users\User\AppData\Local\Temp\cccZFL1i.s 			page 3


  62              		.type	FPS_Timer_RestoreConfig, %function
  63              	FPS_Timer_RestoreConfig:
  64              	.LFB1:
  54:.\Generated_Source\PSoC5/FPS_Timer_PM.c ****         #endif /* Backup the enable state of the Timer component */
  55:.\Generated_Source\PSoC5/FPS_Timer_PM.c ****     #endif /* Backup non retention registers in UDB implementation. All fixed function registers ar
  56:.\Generated_Source\PSoC5/FPS_Timer_PM.c **** }
  57:.\Generated_Source\PSoC5/FPS_Timer_PM.c **** 
  58:.\Generated_Source\PSoC5/FPS_Timer_PM.c **** 
  59:.\Generated_Source\PSoC5/FPS_Timer_PM.c **** /*******************************************************************************
  60:.\Generated_Source\PSoC5/FPS_Timer_PM.c **** * Function Name: FPS_Timer_RestoreConfig
  61:.\Generated_Source\PSoC5/FPS_Timer_PM.c **** ********************************************************************************
  62:.\Generated_Source\PSoC5/FPS_Timer_PM.c **** *
  63:.\Generated_Source\PSoC5/FPS_Timer_PM.c **** * Summary:
  64:.\Generated_Source\PSoC5/FPS_Timer_PM.c **** *  Restores the current user configuration.
  65:.\Generated_Source\PSoC5/FPS_Timer_PM.c **** *
  66:.\Generated_Source\PSoC5/FPS_Timer_PM.c **** * Parameters:
  67:.\Generated_Source\PSoC5/FPS_Timer_PM.c **** *  void
  68:.\Generated_Source\PSoC5/FPS_Timer_PM.c **** *
  69:.\Generated_Source\PSoC5/FPS_Timer_PM.c **** * Return:
  70:.\Generated_Source\PSoC5/FPS_Timer_PM.c **** *  void
  71:.\Generated_Source\PSoC5/FPS_Timer_PM.c **** *
  72:.\Generated_Source\PSoC5/FPS_Timer_PM.c **** * Global variables:
  73:.\Generated_Source\PSoC5/FPS_Timer_PM.c **** *  FPS_Timer_backup:  Variables of this global structure are used to
  74:.\Generated_Source\PSoC5/FPS_Timer_PM.c **** *  restore the values of non retention registers on wakeup from sleep mode.
  75:.\Generated_Source\PSoC5/FPS_Timer_PM.c **** *
  76:.\Generated_Source\PSoC5/FPS_Timer_PM.c **** *******************************************************************************/
  77:.\Generated_Source\PSoC5/FPS_Timer_PM.c **** void FPS_Timer_RestoreConfig(void) 
  78:.\Generated_Source\PSoC5/FPS_Timer_PM.c **** {   
  65              		.loc 1 78 0
  66              		.cfi_startproc
  67              		@ args = 0, pretend = 0, frame = 0
  68              		@ frame_needed = 0, uses_anonymous_args = 0
  69 0000 10B5     		push	{r4, lr}
  70              		.cfi_def_cfa_offset 8
  71              		.cfi_offset 4, -8
  72              		.cfi_offset 14, -4
  79:.\Generated_Source\PSoC5/FPS_Timer_PM.c ****     #if (!FPS_Timer_UsingFixedFunction)
  80:.\Generated_Source\PSoC5/FPS_Timer_PM.c **** 
  81:.\Generated_Source\PSoC5/FPS_Timer_PM.c ****         FPS_Timer_WriteCounter(FPS_Timer_backup.TimerUdb);
  73              		.loc 1 81 0
  74 0002 054C     		ldr	r4, .L7
  75 0004 6078     		ldrb	r0, [r4, #1]	@ zero_extendqisi2
  76 0006 FFF7FEFF 		bl	FPS_Timer_WriteCounter
  77              	.LVL2:
  82:.\Generated_Source\PSoC5/FPS_Timer_PM.c ****         FPS_Timer_STATUS_MASK =FPS_Timer_backup.InterruptMaskValue;
  78              		.loc 1 82 0
  79 000a A278     		ldrb	r2, [r4, #2]	@ zero_extendqisi2
  80 000c 034B     		ldr	r3, .L7+4
  81 000e 1A70     		strb	r2, [r3]
  83:.\Generated_Source\PSoC5/FPS_Timer_PM.c ****         #if (FPS_Timer_UsingHWCaptureCounter)
  84:.\Generated_Source\PSoC5/FPS_Timer_PM.c ****             FPS_Timer_SetCaptureCount(FPS_Timer_backup.TimerCaptureCounter);
  85:.\Generated_Source\PSoC5/FPS_Timer_PM.c ****         #endif /* Restore Capture counter register*/
  86:.\Generated_Source\PSoC5/FPS_Timer_PM.c **** 
  87:.\Generated_Source\PSoC5/FPS_Timer_PM.c ****         #if(!FPS_Timer_UDB_CONTROL_REG_REMOVED)
  88:.\Generated_Source\PSoC5/FPS_Timer_PM.c ****             FPS_Timer_WriteControlRegister(FPS_Timer_backup.TimerControlRegister);
  82              		.loc 1 88 0
  83 0010 E078     		ldrb	r0, [r4, #3]	@ zero_extendqisi2
ARM GAS  C:\Users\User\AppData\Local\Temp\cccZFL1i.s 			page 4


  84 0012 FFF7FEFF 		bl	FPS_Timer_WriteControlRegister
  85              	.LVL3:
  86 0016 10BD     		pop	{r4, pc}
  87              	.L8:
  88              		.align	2
  89              	.L7:
  90 0018 00000000 		.word	.LANCHOR0
  91 001c 8B640040 		.word	1073767563
  92              		.cfi_endproc
  93              	.LFE1:
  94              		.size	FPS_Timer_RestoreConfig, .-FPS_Timer_RestoreConfig
  95              		.section	.text.FPS_Timer_Sleep,"ax",%progbits
  96              		.align	2
  97              		.global	FPS_Timer_Sleep
  98              		.thumb
  99              		.thumb_func
 100              		.type	FPS_Timer_Sleep, %function
 101              	FPS_Timer_Sleep:
 102              	.LFB2:
  89:.\Generated_Source\PSoC5/FPS_Timer_PM.c ****         #endif /* Restore the enable state of the Timer component */
  90:.\Generated_Source\PSoC5/FPS_Timer_PM.c ****     #endif /* Restore non retention registers in the UDB implementation only */
  91:.\Generated_Source\PSoC5/FPS_Timer_PM.c **** }
  92:.\Generated_Source\PSoC5/FPS_Timer_PM.c **** 
  93:.\Generated_Source\PSoC5/FPS_Timer_PM.c **** 
  94:.\Generated_Source\PSoC5/FPS_Timer_PM.c **** /*******************************************************************************
  95:.\Generated_Source\PSoC5/FPS_Timer_PM.c **** * Function Name: FPS_Timer_Sleep
  96:.\Generated_Source\PSoC5/FPS_Timer_PM.c **** ********************************************************************************
  97:.\Generated_Source\PSoC5/FPS_Timer_PM.c **** *
  98:.\Generated_Source\PSoC5/FPS_Timer_PM.c **** * Summary:
  99:.\Generated_Source\PSoC5/FPS_Timer_PM.c **** *     Stop and Save the user configuration
 100:.\Generated_Source\PSoC5/FPS_Timer_PM.c **** *
 101:.\Generated_Source\PSoC5/FPS_Timer_PM.c **** * Parameters:
 102:.\Generated_Source\PSoC5/FPS_Timer_PM.c **** *  void
 103:.\Generated_Source\PSoC5/FPS_Timer_PM.c **** *
 104:.\Generated_Source\PSoC5/FPS_Timer_PM.c **** * Return:
 105:.\Generated_Source\PSoC5/FPS_Timer_PM.c **** *  void
 106:.\Generated_Source\PSoC5/FPS_Timer_PM.c **** *
 107:.\Generated_Source\PSoC5/FPS_Timer_PM.c **** * Global variables:
 108:.\Generated_Source\PSoC5/FPS_Timer_PM.c **** *  FPS_Timer_backup.TimerEnableState:  Is modified depending on the
 109:.\Generated_Source\PSoC5/FPS_Timer_PM.c **** *  enable state of the block before entering sleep mode.
 110:.\Generated_Source\PSoC5/FPS_Timer_PM.c **** *
 111:.\Generated_Source\PSoC5/FPS_Timer_PM.c **** *******************************************************************************/
 112:.\Generated_Source\PSoC5/FPS_Timer_PM.c **** void FPS_Timer_Sleep(void) 
 113:.\Generated_Source\PSoC5/FPS_Timer_PM.c **** {
 103              		.loc 1 113 0
 104              		.cfi_startproc
 105              		@ args = 0, pretend = 0, frame = 0
 106              		@ frame_needed = 0, uses_anonymous_args = 0
 107 0000 08B5     		push	{r3, lr}
 108              		.cfi_def_cfa_offset 8
 109              		.cfi_offset 3, -8
 110              		.cfi_offset 14, -4
 114:.\Generated_Source\PSoC5/FPS_Timer_PM.c ****     #if(!FPS_Timer_UDB_CONTROL_REG_REMOVED)
 115:.\Generated_Source\PSoC5/FPS_Timer_PM.c ****         /* Save Counter's enable state */
 116:.\Generated_Source\PSoC5/FPS_Timer_PM.c ****         if(FPS_Timer_CTRL_ENABLE == (FPS_Timer_CONTROL & FPS_Timer_CTRL_ENABLE))
 111              		.loc 1 116 0
 112 0002 084B     		ldr	r3, .L13
ARM GAS  C:\Users\User\AppData\Local\Temp\cccZFL1i.s 			page 5


 113 0004 1B78     		ldrb	r3, [r3]	@ zero_extendqisi2
 114 0006 13F0800F 		tst	r3, #128
 115 000a 03D0     		beq	.L10
 117:.\Generated_Source\PSoC5/FPS_Timer_PM.c ****         {
 118:.\Generated_Source\PSoC5/FPS_Timer_PM.c ****             /* Timer is enabled */
 119:.\Generated_Source\PSoC5/FPS_Timer_PM.c ****             FPS_Timer_backup.TimerEnableState = 1u;
 116              		.loc 1 119 0
 117 000c 0122     		movs	r2, #1
 118 000e 064B     		ldr	r3, .L13+4
 119 0010 1A70     		strb	r2, [r3]
 120 0012 02E0     		b	.L11
 121              	.L10:
 120:.\Generated_Source\PSoC5/FPS_Timer_PM.c ****         }
 121:.\Generated_Source\PSoC5/FPS_Timer_PM.c ****         else
 122:.\Generated_Source\PSoC5/FPS_Timer_PM.c ****         {
 123:.\Generated_Source\PSoC5/FPS_Timer_PM.c ****             /* Timer is disabled */
 124:.\Generated_Source\PSoC5/FPS_Timer_PM.c ****             FPS_Timer_backup.TimerEnableState = 0u;
 122              		.loc 1 124 0
 123 0014 0022     		movs	r2, #0
 124 0016 044B     		ldr	r3, .L13+4
 125 0018 1A70     		strb	r2, [r3]
 126              	.L11:
 125:.\Generated_Source\PSoC5/FPS_Timer_PM.c ****         }
 126:.\Generated_Source\PSoC5/FPS_Timer_PM.c ****     #endif /* Back up enable state from the Timer control register */
 127:.\Generated_Source\PSoC5/FPS_Timer_PM.c ****     FPS_Timer_Stop();
 127              		.loc 1 127 0
 128 001a FFF7FEFF 		bl	FPS_Timer_Stop
 129              	.LVL4:
 128:.\Generated_Source\PSoC5/FPS_Timer_PM.c ****     FPS_Timer_SaveConfig();
 130              		.loc 1 128 0
 131 001e FFF7FEFF 		bl	FPS_Timer_SaveConfig
 132              	.LVL5:
 133 0022 08BD     		pop	{r3, pc}
 134              	.L14:
 135              		.align	2
 136              	.L13:
 137 0024 7B640040 		.word	1073767547
 138 0028 00000000 		.word	.LANCHOR0
 139              		.cfi_endproc
 140              	.LFE2:
 141              		.size	FPS_Timer_Sleep, .-FPS_Timer_Sleep
 142              		.section	.text.FPS_Timer_Wakeup,"ax",%progbits
 143              		.align	2
 144              		.global	FPS_Timer_Wakeup
 145              		.thumb
 146              		.thumb_func
 147              		.type	FPS_Timer_Wakeup, %function
 148              	FPS_Timer_Wakeup:
 149              	.LFB3:
 129:.\Generated_Source\PSoC5/FPS_Timer_PM.c **** }
 130:.\Generated_Source\PSoC5/FPS_Timer_PM.c **** 
 131:.\Generated_Source\PSoC5/FPS_Timer_PM.c **** 
 132:.\Generated_Source\PSoC5/FPS_Timer_PM.c **** /*******************************************************************************
 133:.\Generated_Source\PSoC5/FPS_Timer_PM.c **** * Function Name: FPS_Timer_Wakeup
 134:.\Generated_Source\PSoC5/FPS_Timer_PM.c **** ********************************************************************************
 135:.\Generated_Source\PSoC5/FPS_Timer_PM.c **** *
 136:.\Generated_Source\PSoC5/FPS_Timer_PM.c **** * Summary:
ARM GAS  C:\Users\User\AppData\Local\Temp\cccZFL1i.s 			page 6


 137:.\Generated_Source\PSoC5/FPS_Timer_PM.c **** *  Restores and enables the user configuration
 138:.\Generated_Source\PSoC5/FPS_Timer_PM.c **** *
 139:.\Generated_Source\PSoC5/FPS_Timer_PM.c **** * Parameters:
 140:.\Generated_Source\PSoC5/FPS_Timer_PM.c **** *  void
 141:.\Generated_Source\PSoC5/FPS_Timer_PM.c **** *
 142:.\Generated_Source\PSoC5/FPS_Timer_PM.c **** * Return:
 143:.\Generated_Source\PSoC5/FPS_Timer_PM.c **** *  void
 144:.\Generated_Source\PSoC5/FPS_Timer_PM.c **** *
 145:.\Generated_Source\PSoC5/FPS_Timer_PM.c **** * Global variables:
 146:.\Generated_Source\PSoC5/FPS_Timer_PM.c **** *  FPS_Timer_backup.enableState:  Is used to restore the enable state of
 147:.\Generated_Source\PSoC5/FPS_Timer_PM.c **** *  block on wakeup from sleep mode.
 148:.\Generated_Source\PSoC5/FPS_Timer_PM.c **** *
 149:.\Generated_Source\PSoC5/FPS_Timer_PM.c **** *******************************************************************************/
 150:.\Generated_Source\PSoC5/FPS_Timer_PM.c **** void FPS_Timer_Wakeup(void) 
 151:.\Generated_Source\PSoC5/FPS_Timer_PM.c **** {
 150              		.loc 1 151 0
 151              		.cfi_startproc
 152              		@ args = 0, pretend = 0, frame = 0
 153              		@ frame_needed = 0, uses_anonymous_args = 0
 154 0000 08B5     		push	{r3, lr}
 155              		.cfi_def_cfa_offset 8
 156              		.cfi_offset 3, -8
 157              		.cfi_offset 14, -4
 152:.\Generated_Source\PSoC5/FPS_Timer_PM.c ****     FPS_Timer_RestoreConfig();
 158              		.loc 1 152 0
 159 0002 FFF7FEFF 		bl	FPS_Timer_RestoreConfig
 160              	.LVL6:
 153:.\Generated_Source\PSoC5/FPS_Timer_PM.c ****     #if(!FPS_Timer_UDB_CONTROL_REG_REMOVED)
 154:.\Generated_Source\PSoC5/FPS_Timer_PM.c ****         if(FPS_Timer_backup.TimerEnableState == 1u)
 161              		.loc 1 154 0
 162 0006 034B     		ldr	r3, .L18
 163 0008 1B78     		ldrb	r3, [r3]	@ zero_extendqisi2
 164 000a 012B     		cmp	r3, #1
 165 000c 01D1     		bne	.L15
 155:.\Generated_Source\PSoC5/FPS_Timer_PM.c ****         {     /* Enable Timer's operation */
 156:.\Generated_Source\PSoC5/FPS_Timer_PM.c ****                 FPS_Timer_Enable();
 166              		.loc 1 156 0
 167 000e FFF7FEFF 		bl	FPS_Timer_Enable
 168              	.LVL7:
 169              	.L15:
 170 0012 08BD     		pop	{r3, pc}
 171              	.L19:
 172              		.align	2
 173              	.L18:
 174 0014 00000000 		.word	.LANCHOR0
 175              		.cfi_endproc
 176              	.LFE3:
 177              		.size	FPS_Timer_Wakeup, .-FPS_Timer_Wakeup
 178              		.bss
 179              		.align	2
 180              		.set	.LANCHOR0,. + 0
 181              		.type	FPS_Timer_backup, %object
 182              		.size	FPS_Timer_backup, 4
 183              	FPS_Timer_backup:
 184 0000 00000000 		.space	4
 185              		.text
 186              	.Letext0:
ARM GAS  C:\Users\User\AppData\Local\Temp\cccZFL1i.s 			page 7


 187              		.file 2 ".\\Generated_Source\\PSoC5\\cytypes.h"
 188              		.file 3 ".\\Generated_Source\\PSoC5\\FPS_Timer.h"
 189              		.section	.debug_info,"",%progbits
 190              	.Ldebug_info0:
 191 0000 E3010000 		.4byte	0x1e3
 192 0004 0400     		.2byte	0x4
 193 0006 00000000 		.4byte	.Ldebug_abbrev0
 194 000a 04       		.byte	0x4
 195 000b 01       		.uleb128 0x1
 196 000c 55000000 		.4byte	.LASF31
 197 0010 01       		.byte	0x1
 198 0011 94020000 		.4byte	.LASF32
 199 0015 82010000 		.4byte	.LASF33
 200 0019 00000000 		.4byte	.Ldebug_ranges0+0
 201 001d 00000000 		.4byte	0
 202 0021 00000000 		.4byte	.Ldebug_line0
 203 0025 02       		.uleb128 0x2
 204 0026 01       		.byte	0x1
 205 0027 06       		.byte	0x6
 206 0028 88020000 		.4byte	.LASF0
 207 002c 02       		.uleb128 0x2
 208 002d 01       		.byte	0x1
 209 002e 08       		.byte	0x8
 210 002f 46010000 		.4byte	.LASF1
 211 0033 02       		.uleb128 0x2
 212 0034 02       		.byte	0x2
 213 0035 05       		.byte	0x5
 214 0036 49020000 		.4byte	.LASF2
 215 003a 02       		.uleb128 0x2
 216 003b 02       		.byte	0x2
 217 003c 07       		.byte	0x7
 218 003d EE000000 		.4byte	.LASF3
 219 0041 02       		.uleb128 0x2
 220 0042 04       		.byte	0x4
 221 0043 05       		.byte	0x5
 222 0044 64020000 		.4byte	.LASF4
 223 0048 02       		.uleb128 0x2
 224 0049 04       		.byte	0x4
 225 004a 07       		.byte	0x7
 226 004b 59010000 		.4byte	.LASF5
 227 004f 02       		.uleb128 0x2
 228 0050 08       		.byte	0x8
 229 0051 05       		.byte	0x5
 230 0052 25020000 		.4byte	.LASF6
 231 0056 02       		.uleb128 0x2
 232 0057 08       		.byte	0x8
 233 0058 07       		.byte	0x7
 234 0059 EE010000 		.4byte	.LASF7
 235 005d 03       		.uleb128 0x3
 236 005e 04       		.byte	0x4
 237 005f 05       		.byte	0x5
 238 0060 696E7400 		.ascii	"int\000"
 239 0064 02       		.uleb128 0x2
 240 0065 04       		.byte	0x4
 241 0066 07       		.byte	0x7
 242 0067 E1010000 		.4byte	.LASF8
 243 006b 04       		.uleb128 0x4
ARM GAS  C:\Users\User\AppData\Local\Temp\cccZFL1i.s 			page 8


 244 006c 6B010000 		.4byte	.LASF12
 245 0070 02       		.byte	0x2
 246 0071 9201     		.2byte	0x192
 247 0073 2C000000 		.4byte	0x2c
 248 0077 02       		.uleb128 0x2
 249 0078 04       		.byte	0x4
 250 0079 04       		.byte	0x4
 251 007a 21010000 		.4byte	.LASF9
 252 007e 02       		.uleb128 0x2
 253 007f 08       		.byte	0x8
 254 0080 04       		.byte	0x4
 255 0081 C2010000 		.4byte	.LASF10
 256 0085 02       		.uleb128 0x2
 257 0086 01       		.byte	0x1
 258 0087 08       		.byte	0x8
 259 0088 33020000 		.4byte	.LASF11
 260 008c 04       		.uleb128 0x4
 261 008d 54010000 		.4byte	.LASF13
 262 0091 02       		.byte	0x2
 263 0092 3C02     		.2byte	0x23c
 264 0094 98000000 		.4byte	0x98
 265 0098 05       		.uleb128 0x5
 266 0099 6B000000 		.4byte	0x6b
 267 009d 02       		.uleb128 0x2
 268 009e 08       		.byte	0x8
 269 009f 04       		.byte	0x4
 270 00a0 7C020000 		.4byte	.LASF14
 271 00a4 02       		.uleb128 0x2
 272 00a5 04       		.byte	0x4
 273 00a6 07       		.byte	0x7
 274 00a7 1C020000 		.4byte	.LASF15
 275 00ab 06       		.uleb128 0x6
 276 00ac 04       		.byte	0x4
 277 00ad 03       		.byte	0x3
 278 00ae 43       		.byte	0x43
 279 00af E4000000 		.4byte	0xe4
 280 00b3 07       		.uleb128 0x7
 281 00b4 00000000 		.4byte	.LASF16
 282 00b8 03       		.byte	0x3
 283 00b9 45       		.byte	0x45
 284 00ba 6B000000 		.4byte	0x6b
 285 00be 00       		.byte	0
 286 00bf 07       		.uleb128 0x7
 287 00c0 18010000 		.4byte	.LASF17
 288 00c4 03       		.byte	0x3
 289 00c5 48       		.byte	0x48
 290 00c6 6B000000 		.4byte	0x6b
 291 00ca 01       		.byte	0x1
 292 00cb 07       		.uleb128 0x7
 293 00cc D1020000 		.4byte	.LASF18
 294 00d0 03       		.byte	0x3
 295 00d1 49       		.byte	0x49
 296 00d2 6B000000 		.4byte	0x6b
 297 00d6 02       		.byte	0x2
 298 00d7 07       		.uleb128 0x7
 299 00d8 E4020000 		.4byte	.LASF19
 300 00dc 03       		.byte	0x3
ARM GAS  C:\Users\User\AppData\Local\Temp\cccZFL1i.s 			page 9


 301 00dd 4F       		.byte	0x4f
 302 00de 6B000000 		.4byte	0x6b
 303 00e2 03       		.byte	0x3
 304 00e3 00       		.byte	0
 305 00e4 08       		.uleb128 0x8
 306 00e5 05020000 		.4byte	.LASF20
 307 00e9 03       		.byte	0x3
 308 00ea 53       		.byte	0x53
 309 00eb AB000000 		.4byte	0xab
 310 00ef 09       		.uleb128 0x9
 311 00f0 BC020000 		.4byte	.LASF21
 312 00f4 01       		.byte	0x1
 313 00f5 2B       		.byte	0x2b
 314 00f6 00000000 		.4byte	.LFB0
 315 00fa 20000000 		.4byte	.LFE0-.LFB0
 316 00fe 01       		.uleb128 0x1
 317 00ff 9C       		.byte	0x9c
 318 0100 17010000 		.4byte	0x117
 319 0104 0A       		.uleb128 0xa
 320 0105 06000000 		.4byte	.LVL0
 321 0109 A0010000 		.4byte	0x1a0
 322 010d 0A       		.uleb128 0xa
 323 010e 14000000 		.4byte	.LVL1
 324 0112 AB010000 		.4byte	0x1ab
 325 0116 00       		.byte	0
 326 0117 09       		.uleb128 0x9
 327 0118 C9010000 		.4byte	.LASF22
 328 011c 01       		.byte	0x1
 329 011d 4D       		.byte	0x4d
 330 011e 00000000 		.4byte	.LFB1
 331 0122 20000000 		.4byte	.LFE1-.LFB1
 332 0126 01       		.uleb128 0x1
 333 0127 9C       		.byte	0x9c
 334 0128 3F010000 		.4byte	0x13f
 335 012c 0A       		.uleb128 0xa
 336 012d 0A000000 		.4byte	.LVL2
 337 0131 B6010000 		.4byte	0x1b6
 338 0135 0A       		.uleb128 0xa
 339 0136 16000000 		.4byte	.LVL3
 340 013a C7010000 		.4byte	0x1c7
 341 013e 00       		.byte	0
 342 013f 09       		.uleb128 0x9
 343 0140 45000000 		.4byte	.LASF23
 344 0144 01       		.byte	0x1
 345 0145 70       		.byte	0x70
 346 0146 00000000 		.4byte	.LFB2
 347 014a 2C000000 		.4byte	.LFE2-.LFB2
 348 014e 01       		.uleb128 0x1
 349 014f 9C       		.byte	0x9c
 350 0150 67010000 		.4byte	0x167
 351 0154 0A       		.uleb128 0xa
 352 0155 1E000000 		.4byte	.LVL4
 353 0159 D8010000 		.4byte	0x1d8
 354 015d 0A       		.uleb128 0xa
 355 015e 22000000 		.4byte	.LVL5
 356 0162 EF000000 		.4byte	0xef
 357 0166 00       		.byte	0
ARM GAS  C:\Users\User\AppData\Local\Temp\cccZFL1i.s 			page 10


 358 0167 09       		.uleb128 0x9
 359 0168 53020000 		.4byte	.LASF24
 360 016c 01       		.byte	0x1
 361 016d 96       		.byte	0x96
 362 016e 00000000 		.4byte	.LFB3
 363 0172 18000000 		.4byte	.LFE3-.LFB3
 364 0176 01       		.uleb128 0x1
 365 0177 9C       		.byte	0x9c
 366 0178 8F010000 		.4byte	0x18f
 367 017c 0A       		.uleb128 0xa
 368 017d 06000000 		.4byte	.LVL6
 369 0181 17010000 		.4byte	0x117
 370 0185 0A       		.uleb128 0xa
 371 0186 12000000 		.4byte	.LVL7
 372 018a DF010000 		.4byte	0x1df
 373 018e 00       		.byte	0
 374 018f 0B       		.uleb128 0xb
 375 0190 38020000 		.4byte	.LASF34
 376 0194 01       		.byte	0x1
 377 0195 15       		.byte	0x15
 378 0196 E4000000 		.4byte	0xe4
 379 019a 05       		.uleb128 0x5
 380 019b 03       		.byte	0x3
 381 019c 00000000 		.4byte	FPS_Timer_backup
 382 01a0 0C       		.uleb128 0xc
 383 01a1 11000000 		.4byte	.LASF25
 384 01a5 03       		.byte	0x3
 385 01a6 69       		.byte	0x69
 386 01a7 6B000000 		.4byte	0x6b
 387 01ab 0C       		.uleb128 0xc
 388 01ac 27000000 		.4byte	.LASF26
 389 01b0 03       		.byte	0x3
 390 01b1 63       		.byte	0x63
 391 01b2 6B000000 		.4byte	0x6b
 392 01b6 0D       		.uleb128 0xd
 393 01b7 01010000 		.4byte	.LASF27
 394 01bb 03       		.byte	0x3
 395 01bc 6A       		.byte	0x6a
 396 01bd C7010000 		.4byte	0x1c7
 397 01c1 0E       		.uleb128 0xe
 398 01c2 6B000000 		.4byte	0x6b
 399 01c6 00       		.byte	0
 400 01c7 0D       		.uleb128 0xd
 401 01c8 27010000 		.4byte	.LASF28
 402 01cc 03       		.byte	0x3
 403 01cd 64       		.byte	0x64
 404 01ce D8010000 		.4byte	0x1d8
 405 01d2 0E       		.uleb128 0xe
 406 01d3 6B000000 		.4byte	0x6b
 407 01d7 00       		.byte	0
 408 01d8 0F       		.uleb128 0xf
 409 01d9 6D020000 		.4byte	.LASF29
 410 01dd 03       		.byte	0x3
 411 01de 5B       		.byte	0x5b
 412 01df 0F       		.uleb128 0xf
 413 01e0 71010000 		.4byte	.LASF30
 414 01e4 03       		.byte	0x3
ARM GAS  C:\Users\User\AppData\Local\Temp\cccZFL1i.s 			page 11


 415 01e5 8B       		.byte	0x8b
 416 01e6 00       		.byte	0
 417              		.section	.debug_abbrev,"",%progbits
 418              	.Ldebug_abbrev0:
 419 0000 01       		.uleb128 0x1
 420 0001 11       		.uleb128 0x11
 421 0002 01       		.byte	0x1
 422 0003 25       		.uleb128 0x25
 423 0004 0E       		.uleb128 0xe
 424 0005 13       		.uleb128 0x13
 425 0006 0B       		.uleb128 0xb
 426 0007 03       		.uleb128 0x3
 427 0008 0E       		.uleb128 0xe
 428 0009 1B       		.uleb128 0x1b
 429 000a 0E       		.uleb128 0xe
 430 000b 55       		.uleb128 0x55
 431 000c 17       		.uleb128 0x17
 432 000d 11       		.uleb128 0x11
 433 000e 01       		.uleb128 0x1
 434 000f 10       		.uleb128 0x10
 435 0010 17       		.uleb128 0x17
 436 0011 00       		.byte	0
 437 0012 00       		.byte	0
 438 0013 02       		.uleb128 0x2
 439 0014 24       		.uleb128 0x24
 440 0015 00       		.byte	0
 441 0016 0B       		.uleb128 0xb
 442 0017 0B       		.uleb128 0xb
 443 0018 3E       		.uleb128 0x3e
 444 0019 0B       		.uleb128 0xb
 445 001a 03       		.uleb128 0x3
 446 001b 0E       		.uleb128 0xe
 447 001c 00       		.byte	0
 448 001d 00       		.byte	0
 449 001e 03       		.uleb128 0x3
 450 001f 24       		.uleb128 0x24
 451 0020 00       		.byte	0
 452 0021 0B       		.uleb128 0xb
 453 0022 0B       		.uleb128 0xb
 454 0023 3E       		.uleb128 0x3e
 455 0024 0B       		.uleb128 0xb
 456 0025 03       		.uleb128 0x3
 457 0026 08       		.uleb128 0x8
 458 0027 00       		.byte	0
 459 0028 00       		.byte	0
 460 0029 04       		.uleb128 0x4
 461 002a 16       		.uleb128 0x16
 462 002b 00       		.byte	0
 463 002c 03       		.uleb128 0x3
 464 002d 0E       		.uleb128 0xe
 465 002e 3A       		.uleb128 0x3a
 466 002f 0B       		.uleb128 0xb
 467 0030 3B       		.uleb128 0x3b
 468 0031 05       		.uleb128 0x5
 469 0032 49       		.uleb128 0x49
 470 0033 13       		.uleb128 0x13
 471 0034 00       		.byte	0
ARM GAS  C:\Users\User\AppData\Local\Temp\cccZFL1i.s 			page 12


 472 0035 00       		.byte	0
 473 0036 05       		.uleb128 0x5
 474 0037 35       		.uleb128 0x35
 475 0038 00       		.byte	0
 476 0039 49       		.uleb128 0x49
 477 003a 13       		.uleb128 0x13
 478 003b 00       		.byte	0
 479 003c 00       		.byte	0
 480 003d 06       		.uleb128 0x6
 481 003e 13       		.uleb128 0x13
 482 003f 01       		.byte	0x1
 483 0040 0B       		.uleb128 0xb
 484 0041 0B       		.uleb128 0xb
 485 0042 3A       		.uleb128 0x3a
 486 0043 0B       		.uleb128 0xb
 487 0044 3B       		.uleb128 0x3b
 488 0045 0B       		.uleb128 0xb
 489 0046 01       		.uleb128 0x1
 490 0047 13       		.uleb128 0x13
 491 0048 00       		.byte	0
 492 0049 00       		.byte	0
 493 004a 07       		.uleb128 0x7
 494 004b 0D       		.uleb128 0xd
 495 004c 00       		.byte	0
 496 004d 03       		.uleb128 0x3
 497 004e 0E       		.uleb128 0xe
 498 004f 3A       		.uleb128 0x3a
 499 0050 0B       		.uleb128 0xb
 500 0051 3B       		.uleb128 0x3b
 501 0052 0B       		.uleb128 0xb
 502 0053 49       		.uleb128 0x49
 503 0054 13       		.uleb128 0x13
 504 0055 38       		.uleb128 0x38
 505 0056 0B       		.uleb128 0xb
 506 0057 00       		.byte	0
 507 0058 00       		.byte	0
 508 0059 08       		.uleb128 0x8
 509 005a 16       		.uleb128 0x16
 510 005b 00       		.byte	0
 511 005c 03       		.uleb128 0x3
 512 005d 0E       		.uleb128 0xe
 513 005e 3A       		.uleb128 0x3a
 514 005f 0B       		.uleb128 0xb
 515 0060 3B       		.uleb128 0x3b
 516 0061 0B       		.uleb128 0xb
 517 0062 49       		.uleb128 0x49
 518 0063 13       		.uleb128 0x13
 519 0064 00       		.byte	0
 520 0065 00       		.byte	0
 521 0066 09       		.uleb128 0x9
 522 0067 2E       		.uleb128 0x2e
 523 0068 01       		.byte	0x1
 524 0069 3F       		.uleb128 0x3f
 525 006a 19       		.uleb128 0x19
 526 006b 03       		.uleb128 0x3
 527 006c 0E       		.uleb128 0xe
 528 006d 3A       		.uleb128 0x3a
ARM GAS  C:\Users\User\AppData\Local\Temp\cccZFL1i.s 			page 13


 529 006e 0B       		.uleb128 0xb
 530 006f 3B       		.uleb128 0x3b
 531 0070 0B       		.uleb128 0xb
 532 0071 27       		.uleb128 0x27
 533 0072 19       		.uleb128 0x19
 534 0073 11       		.uleb128 0x11
 535 0074 01       		.uleb128 0x1
 536 0075 12       		.uleb128 0x12
 537 0076 06       		.uleb128 0x6
 538 0077 40       		.uleb128 0x40
 539 0078 18       		.uleb128 0x18
 540 0079 9742     		.uleb128 0x2117
 541 007b 19       		.uleb128 0x19
 542 007c 01       		.uleb128 0x1
 543 007d 13       		.uleb128 0x13
 544 007e 00       		.byte	0
 545 007f 00       		.byte	0
 546 0080 0A       		.uleb128 0xa
 547 0081 898201   		.uleb128 0x4109
 548 0084 00       		.byte	0
 549 0085 11       		.uleb128 0x11
 550 0086 01       		.uleb128 0x1
 551 0087 31       		.uleb128 0x31
 552 0088 13       		.uleb128 0x13
 553 0089 00       		.byte	0
 554 008a 00       		.byte	0
 555 008b 0B       		.uleb128 0xb
 556 008c 34       		.uleb128 0x34
 557 008d 00       		.byte	0
 558 008e 03       		.uleb128 0x3
 559 008f 0E       		.uleb128 0xe
 560 0090 3A       		.uleb128 0x3a
 561 0091 0B       		.uleb128 0xb
 562 0092 3B       		.uleb128 0x3b
 563 0093 0B       		.uleb128 0xb
 564 0094 49       		.uleb128 0x49
 565 0095 13       		.uleb128 0x13
 566 0096 02       		.uleb128 0x2
 567 0097 18       		.uleb128 0x18
 568 0098 00       		.byte	0
 569 0099 00       		.byte	0
 570 009a 0C       		.uleb128 0xc
 571 009b 2E       		.uleb128 0x2e
 572 009c 00       		.byte	0
 573 009d 3F       		.uleb128 0x3f
 574 009e 19       		.uleb128 0x19
 575 009f 03       		.uleb128 0x3
 576 00a0 0E       		.uleb128 0xe
 577 00a1 3A       		.uleb128 0x3a
 578 00a2 0B       		.uleb128 0xb
 579 00a3 3B       		.uleb128 0x3b
 580 00a4 0B       		.uleb128 0xb
 581 00a5 27       		.uleb128 0x27
 582 00a6 19       		.uleb128 0x19
 583 00a7 49       		.uleb128 0x49
 584 00a8 13       		.uleb128 0x13
 585 00a9 3C       		.uleb128 0x3c
ARM GAS  C:\Users\User\AppData\Local\Temp\cccZFL1i.s 			page 14


 586 00aa 19       		.uleb128 0x19
 587 00ab 00       		.byte	0
 588 00ac 00       		.byte	0
 589 00ad 0D       		.uleb128 0xd
 590 00ae 2E       		.uleb128 0x2e
 591 00af 01       		.byte	0x1
 592 00b0 3F       		.uleb128 0x3f
 593 00b1 19       		.uleb128 0x19
 594 00b2 03       		.uleb128 0x3
 595 00b3 0E       		.uleb128 0xe
 596 00b4 3A       		.uleb128 0x3a
 597 00b5 0B       		.uleb128 0xb
 598 00b6 3B       		.uleb128 0x3b
 599 00b7 0B       		.uleb128 0xb
 600 00b8 27       		.uleb128 0x27
 601 00b9 19       		.uleb128 0x19
 602 00ba 3C       		.uleb128 0x3c
 603 00bb 19       		.uleb128 0x19
 604 00bc 01       		.uleb128 0x1
 605 00bd 13       		.uleb128 0x13
 606 00be 00       		.byte	0
 607 00bf 00       		.byte	0
 608 00c0 0E       		.uleb128 0xe
 609 00c1 05       		.uleb128 0x5
 610 00c2 00       		.byte	0
 611 00c3 49       		.uleb128 0x49
 612 00c4 13       		.uleb128 0x13
 613 00c5 00       		.byte	0
 614 00c6 00       		.byte	0
 615 00c7 0F       		.uleb128 0xf
 616 00c8 2E       		.uleb128 0x2e
 617 00c9 00       		.byte	0
 618 00ca 3F       		.uleb128 0x3f
 619 00cb 19       		.uleb128 0x19
 620 00cc 03       		.uleb128 0x3
 621 00cd 0E       		.uleb128 0xe
 622 00ce 3A       		.uleb128 0x3a
 623 00cf 0B       		.uleb128 0xb
 624 00d0 3B       		.uleb128 0x3b
 625 00d1 0B       		.uleb128 0xb
 626 00d2 27       		.uleb128 0x27
 627 00d3 19       		.uleb128 0x19
 628 00d4 3C       		.uleb128 0x3c
 629 00d5 19       		.uleb128 0x19
 630 00d6 00       		.byte	0
 631 00d7 00       		.byte	0
 632 00d8 00       		.byte	0
 633              		.section	.debug_aranges,"",%progbits
 634 0000 34000000 		.4byte	0x34
 635 0004 0200     		.2byte	0x2
 636 0006 00000000 		.4byte	.Ldebug_info0
 637 000a 04       		.byte	0x4
 638 000b 00       		.byte	0
 639 000c 0000     		.2byte	0
 640 000e 0000     		.2byte	0
 641 0010 00000000 		.4byte	.LFB0
 642 0014 20000000 		.4byte	.LFE0-.LFB0
ARM GAS  C:\Users\User\AppData\Local\Temp\cccZFL1i.s 			page 15


 643 0018 00000000 		.4byte	.LFB1
 644 001c 20000000 		.4byte	.LFE1-.LFB1
 645 0020 00000000 		.4byte	.LFB2
 646 0024 2C000000 		.4byte	.LFE2-.LFB2
 647 0028 00000000 		.4byte	.LFB3
 648 002c 18000000 		.4byte	.LFE3-.LFB3
 649 0030 00000000 		.4byte	0
 650 0034 00000000 		.4byte	0
 651              		.section	.debug_ranges,"",%progbits
 652              	.Ldebug_ranges0:
 653 0000 00000000 		.4byte	.LFB0
 654 0004 20000000 		.4byte	.LFE0
 655 0008 00000000 		.4byte	.LFB1
 656 000c 20000000 		.4byte	.LFE1
 657 0010 00000000 		.4byte	.LFB2
 658 0014 2C000000 		.4byte	.LFE2
 659 0018 00000000 		.4byte	.LFB3
 660 001c 18000000 		.4byte	.LFE3
 661 0020 00000000 		.4byte	0
 662 0024 00000000 		.4byte	0
 663              		.section	.debug_line,"",%progbits
 664              	.Ldebug_line0:
 665 0000 AD000000 		.section	.debug_str,"MS",%progbits,1
 665      02005A00 
 665      00000201 
 665      FB0E0D00 
 665      01010101 
 666              	.LASF16:
 667 0000 54696D65 		.ascii	"TimerEnableState\000"
 667      72456E61 
 667      626C6553 
 667      74617465 
 667      00
 668              	.LASF25:
 669 0011 4650535F 		.ascii	"FPS_Timer_ReadCounter\000"
 669      54696D65 
 669      725F5265 
 669      6164436F 
 669      756E7465 
 670              	.LASF26:
 671 0027 4650535F 		.ascii	"FPS_Timer_ReadControlRegister\000"
 671      54696D65 
 671      725F5265 
 671      6164436F 
 671      6E74726F 
 672              	.LASF23:
 673 0045 4650535F 		.ascii	"FPS_Timer_Sleep\000"
 673      54696D65 
 673      725F536C 
 673      65657000 
 674              	.LASF31:
 675 0055 474E5520 		.ascii	"GNU C 4.9.3 20150303 (release) [ARM/embedded-4_9-br"
 675      4320342E 
 675      392E3320 
 675      32303135 
 675      30333033 
 676 0088 616E6368 		.ascii	"anch revision 221220] -mcpu=cortex-m3 -mthumb -g -O"
ARM GAS  C:\Users\User\AppData\Local\Temp\cccZFL1i.s 			page 16


 676      20726576 
 676      6973696F 
 676      6E203232 
 676      31323230 
 677 00bb 67202D73 		.ascii	"g -std=gnu11 -ffunction-sections -ffat-lto-objects\000"
 677      74643D67 
 677      6E753131 
 677      202D6666 
 677      756E6374 
 678              	.LASF3:
 679 00ee 73686F72 		.ascii	"short unsigned int\000"
 679      7420756E 
 679      7369676E 
 679      65642069 
 679      6E7400
 680              	.LASF27:
 681 0101 4650535F 		.ascii	"FPS_Timer_WriteCounter\000"
 681      54696D65 
 681      725F5772 
 681      69746543 
 681      6F756E74 
 682              	.LASF17:
 683 0118 54696D65 		.ascii	"TimerUdb\000"
 683      72556462 
 683      00
 684              	.LASF9:
 685 0121 666C6F61 		.ascii	"float\000"
 685      7400
 686              	.LASF28:
 687 0127 4650535F 		.ascii	"FPS_Timer_WriteControlRegister\000"
 687      54696D65 
 687      725F5772 
 687      69746543 
 687      6F6E7472 
 688              	.LASF1:
 689 0146 756E7369 		.ascii	"unsigned char\000"
 689      676E6564 
 689      20636861 
 689      7200
 690              	.LASF13:
 691 0154 72656738 		.ascii	"reg8\000"
 691      00
 692              	.LASF5:
 693 0159 6C6F6E67 		.ascii	"long unsigned int\000"
 693      20756E73 
 693      69676E65 
 693      6420696E 
 693      7400
 694              	.LASF12:
 695 016b 75696E74 		.ascii	"uint8\000"
 695      3800
 696              	.LASF30:
 697 0171 4650535F 		.ascii	"FPS_Timer_Enable\000"
 697      54696D65 
 697      725F456E 
 697      61626C65 
 697      00
ARM GAS  C:\Users\User\AppData\Local\Temp\cccZFL1i.s 			page 17


 698              	.LASF33:
 699 0182 433A5C55 		.ascii	"C:\\Users\\User\\Documents\\MIT 6.115\\finalproject"
 699      73657273 
 699      5C557365 
 699      725C446F 
 699      63756D65 
 700 01b0 5C477569 		.ascii	"\\GuitarHero.cydsn\000"
 700      74617248 
 700      65726F2E 
 700      63796473 
 700      6E00
 701              	.LASF10:
 702 01c2 646F7562 		.ascii	"double\000"
 702      6C6500
 703              	.LASF22:
 704 01c9 4650535F 		.ascii	"FPS_Timer_RestoreConfig\000"
 704      54696D65 
 704      725F5265 
 704      73746F72 
 704      65436F6E 
 705              	.LASF8:
 706 01e1 756E7369 		.ascii	"unsigned int\000"
 706      676E6564 
 706      20696E74 
 706      00
 707              	.LASF7:
 708 01ee 6C6F6E67 		.ascii	"long long unsigned int\000"
 708      206C6F6E 
 708      6720756E 
 708      7369676E 
 708      65642069 
 709              	.LASF20:
 710 0205 4650535F 		.ascii	"FPS_Timer_backupStruct\000"
 710      54696D65 
 710      725F6261 
 710      636B7570 
 710      53747275 
 711              	.LASF15:
 712 021c 73697A65 		.ascii	"sizetype\000"
 712      74797065 
 712      00
 713              	.LASF6:
 714 0225 6C6F6E67 		.ascii	"long long int\000"
 714      206C6F6E 
 714      6720696E 
 714      7400
 715              	.LASF11:
 716 0233 63686172 		.ascii	"char\000"
 716      00
 717              	.LASF34:
 718 0238 4650535F 		.ascii	"FPS_Timer_backup\000"
 718      54696D65 
 718      725F6261 
 718      636B7570 
 718      00
 719              	.LASF2:
 720 0249 73686F72 		.ascii	"short int\000"
ARM GAS  C:\Users\User\AppData\Local\Temp\cccZFL1i.s 			page 18


 720      7420696E 
 720      7400
 721              	.LASF24:
 722 0253 4650535F 		.ascii	"FPS_Timer_Wakeup\000"
 722      54696D65 
 722      725F5761 
 722      6B657570 
 722      00
 723              	.LASF4:
 724 0264 6C6F6E67 		.ascii	"long int\000"
 724      20696E74 
 724      00
 725              	.LASF29:
 726 026d 4650535F 		.ascii	"FPS_Timer_Stop\000"
 726      54696D65 
 726      725F5374 
 726      6F7000
 727              	.LASF14:
 728 027c 6C6F6E67 		.ascii	"long double\000"
 728      20646F75 
 728      626C6500 
 729              	.LASF0:
 730 0288 7369676E 		.ascii	"signed char\000"
 730      65642063 
 730      68617200 
 731              	.LASF32:
 732 0294 2E5C4765 		.ascii	".\\Generated_Source\\PSoC5\\FPS_Timer_PM.c\000"
 732      6E657261 
 732      7465645F 
 732      536F7572 
 732      63655C50 
 733              	.LASF21:
 734 02bc 4650535F 		.ascii	"FPS_Timer_SaveConfig\000"
 734      54696D65 
 734      725F5361 
 734      7665436F 
 734      6E666967 
 735              	.LASF18:
 736 02d1 496E7465 		.ascii	"InterruptMaskValue\000"
 736      72727570 
 736      744D6173 
 736      6B56616C 
 736      756500
 737              	.LASF19:
 738 02e4 54696D65 		.ascii	"TimerControlRegister\000"
 738      72436F6E 
 738      74726F6C 
 738      52656769 
 738      73746572 
 739              		.ident	"GCC: (GNU Tools for ARM Embedded Processors) 4.9.3 20150303 (release) [ARM/embedded-4_9-br
