ARM GAS  C:\Users\User\AppData\Local\Temp\ccQxEyAR.s 			page 1


   1              		.syntax unified
   2              		.cpu cortex-m3
   3              		.fpu softvfp
   4              		.eabi_attribute 20, 1
   5              		.eabi_attribute 21, 1
   6              		.eabi_attribute 23, 3
   7              		.eabi_attribute 24, 1
   8              		.eabi_attribute 25, 1
   9              		.eabi_attribute 26, 1
  10              		.eabi_attribute 30, 1
  11              		.eabi_attribute 34, 1
  12              		.eabi_attribute 18, 4
  13              		.thumb
  14              		.file	"main.c"
  15              		.text
  16              	.Ltext0:
  17              		.cfi_sections	.debug_frame
  18              		.section	.text.BLE_Rx_isr,"ax",%progbits
  19              		.align	2
  20              		.global	BLE_Rx_isr
  21              		.thumb
  22              		.thumb_func
  23              		.type	BLE_Rx_isr, %function
  24              	BLE_Rx_isr:
  25              	.LFB68:
  26              		.file 1 ".\\main.c"
   1:.\main.c      **** /* ========================================
   2:.\main.c      ****  *
   3:.\main.c      ****  * Copyright Andi Qu, 2024
   4:.\main.c      ****  * All Rights Reserved
   5:.\main.c      ****  * UNPUBLISHED, LICENSED SOFTWARE.
   6:.\main.c      ****  *
   7:.\main.c      ****  * CONFIDENTIAL AND PROPRIETARY INFORMATION
   8:.\main.c      ****  * WHICH IS THE PROPERTY OF ANDI QU.
   9:.\main.c      ****  *
  10:.\main.c      ****  * ========================================
  11:.\main.c      ****  */
  12:.\main.c      **** #include <project.h>
  13:.\main.c      **** #include <math.h>
  14:.\main.c      **** #include <sprites.h>
  15:.\main.c      **** 
  16:.\main.c      **** // Global constants
  17:.\main.c      **** const uint16 DAC_SETTLE_TIME_US = 3;
  18:.\main.c      **** const float PI = 3.14159265358979323846;
  19:.\main.c      **** 
  20:.\main.c      **** // Sprites
  21:.\main.c      **** int n_sprites;
  22:.\main.c      **** struct Sprite sprites[1<<5];
  23:.\main.c      **** 
  24:.\main.c      **** // Global rendering variables
  25:.\main.c      **** int n_points;
  26:.\main.c      **** struct Point points[1<<10];
  27:.\main.c      **** uint8 new_flag;
  28:.\main.c      **** int new_n_points;
  29:.\main.c      **** struct Point new_points[1<<10];
  30:.\main.c      **** 
  31:.\main.c      **** // Declare custom ISRs
ARM GAS  C:\Users\User\AppData\Local\Temp\ccQxEyAR.s 			page 2


  32:.\main.c      **** CY_ISR_PROTO(FPS_isr);
  33:.\main.c      **** CY_ISR_PROTO(BLE_Rx_isr);
  34:.\main.c      **** 
  35:.\main.c      **** /*
  36:.\main.c      ****  * Initialize the system hardware
  37:.\main.c      ****  */
  38:.\main.c      **** void hw_init() {
  39:.\main.c      ****     x_DAC_Start();
  40:.\main.c      ****     y_DAC_Start();
  41:.\main.c      ****     
  42:.\main.c      ****     LCD_Start();
  43:.\main.c      ****     LCD_ClearDisplay();
  44:.\main.c      ****     LCD_Position(0, 0);
  45:.\main.c      ****     
  46:.\main.c      ****     BLE_UART_Init();
  47:.\main.c      ****     BLE_UART_Start();
  48:.\main.c      **** 
  49:.\main.c      ****     FPS_isr_StartEx(FPS_isr);
  50:.\main.c      ****     BLE_Rx_isr_StartEx(BLE_Rx_isr);
  51:.\main.c      **** }
  52:.\main.c      **** 
  53:.\main.c      **** /*
  54:.\main.c      ****  * Start a new game of Guitar Hero
  55:.\main.c      ****  */
  56:.\main.c      **** void game_init() {
  57:.\main.c      ****     n_sprites = 0;
  58:.\main.c      ****     sprites[n_sprites++] = make_fretboard();
  59:.\main.c      **** }
  60:.\main.c      **** 
  61:.\main.c      **** /*
  62:.\main.c      ****  * Given a list of points, draws a polygon connecting them
  63:.\main.c      ****  * on the oscilloscope using the DAC
  64:.\main.c      ****  */
  65:.\main.c      **** void draw_points() {   
  66:.\main.c      ****     for (int i = 0; i < n_points; i++) {
  67:.\main.c      ****         x_DAC_SetValue(points[i].x);
  68:.\main.c      ****         y_DAC_SetValue(points[i].y);
  69:.\main.c      ****         CyDelayUs(DAC_SETTLE_TIME_US); // Wait for DAC to settle
  70:.\main.c      ****     }
  71:.\main.c      **** }
  72:.\main.c      **** 
  73:.\main.c      **** /*
  74:.\main.c      ****  * Updates the list of points to render
  75:.\main.c      ****  */
  76:.\main.c      **** void update_points() {
  77:.\main.c      ****     // TODO: create a moving ellipse
  78:.\main.c      ****     
  79:.\main.c      ****     // Convert to polyline
  80:.\main.c      ****     new_n_points = sprites_to_polyline(n_sprites, sprites, new_points);
  81:.\main.c      ****     // Convert to perspective
  82:.\main.c      ****     ortho_to_perspective(new_n_points, new_points);
  83:.\main.c      ****     // Signal that a new frame is ready
  84:.\main.c      ****     new_flag = 1;
  85:.\main.c      **** }
  86:.\main.c      **** 
  87:.\main.c      **** /*
  88:.\main.c      ****  * Run the game at 20 FPS
ARM GAS  C:\Users\User\AppData\Local\Temp\ccQxEyAR.s 			page 3


  89:.\main.c      ****  */
  90:.\main.c      **** CY_ISR(FPS_isr) {
  91:.\main.c      ****     update_points();
  92:.\main.c      **** }
  93:.\main.c      **** 
  94:.\main.c      **** CY_ISR(BLE_Rx_isr) {
  27              		.loc 1 94 0
  28              		.cfi_startproc
  29              		@ args = 0, pretend = 0, frame = 0
  30              		@ frame_needed = 0, uses_anonymous_args = 0
  31 0000 08B5     		push	{r3, lr}
  32              		.cfi_def_cfa_offset 8
  33              		.cfi_offset 3, -8
  34              		.cfi_offset 14, -4
  95:.\main.c      ****     uint8 c = BLE_UART_GetChar();
  35              		.loc 1 95 0
  36 0002 FFF7FEFF 		bl	BLE_UART_GetChar
  37              	.LVL0:
  96:.\main.c      ****     if (c != '\n') LCD_PutChar(c);
  38              		.loc 1 96 0
  39 0006 0A28     		cmp	r0, #10
  40 0008 01D0     		beq	.L1
  41              		.loc 1 96 0 is_stmt 0 discriminator 1
  42 000a FFF7FEFF 		bl	LCD_PutChar
  43              	.LVL1:
  44              	.L1:
  45 000e 08BD     		pop	{r3, pc}
  46              		.cfi_endproc
  47              	.LFE68:
  48              		.size	BLE_Rx_isr, .-BLE_Rx_isr
  49              		.section	.text.hw_init,"ax",%progbits
  50              		.align	2
  51              		.global	hw_init
  52              		.thumb
  53              		.thumb_func
  54              		.type	hw_init, %function
  55              	hw_init:
  56              	.LFB63:
  38:.\main.c      ****     x_DAC_Start();
  57              		.loc 1 38 0 is_stmt 1
  58              		.cfi_startproc
  59              		@ args = 0, pretend = 0, frame = 0
  60              		@ frame_needed = 0, uses_anonymous_args = 0
  61 0000 08B5     		push	{r3, lr}
  62              		.cfi_def_cfa_offset 8
  63              		.cfi_offset 3, -8
  64              		.cfi_offset 14, -4
  39:.\main.c      ****     y_DAC_Start();
  65              		.loc 1 39 0
  66 0002 FFF7FEFF 		bl	x_DAC_Start
  67              	.LVL2:
  40:.\main.c      ****     
  68              		.loc 1 40 0
  69 0006 FFF7FEFF 		bl	y_DAC_Start
  70              	.LVL3:
  42:.\main.c      ****     LCD_ClearDisplay();
  71              		.loc 1 42 0
ARM GAS  C:\Users\User\AppData\Local\Temp\ccQxEyAR.s 			page 4


  72 000a FFF7FEFF 		bl	LCD_Start
  73              	.LVL4:
  43:.\main.c      ****     LCD_Position(0, 0);
  74              		.loc 1 43 0
  75 000e 0120     		movs	r0, #1
  76 0010 FFF7FEFF 		bl	LCD_WriteControl
  77              	.LVL5:
  44:.\main.c      ****     
  78              		.loc 1 44 0
  79 0014 0020     		movs	r0, #0
  80 0016 0146     		mov	r1, r0
  81 0018 FFF7FEFF 		bl	LCD_Position
  82              	.LVL6:
  46:.\main.c      ****     BLE_UART_Start();
  83              		.loc 1 46 0
  84 001c FFF7FEFF 		bl	BLE_UART_Init
  85              	.LVL7:
  47:.\main.c      **** 
  86              		.loc 1 47 0
  87 0020 FFF7FEFF 		bl	BLE_UART_Start
  88              	.LVL8:
  49:.\main.c      ****     BLE_Rx_isr_StartEx(BLE_Rx_isr);
  89              		.loc 1 49 0
  90 0024 0348     		ldr	r0, .L6
  91 0026 FFF7FEFF 		bl	FPS_isr_StartEx
  92              	.LVL9:
  50:.\main.c      **** }
  93              		.loc 1 50 0
  94 002a 0348     		ldr	r0, .L6+4
  95 002c FFF7FEFF 		bl	BLE_Rx_isr_StartEx
  96              	.LVL10:
  97 0030 08BD     		pop	{r3, pc}
  98              	.L7:
  99 0032 00BF     		.align	2
 100              	.L6:
 101 0034 00000000 		.word	FPS_isr
 102 0038 00000000 		.word	BLE_Rx_isr
 103              		.cfi_endproc
 104              	.LFE63:
 105              		.size	hw_init, .-hw_init
 106              		.section	.text.game_init,"ax",%progbits
 107              		.align	2
 108              		.global	game_init
 109              		.thumb
 110              		.thumb_func
 111              		.type	game_init, %function
 112              	game_init:
 113              	.LFB64:
  56:.\main.c      ****     n_sprites = 0;
 114              		.loc 1 56 0
 115              		.cfi_startproc
 116              		@ args = 0, pretend = 0, frame = 16
 117              		@ frame_needed = 0, uses_anonymous_args = 0
 118 0000 30B5     		push	{r4, r5, lr}
 119              		.cfi_def_cfa_offset 12
 120              		.cfi_offset 4, -12
 121              		.cfi_offset 5, -8
ARM GAS  C:\Users\User\AppData\Local\Temp\ccQxEyAR.s 			page 5


 122              		.cfi_offset 14, -4
 123 0002 85B0     		sub	sp, sp, #20
 124              		.cfi_def_cfa_offset 32
  58:.\main.c      **** }
 125              		.loc 1 58 0
 126 0004 0122     		movs	r2, #1
 127 0006 064B     		ldr	r3, .L10
 128 0008 1A60     		str	r2, [r3]
 129 000a 064D     		ldr	r5, .L10+4
 130 000c 6846     		mov	r0, sp
 131 000e FFF7FEFF 		bl	make_fretboard
 132              	.LVL11:
 133 0012 9DE80700 		ldmia	sp, {r0, r1, r2}
 134 0016 85E80700 		stmia	r5, {r0, r1, r2}
  59:.\main.c      **** 
 135              		.loc 1 59 0
 136 001a 05B0     		add	sp, sp, #20
 137              		.cfi_def_cfa_offset 12
 138              		@ sp needed
 139 001c 30BD     		pop	{r4, r5, pc}
 140              	.L11:
 141 001e 00BF     		.align	2
 142              	.L10:
 143 0020 00000000 		.word	n_sprites
 144 0024 00000000 		.word	sprites
 145              		.cfi_endproc
 146              	.LFE64:
 147              		.size	game_init, .-game_init
 148              		.section	.text.draw_points,"ax",%progbits
 149              		.align	2
 150              		.global	draw_points
 151              		.thumb
 152              		.thumb_func
 153              		.type	draw_points, %function
 154              	draw_points:
 155              	.LFB65:
  65:.\main.c      ****     for (int i = 0; i < n_points; i++) {
 156              		.loc 1 65 0
 157              		.cfi_startproc
 158              		@ args = 0, pretend = 0, frame = 0
 159              		@ frame_needed = 0, uses_anonymous_args = 0
 160 0000 38B5     		push	{r3, r4, r5, lr}
 161              		.cfi_def_cfa_offset 16
 162              		.cfi_offset 3, -16
 163              		.cfi_offset 4, -12
 164              		.cfi_offset 5, -8
 165              		.cfi_offset 14, -4
 166              	.LVL12:
 167              	.LBB2:
  66:.\main.c      ****         x_DAC_SetValue(points[i].x);
 168              		.loc 1 66 0
 169 0002 0024     		movs	r4, #0
 170 0004 0DE0     		b	.L13
 171              	.LVL13:
 172              	.L14:
  67:.\main.c      ****         y_DAC_SetValue(points[i].y);
 173              		.loc 1 67 0 discriminator 3
ARM GAS  C:\Users\User\AppData\Local\Temp\ccQxEyAR.s 			page 6


 174 0006 094D     		ldr	r5, .L16
 175 0008 15F81400 		ldrb	r0, [r5, r4, lsl #1]	@ zero_extendqisi2
 176 000c FFF7FEFF 		bl	x_DAC_SetValue
 177              	.LVL14:
  68:.\main.c      ****         CyDelayUs(DAC_SETTLE_TIME_US); // Wait for DAC to settle
 178              		.loc 1 68 0 discriminator 3
 179 0010 05EB4405 		add	r5, r5, r4, lsl #1
 180 0014 6878     		ldrb	r0, [r5, #1]	@ zero_extendqisi2
 181 0016 FFF7FEFF 		bl	y_DAC_SetValue
 182              	.LVL15:
  69:.\main.c      ****     }
 183              		.loc 1 69 0 discriminator 3
 184 001a 0320     		movs	r0, #3
 185 001c FFF7FEFF 		bl	CyDelayUs
 186              	.LVL16:
  66:.\main.c      ****         x_DAC_SetValue(points[i].x);
 187              		.loc 1 66 0 discriminator 3
 188 0020 0134     		adds	r4, r4, #1
 189              	.LVL17:
 190              	.L13:
  66:.\main.c      ****         x_DAC_SetValue(points[i].x);
 191              		.loc 1 66 0 is_stmt 0 discriminator 1
 192 0022 034B     		ldr	r3, .L16+4
 193 0024 1B68     		ldr	r3, [r3]
 194 0026 9C42     		cmp	r4, r3
 195 0028 EDDB     		blt	.L14
 196              	.LBE2:
  71:.\main.c      **** 
 197              		.loc 1 71 0 is_stmt 1
 198 002a 38BD     		pop	{r3, r4, r5, pc}
 199              	.LVL18:
 200              	.L17:
 201              		.align	2
 202              	.L16:
 203 002c 00000000 		.word	points
 204 0030 00000000 		.word	n_points
 205              		.cfi_endproc
 206              	.LFE65:
 207              		.size	draw_points, .-draw_points
 208              		.section	.text.update_points,"ax",%progbits
 209              		.align	2
 210              		.global	update_points
 211              		.thumb
 212              		.thumb_func
 213              		.type	update_points, %function
 214              	update_points:
 215              	.LFB66:
  76:.\main.c      ****     // TODO: create a moving ellipse
 216              		.loc 1 76 0
 217              		.cfi_startproc
 218              		@ args = 0, pretend = 0, frame = 0
 219              		@ frame_needed = 0, uses_anonymous_args = 0
 220 0000 10B5     		push	{r4, lr}
 221              		.cfi_def_cfa_offset 8
 222              		.cfi_offset 4, -8
 223              		.cfi_offset 14, -4
  80:.\main.c      ****     // Convert to perspective
ARM GAS  C:\Users\User\AppData\Local\Temp\ccQxEyAR.s 			page 7


 224              		.loc 1 80 0
 225 0002 084C     		ldr	r4, .L20
 226 0004 084B     		ldr	r3, .L20+4
 227 0006 1868     		ldr	r0, [r3]
 228 0008 0849     		ldr	r1, .L20+8
 229 000a 2246     		mov	r2, r4
 230 000c FFF7FEFF 		bl	sprites_to_polyline
 231              	.LVL19:
 232 0010 074B     		ldr	r3, .L20+12
 233 0012 1860     		str	r0, [r3]
  82:.\main.c      ****     // Signal that a new frame is ready
 234              		.loc 1 82 0
 235 0014 2146     		mov	r1, r4
 236 0016 FFF7FEFF 		bl	ortho_to_perspective
 237              	.LVL20:
  84:.\main.c      **** }
 238              		.loc 1 84 0
 239 001a 0122     		movs	r2, #1
 240 001c 054B     		ldr	r3, .L20+16
 241 001e 1A70     		strb	r2, [r3]
 242 0020 10BD     		pop	{r4, pc}
 243              	.L21:
 244 0022 00BF     		.align	2
 245              	.L20:
 246 0024 00000000 		.word	new_points
 247 0028 00000000 		.word	n_sprites
 248 002c 00000000 		.word	sprites
 249 0030 00000000 		.word	new_n_points
 250 0034 00000000 		.word	new_flag
 251              		.cfi_endproc
 252              	.LFE66:
 253              		.size	update_points, .-update_points
 254              		.section	.text.FPS_isr,"ax",%progbits
 255              		.align	2
 256              		.global	FPS_isr
 257              		.thumb
 258              		.thumb_func
 259              		.type	FPS_isr, %function
 260              	FPS_isr:
 261              	.LFB67:
  90:.\main.c      ****     update_points();
 262              		.loc 1 90 0
 263              		.cfi_startproc
 264              		@ args = 0, pretend = 0, frame = 0
 265              		@ frame_needed = 0, uses_anonymous_args = 0
 266 0000 08B5     		push	{r3, lr}
 267              		.cfi_def_cfa_offset 8
 268              		.cfi_offset 3, -8
 269              		.cfi_offset 14, -4
  91:.\main.c      **** }
 270              		.loc 1 91 0
 271 0002 FFF7FEFF 		bl	update_points
 272              	.LVL21:
 273 0006 08BD     		pop	{r3, pc}
 274              		.cfi_endproc
 275              	.LFE67:
 276              		.size	FPS_isr, .-FPS_isr
ARM GAS  C:\Users\User\AppData\Local\Temp\ccQxEyAR.s 			page 8


 277              		.section	.text.main,"ax",%progbits
 278              		.align	2
 279              		.global	main
 280              		.thumb
 281              		.thumb_func
 282              		.type	main, %function
 283              	main:
 284              	.LFB69:
  97:.\main.c      **** }
  98:.\main.c      **** 
  99:.\main.c      **** int main() {
 285              		.loc 1 99 0
 286              		.cfi_startproc
 287              		@ args = 0, pretend = 0, frame = 0
 288              		@ frame_needed = 0, uses_anonymous_args = 0
 289 0000 08B5     		push	{r3, lr}
 290              		.cfi_def_cfa_offset 8
 291              		.cfi_offset 3, -8
 292              		.cfi_offset 14, -4
 100:.\main.c      ****     CyGlobalIntEnable; /* Enable global interrupts. */
 293              		.loc 1 100 0
 294              	@ 100 ".\main.c" 1
 295 0002 62B6     		CPSIE   i
 296              	@ 0 "" 2
 101:.\main.c      **** 
 102:.\main.c      ****     hw_init();
 297              		.loc 1 102 0
 298              		.thumb
 299 0004 FFF7FEFF 		bl	hw_init
 300              	.LVL22:
 103:.\main.c      ****     game_init();
 301              		.loc 1 103 0
 302 0008 FFF7FEFF 		bl	game_init
 303              	.LVL23:
 304              	.L28:
 104:.\main.c      **** 
 105:.\main.c      ****     for (;;) {
 106:.\main.c      ****         // "Latch" the new points
 107:.\main.c      ****         if (new_flag == 1) {
 305              		.loc 1 107 0
 306 000c 0C4B     		ldr	r3, .L30
 307 000e 1B78     		ldrb	r3, [r3]	@ zero_extendqisi2
 308 0010 012B     		cmp	r3, #1
 309 0012 11D1     		bne	.L25
 108:.\main.c      ****             n_points = new_n_points;
 310              		.loc 1 108 0
 311 0014 0B4B     		ldr	r3, .L30+4
 312 0016 1868     		ldr	r0, [r3]
 313 0018 0B4B     		ldr	r3, .L30+8
 314 001a 1860     		str	r0, [r3]
 315              	.LVL24:
 316              	.LBB3:
 109:.\main.c      ****             for (int i = 0; i < n_points; i++)
 317              		.loc 1 109 0
 318 001c 0023     		movs	r3, #0
 319 001e 06E0     		b	.L26
 320              	.LVL25:
ARM GAS  C:\Users\User\AppData\Local\Temp\ccQxEyAR.s 			page 9


 321              	.L27:
 110:.\main.c      ****                 points[i] = new_points[i];
 322              		.loc 1 110 0 discriminator 3
 323 0020 0A4A     		ldr	r2, .L30+12
 324 0022 32F81310 		ldrh	r1, [r2, r3, lsl #1]	@ unaligned
 325 0026 0A4A     		ldr	r2, .L30+16
 326 0028 22F81310 		strh	r1, [r2, r3, lsl #1]	@ unaligned
 109:.\main.c      ****             for (int i = 0; i < n_points; i++)
 327              		.loc 1 109 0 discriminator 3
 328 002c 0133     		adds	r3, r3, #1
 329              	.LVL26:
 330              	.L26:
 109:.\main.c      ****             for (int i = 0; i < n_points; i++)
 331              		.loc 1 109 0 is_stmt 0 discriminator 1
 332 002e 8342     		cmp	r3, r0
 333 0030 F6DB     		blt	.L27
 334              	.LBE3:
 111:.\main.c      ****             new_flag = 0;
 335              		.loc 1 111 0 is_stmt 1
 336 0032 0022     		movs	r2, #0
 337 0034 024B     		ldr	r3, .L30
 338              	.LVL27:
 339 0036 1A70     		strb	r2, [r3]
 340              	.L25:
 112:.\main.c      ****         }
 113:.\main.c      **** 
 114:.\main.c      ****         draw_points();
 341              		.loc 1 114 0
 342 0038 FFF7FEFF 		bl	draw_points
 343              	.LVL28:
 115:.\main.c      ****     }
 344              		.loc 1 115 0
 345 003c E6E7     		b	.L28
 346              	.L31:
 347 003e 00BF     		.align	2
 348              	.L30:
 349 0040 00000000 		.word	new_flag
 350 0044 00000000 		.word	new_n_points
 351 0048 00000000 		.word	n_points
 352 004c 00000000 		.word	new_points
 353 0050 00000000 		.word	points
 354              		.cfi_endproc
 355              	.LFE69:
 356              		.size	main, .-main
 357              		.comm	new_points,2048,4
 358              		.comm	new_n_points,4,4
 359              		.comm	new_flag,1,1
 360              		.comm	points,2048,4
 361              		.comm	n_points,4,4
 362              		.comm	sprites,384,4
 363              		.comm	n_sprites,4,4
 364              		.global	PI
 365              		.global	DAC_SETTLE_TIME_US
 366              		.section	.rodata
 367              		.align	2
 368              		.type	PI, %object
 369              		.size	PI, 4
ARM GAS  C:\Users\User\AppData\Local\Temp\ccQxEyAR.s 			page 10


 370              	PI:
 371 0000 DB0F4940 		.word	1078530011
 372              		.type	DAC_SETTLE_TIME_US, %object
 373              		.size	DAC_SETTLE_TIME_US, 2
 374              	DAC_SETTLE_TIME_US:
 375 0004 0300     		.short	3
 376 0006 0000     		.text
 377              	.Letext0:
 378              		.file 2 "c:\\program files (x86)\\cypress\\psoc creator\\3.3\\psoc creator\\import\\gnu\\arm\\4.9.
 379              		.file 3 "c:\\program files (x86)\\cypress\\psoc creator\\3.3\\psoc creator\\import\\gnu\\arm\\4.9.
 380              		.file 4 "Generated_Source\\PSoC5/cytypes.h"
 381              		.file 5 "./sprites.h"
 382              		.file 6 "Generated_Source\\PSoC5/core_cm3.h"
 383              		.file 7 "Generated_Source\\PSoC5/x_DAC.h"
 384              		.file 8 "Generated_Source\\PSoC5/y_DAC.h"
 385              		.file 9 "Generated_Source\\PSoC5/LCD.h"
 386              		.file 10 "Generated_Source\\PSoC5/BLE_UART.h"
 387              		.file 11 "Generated_Source\\PSoC5/FPS_isr.h"
 388              		.file 12 "Generated_Source\\PSoC5/BLE_Rx_isr.h"
 389              		.file 13 "Generated_Source\\PSoC5/CyLib.h"
 390              		.section	.debug_info,"",%progbits
 391              	.Ldebug_info0:
 392 0000 F8040000 		.4byte	0x4f8
 393 0004 0400     		.2byte	0x4
 394 0006 00000000 		.4byte	.Ldebug_abbrev0
 395 000a 04       		.byte	0x4
 396 000b 01       		.uleb128 0x1
 397 000c AE020000 		.4byte	.LASF54
 398 0010 01       		.byte	0x1
 399 0011 B1000000 		.4byte	.LASF55
 400 0015 0B000000 		.4byte	.LASF56
 401 0019 00000000 		.4byte	.Ldebug_ranges0+0
 402 001d 00000000 		.4byte	0
 403 0021 00000000 		.4byte	.Ldebug_line0
 404 0025 02       		.uleb128 0x2
 405 0026 01       		.byte	0x1
 406 0027 06       		.byte	0x6
 407 0028 E2000000 		.4byte	.LASF0
 408 002c 02       		.uleb128 0x2
 409 002d 01       		.byte	0x1
 410 002e 08       		.byte	0x8
 411 002f 2E010000 		.4byte	.LASF1
 412 0033 02       		.uleb128 0x2
 413 0034 02       		.byte	0x2
 414 0035 05       		.byte	0x5
 415 0036 70000000 		.4byte	.LASF2
 416 003a 02       		.uleb128 0x2
 417 003b 02       		.byte	0x2
 418 003c 07       		.byte	0x7
 419 003d E1010000 		.4byte	.LASF3
 420 0041 03       		.uleb128 0x3
 421 0042 81020000 		.4byte	.LASF9
 422 0046 02       		.byte	0x2
 423 0047 3F       		.byte	0x3f
 424 0048 4C000000 		.4byte	0x4c
 425 004c 02       		.uleb128 0x2
 426 004d 04       		.byte	0x4
ARM GAS  C:\Users\User\AppData\Local\Temp\ccQxEyAR.s 			page 11


 427 004e 05       		.byte	0x5
 428 004f 07010000 		.4byte	.LASF4
 429 0053 02       		.uleb128 0x2
 430 0054 04       		.byte	0x4
 431 0055 07       		.byte	0x7
 432 0056 32020000 		.4byte	.LASF5
 433 005a 02       		.uleb128 0x2
 434 005b 08       		.byte	0x8
 435 005c 05       		.byte	0x5
 436 005d F4000000 		.4byte	.LASF6
 437 0061 02       		.uleb128 0x2
 438 0062 08       		.byte	0x8
 439 0063 07       		.byte	0x7
 440 0064 AB010000 		.4byte	.LASF7
 441 0068 04       		.uleb128 0x4
 442 0069 04       		.byte	0x4
 443 006a 05       		.byte	0x5
 444 006b 696E7400 		.ascii	"int\000"
 445 006f 02       		.uleb128 0x2
 446 0070 04       		.byte	0x4
 447 0071 07       		.byte	0x7
 448 0072 D4010000 		.4byte	.LASF8
 449 0076 03       		.uleb128 0x3
 450 0077 05020000 		.4byte	.LASF10
 451 007b 03       		.byte	0x3
 452 007c 2C       		.byte	0x2c
 453 007d 41000000 		.4byte	0x41
 454 0081 05       		.uleb128 0x5
 455 0082 C9000000 		.4byte	.LASF11
 456 0086 04       		.byte	0x4
 457 0087 9201     		.2byte	0x192
 458 0089 2C000000 		.4byte	0x2c
 459 008d 05       		.uleb128 0x5
 460 008e AA000000 		.4byte	.LASF12
 461 0092 04       		.byte	0x4
 462 0093 9301     		.2byte	0x193
 463 0095 3A000000 		.4byte	0x3a
 464 0099 02       		.uleb128 0x2
 465 009a 04       		.byte	0x4
 466 009b 04       		.byte	0x4
 467 009c EE000000 		.4byte	.LASF13
 468 00a0 02       		.uleb128 0x2
 469 00a1 08       		.byte	0x8
 470 00a2 04       		.byte	0x4
 471 00a3 44020000 		.4byte	.LASF14
 472 00a7 05       		.uleb128 0x5
 473 00a8 8C000000 		.4byte	.LASF15
 474 00ac 04       		.byte	0x4
 475 00ad A301     		.2byte	0x1a3
 476 00af B3000000 		.4byte	0xb3
 477 00b3 02       		.uleb128 0x2
 478 00b4 01       		.byte	0x1
 479 00b5 08       		.byte	0x8
 480 00b6 02010000 		.4byte	.LASF16
 481 00ba 05       		.uleb128 0x5
 482 00bb 8B010000 		.4byte	.LASF17
 483 00bf 04       		.byte	0x4
ARM GAS  C:\Users\User\AppData\Local\Temp\ccQxEyAR.s 			page 12


 484 00c0 4E02     		.2byte	0x24e
 485 00c2 C6000000 		.4byte	0xc6
 486 00c6 06       		.uleb128 0x6
 487 00c7 04       		.byte	0x4
 488 00c8 CC000000 		.4byte	0xcc
 489 00cc 07       		.uleb128 0x7
 490 00cd 02       		.uleb128 0x2
 491 00ce 08       		.byte	0x8
 492 00cf 04       		.byte	0x4
 493 00d0 60010000 		.4byte	.LASF18
 494 00d4 02       		.uleb128 0x2
 495 00d5 04       		.byte	0x4
 496 00d6 07       		.byte	0x7
 497 00d7 83000000 		.4byte	.LASF19
 498 00db 08       		.uleb128 0x8
 499 00dc C2010000 		.4byte	.LASF20
 500 00e0 02       		.byte	0x2
 501 00e1 05       		.byte	0x5
 502 00e2 0F       		.byte	0xf
 503 00e3 FC000000 		.4byte	0xfc
 504 00e7 09       		.uleb128 0x9
 505 00e8 7800     		.ascii	"x\000"
 506 00ea 05       		.byte	0x5
 507 00eb 10       		.byte	0x10
 508 00ec 81000000 		.4byte	0x81
 509 00f0 00       		.byte	0
 510 00f1 09       		.uleb128 0x9
 511 00f2 7900     		.ascii	"y\000"
 512 00f4 05       		.byte	0x5
 513 00f5 11       		.byte	0x11
 514 00f6 81000000 		.4byte	0x81
 515 00fa 01       		.byte	0x1
 516 00fb 00       		.byte	0
 517 00fc 08       		.uleb128 0x8
 518 00fd 63020000 		.4byte	.LASF21
 519 0101 0C       		.byte	0xc
 520 0102 05       		.byte	0x5
 521 0103 14       		.byte	0x14
 522 0104 2B010000 		.4byte	0x12b
 523 0108 09       		.uleb128 0x9
 524 0109 6E00     		.ascii	"n\000"
 525 010b 05       		.byte	0x5
 526 010c 15       		.byte	0x15
 527 010d 68000000 		.4byte	0x68
 528 0111 00       		.byte	0
 529 0112 0A       		.uleb128 0xa
 530 0113 98020000 		.4byte	.LASF22
 531 0117 05       		.byte	0x5
 532 0118 16       		.byte	0x16
 533 0119 DB000000 		.4byte	0xdb
 534 011d 04       		.byte	0x4
 535 011e 0A       		.uleb128 0xa
 536 011f 7A000000 		.4byte	.LASF23
 537 0123 05       		.byte	0x5
 538 0124 17       		.byte	0x17
 539 0125 2B010000 		.4byte	0x12b
 540 0129 08       		.byte	0x8
ARM GAS  C:\Users\User\AppData\Local\Temp\ccQxEyAR.s 			page 13


 541 012a 00       		.byte	0
 542 012b 06       		.uleb128 0x6
 543 012c 04       		.byte	0x4
 544 012d DB000000 		.4byte	0xdb
 545 0131 0B       		.uleb128 0xb
 546 0132 00000000 		.4byte	.LASF28
 547 0136 01       		.byte	0x1
 548 0137 5E       		.byte	0x5e
 549 0138 00000000 		.4byte	.LFB68
 550 013c 10000000 		.4byte	.LFE68-.LFB68
 551 0140 01       		.uleb128 0x1
 552 0141 9C       		.byte	0x9c
 553 0142 66010000 		.4byte	0x166
 554 0146 0C       		.uleb128 0xc
 555 0147 6300     		.ascii	"c\000"
 556 0149 01       		.byte	0x1
 557 014a 5F       		.byte	0x5f
 558 014b 81000000 		.4byte	0x81
 559 014f 00000000 		.4byte	.LLST0
 560 0153 0D       		.uleb128 0xd
 561 0154 06000000 		.4byte	.LVL0
 562 0158 F8030000 		.4byte	0x3f8
 563 015c 0D       		.uleb128 0xd
 564 015d 0E000000 		.4byte	.LVL1
 565 0161 03040000 		.4byte	0x403
 566 0165 00       		.byte	0
 567 0166 0E       		.uleb128 0xe
 568 0167 26010000 		.4byte	.LASF24
 569 016b 01       		.byte	0x1
 570 016c 26       		.byte	0x26
 571 016d 00000000 		.4byte	.LFB63
 572 0171 3C000000 		.4byte	.LFE63-.LFB63
 573 0175 01       		.uleb128 0x1
 574 0176 9C       		.byte	0x9c
 575 0177 FE010000 		.4byte	0x1fe
 576 017b 0D       		.uleb128 0xd
 577 017c 06000000 		.4byte	.LVL2
 578 0180 14040000 		.4byte	0x414
 579 0184 0D       		.uleb128 0xd
 580 0185 0A000000 		.4byte	.LVL3
 581 0189 1B040000 		.4byte	0x41b
 582 018d 0D       		.uleb128 0xd
 583 018e 0E000000 		.4byte	.LVL4
 584 0192 22040000 		.4byte	0x422
 585 0196 0F       		.uleb128 0xf
 586 0197 14000000 		.4byte	.LVL5
 587 019b 29040000 		.4byte	0x429
 588 019f A9010000 		.4byte	0x1a9
 589 01a3 10       		.uleb128 0x10
 590 01a4 01       		.uleb128 0x1
 591 01a5 50       		.byte	0x50
 592 01a6 01       		.uleb128 0x1
 593 01a7 31       		.byte	0x31
 594 01a8 00       		.byte	0
 595 01a9 0F       		.uleb128 0xf
 596 01aa 1C000000 		.4byte	.LVL6
 597 01ae 3A040000 		.4byte	0x43a
ARM GAS  C:\Users\User\AppData\Local\Temp\ccQxEyAR.s 			page 14


 598 01b2 C1010000 		.4byte	0x1c1
 599 01b6 10       		.uleb128 0x10
 600 01b7 01       		.uleb128 0x1
 601 01b8 51       		.byte	0x51
 602 01b9 01       		.uleb128 0x1
 603 01ba 30       		.byte	0x30
 604 01bb 10       		.uleb128 0x10
 605 01bc 01       		.uleb128 0x1
 606 01bd 50       		.byte	0x50
 607 01be 01       		.uleb128 0x1
 608 01bf 30       		.byte	0x30
 609 01c0 00       		.byte	0
 610 01c1 0D       		.uleb128 0xd
 611 01c2 20000000 		.4byte	.LVL7
 612 01c6 50040000 		.4byte	0x450
 613 01ca 0D       		.uleb128 0xd
 614 01cb 24000000 		.4byte	.LVL8
 615 01cf 57040000 		.4byte	0x457
 616 01d3 0F       		.uleb128 0xf
 617 01d4 2A000000 		.4byte	.LVL9
 618 01d8 5E040000 		.4byte	0x45e
 619 01dc EA010000 		.4byte	0x1ea
 620 01e0 10       		.uleb128 0x10
 621 01e1 01       		.uleb128 0x1
 622 01e2 50       		.byte	0x50
 623 01e3 05       		.uleb128 0x5
 624 01e4 03       		.byte	0x3
 625 01e5 00000000 		.4byte	FPS_isr
 626 01e9 00       		.byte	0
 627 01ea 11       		.uleb128 0x11
 628 01eb 30000000 		.4byte	.LVL10
 629 01ef 6F040000 		.4byte	0x46f
 630 01f3 10       		.uleb128 0x10
 631 01f4 01       		.uleb128 0x1
 632 01f5 50       		.byte	0x50
 633 01f6 05       		.uleb128 0x5
 634 01f7 03       		.byte	0x3
 635 01f8 00000000 		.4byte	BLE_Rx_isr
 636 01fc 00       		.byte	0
 637 01fd 00       		.byte	0
 638 01fe 0E       		.uleb128 0xe
 639 01ff 56010000 		.4byte	.LASF25
 640 0203 01       		.byte	0x1
 641 0204 38       		.byte	0x38
 642 0205 00000000 		.4byte	.LFB64
 643 0209 28000000 		.4byte	.LFE64-.LFB64
 644 020d 01       		.uleb128 0x1
 645 020e 9C       		.byte	0x9c
 646 020f 24020000 		.4byte	0x224
 647 0213 11       		.uleb128 0x11
 648 0214 12000000 		.4byte	.LVL11
 649 0218 80040000 		.4byte	0x480
 650 021c 10       		.uleb128 0x10
 651 021d 01       		.uleb128 0x1
 652 021e 50       		.byte	0x50
 653 021f 02       		.uleb128 0x2
 654 0220 7D       		.byte	0x7d
ARM GAS  C:\Users\User\AppData\Local\Temp\ccQxEyAR.s 			page 15


 655 0221 00       		.sleb128 0
 656 0222 00       		.byte	0
 657 0223 00       		.byte	0
 658 0224 0E       		.uleb128 0xe
 659 0225 4B020000 		.4byte	.LASF26
 660 0229 01       		.byte	0x1
 661 022a 41       		.byte	0x41
 662 022b 00000000 		.4byte	.LFB65
 663 022f 34000000 		.4byte	.LFE65-.LFB65
 664 0233 01       		.uleb128 0x1
 665 0234 9C       		.byte	0x9c
 666 0235 72020000 		.4byte	0x272
 667 0239 12       		.uleb128 0x12
 668 023a 02000000 		.4byte	.LBB2
 669 023e 28000000 		.4byte	.LBE2-.LBB2
 670 0242 0C       		.uleb128 0xc
 671 0243 6900     		.ascii	"i\000"
 672 0245 01       		.byte	0x1
 673 0246 42       		.byte	0x42
 674 0247 68000000 		.4byte	0x68
 675 024b 13000000 		.4byte	.LLST1
 676 024f 0D       		.uleb128 0xd
 677 0250 10000000 		.4byte	.LVL14
 678 0254 91040000 		.4byte	0x491
 679 0258 0D       		.uleb128 0xd
 680 0259 1A000000 		.4byte	.LVL15
 681 025d A2040000 		.4byte	0x4a2
 682 0261 11       		.uleb128 0x11
 683 0262 20000000 		.4byte	.LVL16
 684 0266 B3040000 		.4byte	0x4b3
 685 026a 10       		.uleb128 0x10
 686 026b 01       		.uleb128 0x1
 687 026c 50       		.byte	0x50
 688 026d 01       		.uleb128 0x1
 689 026e 33       		.byte	0x33
 690 026f 00       		.byte	0
 691 0270 00       		.byte	0
 692 0271 00       		.byte	0
 693 0272 0E       		.uleb128 0xe
 694 0273 60030000 		.4byte	.LASF27
 695 0277 01       		.byte	0x1
 696 0278 4C       		.byte	0x4c
 697 0279 00000000 		.4byte	.LFB66
 698 027d 38000000 		.4byte	.LFE66-.LFB66
 699 0281 01       		.uleb128 0x1
 700 0282 9C       		.byte	0x9c
 701 0283 B5020000 		.4byte	0x2b5
 702 0287 0F       		.uleb128 0xf
 703 0288 10000000 		.4byte	.LVL19
 704 028c C4040000 		.4byte	0x4c4
 705 0290 A4020000 		.4byte	0x2a4
 706 0294 10       		.uleb128 0x10
 707 0295 01       		.uleb128 0x1
 708 0296 52       		.byte	0x52
 709 0297 02       		.uleb128 0x2
 710 0298 74       		.byte	0x74
 711 0299 00       		.sleb128 0
ARM GAS  C:\Users\User\AppData\Local\Temp\ccQxEyAR.s 			page 16


 712 029a 10       		.uleb128 0x10
 713 029b 01       		.uleb128 0x1
 714 029c 51       		.byte	0x51
 715 029d 05       		.uleb128 0x5
 716 029e 03       		.byte	0x3
 717 029f 00000000 		.4byte	sprites
 718 02a3 00       		.byte	0
 719 02a4 11       		.uleb128 0x11
 720 02a5 1A000000 		.4byte	.LVL20
 721 02a9 E9040000 		.4byte	0x4e9
 722 02ad 10       		.uleb128 0x10
 723 02ae 01       		.uleb128 0x1
 724 02af 51       		.byte	0x51
 725 02b0 02       		.uleb128 0x2
 726 02b1 74       		.byte	0x74
 727 02b2 00       		.sleb128 0
 728 02b3 00       		.byte	0
 729 02b4 00       		.byte	0
 730 02b5 0B       		.uleb128 0xb
 731 02b6 2A020000 		.4byte	.LASF29
 732 02ba 01       		.byte	0x1
 733 02bb 5A       		.byte	0x5a
 734 02bc 00000000 		.4byte	.LFB67
 735 02c0 08000000 		.4byte	.LFE67-.LFB67
 736 02c4 01       		.uleb128 0x1
 737 02c5 9C       		.byte	0x9c
 738 02c6 D4020000 		.4byte	0x2d4
 739 02ca 0D       		.uleb128 0xd
 740 02cb 06000000 		.4byte	.LVL21
 741 02cf 72020000 		.4byte	0x272
 742 02d3 00       		.byte	0
 743 02d4 13       		.uleb128 0x13
 744 02d5 92000000 		.4byte	.LASF30
 745 02d9 01       		.byte	0x1
 746 02da 63       		.byte	0x63
 747 02db 68000000 		.4byte	0x68
 748 02df 00000000 		.4byte	.LFB69
 749 02e3 54000000 		.4byte	.LFE69-.LFB69
 750 02e7 01       		.uleb128 0x1
 751 02e8 9C       		.byte	0x9c
 752 02e9 24030000 		.4byte	0x324
 753 02ed 14       		.uleb128 0x14
 754 02ee 1C000000 		.4byte	.LBB3
 755 02f2 16000000 		.4byte	.LBE3-.LBB3
 756 02f6 08030000 		.4byte	0x308
 757 02fa 0C       		.uleb128 0xc
 758 02fb 6900     		.ascii	"i\000"
 759 02fd 01       		.byte	0x1
 760 02fe 6D       		.byte	0x6d
 761 02ff 68000000 		.4byte	0x68
 762 0303 32000000 		.4byte	.LLST2
 763 0307 00       		.byte	0
 764 0308 0D       		.uleb128 0xd
 765 0309 08000000 		.4byte	.LVL22
 766 030d 66010000 		.4byte	0x166
 767 0311 0D       		.uleb128 0xd
 768 0312 0C000000 		.4byte	.LVL23
ARM GAS  C:\Users\User\AppData\Local\Temp\ccQxEyAR.s 			page 17


 769 0316 FE010000 		.4byte	0x1fe
 770 031a 0D       		.uleb128 0xd
 771 031b 3C000000 		.4byte	.LVL28
 772 031f 24020000 		.4byte	0x224
 773 0323 00       		.byte	0
 774 0324 15       		.uleb128 0x15
 775 0325 47030000 		.4byte	.LASF31
 776 0329 06       		.byte	0x6
 777 032a 9606     		.2byte	0x696
 778 032c 30030000 		.4byte	0x330
 779 0330 16       		.uleb128 0x16
 780 0331 76000000 		.4byte	0x76
 781 0335 17       		.uleb128 0x17
 782 0336 CF000000 		.4byte	.LASF32
 783 033a 01       		.byte	0x1
 784 033b 11       		.byte	0x11
 785 033c 46030000 		.4byte	0x346
 786 0340 05       		.uleb128 0x5
 787 0341 03       		.byte	0x3
 788 0342 00000000 		.4byte	DAC_SETTLE_TIME_US
 789 0346 18       		.uleb128 0x18
 790 0347 8D000000 		.4byte	0x8d
 791 034b 19       		.uleb128 0x19
 792 034c 504900   		.ascii	"PI\000"
 793 034f 01       		.byte	0x1
 794 0350 12       		.byte	0x12
 795 0351 5B030000 		.4byte	0x35b
 796 0355 05       		.uleb128 0x5
 797 0356 03       		.byte	0x3
 798 0357 00000000 		.4byte	PI
 799 035b 18       		.uleb128 0x18
 800 035c 99000000 		.4byte	0x99
 801 0360 17       		.uleb128 0x17
 802 0361 A1010000 		.4byte	.LASF33
 803 0365 01       		.byte	0x1
 804 0366 15       		.byte	0x15
 805 0367 68000000 		.4byte	0x68
 806 036b 05       		.uleb128 0x5
 807 036c 03       		.byte	0x3
 808 036d 00000000 		.4byte	n_sprites
 809 0371 1A       		.uleb128 0x1a
 810 0372 FC000000 		.4byte	0xfc
 811 0376 81030000 		.4byte	0x381
 812 037a 1B       		.uleb128 0x1b
 813 037b D4000000 		.4byte	0xd4
 814 037f 1F       		.byte	0x1f
 815 0380 00       		.byte	0
 816 0381 17       		.uleb128 0x17
 817 0382 79020000 		.4byte	.LASF34
 818 0386 01       		.byte	0x1
 819 0387 16       		.byte	0x16
 820 0388 71030000 		.4byte	0x371
 821 038c 05       		.uleb128 0x5
 822 038d 03       		.byte	0x3
 823 038e 00000000 		.4byte	sprites
 824 0392 17       		.uleb128 0x17
 825 0393 67000000 		.4byte	.LASF35
ARM GAS  C:\Users\User\AppData\Local\Temp\ccQxEyAR.s 			page 18


 826 0397 01       		.byte	0x1
 827 0398 19       		.byte	0x19
 828 0399 68000000 		.4byte	0x68
 829 039d 05       		.uleb128 0x5
 830 039e 03       		.byte	0x3
 831 039f 00000000 		.4byte	n_points
 832 03a3 1A       		.uleb128 0x1a
 833 03a4 DB000000 		.4byte	0xdb
 834 03a8 B4030000 		.4byte	0x3b4
 835 03ac 1C       		.uleb128 0x1c
 836 03ad D4000000 		.4byte	0xd4
 837 03b1 FF03     		.2byte	0x3ff
 838 03b3 00       		.byte	0
 839 03b4 17       		.uleb128 0x17
 840 03b5 1F010000 		.4byte	.LASF36
 841 03b9 01       		.byte	0x1
 842 03ba 1A       		.byte	0x1a
 843 03bb A3030000 		.4byte	0x3a3
 844 03bf 05       		.uleb128 0x5
 845 03c0 03       		.byte	0x3
 846 03c1 00000000 		.4byte	points
 847 03c5 17       		.uleb128 0x17
 848 03c6 98010000 		.4byte	.LASF37
 849 03ca 01       		.byte	0x1
 850 03cb 1B       		.byte	0x1b
 851 03cc 81000000 		.4byte	0x81
 852 03d0 05       		.uleb128 0x5
 853 03d1 03       		.byte	0x3
 854 03d2 00000000 		.4byte	new_flag
 855 03d6 17       		.uleb128 0x17
 856 03d7 A1020000 		.4byte	.LASF38
 857 03db 01       		.byte	0x1
 858 03dc 1C       		.byte	0x1c
 859 03dd 68000000 		.4byte	0x68
 860 03e1 05       		.uleb128 0x5
 861 03e2 03       		.byte	0x3
 862 03e3 00000000 		.4byte	new_n_points
 863 03e7 17       		.uleb128 0x17
 864 03e8 4B000000 		.4byte	.LASF39
 865 03ec 01       		.byte	0x1
 866 03ed 1D       		.byte	0x1d
 867 03ee A3030000 		.4byte	0x3a3
 868 03f2 05       		.uleb128 0x5
 869 03f3 03       		.byte	0x3
 870 03f4 00000000 		.4byte	new_points
 871 03f8 1D       		.uleb128 0x1d
 872 03f9 F4010000 		.4byte	.LASF57
 873 03fd 0A       		.byte	0xa
 874 03fe 71       		.byte	0x71
 875 03ff 81000000 		.4byte	0x81
 876 0403 1E       		.uleb128 0x1e
 877 0404 57020000 		.4byte	.LASF43
 878 0408 09       		.byte	0x9
 879 0409 3E       		.byte	0x3e
 880 040a 14040000 		.4byte	0x414
 881 040e 1F       		.uleb128 0x1f
 882 040f A7000000 		.4byte	0xa7
ARM GAS  C:\Users\User\AppData\Local\Temp\ccQxEyAR.s 			page 19


 883 0413 00       		.byte	0
 884 0414 20       		.uleb128 0x20
 885 0415 C8010000 		.4byte	.LASF40
 886 0419 07       		.byte	0x7
 887 041a 33       		.byte	0x33
 888 041b 20       		.uleb128 0x20
 889 041c 54030000 		.4byte	.LASF41
 890 0420 08       		.byte	0x8
 891 0421 33       		.byte	0x33
 892 0422 20       		.uleb128 0x20
 893 0423 4C010000 		.4byte	.LASF42
 894 0427 09       		.byte	0x9
 895 0428 38       		.byte	0x38
 896 0429 1E       		.uleb128 0x1e
 897 042a 56000000 		.4byte	.LASF44
 898 042e 09       		.byte	0x9
 899 042f 3A       		.byte	0x3a
 900 0430 3A040000 		.4byte	0x43a
 901 0434 1F       		.uleb128 0x1f
 902 0435 81000000 		.4byte	0x81
 903 0439 00       		.byte	0
 904 043a 1E       		.uleb128 0x1e
 905 043b 8B020000 		.4byte	.LASF45
 906 043f 09       		.byte	0x9
 907 0440 3D       		.byte	0x3d
 908 0441 50040000 		.4byte	0x450
 909 0445 1F       		.uleb128 0x1f
 910 0446 81000000 		.4byte	0x81
 911 044a 1F       		.uleb128 0x1f
 912 044b 81000000 		.4byte	0x81
 913 044f 00       		.byte	0
 914 0450 20       		.uleb128 0x20
 915 0451 0D020000 		.4byte	.LASF46
 916 0455 0A       		.byte	0xa
 917 0456 59       		.byte	0x59
 918 0457 20       		.uleb128 0x20
 919 0458 10010000 		.4byte	.LASF47
 920 045c 0A       		.byte	0xa
 921 045d 54       		.byte	0x54
 922 045e 1E       		.uleb128 0x1e
 923 045f 3C010000 		.4byte	.LASF48
 924 0463 0B       		.byte	0xb
 925 0464 18       		.byte	0x18
 926 0465 6F040000 		.4byte	0x46f
 927 0469 1F       		.uleb128 0x1f
 928 046a BA000000 		.4byte	0xba
 929 046e 00       		.byte	0
 930 046f 1E       		.uleb128 0x1e
 931 0470 97000000 		.4byte	.LASF49
 932 0474 0C       		.byte	0xc
 933 0475 18       		.byte	0x18
 934 0476 80040000 		.4byte	0x480
 935 047a 1F       		.uleb128 0x1f
 936 047b BA000000 		.4byte	0xba
 937 047f 00       		.byte	0
 938 0480 21       		.uleb128 0x21
 939 0481 BA000000 		.4byte	.LASF50
ARM GAS  C:\Users\User\AppData\Local\Temp\ccQxEyAR.s 			page 20


 940 0485 05       		.byte	0x5
 941 0486 1A       		.byte	0x1a
 942 0487 FC000000 		.4byte	0xfc
 943 048b 91040000 		.4byte	0x491
 944 048f 22       		.uleb128 0x22
 945 0490 00       		.byte	0
 946 0491 1E       		.uleb128 0x1e
 947 0492 6A020000 		.4byte	.LASF51
 948 0496 07       		.byte	0x7
 949 0497 37       		.byte	0x37
 950 0498 A2040000 		.4byte	0x4a2
 951 049c 1F       		.uleb128 0x1f
 952 049d 81000000 		.4byte	0x81
 953 04a1 00       		.byte	0
 954 04a2 1E       		.uleb128 0x1e
 955 04a3 1B020000 		.4byte	.LASF52
 956 04a7 08       		.byte	0x8
 957 04a8 37       		.byte	0x37
 958 04a9 B3040000 		.4byte	0x4b3
 959 04ad 1F       		.uleb128 0x1f
 960 04ae 81000000 		.4byte	0x81
 961 04b2 00       		.byte	0
 962 04b3 1E       		.uleb128 0x1e
 963 04b4 81010000 		.4byte	.LASF53
 964 04b8 0D       		.byte	0xd
 965 04b9 77       		.byte	0x77
 966 04ba C4040000 		.4byte	0x4c4
 967 04be 1F       		.uleb128 0x1f
 968 04bf 8D000000 		.4byte	0x8d
 969 04c3 00       		.byte	0
 970 04c4 23       		.uleb128 0x23
 971 04c5 6E030000 		.4byte	.LASF58
 972 04c9 05       		.byte	0x5
 973 04ca 20       		.byte	0x20
 974 04cb 68000000 		.4byte	0x68
 975 04cf E3040000 		.4byte	0x4e3
 976 04d3 1F       		.uleb128 0x1f
 977 04d4 68000000 		.4byte	0x68
 978 04d8 1F       		.uleb128 0x1f
 979 04d9 E3040000 		.4byte	0x4e3
 980 04dd 1F       		.uleb128 0x1f
 981 04de 2B010000 		.4byte	0x12b
 982 04e2 00       		.byte	0
 983 04e3 06       		.uleb128 0x6
 984 04e4 04       		.byte	0x4
 985 04e5 FC000000 		.4byte	0xfc
 986 04e9 24       		.uleb128 0x24
 987 04ea 6C010000 		.4byte	.LASF59
 988 04ee 05       		.byte	0x5
 989 04ef 22       		.byte	0x22
 990 04f0 1F       		.uleb128 0x1f
 991 04f1 68000000 		.4byte	0x68
 992 04f5 1F       		.uleb128 0x1f
 993 04f6 2B010000 		.4byte	0x12b
 994 04fa 00       		.byte	0
 995 04fb 00       		.byte	0
 996              		.section	.debug_abbrev,"",%progbits
ARM GAS  C:\Users\User\AppData\Local\Temp\ccQxEyAR.s 			page 21


 997              	.Ldebug_abbrev0:
 998 0000 01       		.uleb128 0x1
 999 0001 11       		.uleb128 0x11
 1000 0002 01       		.byte	0x1
 1001 0003 25       		.uleb128 0x25
 1002 0004 0E       		.uleb128 0xe
 1003 0005 13       		.uleb128 0x13
 1004 0006 0B       		.uleb128 0xb
 1005 0007 03       		.uleb128 0x3
 1006 0008 0E       		.uleb128 0xe
 1007 0009 1B       		.uleb128 0x1b
 1008 000a 0E       		.uleb128 0xe
 1009 000b 55       		.uleb128 0x55
 1010 000c 17       		.uleb128 0x17
 1011 000d 11       		.uleb128 0x11
 1012 000e 01       		.uleb128 0x1
 1013 000f 10       		.uleb128 0x10
 1014 0010 17       		.uleb128 0x17
 1015 0011 00       		.byte	0
 1016 0012 00       		.byte	0
 1017 0013 02       		.uleb128 0x2
 1018 0014 24       		.uleb128 0x24
 1019 0015 00       		.byte	0
 1020 0016 0B       		.uleb128 0xb
 1021 0017 0B       		.uleb128 0xb
 1022 0018 3E       		.uleb128 0x3e
 1023 0019 0B       		.uleb128 0xb
 1024 001a 03       		.uleb128 0x3
 1025 001b 0E       		.uleb128 0xe
 1026 001c 00       		.byte	0
 1027 001d 00       		.byte	0
 1028 001e 03       		.uleb128 0x3
 1029 001f 16       		.uleb128 0x16
 1030 0020 00       		.byte	0
 1031 0021 03       		.uleb128 0x3
 1032 0022 0E       		.uleb128 0xe
 1033 0023 3A       		.uleb128 0x3a
 1034 0024 0B       		.uleb128 0xb
 1035 0025 3B       		.uleb128 0x3b
 1036 0026 0B       		.uleb128 0xb
 1037 0027 49       		.uleb128 0x49
 1038 0028 13       		.uleb128 0x13
 1039 0029 00       		.byte	0
 1040 002a 00       		.byte	0
 1041 002b 04       		.uleb128 0x4
 1042 002c 24       		.uleb128 0x24
 1043 002d 00       		.byte	0
 1044 002e 0B       		.uleb128 0xb
 1045 002f 0B       		.uleb128 0xb
 1046 0030 3E       		.uleb128 0x3e
 1047 0031 0B       		.uleb128 0xb
 1048 0032 03       		.uleb128 0x3
 1049 0033 08       		.uleb128 0x8
 1050 0034 00       		.byte	0
 1051 0035 00       		.byte	0
 1052 0036 05       		.uleb128 0x5
 1053 0037 16       		.uleb128 0x16
ARM GAS  C:\Users\User\AppData\Local\Temp\ccQxEyAR.s 			page 22


 1054 0038 00       		.byte	0
 1055 0039 03       		.uleb128 0x3
 1056 003a 0E       		.uleb128 0xe
 1057 003b 3A       		.uleb128 0x3a
 1058 003c 0B       		.uleb128 0xb
 1059 003d 3B       		.uleb128 0x3b
 1060 003e 05       		.uleb128 0x5
 1061 003f 49       		.uleb128 0x49
 1062 0040 13       		.uleb128 0x13
 1063 0041 00       		.byte	0
 1064 0042 00       		.byte	0
 1065 0043 06       		.uleb128 0x6
 1066 0044 0F       		.uleb128 0xf
 1067 0045 00       		.byte	0
 1068 0046 0B       		.uleb128 0xb
 1069 0047 0B       		.uleb128 0xb
 1070 0048 49       		.uleb128 0x49
 1071 0049 13       		.uleb128 0x13
 1072 004a 00       		.byte	0
 1073 004b 00       		.byte	0
 1074 004c 07       		.uleb128 0x7
 1075 004d 15       		.uleb128 0x15
 1076 004e 00       		.byte	0
 1077 004f 27       		.uleb128 0x27
 1078 0050 19       		.uleb128 0x19
 1079 0051 00       		.byte	0
 1080 0052 00       		.byte	0
 1081 0053 08       		.uleb128 0x8
 1082 0054 13       		.uleb128 0x13
 1083 0055 01       		.byte	0x1
 1084 0056 03       		.uleb128 0x3
 1085 0057 0E       		.uleb128 0xe
 1086 0058 0B       		.uleb128 0xb
 1087 0059 0B       		.uleb128 0xb
 1088 005a 3A       		.uleb128 0x3a
 1089 005b 0B       		.uleb128 0xb
 1090 005c 3B       		.uleb128 0x3b
 1091 005d 0B       		.uleb128 0xb
 1092 005e 01       		.uleb128 0x1
 1093 005f 13       		.uleb128 0x13
 1094 0060 00       		.byte	0
 1095 0061 00       		.byte	0
 1096 0062 09       		.uleb128 0x9
 1097 0063 0D       		.uleb128 0xd
 1098 0064 00       		.byte	0
 1099 0065 03       		.uleb128 0x3
 1100 0066 08       		.uleb128 0x8
 1101 0067 3A       		.uleb128 0x3a
 1102 0068 0B       		.uleb128 0xb
 1103 0069 3B       		.uleb128 0x3b
 1104 006a 0B       		.uleb128 0xb
 1105 006b 49       		.uleb128 0x49
 1106 006c 13       		.uleb128 0x13
 1107 006d 38       		.uleb128 0x38
 1108 006e 0B       		.uleb128 0xb
 1109 006f 00       		.byte	0
 1110 0070 00       		.byte	0
ARM GAS  C:\Users\User\AppData\Local\Temp\ccQxEyAR.s 			page 23


 1111 0071 0A       		.uleb128 0xa
 1112 0072 0D       		.uleb128 0xd
 1113 0073 00       		.byte	0
 1114 0074 03       		.uleb128 0x3
 1115 0075 0E       		.uleb128 0xe
 1116 0076 3A       		.uleb128 0x3a
 1117 0077 0B       		.uleb128 0xb
 1118 0078 3B       		.uleb128 0x3b
 1119 0079 0B       		.uleb128 0xb
 1120 007a 49       		.uleb128 0x49
 1121 007b 13       		.uleb128 0x13
 1122 007c 38       		.uleb128 0x38
 1123 007d 0B       		.uleb128 0xb
 1124 007e 00       		.byte	0
 1125 007f 00       		.byte	0
 1126 0080 0B       		.uleb128 0xb
 1127 0081 2E       		.uleb128 0x2e
 1128 0082 01       		.byte	0x1
 1129 0083 3F       		.uleb128 0x3f
 1130 0084 19       		.uleb128 0x19
 1131 0085 03       		.uleb128 0x3
 1132 0086 0E       		.uleb128 0xe
 1133 0087 3A       		.uleb128 0x3a
 1134 0088 0B       		.uleb128 0xb
 1135 0089 3B       		.uleb128 0x3b
 1136 008a 0B       		.uleb128 0xb
 1137 008b 27       		.uleb128 0x27
 1138 008c 19       		.uleb128 0x19
 1139 008d 11       		.uleb128 0x11
 1140 008e 01       		.uleb128 0x1
 1141 008f 12       		.uleb128 0x12
 1142 0090 06       		.uleb128 0x6
 1143 0091 40       		.uleb128 0x40
 1144 0092 18       		.uleb128 0x18
 1145 0093 9742     		.uleb128 0x2117
 1146 0095 19       		.uleb128 0x19
 1147 0096 01       		.uleb128 0x1
 1148 0097 13       		.uleb128 0x13
 1149 0098 00       		.byte	0
 1150 0099 00       		.byte	0
 1151 009a 0C       		.uleb128 0xc
 1152 009b 34       		.uleb128 0x34
 1153 009c 00       		.byte	0
 1154 009d 03       		.uleb128 0x3
 1155 009e 08       		.uleb128 0x8
 1156 009f 3A       		.uleb128 0x3a
 1157 00a0 0B       		.uleb128 0xb
 1158 00a1 3B       		.uleb128 0x3b
 1159 00a2 0B       		.uleb128 0xb
 1160 00a3 49       		.uleb128 0x49
 1161 00a4 13       		.uleb128 0x13
 1162 00a5 02       		.uleb128 0x2
 1163 00a6 17       		.uleb128 0x17
 1164 00a7 00       		.byte	0
 1165 00a8 00       		.byte	0
 1166 00a9 0D       		.uleb128 0xd
 1167 00aa 898201   		.uleb128 0x4109
ARM GAS  C:\Users\User\AppData\Local\Temp\ccQxEyAR.s 			page 24


 1168 00ad 00       		.byte	0
 1169 00ae 11       		.uleb128 0x11
 1170 00af 01       		.uleb128 0x1
 1171 00b0 31       		.uleb128 0x31
 1172 00b1 13       		.uleb128 0x13
 1173 00b2 00       		.byte	0
 1174 00b3 00       		.byte	0
 1175 00b4 0E       		.uleb128 0xe
 1176 00b5 2E       		.uleb128 0x2e
 1177 00b6 01       		.byte	0x1
 1178 00b7 3F       		.uleb128 0x3f
 1179 00b8 19       		.uleb128 0x19
 1180 00b9 03       		.uleb128 0x3
 1181 00ba 0E       		.uleb128 0xe
 1182 00bb 3A       		.uleb128 0x3a
 1183 00bc 0B       		.uleb128 0xb
 1184 00bd 3B       		.uleb128 0x3b
 1185 00be 0B       		.uleb128 0xb
 1186 00bf 11       		.uleb128 0x11
 1187 00c0 01       		.uleb128 0x1
 1188 00c1 12       		.uleb128 0x12
 1189 00c2 06       		.uleb128 0x6
 1190 00c3 40       		.uleb128 0x40
 1191 00c4 18       		.uleb128 0x18
 1192 00c5 9742     		.uleb128 0x2117
 1193 00c7 19       		.uleb128 0x19
 1194 00c8 01       		.uleb128 0x1
 1195 00c9 13       		.uleb128 0x13
 1196 00ca 00       		.byte	0
 1197 00cb 00       		.byte	0
 1198 00cc 0F       		.uleb128 0xf
 1199 00cd 898201   		.uleb128 0x4109
 1200 00d0 01       		.byte	0x1
 1201 00d1 11       		.uleb128 0x11
 1202 00d2 01       		.uleb128 0x1
 1203 00d3 31       		.uleb128 0x31
 1204 00d4 13       		.uleb128 0x13
 1205 00d5 01       		.uleb128 0x1
 1206 00d6 13       		.uleb128 0x13
 1207 00d7 00       		.byte	0
 1208 00d8 00       		.byte	0
 1209 00d9 10       		.uleb128 0x10
 1210 00da 8A8201   		.uleb128 0x410a
 1211 00dd 00       		.byte	0
 1212 00de 02       		.uleb128 0x2
 1213 00df 18       		.uleb128 0x18
 1214 00e0 9142     		.uleb128 0x2111
 1215 00e2 18       		.uleb128 0x18
 1216 00e3 00       		.byte	0
 1217 00e4 00       		.byte	0
 1218 00e5 11       		.uleb128 0x11
 1219 00e6 898201   		.uleb128 0x4109
 1220 00e9 01       		.byte	0x1
 1221 00ea 11       		.uleb128 0x11
 1222 00eb 01       		.uleb128 0x1
 1223 00ec 31       		.uleb128 0x31
 1224 00ed 13       		.uleb128 0x13
ARM GAS  C:\Users\User\AppData\Local\Temp\ccQxEyAR.s 			page 25


 1225 00ee 00       		.byte	0
 1226 00ef 00       		.byte	0
 1227 00f0 12       		.uleb128 0x12
 1228 00f1 0B       		.uleb128 0xb
 1229 00f2 01       		.byte	0x1
 1230 00f3 11       		.uleb128 0x11
 1231 00f4 01       		.uleb128 0x1
 1232 00f5 12       		.uleb128 0x12
 1233 00f6 06       		.uleb128 0x6
 1234 00f7 00       		.byte	0
 1235 00f8 00       		.byte	0
 1236 00f9 13       		.uleb128 0x13
 1237 00fa 2E       		.uleb128 0x2e
 1238 00fb 01       		.byte	0x1
 1239 00fc 3F       		.uleb128 0x3f
 1240 00fd 19       		.uleb128 0x19
 1241 00fe 03       		.uleb128 0x3
 1242 00ff 0E       		.uleb128 0xe
 1243 0100 3A       		.uleb128 0x3a
 1244 0101 0B       		.uleb128 0xb
 1245 0102 3B       		.uleb128 0x3b
 1246 0103 0B       		.uleb128 0xb
 1247 0104 49       		.uleb128 0x49
 1248 0105 13       		.uleb128 0x13
 1249 0106 11       		.uleb128 0x11
 1250 0107 01       		.uleb128 0x1
 1251 0108 12       		.uleb128 0x12
 1252 0109 06       		.uleb128 0x6
 1253 010a 40       		.uleb128 0x40
 1254 010b 18       		.uleb128 0x18
 1255 010c 9742     		.uleb128 0x2117
 1256 010e 19       		.uleb128 0x19
 1257 010f 01       		.uleb128 0x1
 1258 0110 13       		.uleb128 0x13
 1259 0111 00       		.byte	0
 1260 0112 00       		.byte	0
 1261 0113 14       		.uleb128 0x14
 1262 0114 0B       		.uleb128 0xb
 1263 0115 01       		.byte	0x1
 1264 0116 11       		.uleb128 0x11
 1265 0117 01       		.uleb128 0x1
 1266 0118 12       		.uleb128 0x12
 1267 0119 06       		.uleb128 0x6
 1268 011a 01       		.uleb128 0x1
 1269 011b 13       		.uleb128 0x13
 1270 011c 00       		.byte	0
 1271 011d 00       		.byte	0
 1272 011e 15       		.uleb128 0x15
 1273 011f 34       		.uleb128 0x34
 1274 0120 00       		.byte	0
 1275 0121 03       		.uleb128 0x3
 1276 0122 0E       		.uleb128 0xe
 1277 0123 3A       		.uleb128 0x3a
 1278 0124 0B       		.uleb128 0xb
 1279 0125 3B       		.uleb128 0x3b
 1280 0126 05       		.uleb128 0x5
 1281 0127 49       		.uleb128 0x49
ARM GAS  C:\Users\User\AppData\Local\Temp\ccQxEyAR.s 			page 26


 1282 0128 13       		.uleb128 0x13
 1283 0129 3F       		.uleb128 0x3f
 1284 012a 19       		.uleb128 0x19
 1285 012b 3C       		.uleb128 0x3c
 1286 012c 19       		.uleb128 0x19
 1287 012d 00       		.byte	0
 1288 012e 00       		.byte	0
 1289 012f 16       		.uleb128 0x16
 1290 0130 35       		.uleb128 0x35
 1291 0131 00       		.byte	0
 1292 0132 49       		.uleb128 0x49
 1293 0133 13       		.uleb128 0x13
 1294 0134 00       		.byte	0
 1295 0135 00       		.byte	0
 1296 0136 17       		.uleb128 0x17
 1297 0137 34       		.uleb128 0x34
 1298 0138 00       		.byte	0
 1299 0139 03       		.uleb128 0x3
 1300 013a 0E       		.uleb128 0xe
 1301 013b 3A       		.uleb128 0x3a
 1302 013c 0B       		.uleb128 0xb
 1303 013d 3B       		.uleb128 0x3b
 1304 013e 0B       		.uleb128 0xb
 1305 013f 49       		.uleb128 0x49
 1306 0140 13       		.uleb128 0x13
 1307 0141 3F       		.uleb128 0x3f
 1308 0142 19       		.uleb128 0x19
 1309 0143 02       		.uleb128 0x2
 1310 0144 18       		.uleb128 0x18
 1311 0145 00       		.byte	0
 1312 0146 00       		.byte	0
 1313 0147 18       		.uleb128 0x18
 1314 0148 26       		.uleb128 0x26
 1315 0149 00       		.byte	0
 1316 014a 49       		.uleb128 0x49
 1317 014b 13       		.uleb128 0x13
 1318 014c 00       		.byte	0
 1319 014d 00       		.byte	0
 1320 014e 19       		.uleb128 0x19
 1321 014f 34       		.uleb128 0x34
 1322 0150 00       		.byte	0
 1323 0151 03       		.uleb128 0x3
 1324 0152 08       		.uleb128 0x8
 1325 0153 3A       		.uleb128 0x3a
 1326 0154 0B       		.uleb128 0xb
 1327 0155 3B       		.uleb128 0x3b
 1328 0156 0B       		.uleb128 0xb
 1329 0157 49       		.uleb128 0x49
 1330 0158 13       		.uleb128 0x13
 1331 0159 3F       		.uleb128 0x3f
 1332 015a 19       		.uleb128 0x19
 1333 015b 02       		.uleb128 0x2
 1334 015c 18       		.uleb128 0x18
 1335 015d 00       		.byte	0
 1336 015e 00       		.byte	0
 1337 015f 1A       		.uleb128 0x1a
 1338 0160 01       		.uleb128 0x1
ARM GAS  C:\Users\User\AppData\Local\Temp\ccQxEyAR.s 			page 27


 1339 0161 01       		.byte	0x1
 1340 0162 49       		.uleb128 0x49
 1341 0163 13       		.uleb128 0x13
 1342 0164 01       		.uleb128 0x1
 1343 0165 13       		.uleb128 0x13
 1344 0166 00       		.byte	0
 1345 0167 00       		.byte	0
 1346 0168 1B       		.uleb128 0x1b
 1347 0169 21       		.uleb128 0x21
 1348 016a 00       		.byte	0
 1349 016b 49       		.uleb128 0x49
 1350 016c 13       		.uleb128 0x13
 1351 016d 2F       		.uleb128 0x2f
 1352 016e 0B       		.uleb128 0xb
 1353 016f 00       		.byte	0
 1354 0170 00       		.byte	0
 1355 0171 1C       		.uleb128 0x1c
 1356 0172 21       		.uleb128 0x21
 1357 0173 00       		.byte	0
 1358 0174 49       		.uleb128 0x49
 1359 0175 13       		.uleb128 0x13
 1360 0176 2F       		.uleb128 0x2f
 1361 0177 05       		.uleb128 0x5
 1362 0178 00       		.byte	0
 1363 0179 00       		.byte	0
 1364 017a 1D       		.uleb128 0x1d
 1365 017b 2E       		.uleb128 0x2e
 1366 017c 00       		.byte	0
 1367 017d 3F       		.uleb128 0x3f
 1368 017e 19       		.uleb128 0x19
 1369 017f 03       		.uleb128 0x3
 1370 0180 0E       		.uleb128 0xe
 1371 0181 3A       		.uleb128 0x3a
 1372 0182 0B       		.uleb128 0xb
 1373 0183 3B       		.uleb128 0x3b
 1374 0184 0B       		.uleb128 0xb
 1375 0185 27       		.uleb128 0x27
 1376 0186 19       		.uleb128 0x19
 1377 0187 49       		.uleb128 0x49
 1378 0188 13       		.uleb128 0x13
 1379 0189 3C       		.uleb128 0x3c
 1380 018a 19       		.uleb128 0x19
 1381 018b 00       		.byte	0
 1382 018c 00       		.byte	0
 1383 018d 1E       		.uleb128 0x1e
 1384 018e 2E       		.uleb128 0x2e
 1385 018f 01       		.byte	0x1
 1386 0190 3F       		.uleb128 0x3f
 1387 0191 19       		.uleb128 0x19
 1388 0192 03       		.uleb128 0x3
 1389 0193 0E       		.uleb128 0xe
 1390 0194 3A       		.uleb128 0x3a
 1391 0195 0B       		.uleb128 0xb
 1392 0196 3B       		.uleb128 0x3b
 1393 0197 0B       		.uleb128 0xb
 1394 0198 27       		.uleb128 0x27
 1395 0199 19       		.uleb128 0x19
ARM GAS  C:\Users\User\AppData\Local\Temp\ccQxEyAR.s 			page 28


 1396 019a 3C       		.uleb128 0x3c
 1397 019b 19       		.uleb128 0x19
 1398 019c 01       		.uleb128 0x1
 1399 019d 13       		.uleb128 0x13
 1400 019e 00       		.byte	0
 1401 019f 00       		.byte	0
 1402 01a0 1F       		.uleb128 0x1f
 1403 01a1 05       		.uleb128 0x5
 1404 01a2 00       		.byte	0
 1405 01a3 49       		.uleb128 0x49
 1406 01a4 13       		.uleb128 0x13
 1407 01a5 00       		.byte	0
 1408 01a6 00       		.byte	0
 1409 01a7 20       		.uleb128 0x20
 1410 01a8 2E       		.uleb128 0x2e
 1411 01a9 00       		.byte	0
 1412 01aa 3F       		.uleb128 0x3f
 1413 01ab 19       		.uleb128 0x19
 1414 01ac 03       		.uleb128 0x3
 1415 01ad 0E       		.uleb128 0xe
 1416 01ae 3A       		.uleb128 0x3a
 1417 01af 0B       		.uleb128 0xb
 1418 01b0 3B       		.uleb128 0x3b
 1419 01b1 0B       		.uleb128 0xb
 1420 01b2 27       		.uleb128 0x27
 1421 01b3 19       		.uleb128 0x19
 1422 01b4 3C       		.uleb128 0x3c
 1423 01b5 19       		.uleb128 0x19
 1424 01b6 00       		.byte	0
 1425 01b7 00       		.byte	0
 1426 01b8 21       		.uleb128 0x21
 1427 01b9 2E       		.uleb128 0x2e
 1428 01ba 01       		.byte	0x1
 1429 01bb 3F       		.uleb128 0x3f
 1430 01bc 19       		.uleb128 0x19
 1431 01bd 03       		.uleb128 0x3
 1432 01be 0E       		.uleb128 0xe
 1433 01bf 3A       		.uleb128 0x3a
 1434 01c0 0B       		.uleb128 0xb
 1435 01c1 3B       		.uleb128 0x3b
 1436 01c2 0B       		.uleb128 0xb
 1437 01c3 49       		.uleb128 0x49
 1438 01c4 13       		.uleb128 0x13
 1439 01c5 3C       		.uleb128 0x3c
 1440 01c6 19       		.uleb128 0x19
 1441 01c7 01       		.uleb128 0x1
 1442 01c8 13       		.uleb128 0x13
 1443 01c9 00       		.byte	0
 1444 01ca 00       		.byte	0
 1445 01cb 22       		.uleb128 0x22
 1446 01cc 18       		.uleb128 0x18
 1447 01cd 00       		.byte	0
 1448 01ce 00       		.byte	0
 1449 01cf 00       		.byte	0
 1450 01d0 23       		.uleb128 0x23
 1451 01d1 2E       		.uleb128 0x2e
 1452 01d2 01       		.byte	0x1
ARM GAS  C:\Users\User\AppData\Local\Temp\ccQxEyAR.s 			page 29


 1453 01d3 3F       		.uleb128 0x3f
 1454 01d4 19       		.uleb128 0x19
 1455 01d5 03       		.uleb128 0x3
 1456 01d6 0E       		.uleb128 0xe
 1457 01d7 3A       		.uleb128 0x3a
 1458 01d8 0B       		.uleb128 0xb
 1459 01d9 3B       		.uleb128 0x3b
 1460 01da 0B       		.uleb128 0xb
 1461 01db 27       		.uleb128 0x27
 1462 01dc 19       		.uleb128 0x19
 1463 01dd 49       		.uleb128 0x49
 1464 01de 13       		.uleb128 0x13
 1465 01df 3C       		.uleb128 0x3c
 1466 01e0 19       		.uleb128 0x19
 1467 01e1 01       		.uleb128 0x1
 1468 01e2 13       		.uleb128 0x13
 1469 01e3 00       		.byte	0
 1470 01e4 00       		.byte	0
 1471 01e5 24       		.uleb128 0x24
 1472 01e6 2E       		.uleb128 0x2e
 1473 01e7 01       		.byte	0x1
 1474 01e8 3F       		.uleb128 0x3f
 1475 01e9 19       		.uleb128 0x19
 1476 01ea 03       		.uleb128 0x3
 1477 01eb 0E       		.uleb128 0xe
 1478 01ec 3A       		.uleb128 0x3a
 1479 01ed 0B       		.uleb128 0xb
 1480 01ee 3B       		.uleb128 0x3b
 1481 01ef 0B       		.uleb128 0xb
 1482 01f0 27       		.uleb128 0x27
 1483 01f1 19       		.uleb128 0x19
 1484 01f2 3C       		.uleb128 0x3c
 1485 01f3 19       		.uleb128 0x19
 1486 01f4 00       		.byte	0
 1487 01f5 00       		.byte	0
 1488 01f6 00       		.byte	0
 1489              		.section	.debug_loc,"",%progbits
 1490              	.Ldebug_loc0:
 1491              	.LLST0:
 1492 0000 06000000 		.4byte	.LVL0
 1493 0004 0D000000 		.4byte	.LVL1-1
 1494 0008 0100     		.2byte	0x1
 1495 000a 50       		.byte	0x50
 1496 000b 00000000 		.4byte	0
 1497 000f 00000000 		.4byte	0
 1498              	.LLST1:
 1499 0013 02000000 		.4byte	.LVL12
 1500 0017 06000000 		.4byte	.LVL13
 1501 001b 0200     		.2byte	0x2
 1502 001d 30       		.byte	0x30
 1503 001e 9F       		.byte	0x9f
 1504 001f 06000000 		.4byte	.LVL13
 1505 0023 2C000000 		.4byte	.LVL18
 1506 0027 0100     		.2byte	0x1
 1507 0029 54       		.byte	0x54
 1508 002a 00000000 		.4byte	0
 1509 002e 00000000 		.4byte	0
ARM GAS  C:\Users\User\AppData\Local\Temp\ccQxEyAR.s 			page 30


 1510              	.LLST2:
 1511 0032 1C000000 		.4byte	.LVL24
 1512 0036 20000000 		.4byte	.LVL25
 1513 003a 0200     		.2byte	0x2
 1514 003c 30       		.byte	0x30
 1515 003d 9F       		.byte	0x9f
 1516 003e 20000000 		.4byte	.LVL25
 1517 0042 36000000 		.4byte	.LVL27
 1518 0046 0100     		.2byte	0x1
 1519 0048 53       		.byte	0x53
 1520 0049 00000000 		.4byte	0
 1521 004d 00000000 		.4byte	0
 1522              		.section	.debug_aranges,"",%progbits
 1523 0000 4C000000 		.4byte	0x4c
 1524 0004 0200     		.2byte	0x2
 1525 0006 00000000 		.4byte	.Ldebug_info0
 1526 000a 04       		.byte	0x4
 1527 000b 00       		.byte	0
 1528 000c 0000     		.2byte	0
 1529 000e 0000     		.2byte	0
 1530 0010 00000000 		.4byte	.LFB68
 1531 0014 10000000 		.4byte	.LFE68-.LFB68
 1532 0018 00000000 		.4byte	.LFB63
 1533 001c 3C000000 		.4byte	.LFE63-.LFB63
 1534 0020 00000000 		.4byte	.LFB64
 1535 0024 28000000 		.4byte	.LFE64-.LFB64
 1536 0028 00000000 		.4byte	.LFB65
 1537 002c 34000000 		.4byte	.LFE65-.LFB65
 1538 0030 00000000 		.4byte	.LFB66
 1539 0034 38000000 		.4byte	.LFE66-.LFB66
 1540 0038 00000000 		.4byte	.LFB67
 1541 003c 08000000 		.4byte	.LFE67-.LFB67
 1542 0040 00000000 		.4byte	.LFB69
 1543 0044 54000000 		.4byte	.LFE69-.LFB69
 1544 0048 00000000 		.4byte	0
 1545 004c 00000000 		.4byte	0
 1546              		.section	.debug_ranges,"",%progbits
 1547              	.Ldebug_ranges0:
 1548 0000 00000000 		.4byte	.LFB68
 1549 0004 10000000 		.4byte	.LFE68
 1550 0008 00000000 		.4byte	.LFB63
 1551 000c 3C000000 		.4byte	.LFE63
 1552 0010 00000000 		.4byte	.LFB64
 1553 0014 28000000 		.4byte	.LFE64
 1554 0018 00000000 		.4byte	.LFB65
 1555 001c 34000000 		.4byte	.LFE65
 1556 0020 00000000 		.4byte	.LFB66
 1557 0024 38000000 		.4byte	.LFE66
 1558 0028 00000000 		.4byte	.LFB67
 1559 002c 08000000 		.4byte	.LFE67
 1560 0030 00000000 		.4byte	.LFB69
 1561 0034 54000000 		.4byte	.LFE69
 1562 0038 00000000 		.4byte	0
 1563 003c 00000000 		.4byte	0
 1564              		.section	.debug_line,"",%progbits
 1565              	.Ldebug_line0:
 1566 0000 6F020000 		.section	.debug_str,"MS",%progbits,1
ARM GAS  C:\Users\User\AppData\Local\Temp\ccQxEyAR.s 			page 31


 1566      0200AD01 
 1566      00000201 
 1566      FB0E0D00 
 1566      01010101 
 1567              	.LASF28:
 1568 0000 424C455F 		.ascii	"BLE_Rx_isr\000"
 1568      52785F69 
 1568      737200
 1569              	.LASF56:
 1570 000b 433A5C55 		.ascii	"C:\\Users\\User\\Documents\\MIT 6.115\\finalproject"
 1570      73657273 
 1570      5C557365 
 1570      725C446F 
 1570      63756D65 
 1571 0039 5C477569 		.ascii	"\\GuitarHero.cydsn\000"
 1571      74617248 
 1571      65726F2E 
 1571      63796473 
 1571      6E00
 1572              	.LASF39:
 1573 004b 6E65775F 		.ascii	"new_points\000"
 1573      706F696E 
 1573      747300
 1574              	.LASF44:
 1575 0056 4C43445F 		.ascii	"LCD_WriteControl\000"
 1575      57726974 
 1575      65436F6E 
 1575      74726F6C 
 1575      00
 1576              	.LASF35:
 1577 0067 6E5F706F 		.ascii	"n_points\000"
 1577      696E7473 
 1577      00
 1578              	.LASF2:
 1579 0070 73686F72 		.ascii	"short int\000"
 1579      7420696E 
 1579      7400
 1580              	.LASF23:
 1581 007a 76657274 		.ascii	"vertices\000"
 1581      69636573 
 1581      00
 1582              	.LASF19:
 1583 0083 73697A65 		.ascii	"sizetype\000"
 1583      74797065 
 1583      00
 1584              	.LASF15:
 1585 008c 63686172 		.ascii	"char8\000"
 1585      3800
 1586              	.LASF30:
 1587 0092 6D61696E 		.ascii	"main\000"
 1587      00
 1588              	.LASF49:
 1589 0097 424C455F 		.ascii	"BLE_Rx_isr_StartEx\000"
 1589      52785F69 
 1589      73725F53 
 1589      74617274 
 1589      457800
ARM GAS  C:\Users\User\AppData\Local\Temp\ccQxEyAR.s 			page 32


 1590              	.LASF12:
 1591 00aa 75696E74 		.ascii	"uint16\000"
 1591      313600
 1592              	.LASF55:
 1593 00b1 2E5C6D61 		.ascii	".\\main.c\000"
 1593      696E2E63 
 1593      00
 1594              	.LASF50:
 1595 00ba 6D616B65 		.ascii	"make_fretboard\000"
 1595      5F667265 
 1595      74626F61 
 1595      726400
 1596              	.LASF11:
 1597 00c9 75696E74 		.ascii	"uint8\000"
 1597      3800
 1598              	.LASF32:
 1599 00cf 4441435F 		.ascii	"DAC_SETTLE_TIME_US\000"
 1599      53455454 
 1599      4C455F54 
 1599      494D455F 
 1599      555300
 1600              	.LASF0:
 1601 00e2 7369676E 		.ascii	"signed char\000"
 1601      65642063 
 1601      68617200 
 1602              	.LASF13:
 1603 00ee 666C6F61 		.ascii	"float\000"
 1603      7400
 1604              	.LASF6:
 1605 00f4 6C6F6E67 		.ascii	"long long int\000"
 1605      206C6F6E 
 1605      6720696E 
 1605      7400
 1606              	.LASF16:
 1607 0102 63686172 		.ascii	"char\000"
 1607      00
 1608              	.LASF4:
 1609 0107 6C6F6E67 		.ascii	"long int\000"
 1609      20696E74 
 1609      00
 1610              	.LASF47:
 1611 0110 424C455F 		.ascii	"BLE_UART_Start\000"
 1611      55415254 
 1611      5F537461 
 1611      727400
 1612              	.LASF36:
 1613 011f 706F696E 		.ascii	"points\000"
 1613      747300
 1614              	.LASF24:
 1615 0126 68775F69 		.ascii	"hw_init\000"
 1615      6E697400 
 1616              	.LASF1:
 1617 012e 756E7369 		.ascii	"unsigned char\000"
 1617      676E6564 
 1617      20636861 
 1617      7200
 1618              	.LASF48:
ARM GAS  C:\Users\User\AppData\Local\Temp\ccQxEyAR.s 			page 33


 1619 013c 4650535F 		.ascii	"FPS_isr_StartEx\000"
 1619      6973725F 
 1619      53746172 
 1619      74457800 
 1620              	.LASF42:
 1621 014c 4C43445F 		.ascii	"LCD_Start\000"
 1621      53746172 
 1621      7400
 1622              	.LASF25:
 1623 0156 67616D65 		.ascii	"game_init\000"
 1623      5F696E69 
 1623      7400
 1624              	.LASF18:
 1625 0160 6C6F6E67 		.ascii	"long double\000"
 1625      20646F75 
 1625      626C6500 
 1626              	.LASF59:
 1627 016c 6F727468 		.ascii	"ortho_to_perspective\000"
 1627      6F5F746F 
 1627      5F706572 
 1627      73706563 
 1627      74697665 
 1628              	.LASF53:
 1629 0181 43794465 		.ascii	"CyDelayUs\000"
 1629      6C617955 
 1629      7300
 1630              	.LASF17:
 1631 018b 63796973 		.ascii	"cyisraddress\000"
 1631      72616464 
 1631      72657373 
 1631      00
 1632              	.LASF37:
 1633 0198 6E65775F 		.ascii	"new_flag\000"
 1633      666C6167 
 1633      00
 1634              	.LASF33:
 1635 01a1 6E5F7370 		.ascii	"n_sprites\000"
 1635      72697465 
 1635      7300
 1636              	.LASF7:
 1637 01ab 6C6F6E67 		.ascii	"long long unsigned int\000"
 1637      206C6F6E 
 1637      6720756E 
 1637      7369676E 
 1637      65642069 
 1638              	.LASF20:
 1639 01c2 506F696E 		.ascii	"Point\000"
 1639      7400
 1640              	.LASF40:
 1641 01c8 785F4441 		.ascii	"x_DAC_Start\000"
 1641      435F5374 
 1641      61727400 
 1642              	.LASF8:
 1643 01d4 756E7369 		.ascii	"unsigned int\000"
 1643      676E6564 
 1643      20696E74 
 1643      00
ARM GAS  C:\Users\User\AppData\Local\Temp\ccQxEyAR.s 			page 34


 1644              	.LASF3:
 1645 01e1 73686F72 		.ascii	"short unsigned int\000"
 1645      7420756E 
 1645      7369676E 
 1645      65642069 
 1645      6E7400
 1646              	.LASF57:
 1647 01f4 424C455F 		.ascii	"BLE_UART_GetChar\000"
 1647      55415254 
 1647      5F476574 
 1647      43686172 
 1647      00
 1648              	.LASF10:
 1649 0205 696E7433 		.ascii	"int32_t\000"
 1649      325F7400 
 1650              	.LASF46:
 1651 020d 424C455F 		.ascii	"BLE_UART_Init\000"
 1651      55415254 
 1651      5F496E69 
 1651      7400
 1652              	.LASF52:
 1653 021b 795F4441 		.ascii	"y_DAC_SetValue\000"
 1653      435F5365 
 1653      7456616C 
 1653      756500
 1654              	.LASF29:
 1655 022a 4650535F 		.ascii	"FPS_isr\000"
 1655      69737200 
 1656              	.LASF5:
 1657 0232 6C6F6E67 		.ascii	"long unsigned int\000"
 1657      20756E73 
 1657      69676E65 
 1657      6420696E 
 1657      7400
 1658              	.LASF14:
 1659 0244 646F7562 		.ascii	"double\000"
 1659      6C6500
 1660              	.LASF26:
 1661 024b 64726177 		.ascii	"draw_points\000"
 1661      5F706F69 
 1661      6E747300 
 1662              	.LASF43:
 1663 0257 4C43445F 		.ascii	"LCD_PutChar\000"
 1663      50757443 
 1663      68617200 
 1664              	.LASF21:
 1665 0263 53707269 		.ascii	"Sprite\000"
 1665      746500
 1666              	.LASF51:
 1667 026a 785F4441 		.ascii	"x_DAC_SetValue\000"
 1667      435F5365 
 1667      7456616C 
 1667      756500
 1668              	.LASF34:
 1669 0279 73707269 		.ascii	"sprites\000"
 1669      74657300 
 1670              	.LASF9:
ARM GAS  C:\Users\User\AppData\Local\Temp\ccQxEyAR.s 			page 35


 1671 0281 5F5F696E 		.ascii	"__int32_t\000"
 1671      7433325F 
 1671      7400
 1672              	.LASF45:
 1673 028b 4C43445F 		.ascii	"LCD_Position\000"
 1673      506F7369 
 1673      74696F6E 
 1673      00
 1674              	.LASF22:
 1675 0298 706F7369 		.ascii	"position\000"
 1675      74696F6E 
 1675      00
 1676              	.LASF38:
 1677 02a1 6E65775F 		.ascii	"new_n_points\000"
 1677      6E5F706F 
 1677      696E7473 
 1677      00
 1678              	.LASF54:
 1679 02ae 474E5520 		.ascii	"GNU C 4.9.3 20150303 (release) [ARM/embedded-4_9-br"
 1679      4320342E 
 1679      392E3320 
 1679      32303135 
 1679      30333033 
 1680 02e1 616E6368 		.ascii	"anch revision 221220] -mcpu=cortex-m3 -mthumb -g -O"
 1680      20726576 
 1680      6973696F 
 1680      6E203232 
 1680      31323230 
 1681 0314 67202D73 		.ascii	"g -std=gnu11 -ffunction-sections -ffat-lto-objects\000"
 1681      74643D67 
 1681      6E753131 
 1681      202D6666 
 1681      756E6374 
 1682              	.LASF31:
 1683 0347 49544D5F 		.ascii	"ITM_RxBuffer\000"
 1683      52784275 
 1683      66666572 
 1683      00
 1684              	.LASF41:
 1685 0354 795F4441 		.ascii	"y_DAC_Start\000"
 1685      435F5374 
 1685      61727400 
 1686              	.LASF27:
 1687 0360 75706461 		.ascii	"update_points\000"
 1687      74655F70 
 1687      6F696E74 
 1687      7300
 1688              	.LASF58:
 1689 036e 73707269 		.ascii	"sprites_to_polyline\000"
 1689      7465735F 
 1689      746F5F70 
 1689      6F6C796C 
 1689      696E6500 
 1690              		.ident	"GCC: (GNU Tools for ARM Embedded Processors) 4.9.3 20150303 (release) [ARM/embedded-4_9-br
