ARM GAS  C:\Users\User\AppData\Local\Temp\ccP8iD9p.s 			page 1


   1              		.syntax unified
   2              		.cpu cortex-m3
   3              		.fpu softvfp
   4              		.eabi_attribute 20, 1
   5              		.eabi_attribute 21, 1
   6              		.eabi_attribute 23, 3
   7              		.eabi_attribute 24, 1
   8              		.eabi_attribute 25, 1
   9              		.eabi_attribute 26, 1
  10              		.eabi_attribute 30, 1
  11              		.eabi_attribute 34, 1
  12              		.eabi_attribute 18, 4
  13              		.thumb
  14              		.file	"sprite_utils.c"
  15              		.text
  16              	.Ltext0:
  17              		.cfi_sections	.debug_frame
  18              		.section	.text.make_fretboard,"ax",%progbits
  19              		.align	2
  20              		.global	make_fretboard
  21              		.thumb
  22              		.thumb_func
  23              		.type	make_fretboard, %function
  24              	make_fretboard:
  25              	.LFB0:
  26              		.file 1 ".\\sprite_utils.c"
   1:.\sprite_utils.c **** /* ========================================
   2:.\sprite_utils.c ****  *
   3:.\sprite_utils.c ****  * Copyright Andi Qu, 2024
   4:.\sprite_utils.c ****  * All Rights Reserved
   5:.\sprite_utils.c ****  * UNPUBLISHED, LICENSED SOFTWARE.
   6:.\sprite_utils.c ****  *
   7:.\sprite_utils.c ****  * CONFIDENTIAL AND PROPRIETARY INFORMATION
   8:.\sprite_utils.c ****  * WHICH IS THE PROPERTY OF ANDI QU.
   9:.\sprite_utils.c ****  *
  10:.\sprite_utils.c ****  * ========================================
  11:.\sprite_utils.c ****  */
  12:.\sprite_utils.c **** 
  13:.\sprite_utils.c **** #include <sprite_utils.h>
  14:.\sprite_utils.c **** 
  15:.\sprite_utils.c **** void make_fretboard(int *n, uint8 *x, uint8 *y) {
  27              		.loc 1 15 0
  28              		.cfi_startproc
  29              		@ args = 0, pretend = 0, frame = 0
  30              		@ frame_needed = 0, uses_anonymous_args = 0
  31              		@ link register save eliminated.
  32              	.LVL0:
  33 0000 70B4     		push	{r4, r5, r6}
  34              		.cfi_def_cfa_offset 12
  35              		.cfi_offset 4, -12
  36              		.cfi_offset 5, -8
  37              		.cfi_offset 6, -4
  38              	.LVL1:
  39              	.LBB2:
  16:.\sprite_utils.c ****     const int resolution = 32;
  17:.\sprite_utils.c ****     const int slant = 100;
  18:.\sprite_utils.c ****     // Bottom edge
ARM GAS  C:\Users\User\AppData\Local\Temp\ccP8iD9p.s 			page 2


  19:.\sprite_utils.c ****     for (int i = 0; i < resolution; i++) {
  40              		.loc 1 19 0
  41 0002 0023     		movs	r3, #0
  42 0004 10E0     		b	.L2
  43              	.LVL2:
  44              	.L4:
  20:.\sprite_utils.c ****         *(x + *n) = UINT8_MAX * i / resolution;
  45              		.loc 1 20 0 discriminator 3
  46 0006 0668     		ldr	r6, [r0]
  47 0008 C3EB0325 		rsb	r5, r3, r3, lsl #8
  48 000c 2C46     		mov	r4, r5
  49 000e 002D     		cmp	r5, #0
  50 0010 01DA     		bge	.L3
  51 0012 05F11F04 		add	r4, r5, #31
  52              	.L3:
  53 0016 6411     		asrs	r4, r4, #5
  54 0018 8C55     		strb	r4, [r1, r6]
  21:.\sprite_utils.c ****         *(y + *n) = 0;
  55              		.loc 1 21 0 discriminator 3
  56 001a 0468     		ldr	r4, [r0]
  57 001c 0025     		movs	r5, #0
  58 001e 1555     		strb	r5, [r2, r4]
  22:.\sprite_utils.c ****         (*n)++;
  59              		.loc 1 22 0 discriminator 3
  60 0020 0468     		ldr	r4, [r0]
  61 0022 0134     		adds	r4, r4, #1
  62 0024 0460     		str	r4, [r0]
  19:.\sprite_utils.c ****         *(x + *n) = UINT8_MAX * i / resolution;
  63              		.loc 1 19 0 discriminator 3
  64 0026 0133     		adds	r3, r3, #1
  65              	.LVL3:
  66              	.L2:
  19:.\sprite_utils.c ****         *(x + *n) = UINT8_MAX * i / resolution;
  67              		.loc 1 19 0 is_stmt 0 discriminator 1
  68 0028 1F2B     		cmp	r3, #31
  69 002a ECDD     		ble	.L4
  70 002c 0024     		movs	r4, #0
  71 002e 17E0     		b	.L5
  72              	.LVL4:
  73              	.L8:
  74              	.LBE2:
  75              	.LBB3:
  23:.\sprite_utils.c ****     }
  24:.\sprite_utils.c ****     // Right edge
  25:.\sprite_utils.c ****     for (int i = 0; i < resolution; i++) {
  26:.\sprite_utils.c ****         *(x + *n) = UINT8_MAX - slant * i / resolution;
  76              		.loc 1 26 0 is_stmt 1 discriminator 3
  77 0030 0568     		ldr	r5, [r0]
  78 0032 6423     		movs	r3, #100
  79 0034 03FB04F3 		mul	r3, r3, r4
  80 0038 002B     		cmp	r3, #0
  81 003a 00DA     		bge	.L6
  82 003c 1F33     		adds	r3, r3, #31
  83              	.L6:
  84 003e 6FEA6313 		mvn	r3, r3, asr #5
  85 0042 4B55     		strb	r3, [r1, r5]
  27:.\sprite_utils.c ****         *(y + *n) = UINT8_MAX * i / resolution;
ARM GAS  C:\Users\User\AppData\Local\Temp\ccP8iD9p.s 			page 3


  86              		.loc 1 27 0 discriminator 3
  87 0044 0668     		ldr	r6, [r0]
  88 0046 C4EB0425 		rsb	r5, r4, r4, lsl #8
  89 004a 2B46     		mov	r3, r5
  90 004c 002D     		cmp	r5, #0
  91 004e 01DA     		bge	.L7
  92 0050 05F11F03 		add	r3, r5, #31
  93              	.L7:
  94 0054 5B11     		asrs	r3, r3, #5
  95 0056 9355     		strb	r3, [r2, r6]
  28:.\sprite_utils.c ****         (*n)++;
  96              		.loc 1 28 0 discriminator 3
  97 0058 0368     		ldr	r3, [r0]
  98 005a 0133     		adds	r3, r3, #1
  99 005c 0360     		str	r3, [r0]
  25:.\sprite_utils.c ****         *(x + *n) = UINT8_MAX - slant * i / resolution;
 100              		.loc 1 25 0 discriminator 3
 101 005e 0134     		adds	r4, r4, #1
 102              	.LVL5:
 103              	.L5:
  25:.\sprite_utils.c ****         *(x + *n) = UINT8_MAX - slant * i / resolution;
 104              		.loc 1 25 0 is_stmt 0 discriminator 1
 105 0060 1F2C     		cmp	r4, #31
 106 0062 E5DD     		ble	.L8
 107 0064 0024     		movs	r4, #0
 108              	.LVL6:
 109 0066 14E0     		b	.L9
 110              	.LVL7:
 111              	.L11:
 112              	.LBE3:
 113              	.LBB4:
  29:.\sprite_utils.c ****     }
  30:.\sprite_utils.c ****     // Top edge
  31:.\sprite_utils.c ****     for (int i = 0; i < resolution; i++) {
  32:.\sprite_utils.c ****         *(x + *n) = UINT8_MAX - slant - (UINT8_MAX - 2 * slant) * i / resolution;
 114              		.loc 1 32 0 is_stmt 1 discriminator 3
 115 0068 0668     		ldr	r6, [r0]
 116 006a C4EBC405 		rsb	r5, r4, r4, lsl #3
 117 006e C4EBC505 		rsb	r5, r4, r5, lsl #3
 118 0072 2B46     		mov	r3, r5
 119 0074 002D     		cmp	r5, #0
 120 0076 01DA     		bge	.L10
 121 0078 05F11F03 		add	r3, r5, #31
 122              	.L10:
 123 007c 5B11     		asrs	r3, r3, #5
 124 007e C3F19B03 		rsb	r3, r3, #155
 125 0082 8B55     		strb	r3, [r1, r6]
  33:.\sprite_utils.c ****         *(y + *n) = UINT8_MAX;
 126              		.loc 1 33 0 discriminator 3
 127 0084 0368     		ldr	r3, [r0]
 128 0086 FF25     		movs	r5, #255
 129 0088 D554     		strb	r5, [r2, r3]
  34:.\sprite_utils.c ****         (*n)++;
 130              		.loc 1 34 0 discriminator 3
 131 008a 0368     		ldr	r3, [r0]
 132 008c 0133     		adds	r3, r3, #1
 133 008e 0360     		str	r3, [r0]
ARM GAS  C:\Users\User\AppData\Local\Temp\ccP8iD9p.s 			page 4


  31:.\sprite_utils.c ****         *(x + *n) = UINT8_MAX - slant - (UINT8_MAX - 2 * slant) * i / resolution;
 134              		.loc 1 31 0 discriminator 3
 135 0090 0134     		adds	r4, r4, #1
 136              	.LVL8:
 137              	.L9:
  31:.\sprite_utils.c ****         *(x + *n) = UINT8_MAX - slant - (UINT8_MAX - 2 * slant) * i / resolution;
 138              		.loc 1 31 0 is_stmt 0 discriminator 1
 139 0092 1F2C     		cmp	r4, #31
 140 0094 E8DD     		ble	.L11
 141 0096 0024     		movs	r4, #0
 142              	.LVL9:
 143 0098 19E0     		b	.L12
 144              	.LVL10:
 145              	.L15:
 146              	.LBE4:
 147              	.LBB5:
  35:.\sprite_utils.c ****     }
  36:.\sprite_utils.c ****     // Left edge
  37:.\sprite_utils.c ****     for (int i = 0; i < resolution; i++) {
  38:.\sprite_utils.c ****         *(x + *n) = slant - slant * i / resolution;
 148              		.loc 1 38 0 is_stmt 1 discriminator 3
 149 009a 0568     		ldr	r5, [r0]
 150 009c 6423     		movs	r3, #100
 151 009e 03FB04F3 		mul	r3, r3, r4
 152 00a2 002B     		cmp	r3, #0
 153 00a4 00DA     		bge	.L13
 154 00a6 1F33     		adds	r3, r3, #31
 155              	.L13:
 156 00a8 5B11     		asrs	r3, r3, #5
 157 00aa C3F16403 		rsb	r3, r3, #100
 158 00ae 4B55     		strb	r3, [r1, r5]
  39:.\sprite_utils.c ****         *(y + *n) = UINT8_MAX - UINT8_MAX * i / resolution;
 159              		.loc 1 39 0 discriminator 3
 160 00b0 0668     		ldr	r6, [r0]
 161 00b2 C4EB0425 		rsb	r5, r4, r4, lsl #8
 162 00b6 2B46     		mov	r3, r5
 163 00b8 002D     		cmp	r5, #0
 164 00ba 01DA     		bge	.L14
 165 00bc 05F11F03 		add	r3, r5, #31
 166              	.L14:
 167 00c0 6FEA6313 		mvn	r3, r3, asr #5
 168 00c4 9355     		strb	r3, [r2, r6]
  40:.\sprite_utils.c ****         (*n)++;
 169              		.loc 1 40 0 discriminator 3
 170 00c6 0368     		ldr	r3, [r0]
 171 00c8 0133     		adds	r3, r3, #1
 172 00ca 0360     		str	r3, [r0]
  37:.\sprite_utils.c ****         *(x + *n) = slant - slant * i / resolution;
 173              		.loc 1 37 0 discriminator 3
 174 00cc 0134     		adds	r4, r4, #1
 175              	.LVL11:
 176              	.L12:
  37:.\sprite_utils.c ****         *(x + *n) = slant - slant * i / resolution;
 177              		.loc 1 37 0 is_stmt 0 discriminator 1
 178 00ce 1F2C     		cmp	r4, #31
 179 00d0 E3DD     		ble	.L15
 180              	.LBE5:
ARM GAS  C:\Users\User\AppData\Local\Temp\ccP8iD9p.s 			page 5


  41:.\sprite_utils.c ****     }
  42:.\sprite_utils.c ****     // Complete the polygon
  43:.\sprite_utils.c ****     *(x + *n) = 0;
 181              		.loc 1 43 0 is_stmt 1
 182 00d2 0468     		ldr	r4, [r0]
 183              	.LVL12:
 184 00d4 0023     		movs	r3, #0
 185 00d6 0B55     		strb	r3, [r1, r4]
  44:.\sprite_utils.c ****     *(y + *n) = 0;
 186              		.loc 1 44 0
 187 00d8 0168     		ldr	r1, [r0]
 188              	.LVL13:
 189 00da 5354     		strb	r3, [r2, r1]
  45:.\sprite_utils.c ****     (*n)++;
 190              		.loc 1 45 0
 191 00dc 0368     		ldr	r3, [r0]
 192 00de 0133     		adds	r3, r3, #1
 193 00e0 0360     		str	r3, [r0]
  46:.\sprite_utils.c **** }
 194              		.loc 1 46 0
 195 00e2 70BC     		pop	{r4, r5, r6}
 196              		.cfi_restore 6
 197              		.cfi_restore 5
 198              		.cfi_restore 4
 199              		.cfi_def_cfa_offset 0
 200 00e4 7047     		bx	lr
 201              		.cfi_endproc
 202              	.LFE0:
 203              		.size	make_fretboard, .-make_fretboard
 204 00e6 00BF     		.text
 205              	.Letext0:
 206              		.file 2 "Generated_Source\\PSoC5/cytypes.h"
 207              		.section	.debug_info,"",%progbits
 208              	.Ldebug_info0:
 209 0000 53010000 		.4byte	0x153
 210 0004 0400     		.2byte	0x4
 211 0006 00000000 		.4byte	.Ldebug_abbrev0
 212 000a 04       		.byte	0x4
 213 000b 01       		.uleb128 0x1
 214 000c 00000000 		.4byte	.LASF14
 215 0010 01       		.byte	0x1
 216 0011 18010000 		.4byte	.LASF15
 217 0015 99000000 		.4byte	.LASF16
 218 0019 00000000 		.4byte	.Ldebug_ranges0+0
 219 001d 00000000 		.4byte	0
 220 0021 00000000 		.4byte	.Ldebug_line0
 221 0025 02       		.uleb128 0x2
 222 0026 01       		.byte	0x1
 223 0027 06       		.byte	0x6
 224 0028 8F010000 		.4byte	.LASF0
 225 002c 02       		.uleb128 0x2
 226 002d 01       		.byte	0x1
 227 002e 08       		.byte	0x8
 228 002f DF000000 		.4byte	.LASF1
 229 0033 02       		.uleb128 0x2
 230 0034 02       		.byte	0x2
 231 0035 05       		.byte	0x5
ARM GAS  C:\Users\User\AppData\Local\Temp\ccP8iD9p.s 			page 6


 232 0036 67010000 		.4byte	.LASF2
 233 003a 02       		.uleb128 0x2
 234 003b 02       		.byte	0x2
 235 003c 07       		.byte	0x7
 236 003d 05010000 		.4byte	.LASF3
 237 0041 02       		.uleb128 0x2
 238 0042 04       		.byte	0x4
 239 0043 05       		.byte	0x5
 240 0044 86010000 		.4byte	.LASF4
 241 0048 02       		.uleb128 0x2
 242 0049 04       		.byte	0x4
 243 004a 07       		.byte	0x7
 244 004b F3000000 		.4byte	.LASF5
 245 004f 02       		.uleb128 0x2
 246 0050 08       		.byte	0x8
 247 0051 05       		.byte	0x5
 248 0052 54010000 		.4byte	.LASF6
 249 0056 02       		.uleb128 0x2
 250 0057 08       		.byte	0x8
 251 0058 07       		.byte	0x7
 252 0059 3D010000 		.4byte	.LASF7
 253 005d 03       		.uleb128 0x3
 254 005e 04       		.byte	0x4
 255 005f 05       		.byte	0x5
 256 0060 696E7400 		.ascii	"int\000"
 257 0064 02       		.uleb128 0x2
 258 0065 04       		.byte	0x4
 259 0066 07       		.byte	0x7
 260 0067 30010000 		.4byte	.LASF8
 261 006b 04       		.uleb128 0x4
 262 006c 80010000 		.4byte	.LASF17
 263 0070 02       		.byte	0x2
 264 0071 9201     		.2byte	0x192
 265 0073 2C000000 		.4byte	0x2c
 266 0077 02       		.uleb128 0x2
 267 0078 04       		.byte	0x4
 268 0079 04       		.byte	0x4
 269 007a D9000000 		.4byte	.LASF9
 270 007e 02       		.uleb128 0x2
 271 007f 08       		.byte	0x8
 272 0080 04       		.byte	0x4
 273 0081 29010000 		.4byte	.LASF10
 274 0085 02       		.uleb128 0x2
 275 0086 01       		.byte	0x1
 276 0087 08       		.byte	0x8
 277 0088 62010000 		.4byte	.LASF11
 278 008c 05       		.uleb128 0x5
 279 008d 71010000 		.4byte	.LASF18
 280 0091 01       		.byte	0x1
 281 0092 0F       		.byte	0xf
 282 0093 00000000 		.4byte	.LFB0
 283 0097 E6000000 		.4byte	.LFE0-.LFB0
 284 009b 01       		.uleb128 0x1
 285 009c 9C       		.byte	0x9c
 286 009d 45010000 		.4byte	0x145
 287 00a1 06       		.uleb128 0x6
 288 00a2 6E00     		.ascii	"n\000"
ARM GAS  C:\Users\User\AppData\Local\Temp\ccP8iD9p.s 			page 7


 289 00a4 01       		.byte	0x1
 290 00a5 0F       		.byte	0xf
 291 00a6 45010000 		.4byte	0x145
 292 00aa 01       		.uleb128 0x1
 293 00ab 50       		.byte	0x50
 294 00ac 07       		.uleb128 0x7
 295 00ad 7800     		.ascii	"x\000"
 296 00af 01       		.byte	0x1
 297 00b0 0F       		.byte	0xf
 298 00b1 4B010000 		.4byte	0x14b
 299 00b5 00000000 		.4byte	.LLST0
 300 00b9 06       		.uleb128 0x6
 301 00ba 7900     		.ascii	"y\000"
 302 00bc 01       		.byte	0x1
 303 00bd 0F       		.byte	0xf
 304 00be 4B010000 		.4byte	0x14b
 305 00c2 01       		.uleb128 0x1
 306 00c3 52       		.byte	0x52
 307 00c4 08       		.uleb128 0x8
 308 00c5 9B010000 		.4byte	.LASF12
 309 00c9 01       		.byte	0x1
 310 00ca 10       		.byte	0x10
 311 00cb 51010000 		.4byte	0x151
 312 00cf 20       		.byte	0x20
 313 00d0 08       		.uleb128 0x8
 314 00d1 ED000000 		.4byte	.LASF13
 315 00d5 01       		.byte	0x1
 316 00d6 11       		.byte	0x11
 317 00d7 51010000 		.4byte	0x151
 318 00db 64       		.byte	0x64
 319 00dc 09       		.uleb128 0x9
 320 00dd 02000000 		.4byte	.LBB2
 321 00e1 2E000000 		.4byte	.LBE2-.LBB2
 322 00e5 F7000000 		.4byte	0xf7
 323 00e9 0A       		.uleb128 0xa
 324 00ea 6900     		.ascii	"i\000"
 325 00ec 01       		.byte	0x1
 326 00ed 13       		.byte	0x13
 327 00ee 5D000000 		.4byte	0x5d
 328 00f2 21000000 		.4byte	.LLST1
 329 00f6 00       		.byte	0
 330 00f7 09       		.uleb128 0x9
 331 00f8 30000000 		.4byte	.LBB3
 332 00fc 38000000 		.4byte	.LBE3-.LBB3
 333 0100 12010000 		.4byte	0x112
 334 0104 0A       		.uleb128 0xa
 335 0105 6900     		.ascii	"i\000"
 336 0107 01       		.byte	0x1
 337 0108 19       		.byte	0x19
 338 0109 5D000000 		.4byte	0x5d
 339 010d 40000000 		.4byte	.LLST2
 340 0111 00       		.byte	0
 341 0112 09       		.uleb128 0x9
 342 0113 68000000 		.4byte	.LBB4
 343 0117 32000000 		.4byte	.LBE4-.LBB4
 344 011b 2D010000 		.4byte	0x12d
 345 011f 0A       		.uleb128 0xa
ARM GAS  C:\Users\User\AppData\Local\Temp\ccP8iD9p.s 			page 8


 346 0120 6900     		.ascii	"i\000"
 347 0122 01       		.byte	0x1
 348 0123 1F       		.byte	0x1f
 349 0124 5D000000 		.4byte	0x5d
 350 0128 53000000 		.4byte	.LLST3
 351 012c 00       		.byte	0
 352 012d 0B       		.uleb128 0xb
 353 012e 9A000000 		.4byte	.LBB5
 354 0132 38000000 		.4byte	.LBE5-.LBB5
 355 0136 0A       		.uleb128 0xa
 356 0137 6900     		.ascii	"i\000"
 357 0139 01       		.byte	0x1
 358 013a 25       		.byte	0x25
 359 013b 5D000000 		.4byte	0x5d
 360 013f 66000000 		.4byte	.LLST4
 361 0143 00       		.byte	0
 362 0144 00       		.byte	0
 363 0145 0C       		.uleb128 0xc
 364 0146 04       		.byte	0x4
 365 0147 5D000000 		.4byte	0x5d
 366 014b 0C       		.uleb128 0xc
 367 014c 04       		.byte	0x4
 368 014d 6B000000 		.4byte	0x6b
 369 0151 0D       		.uleb128 0xd
 370 0152 5D000000 		.4byte	0x5d
 371 0156 00       		.byte	0
 372              		.section	.debug_abbrev,"",%progbits
 373              	.Ldebug_abbrev0:
 374 0000 01       		.uleb128 0x1
 375 0001 11       		.uleb128 0x11
 376 0002 01       		.byte	0x1
 377 0003 25       		.uleb128 0x25
 378 0004 0E       		.uleb128 0xe
 379 0005 13       		.uleb128 0x13
 380 0006 0B       		.uleb128 0xb
 381 0007 03       		.uleb128 0x3
 382 0008 0E       		.uleb128 0xe
 383 0009 1B       		.uleb128 0x1b
 384 000a 0E       		.uleb128 0xe
 385 000b 55       		.uleb128 0x55
 386 000c 17       		.uleb128 0x17
 387 000d 11       		.uleb128 0x11
 388 000e 01       		.uleb128 0x1
 389 000f 10       		.uleb128 0x10
 390 0010 17       		.uleb128 0x17
 391 0011 00       		.byte	0
 392 0012 00       		.byte	0
 393 0013 02       		.uleb128 0x2
 394 0014 24       		.uleb128 0x24
 395 0015 00       		.byte	0
 396 0016 0B       		.uleb128 0xb
 397 0017 0B       		.uleb128 0xb
 398 0018 3E       		.uleb128 0x3e
 399 0019 0B       		.uleb128 0xb
 400 001a 03       		.uleb128 0x3
 401 001b 0E       		.uleb128 0xe
 402 001c 00       		.byte	0
ARM GAS  C:\Users\User\AppData\Local\Temp\ccP8iD9p.s 			page 9


 403 001d 00       		.byte	0
 404 001e 03       		.uleb128 0x3
 405 001f 24       		.uleb128 0x24
 406 0020 00       		.byte	0
 407 0021 0B       		.uleb128 0xb
 408 0022 0B       		.uleb128 0xb
 409 0023 3E       		.uleb128 0x3e
 410 0024 0B       		.uleb128 0xb
 411 0025 03       		.uleb128 0x3
 412 0026 08       		.uleb128 0x8
 413 0027 00       		.byte	0
 414 0028 00       		.byte	0
 415 0029 04       		.uleb128 0x4
 416 002a 16       		.uleb128 0x16
 417 002b 00       		.byte	0
 418 002c 03       		.uleb128 0x3
 419 002d 0E       		.uleb128 0xe
 420 002e 3A       		.uleb128 0x3a
 421 002f 0B       		.uleb128 0xb
 422 0030 3B       		.uleb128 0x3b
 423 0031 05       		.uleb128 0x5
 424 0032 49       		.uleb128 0x49
 425 0033 13       		.uleb128 0x13
 426 0034 00       		.byte	0
 427 0035 00       		.byte	0
 428 0036 05       		.uleb128 0x5
 429 0037 2E       		.uleb128 0x2e
 430 0038 01       		.byte	0x1
 431 0039 3F       		.uleb128 0x3f
 432 003a 19       		.uleb128 0x19
 433 003b 03       		.uleb128 0x3
 434 003c 0E       		.uleb128 0xe
 435 003d 3A       		.uleb128 0x3a
 436 003e 0B       		.uleb128 0xb
 437 003f 3B       		.uleb128 0x3b
 438 0040 0B       		.uleb128 0xb
 439 0041 27       		.uleb128 0x27
 440 0042 19       		.uleb128 0x19
 441 0043 11       		.uleb128 0x11
 442 0044 01       		.uleb128 0x1
 443 0045 12       		.uleb128 0x12
 444 0046 06       		.uleb128 0x6
 445 0047 40       		.uleb128 0x40
 446 0048 18       		.uleb128 0x18
 447 0049 9742     		.uleb128 0x2117
 448 004b 19       		.uleb128 0x19
 449 004c 01       		.uleb128 0x1
 450 004d 13       		.uleb128 0x13
 451 004e 00       		.byte	0
 452 004f 00       		.byte	0
 453 0050 06       		.uleb128 0x6
 454 0051 05       		.uleb128 0x5
 455 0052 00       		.byte	0
 456 0053 03       		.uleb128 0x3
 457 0054 08       		.uleb128 0x8
 458 0055 3A       		.uleb128 0x3a
 459 0056 0B       		.uleb128 0xb
ARM GAS  C:\Users\User\AppData\Local\Temp\ccP8iD9p.s 			page 10


 460 0057 3B       		.uleb128 0x3b
 461 0058 0B       		.uleb128 0xb
 462 0059 49       		.uleb128 0x49
 463 005a 13       		.uleb128 0x13
 464 005b 02       		.uleb128 0x2
 465 005c 18       		.uleb128 0x18
 466 005d 00       		.byte	0
 467 005e 00       		.byte	0
 468 005f 07       		.uleb128 0x7
 469 0060 05       		.uleb128 0x5
 470 0061 00       		.byte	0
 471 0062 03       		.uleb128 0x3
 472 0063 08       		.uleb128 0x8
 473 0064 3A       		.uleb128 0x3a
 474 0065 0B       		.uleb128 0xb
 475 0066 3B       		.uleb128 0x3b
 476 0067 0B       		.uleb128 0xb
 477 0068 49       		.uleb128 0x49
 478 0069 13       		.uleb128 0x13
 479 006a 02       		.uleb128 0x2
 480 006b 17       		.uleb128 0x17
 481 006c 00       		.byte	0
 482 006d 00       		.byte	0
 483 006e 08       		.uleb128 0x8
 484 006f 34       		.uleb128 0x34
 485 0070 00       		.byte	0
 486 0071 03       		.uleb128 0x3
 487 0072 0E       		.uleb128 0xe
 488 0073 3A       		.uleb128 0x3a
 489 0074 0B       		.uleb128 0xb
 490 0075 3B       		.uleb128 0x3b
 491 0076 0B       		.uleb128 0xb
 492 0077 49       		.uleb128 0x49
 493 0078 13       		.uleb128 0x13
 494 0079 1C       		.uleb128 0x1c
 495 007a 0B       		.uleb128 0xb
 496 007b 00       		.byte	0
 497 007c 00       		.byte	0
 498 007d 09       		.uleb128 0x9
 499 007e 0B       		.uleb128 0xb
 500 007f 01       		.byte	0x1
 501 0080 11       		.uleb128 0x11
 502 0081 01       		.uleb128 0x1
 503 0082 12       		.uleb128 0x12
 504 0083 06       		.uleb128 0x6
 505 0084 01       		.uleb128 0x1
 506 0085 13       		.uleb128 0x13
 507 0086 00       		.byte	0
 508 0087 00       		.byte	0
 509 0088 0A       		.uleb128 0xa
 510 0089 34       		.uleb128 0x34
 511 008a 00       		.byte	0
 512 008b 03       		.uleb128 0x3
 513 008c 08       		.uleb128 0x8
 514 008d 3A       		.uleb128 0x3a
 515 008e 0B       		.uleb128 0xb
 516 008f 3B       		.uleb128 0x3b
ARM GAS  C:\Users\User\AppData\Local\Temp\ccP8iD9p.s 			page 11


 517 0090 0B       		.uleb128 0xb
 518 0091 49       		.uleb128 0x49
 519 0092 13       		.uleb128 0x13
 520 0093 02       		.uleb128 0x2
 521 0094 17       		.uleb128 0x17
 522 0095 00       		.byte	0
 523 0096 00       		.byte	0
 524 0097 0B       		.uleb128 0xb
 525 0098 0B       		.uleb128 0xb
 526 0099 01       		.byte	0x1
 527 009a 11       		.uleb128 0x11
 528 009b 01       		.uleb128 0x1
 529 009c 12       		.uleb128 0x12
 530 009d 06       		.uleb128 0x6
 531 009e 00       		.byte	0
 532 009f 00       		.byte	0
 533 00a0 0C       		.uleb128 0xc
 534 00a1 0F       		.uleb128 0xf
 535 00a2 00       		.byte	0
 536 00a3 0B       		.uleb128 0xb
 537 00a4 0B       		.uleb128 0xb
 538 00a5 49       		.uleb128 0x49
 539 00a6 13       		.uleb128 0x13
 540 00a7 00       		.byte	0
 541 00a8 00       		.byte	0
 542 00a9 0D       		.uleb128 0xd
 543 00aa 26       		.uleb128 0x26
 544 00ab 00       		.byte	0
 545 00ac 49       		.uleb128 0x49
 546 00ad 13       		.uleb128 0x13
 547 00ae 00       		.byte	0
 548 00af 00       		.byte	0
 549 00b0 00       		.byte	0
 550              		.section	.debug_loc,"",%progbits
 551              	.Ldebug_loc0:
 552              	.LLST0:
 553 0000 00000000 		.4byte	.LVL0
 554 0004 DA000000 		.4byte	.LVL13
 555 0008 0100     		.2byte	0x1
 556 000a 51       		.byte	0x51
 557 000b DA000000 		.4byte	.LVL13
 558 000f E6000000 		.4byte	.LFE0
 559 0013 0400     		.2byte	0x4
 560 0015 F3       		.byte	0xf3
 561 0016 01       		.uleb128 0x1
 562 0017 51       		.byte	0x51
 563 0018 9F       		.byte	0x9f
 564 0019 00000000 		.4byte	0
 565 001d 00000000 		.4byte	0
 566              	.LLST1:
 567 0021 02000000 		.4byte	.LVL1
 568 0025 06000000 		.4byte	.LVL2
 569 0029 0200     		.2byte	0x2
 570 002b 30       		.byte	0x30
 571 002c 9F       		.byte	0x9f
 572 002d 06000000 		.4byte	.LVL2
 573 0031 30000000 		.4byte	.LVL4
ARM GAS  C:\Users\User\AppData\Local\Temp\ccP8iD9p.s 			page 12


 574 0035 0100     		.2byte	0x1
 575 0037 53       		.byte	0x53
 576 0038 00000000 		.4byte	0
 577 003c 00000000 		.4byte	0
 578              	.LLST2:
 579 0040 30000000 		.4byte	.LVL4
 580 0044 66000000 		.4byte	.LVL6
 581 0048 0100     		.2byte	0x1
 582 004a 54       		.byte	0x54
 583 004b 00000000 		.4byte	0
 584 004f 00000000 		.4byte	0
 585              	.LLST3:
 586 0053 68000000 		.4byte	.LVL7
 587 0057 98000000 		.4byte	.LVL9
 588 005b 0100     		.2byte	0x1
 589 005d 54       		.byte	0x54
 590 005e 00000000 		.4byte	0
 591 0062 00000000 		.4byte	0
 592              	.LLST4:
 593 0066 9A000000 		.4byte	.LVL10
 594 006a D4000000 		.4byte	.LVL12
 595 006e 0100     		.2byte	0x1
 596 0070 54       		.byte	0x54
 597 0071 00000000 		.4byte	0
 598 0075 00000000 		.4byte	0
 599              		.section	.debug_aranges,"",%progbits
 600 0000 1C000000 		.4byte	0x1c
 601 0004 0200     		.2byte	0x2
 602 0006 00000000 		.4byte	.Ldebug_info0
 603 000a 04       		.byte	0x4
 604 000b 00       		.byte	0
 605 000c 0000     		.2byte	0
 606 000e 0000     		.2byte	0
 607 0010 00000000 		.4byte	.LFB0
 608 0014 E6000000 		.4byte	.LFE0-.LFB0
 609 0018 00000000 		.4byte	0
 610 001c 00000000 		.4byte	0
 611              		.section	.debug_ranges,"",%progbits
 612              	.Ldebug_ranges0:
 613 0000 00000000 		.4byte	.LFB0
 614 0004 E6000000 		.4byte	.LFE0
 615 0008 00000000 		.4byte	0
 616 000c 00000000 		.4byte	0
 617              		.section	.debug_line,"",%progbits
 618              	.Ldebug_line0:
 619 0000 D1000000 		.section	.debug_str,"MS",%progbits,1
 619      02004B00 
 619      00000201 
 619      FB0E0D00 
 619      01010101 
 620              	.LASF14:
 621 0000 474E5520 		.ascii	"GNU C 4.9.3 20150303 (release) [ARM/embedded-4_9-br"
 621      4320342E 
 621      392E3320 
 621      32303135 
 621      30333033 
 622 0033 616E6368 		.ascii	"anch revision 221220] -mcpu=cortex-m3 -mthumb -g -O"
ARM GAS  C:\Users\User\AppData\Local\Temp\ccP8iD9p.s 			page 13


 622      20726576 
 622      6973696F 
 622      6E203232 
 622      31323230 
 623 0066 67202D73 		.ascii	"g -std=gnu11 -ffunction-sections -ffat-lto-objects\000"
 623      74643D67 
 623      6E753131 
 623      202D6666 
 623      756E6374 
 624              	.LASF16:
 625 0099 433A5C55 		.ascii	"C:\\Users\\User\\Documents\\MIT 6.115\\finalproject"
 625      73657273 
 625      5C557365 
 625      725C446F 
 625      63756D65 
 626 00c7 5C477569 		.ascii	"\\GuitarHero.cydsn\000"
 626      74617248 
 626      65726F2E 
 626      63796473 
 626      6E00
 627              	.LASF9:
 628 00d9 666C6F61 		.ascii	"float\000"
 628      7400
 629              	.LASF1:
 630 00df 756E7369 		.ascii	"unsigned char\000"
 630      676E6564 
 630      20636861 
 630      7200
 631              	.LASF13:
 632 00ed 736C616E 		.ascii	"slant\000"
 632      7400
 633              	.LASF5:
 634 00f3 6C6F6E67 		.ascii	"long unsigned int\000"
 634      20756E73 
 634      69676E65 
 634      6420696E 
 634      7400
 635              	.LASF3:
 636 0105 73686F72 		.ascii	"short unsigned int\000"
 636      7420756E 
 636      7369676E 
 636      65642069 
 636      6E7400
 637              	.LASF15:
 638 0118 2E5C7370 		.ascii	".\\sprite_utils.c\000"
 638      72697465 
 638      5F757469 
 638      6C732E63 
 638      00
 639              	.LASF10:
 640 0129 646F7562 		.ascii	"double\000"
 640      6C6500
 641              	.LASF8:
 642 0130 756E7369 		.ascii	"unsigned int\000"
 642      676E6564 
 642      20696E74 
 642      00
ARM GAS  C:\Users\User\AppData\Local\Temp\ccP8iD9p.s 			page 14


 643              	.LASF7:
 644 013d 6C6F6E67 		.ascii	"long long unsigned int\000"
 644      206C6F6E 
 644      6720756E 
 644      7369676E 
 644      65642069 
 645              	.LASF6:
 646 0154 6C6F6E67 		.ascii	"long long int\000"
 646      206C6F6E 
 646      6720696E 
 646      7400
 647              	.LASF11:
 648 0162 63686172 		.ascii	"char\000"
 648      00
 649              	.LASF2:
 650 0167 73686F72 		.ascii	"short int\000"
 650      7420696E 
 650      7400
 651              	.LASF18:
 652 0171 6D616B65 		.ascii	"make_fretboard\000"
 652      5F667265 
 652      74626F61 
 652      726400
 653              	.LASF17:
 654 0180 75696E74 		.ascii	"uint8\000"
 654      3800
 655              	.LASF4:
 656 0186 6C6F6E67 		.ascii	"long int\000"
 656      20696E74 
 656      00
 657              	.LASF0:
 658 018f 7369676E 		.ascii	"signed char\000"
 658      65642063 
 658      68617200 
 659              	.LASF12:
 660 019b 7265736F 		.ascii	"resolution\000"
 660      6C757469 
 660      6F6E00
 661              		.ident	"GCC: (GNU Tools for ARM Embedded Processors) 4.9.3 20150303 (release) [ARM/embedded-4_9-br
