ARM GAS  C:\Users\User\AppData\Local\Temp\ccafEFUK.s 			page 1


   1              		.syntax unified
   2              		.cpu cortex-m3
   3              		.fpu softvfp
   4              		.eabi_attribute 20, 1
   5              		.eabi_attribute 21, 1
   6              		.eabi_attribute 23, 3
   7              		.eabi_attribute 24, 1
   8              		.eabi_attribute 25, 1
   9              		.eabi_attribute 26, 1
  10              		.eabi_attribute 30, 1
  11              		.eabi_attribute 34, 1
  12              		.eabi_attribute 18, 4
  13              		.thumb
  14              		.file	"Timer_1.c"
  15              		.text
  16              	.Ltext0:
  17              		.cfi_sections	.debug_frame
  18              		.section	.text.Timer_1_Enable,"ax",%progbits
  19              		.align	2
  20              		.global	Timer_1_Enable
  21              		.thumb
  22              		.thumb_func
  23              		.type	Timer_1_Enable, %function
  24              	Timer_1_Enable:
  25              	.LFB1:
  26              		.file 1 ".\\Generated_Source\\PSoC5\\Timer_1.c"
   1:.\Generated_Source\PSoC5/Timer_1.c **** /*******************************************************************************
   2:.\Generated_Source\PSoC5/Timer_1.c **** * File Name: Timer_1.c
   3:.\Generated_Source\PSoC5/Timer_1.c **** * Version 2.70
   4:.\Generated_Source\PSoC5/Timer_1.c **** *
   5:.\Generated_Source\PSoC5/Timer_1.c **** * Description:
   6:.\Generated_Source\PSoC5/Timer_1.c **** *  The Timer component consists of a 8, 16, 24 or 32-bit timer with
   7:.\Generated_Source\PSoC5/Timer_1.c **** *  a selectable period between 2 and 2^Width - 1.  The timer may free run
   8:.\Generated_Source\PSoC5/Timer_1.c **** *  or be used as a capture timer as well.  The capture can be initiated
   9:.\Generated_Source\PSoC5/Timer_1.c **** *  by a positive or negative edge signal as well as via software.
  10:.\Generated_Source\PSoC5/Timer_1.c **** *  A trigger input can be programmed to enable the timer on rising edge
  11:.\Generated_Source\PSoC5/Timer_1.c **** *  falling edge, either edge or continous run.
  12:.\Generated_Source\PSoC5/Timer_1.c **** *  Interrupts may be generated due to a terminal count condition
  13:.\Generated_Source\PSoC5/Timer_1.c **** *  or a capture event.
  14:.\Generated_Source\PSoC5/Timer_1.c **** *
  15:.\Generated_Source\PSoC5/Timer_1.c **** * Note:
  16:.\Generated_Source\PSoC5/Timer_1.c **** *
  17:.\Generated_Source\PSoC5/Timer_1.c **** ********************************************************************************
  18:.\Generated_Source\PSoC5/Timer_1.c **** * Copyright 2008-2014, Cypress Semiconductor Corporation.  All rights reserved.
  19:.\Generated_Source\PSoC5/Timer_1.c **** * You may use this file only in accordance with the license, terms, conditions,
  20:.\Generated_Source\PSoC5/Timer_1.c **** * disclaimers, and limitations in the end user license agreement accompanying
  21:.\Generated_Source\PSoC5/Timer_1.c **** * the software package with which this file was provided.
  22:.\Generated_Source\PSoC5/Timer_1.c **** ********************************************************************************/
  23:.\Generated_Source\PSoC5/Timer_1.c **** 
  24:.\Generated_Source\PSoC5/Timer_1.c **** #include "Timer_1.h"
  25:.\Generated_Source\PSoC5/Timer_1.c **** 
  26:.\Generated_Source\PSoC5/Timer_1.c **** uint8 Timer_1_initVar = 0u;
  27:.\Generated_Source\PSoC5/Timer_1.c **** 
  28:.\Generated_Source\PSoC5/Timer_1.c **** 
  29:.\Generated_Source\PSoC5/Timer_1.c **** /*******************************************************************************
  30:.\Generated_Source\PSoC5/Timer_1.c **** * Function Name: Timer_1_Init
  31:.\Generated_Source\PSoC5/Timer_1.c **** ********************************************************************************
ARM GAS  C:\Users\User\AppData\Local\Temp\ccafEFUK.s 			page 2


  32:.\Generated_Source\PSoC5/Timer_1.c **** *
  33:.\Generated_Source\PSoC5/Timer_1.c **** * Summary:
  34:.\Generated_Source\PSoC5/Timer_1.c **** *  Initialize to the schematic state
  35:.\Generated_Source\PSoC5/Timer_1.c **** *
  36:.\Generated_Source\PSoC5/Timer_1.c **** * Parameters:
  37:.\Generated_Source\PSoC5/Timer_1.c **** *  void
  38:.\Generated_Source\PSoC5/Timer_1.c **** *
  39:.\Generated_Source\PSoC5/Timer_1.c **** * Return:
  40:.\Generated_Source\PSoC5/Timer_1.c **** *  void
  41:.\Generated_Source\PSoC5/Timer_1.c **** *
  42:.\Generated_Source\PSoC5/Timer_1.c **** *******************************************************************************/
  43:.\Generated_Source\PSoC5/Timer_1.c **** void Timer_1_Init(void) 
  44:.\Generated_Source\PSoC5/Timer_1.c **** {
  45:.\Generated_Source\PSoC5/Timer_1.c ****     #if(!Timer_1_UsingFixedFunction)
  46:.\Generated_Source\PSoC5/Timer_1.c ****             /* Interrupt State Backup for Critical Region*/
  47:.\Generated_Source\PSoC5/Timer_1.c ****             uint8 Timer_1_interruptState;
  48:.\Generated_Source\PSoC5/Timer_1.c ****     #endif /* Interrupt state back up for Fixed Function only */
  49:.\Generated_Source\PSoC5/Timer_1.c **** 
  50:.\Generated_Source\PSoC5/Timer_1.c ****     #if (Timer_1_UsingFixedFunction)
  51:.\Generated_Source\PSoC5/Timer_1.c ****         /* Clear all bits but the enable bit (if it's already set) for Timer operation */
  52:.\Generated_Source\PSoC5/Timer_1.c ****         Timer_1_CONTROL &= Timer_1_CTRL_ENABLE;
  53:.\Generated_Source\PSoC5/Timer_1.c **** 
  54:.\Generated_Source\PSoC5/Timer_1.c ****         /* Clear the mode bits for continuous run mode */
  55:.\Generated_Source\PSoC5/Timer_1.c ****         #if (CY_PSOC5A)
  56:.\Generated_Source\PSoC5/Timer_1.c ****             Timer_1_CONTROL2 &= ((uint8)(~Timer_1_CTRL_MODE_MASK));
  57:.\Generated_Source\PSoC5/Timer_1.c ****         #endif /* Clear bits in CONTROL2 only in PSOC5A */
  58:.\Generated_Source\PSoC5/Timer_1.c **** 
  59:.\Generated_Source\PSoC5/Timer_1.c ****         #if (CY_PSOC3 || CY_PSOC5LP)
  60:.\Generated_Source\PSoC5/Timer_1.c ****             Timer_1_CONTROL3 &= ((uint8)(~Timer_1_CTRL_MODE_MASK));
  61:.\Generated_Source\PSoC5/Timer_1.c ****         #endif /* CONTROL3 register exists only in PSoC3 OR PSoC5LP */
  62:.\Generated_Source\PSoC5/Timer_1.c **** 
  63:.\Generated_Source\PSoC5/Timer_1.c ****         /* Check if One Shot mode is enabled i.e. RunMode !=0*/
  64:.\Generated_Source\PSoC5/Timer_1.c ****         #if (Timer_1_RunModeUsed != 0x0u)
  65:.\Generated_Source\PSoC5/Timer_1.c ****             /* Set 3rd bit of Control register to enable one shot mode */
  66:.\Generated_Source\PSoC5/Timer_1.c ****             Timer_1_CONTROL |= 0x04u;
  67:.\Generated_Source\PSoC5/Timer_1.c ****         #endif /* One Shot enabled only when RunModeUsed is not Continuous*/
  68:.\Generated_Source\PSoC5/Timer_1.c **** 
  69:.\Generated_Source\PSoC5/Timer_1.c ****         #if (Timer_1_RunModeUsed == 2)
  70:.\Generated_Source\PSoC5/Timer_1.c ****             #if (CY_PSOC5A)
  71:.\Generated_Source\PSoC5/Timer_1.c ****                 /* Set last 2 bits of control2 register if one shot(halt on
  72:.\Generated_Source\PSoC5/Timer_1.c ****                 interrupt) is enabled*/
  73:.\Generated_Source\PSoC5/Timer_1.c ****                 Timer_1_CONTROL2 |= 0x03u;
  74:.\Generated_Source\PSoC5/Timer_1.c ****             #endif /* Set One-Shot Halt on Interrupt bit in CONTROL2 for PSoC5A */
  75:.\Generated_Source\PSoC5/Timer_1.c **** 
  76:.\Generated_Source\PSoC5/Timer_1.c ****             #if (CY_PSOC3 || CY_PSOC5LP)
  77:.\Generated_Source\PSoC5/Timer_1.c ****                 /* Set last 2 bits of control3 register if one shot(halt on
  78:.\Generated_Source\PSoC5/Timer_1.c ****                 interrupt) is enabled*/
  79:.\Generated_Source\PSoC5/Timer_1.c ****                 Timer_1_CONTROL3 |= 0x03u;
  80:.\Generated_Source\PSoC5/Timer_1.c ****             #endif /* Set One-Shot Halt on Interrupt bit in CONTROL3 for PSoC3 or PSoC5LP */
  81:.\Generated_Source\PSoC5/Timer_1.c **** 
  82:.\Generated_Source\PSoC5/Timer_1.c ****         #endif /* Remove section if One Shot Halt on Interrupt is not enabled */
  83:.\Generated_Source\PSoC5/Timer_1.c **** 
  84:.\Generated_Source\PSoC5/Timer_1.c ****         #if (Timer_1_UsingHWEnable != 0)
  85:.\Generated_Source\PSoC5/Timer_1.c ****             #if (CY_PSOC5A)
  86:.\Generated_Source\PSoC5/Timer_1.c ****                 /* Set the default Run Mode of the Timer to Continuous */
  87:.\Generated_Source\PSoC5/Timer_1.c ****                 Timer_1_CONTROL2 |= Timer_1_CTRL_MODE_PULSEWIDTH;
  88:.\Generated_Source\PSoC5/Timer_1.c ****             #endif /* Set Continuous Run Mode in CONTROL2 for PSoC5A */
ARM GAS  C:\Users\User\AppData\Local\Temp\ccafEFUK.s 			page 3


  89:.\Generated_Source\PSoC5/Timer_1.c **** 
  90:.\Generated_Source\PSoC5/Timer_1.c ****             #if (CY_PSOC3 || CY_PSOC5LP)
  91:.\Generated_Source\PSoC5/Timer_1.c ****                 /* Clear and Set ROD and COD bits of CFG2 register */
  92:.\Generated_Source\PSoC5/Timer_1.c ****                 Timer_1_CONTROL3 &= ((uint8)(~Timer_1_CTRL_RCOD_MASK));
  93:.\Generated_Source\PSoC5/Timer_1.c ****                 Timer_1_CONTROL3 |= Timer_1_CTRL_RCOD;
  94:.\Generated_Source\PSoC5/Timer_1.c **** 
  95:.\Generated_Source\PSoC5/Timer_1.c ****                 /* Clear and Enable the HW enable bit in CFG2 register */
  96:.\Generated_Source\PSoC5/Timer_1.c ****                 Timer_1_CONTROL3 &= ((uint8)(~Timer_1_CTRL_ENBL_MASK));
  97:.\Generated_Source\PSoC5/Timer_1.c ****                 Timer_1_CONTROL3 |= Timer_1_CTRL_ENBL;
  98:.\Generated_Source\PSoC5/Timer_1.c **** 
  99:.\Generated_Source\PSoC5/Timer_1.c ****                 /* Set the default Run Mode of the Timer to Continuous */
 100:.\Generated_Source\PSoC5/Timer_1.c ****                 Timer_1_CONTROL3 |= Timer_1_CTRL_MODE_CONTINUOUS;
 101:.\Generated_Source\PSoC5/Timer_1.c ****             #endif /* Set Continuous Run Mode in CONTROL3 for PSoC3ES3 or PSoC5A */
 102:.\Generated_Source\PSoC5/Timer_1.c **** 
 103:.\Generated_Source\PSoC5/Timer_1.c ****         #endif /* Configure Run Mode with hardware enable */
 104:.\Generated_Source\PSoC5/Timer_1.c **** 
 105:.\Generated_Source\PSoC5/Timer_1.c ****         /* Clear and Set SYNCTC and SYNCCMP bits of RT1 register */
 106:.\Generated_Source\PSoC5/Timer_1.c ****         Timer_1_RT1 &= ((uint8)(~Timer_1_RT1_MASK));
 107:.\Generated_Source\PSoC5/Timer_1.c ****         Timer_1_RT1 |= Timer_1_SYNC;
 108:.\Generated_Source\PSoC5/Timer_1.c **** 
 109:.\Generated_Source\PSoC5/Timer_1.c ****         /*Enable DSI Sync all all inputs of the Timer*/
 110:.\Generated_Source\PSoC5/Timer_1.c ****         Timer_1_RT1 &= ((uint8)(~Timer_1_SYNCDSI_MASK));
 111:.\Generated_Source\PSoC5/Timer_1.c ****         Timer_1_RT1 |= Timer_1_SYNCDSI_EN;
 112:.\Generated_Source\PSoC5/Timer_1.c **** 
 113:.\Generated_Source\PSoC5/Timer_1.c ****         /* Set the IRQ to use the status register interrupts */
 114:.\Generated_Source\PSoC5/Timer_1.c ****         Timer_1_CONTROL2 |= Timer_1_CTRL2_IRQ_SEL;
 115:.\Generated_Source\PSoC5/Timer_1.c ****     #endif /* Configuring registers of fixed function implementation */
 116:.\Generated_Source\PSoC5/Timer_1.c **** 
 117:.\Generated_Source\PSoC5/Timer_1.c ****     /* Set Initial values from Configuration */
 118:.\Generated_Source\PSoC5/Timer_1.c ****     Timer_1_WritePeriod(Timer_1_INIT_PERIOD);
 119:.\Generated_Source\PSoC5/Timer_1.c ****     Timer_1_WriteCounter(Timer_1_INIT_PERIOD);
 120:.\Generated_Source\PSoC5/Timer_1.c **** 
 121:.\Generated_Source\PSoC5/Timer_1.c ****     #if (Timer_1_UsingHWCaptureCounter)/* Capture counter is enabled */
 122:.\Generated_Source\PSoC5/Timer_1.c ****         Timer_1_CAPTURE_COUNT_CTRL |= Timer_1_CNTR_ENABLE;
 123:.\Generated_Source\PSoC5/Timer_1.c ****         Timer_1_SetCaptureCount(Timer_1_INIT_CAPTURE_COUNT);
 124:.\Generated_Source\PSoC5/Timer_1.c ****     #endif /* Configure capture counter value */
 125:.\Generated_Source\PSoC5/Timer_1.c **** 
 126:.\Generated_Source\PSoC5/Timer_1.c ****     #if (!Timer_1_UsingFixedFunction)
 127:.\Generated_Source\PSoC5/Timer_1.c ****         #if (Timer_1_SoftwareCaptureMode)
 128:.\Generated_Source\PSoC5/Timer_1.c ****             Timer_1_SetCaptureMode(Timer_1_INIT_CAPTURE_MODE);
 129:.\Generated_Source\PSoC5/Timer_1.c ****         #endif /* Set Capture Mode for UDB implementation if capture mode is software controlled */
 130:.\Generated_Source\PSoC5/Timer_1.c **** 
 131:.\Generated_Source\PSoC5/Timer_1.c ****         #if (Timer_1_SoftwareTriggerMode)
 132:.\Generated_Source\PSoC5/Timer_1.c ****             #if (!Timer_1_UDB_CONTROL_REG_REMOVED)
 133:.\Generated_Source\PSoC5/Timer_1.c ****                 if (0u == (Timer_1_CONTROL & Timer_1__B_TIMER__TM_SOFTWARE))
 134:.\Generated_Source\PSoC5/Timer_1.c ****                 {
 135:.\Generated_Source\PSoC5/Timer_1.c ****                     Timer_1_SetTriggerMode(Timer_1_INIT_TRIGGER_MODE);
 136:.\Generated_Source\PSoC5/Timer_1.c ****                 }
 137:.\Generated_Source\PSoC5/Timer_1.c ****             #endif /* (!Timer_1_UDB_CONTROL_REG_REMOVED) */
 138:.\Generated_Source\PSoC5/Timer_1.c ****         #endif /* Set trigger mode for UDB Implementation if trigger mode is software controlled */
 139:.\Generated_Source\PSoC5/Timer_1.c **** 
 140:.\Generated_Source\PSoC5/Timer_1.c ****         /* CyEnterCriticalRegion and CyExitCriticalRegion are used to mark following region critica
 141:.\Generated_Source\PSoC5/Timer_1.c ****         /* Enter Critical Region*/
 142:.\Generated_Source\PSoC5/Timer_1.c ****         Timer_1_interruptState = CyEnterCriticalSection();
 143:.\Generated_Source\PSoC5/Timer_1.c **** 
 144:.\Generated_Source\PSoC5/Timer_1.c ****         /* Use the interrupt output of the status register for IRQ output */
 145:.\Generated_Source\PSoC5/Timer_1.c ****         Timer_1_STATUS_AUX_CTRL |= Timer_1_STATUS_ACTL_INT_EN_MASK;
ARM GAS  C:\Users\User\AppData\Local\Temp\ccafEFUK.s 			page 4


 146:.\Generated_Source\PSoC5/Timer_1.c **** 
 147:.\Generated_Source\PSoC5/Timer_1.c ****         /* Exit Critical Region*/
 148:.\Generated_Source\PSoC5/Timer_1.c ****         CyExitCriticalSection(Timer_1_interruptState);
 149:.\Generated_Source\PSoC5/Timer_1.c **** 
 150:.\Generated_Source\PSoC5/Timer_1.c ****         #if (Timer_1_EnableTriggerMode)
 151:.\Generated_Source\PSoC5/Timer_1.c ****             Timer_1_EnableTrigger();
 152:.\Generated_Source\PSoC5/Timer_1.c ****         #endif /* Set Trigger enable bit for UDB implementation in the control register*/
 153:.\Generated_Source\PSoC5/Timer_1.c **** 		
 154:.\Generated_Source\PSoC5/Timer_1.c **** 		
 155:.\Generated_Source\PSoC5/Timer_1.c ****         #if (Timer_1_InterruptOnCaptureCount && !Timer_1_UDB_CONTROL_REG_REMOVED)
 156:.\Generated_Source\PSoC5/Timer_1.c ****             Timer_1_SetInterruptCount(Timer_1_INIT_INT_CAPTURE_COUNT);
 157:.\Generated_Source\PSoC5/Timer_1.c ****         #endif /* Set interrupt count in UDB implementation if interrupt count feature is checked.*
 158:.\Generated_Source\PSoC5/Timer_1.c **** 
 159:.\Generated_Source\PSoC5/Timer_1.c ****         Timer_1_ClearFIFO();
 160:.\Generated_Source\PSoC5/Timer_1.c ****     #endif /* Configure additional features of UDB implementation */
 161:.\Generated_Source\PSoC5/Timer_1.c **** 
 162:.\Generated_Source\PSoC5/Timer_1.c ****     Timer_1_SetInterruptMode(Timer_1_INIT_INTERRUPT_MODE);
 163:.\Generated_Source\PSoC5/Timer_1.c **** }
 164:.\Generated_Source\PSoC5/Timer_1.c **** 
 165:.\Generated_Source\PSoC5/Timer_1.c **** 
 166:.\Generated_Source\PSoC5/Timer_1.c **** /*******************************************************************************
 167:.\Generated_Source\PSoC5/Timer_1.c **** * Function Name: Timer_1_Enable
 168:.\Generated_Source\PSoC5/Timer_1.c **** ********************************************************************************
 169:.\Generated_Source\PSoC5/Timer_1.c **** *
 170:.\Generated_Source\PSoC5/Timer_1.c **** * Summary:
 171:.\Generated_Source\PSoC5/Timer_1.c **** *  Enable the Timer
 172:.\Generated_Source\PSoC5/Timer_1.c **** *
 173:.\Generated_Source\PSoC5/Timer_1.c **** * Parameters:
 174:.\Generated_Source\PSoC5/Timer_1.c **** *  void
 175:.\Generated_Source\PSoC5/Timer_1.c **** *
 176:.\Generated_Source\PSoC5/Timer_1.c **** * Return:
 177:.\Generated_Source\PSoC5/Timer_1.c **** *  void
 178:.\Generated_Source\PSoC5/Timer_1.c **** *
 179:.\Generated_Source\PSoC5/Timer_1.c **** *******************************************************************************/
 180:.\Generated_Source\PSoC5/Timer_1.c **** void Timer_1_Enable(void) 
 181:.\Generated_Source\PSoC5/Timer_1.c **** {
  27              		.loc 1 181 0
  28              		.cfi_startproc
  29              		@ args = 0, pretend = 0, frame = 0
  30              		@ frame_needed = 0, uses_anonymous_args = 0
  31              		@ link register save eliminated.
 182:.\Generated_Source\PSoC5/Timer_1.c ****     /* Globally Enable the Fixed Function Block chosen */
 183:.\Generated_Source\PSoC5/Timer_1.c ****     #if (Timer_1_UsingFixedFunction)
 184:.\Generated_Source\PSoC5/Timer_1.c ****         Timer_1_GLOBAL_ENABLE |= Timer_1_BLOCK_EN_MASK;
  32              		.loc 1 184 0
  33 0000 084A     		ldr	r2, .L2
  34 0002 1378     		ldrb	r3, [r2]	@ zero_extendqisi2
  35 0004 43F00103 		orr	r3, r3, #1
  36 0008 1370     		strb	r3, [r2]
 185:.\Generated_Source\PSoC5/Timer_1.c ****         Timer_1_GLOBAL_STBY_ENABLE |= Timer_1_BLOCK_STBY_EN_MASK;
  37              		.loc 1 185 0
  38 000a 1032     		adds	r2, r2, #16
  39 000c 1378     		ldrb	r3, [r2]	@ zero_extendqisi2
  40 000e 43F00103 		orr	r3, r3, #1
  41 0012 1370     		strb	r3, [r2]
 186:.\Generated_Source\PSoC5/Timer_1.c ****     #endif /* Set Enable bit for enabling Fixed function timer*/
 187:.\Generated_Source\PSoC5/Timer_1.c **** 
ARM GAS  C:\Users\User\AppData\Local\Temp\ccafEFUK.s 			page 5


 188:.\Generated_Source\PSoC5/Timer_1.c ****     /* Remove assignment if control register is removed */
 189:.\Generated_Source\PSoC5/Timer_1.c ****     #if (!Timer_1_UDB_CONTROL_REG_REMOVED || Timer_1_UsingFixedFunction)
 190:.\Generated_Source\PSoC5/Timer_1.c ****         Timer_1_CONTROL |= Timer_1_CTRL_ENABLE;
  42              		.loc 1 190 0
  43 0014 02F64D32 		addw	r2, r2, #2893
  44 0018 1378     		ldrb	r3, [r2]	@ zero_extendqisi2
  45 001a 43F00103 		orr	r3, r3, #1
  46 001e 1370     		strb	r3, [r2]
  47 0020 7047     		bx	lr
  48              	.L3:
  49 0022 00BF     		.align	2
  50              	.L2:
  51 0024 A3430040 		.word	1073759139
  52              		.cfi_endproc
  53              	.LFE1:
  54              		.size	Timer_1_Enable, .-Timer_1_Enable
  55              		.section	.text.Timer_1_Stop,"ax",%progbits
  56              		.align	2
  57              		.global	Timer_1_Stop
  58              		.thumb
  59              		.thumb_func
  60              		.type	Timer_1_Stop, %function
  61              	Timer_1_Stop:
  62              	.LFB3:
 191:.\Generated_Source\PSoC5/Timer_1.c ****     #endif /* Remove assignment if control register is removed */
 192:.\Generated_Source\PSoC5/Timer_1.c **** }
 193:.\Generated_Source\PSoC5/Timer_1.c **** 
 194:.\Generated_Source\PSoC5/Timer_1.c **** 
 195:.\Generated_Source\PSoC5/Timer_1.c **** /*******************************************************************************
 196:.\Generated_Source\PSoC5/Timer_1.c **** * Function Name: Timer_1_Start
 197:.\Generated_Source\PSoC5/Timer_1.c **** ********************************************************************************
 198:.\Generated_Source\PSoC5/Timer_1.c **** *
 199:.\Generated_Source\PSoC5/Timer_1.c **** * Summary:
 200:.\Generated_Source\PSoC5/Timer_1.c **** *  The start function initializes the timer with the default values, the
 201:.\Generated_Source\PSoC5/Timer_1.c **** *  enables the timerto begin counting.  It does not enable interrupts,
 202:.\Generated_Source\PSoC5/Timer_1.c **** *  the EnableInt command should be called if interrupt generation is required.
 203:.\Generated_Source\PSoC5/Timer_1.c **** *
 204:.\Generated_Source\PSoC5/Timer_1.c **** * Parameters:
 205:.\Generated_Source\PSoC5/Timer_1.c **** *  void
 206:.\Generated_Source\PSoC5/Timer_1.c **** *
 207:.\Generated_Source\PSoC5/Timer_1.c **** * Return:
 208:.\Generated_Source\PSoC5/Timer_1.c **** *  void
 209:.\Generated_Source\PSoC5/Timer_1.c **** *
 210:.\Generated_Source\PSoC5/Timer_1.c **** * Global variables:
 211:.\Generated_Source\PSoC5/Timer_1.c **** *  Timer_1_initVar: Is modified when this function is called for the
 212:.\Generated_Source\PSoC5/Timer_1.c **** *   first time. Is used to ensure that initialization happens only once.
 213:.\Generated_Source\PSoC5/Timer_1.c **** *
 214:.\Generated_Source\PSoC5/Timer_1.c **** *******************************************************************************/
 215:.\Generated_Source\PSoC5/Timer_1.c **** void Timer_1_Start(void) 
 216:.\Generated_Source\PSoC5/Timer_1.c **** {
 217:.\Generated_Source\PSoC5/Timer_1.c ****     if(Timer_1_initVar == 0u)
 218:.\Generated_Source\PSoC5/Timer_1.c ****     {
 219:.\Generated_Source\PSoC5/Timer_1.c ****         Timer_1_Init();
 220:.\Generated_Source\PSoC5/Timer_1.c **** 
 221:.\Generated_Source\PSoC5/Timer_1.c ****         Timer_1_initVar = 1u;   /* Clear this bit for Initialization */
 222:.\Generated_Source\PSoC5/Timer_1.c ****     }
 223:.\Generated_Source\PSoC5/Timer_1.c **** 
ARM GAS  C:\Users\User\AppData\Local\Temp\ccafEFUK.s 			page 6


 224:.\Generated_Source\PSoC5/Timer_1.c ****     /* Enable the Timer */
 225:.\Generated_Source\PSoC5/Timer_1.c ****     Timer_1_Enable();
 226:.\Generated_Source\PSoC5/Timer_1.c **** }
 227:.\Generated_Source\PSoC5/Timer_1.c **** 
 228:.\Generated_Source\PSoC5/Timer_1.c **** 
 229:.\Generated_Source\PSoC5/Timer_1.c **** /*******************************************************************************
 230:.\Generated_Source\PSoC5/Timer_1.c **** * Function Name: Timer_1_Stop
 231:.\Generated_Source\PSoC5/Timer_1.c **** ********************************************************************************
 232:.\Generated_Source\PSoC5/Timer_1.c **** *
 233:.\Generated_Source\PSoC5/Timer_1.c **** * Summary:
 234:.\Generated_Source\PSoC5/Timer_1.c **** *  The stop function halts the timer, but does not change any modes or disable
 235:.\Generated_Source\PSoC5/Timer_1.c **** *  interrupts.
 236:.\Generated_Source\PSoC5/Timer_1.c **** *
 237:.\Generated_Source\PSoC5/Timer_1.c **** * Parameters:
 238:.\Generated_Source\PSoC5/Timer_1.c **** *  void
 239:.\Generated_Source\PSoC5/Timer_1.c **** *
 240:.\Generated_Source\PSoC5/Timer_1.c **** * Return:
 241:.\Generated_Source\PSoC5/Timer_1.c **** *  void
 242:.\Generated_Source\PSoC5/Timer_1.c **** *
 243:.\Generated_Source\PSoC5/Timer_1.c **** * Side Effects: If the Enable mode is set to Hardware only then this function
 244:.\Generated_Source\PSoC5/Timer_1.c **** *               has no effect on the operation of the timer.
 245:.\Generated_Source\PSoC5/Timer_1.c **** *
 246:.\Generated_Source\PSoC5/Timer_1.c **** *******************************************************************************/
 247:.\Generated_Source\PSoC5/Timer_1.c **** void Timer_1_Stop(void) 
 248:.\Generated_Source\PSoC5/Timer_1.c **** {
  63              		.loc 1 248 0
  64              		.cfi_startproc
  65              		@ args = 0, pretend = 0, frame = 0
  66              		@ frame_needed = 0, uses_anonymous_args = 0
  67              		@ link register save eliminated.
 249:.\Generated_Source\PSoC5/Timer_1.c ****     /* Disable Timer */
 250:.\Generated_Source\PSoC5/Timer_1.c ****     #if(!Timer_1_UDB_CONTROL_REG_REMOVED || Timer_1_UsingFixedFunction)
 251:.\Generated_Source\PSoC5/Timer_1.c ****         Timer_1_CONTROL &= ((uint8)(~Timer_1_CTRL_ENABLE));
  68              		.loc 1 251 0
  69 0000 084A     		ldr	r2, .L5
  70 0002 1378     		ldrb	r3, [r2]	@ zero_extendqisi2
  71 0004 03F0FE03 		and	r3, r3, #254
  72 0008 1370     		strb	r3, [r2]
 252:.\Generated_Source\PSoC5/Timer_1.c ****     #endif /* Remove assignment if control register is removed */
 253:.\Generated_Source\PSoC5/Timer_1.c **** 
 254:.\Generated_Source\PSoC5/Timer_1.c ****     /* Globally disable the Fixed Function Block chosen */
 255:.\Generated_Source\PSoC5/Timer_1.c ****     #if (Timer_1_UsingFixedFunction)
 256:.\Generated_Source\PSoC5/Timer_1.c ****         Timer_1_GLOBAL_ENABLE &= ((uint8)(~Timer_1_BLOCK_EN_MASK));
  73              		.loc 1 256 0
  74 000a A2F65D32 		subw	r2, r2, #2909
  75 000e 1378     		ldrb	r3, [r2]	@ zero_extendqisi2
  76 0010 03F0FE03 		and	r3, r3, #254
  77 0014 1370     		strb	r3, [r2]
 257:.\Generated_Source\PSoC5/Timer_1.c ****         Timer_1_GLOBAL_STBY_ENABLE &= ((uint8)(~Timer_1_BLOCK_STBY_EN_MASK));
  78              		.loc 1 257 0
  79 0016 1032     		adds	r2, r2, #16
  80 0018 1378     		ldrb	r3, [r2]	@ zero_extendqisi2
  81 001a 03F0FE03 		and	r3, r3, #254
  82 001e 1370     		strb	r3, [r2]
  83 0020 7047     		bx	lr
  84              	.L6:
  85 0022 00BF     		.align	2
ARM GAS  C:\Users\User\AppData\Local\Temp\ccafEFUK.s 			page 7


  86              	.L5:
  87 0024 004F0040 		.word	1073762048
  88              		.cfi_endproc
  89              	.LFE3:
  90              		.size	Timer_1_Stop, .-Timer_1_Stop
  91              		.section	.text.Timer_1_SetInterruptMode,"ax",%progbits
  92              		.align	2
  93              		.global	Timer_1_SetInterruptMode
  94              		.thumb
  95              		.thumb_func
  96              		.type	Timer_1_SetInterruptMode, %function
  97              	Timer_1_SetInterruptMode:
  98              	.LFB4:
 258:.\Generated_Source\PSoC5/Timer_1.c ****     #endif /* Disable global enable for the Timer Fixed function block to stop the Timer*/
 259:.\Generated_Source\PSoC5/Timer_1.c **** }
 260:.\Generated_Source\PSoC5/Timer_1.c **** 
 261:.\Generated_Source\PSoC5/Timer_1.c **** 
 262:.\Generated_Source\PSoC5/Timer_1.c **** /*******************************************************************************
 263:.\Generated_Source\PSoC5/Timer_1.c **** * Function Name: Timer_1_SetInterruptMode
 264:.\Generated_Source\PSoC5/Timer_1.c **** ********************************************************************************
 265:.\Generated_Source\PSoC5/Timer_1.c **** *
 266:.\Generated_Source\PSoC5/Timer_1.c **** * Summary:
 267:.\Generated_Source\PSoC5/Timer_1.c **** *  This function selects which of the interrupt inputs may cause an interrupt.
 268:.\Generated_Source\PSoC5/Timer_1.c **** *  The twosources are caputure and terminal.  One, both or neither may
 269:.\Generated_Source\PSoC5/Timer_1.c **** *  be selected.
 270:.\Generated_Source\PSoC5/Timer_1.c **** *
 271:.\Generated_Source\PSoC5/Timer_1.c **** * Parameters:
 272:.\Generated_Source\PSoC5/Timer_1.c **** *  interruptMode:   This parameter is used to enable interrups on either/or
 273:.\Generated_Source\PSoC5/Timer_1.c **** *                   terminal count or capture.
 274:.\Generated_Source\PSoC5/Timer_1.c **** *
 275:.\Generated_Source\PSoC5/Timer_1.c **** * Return:
 276:.\Generated_Source\PSoC5/Timer_1.c **** *  void
 277:.\Generated_Source\PSoC5/Timer_1.c **** *
 278:.\Generated_Source\PSoC5/Timer_1.c **** *******************************************************************************/
 279:.\Generated_Source\PSoC5/Timer_1.c **** void Timer_1_SetInterruptMode(uint8 interruptMode) 
 280:.\Generated_Source\PSoC5/Timer_1.c **** {
  99              		.loc 1 280 0
 100              		.cfi_startproc
 101              		@ args = 0, pretend = 0, frame = 0
 102              		@ frame_needed = 0, uses_anonymous_args = 0
 103              		@ link register save eliminated.
 104              	.LVL0:
 281:.\Generated_Source\PSoC5/Timer_1.c ****     Timer_1_STATUS_MASK = interruptMode;
 105              		.loc 1 281 0
 106 0000 014B     		ldr	r3, .L8
 107 0002 1870     		strb	r0, [r3]
 108 0004 7047     		bx	lr
 109              	.L9:
 110 0006 00BF     		.align	2
 111              	.L8:
 112 0008 034F0040 		.word	1073762051
 113              		.cfi_endproc
 114              	.LFE4:
 115              		.size	Timer_1_SetInterruptMode, .-Timer_1_SetInterruptMode
 116              		.section	.text.Timer_1_SoftwareCapture,"ax",%progbits
 117              		.align	2
 118              		.global	Timer_1_SoftwareCapture
ARM GAS  C:\Users\User\AppData\Local\Temp\ccafEFUK.s 			page 8


 119              		.thumb
 120              		.thumb_func
 121              		.type	Timer_1_SoftwareCapture, %function
 122              	Timer_1_SoftwareCapture:
 123              	.LFB5:
 282:.\Generated_Source\PSoC5/Timer_1.c **** }
 283:.\Generated_Source\PSoC5/Timer_1.c **** 
 284:.\Generated_Source\PSoC5/Timer_1.c **** 
 285:.\Generated_Source\PSoC5/Timer_1.c **** /*******************************************************************************
 286:.\Generated_Source\PSoC5/Timer_1.c **** * Function Name: Timer_1_SoftwareCapture
 287:.\Generated_Source\PSoC5/Timer_1.c **** ********************************************************************************
 288:.\Generated_Source\PSoC5/Timer_1.c **** *
 289:.\Generated_Source\PSoC5/Timer_1.c **** * Summary:
 290:.\Generated_Source\PSoC5/Timer_1.c **** *  This function forces a capture independent of the capture signal.
 291:.\Generated_Source\PSoC5/Timer_1.c **** *
 292:.\Generated_Source\PSoC5/Timer_1.c **** * Parameters:
 293:.\Generated_Source\PSoC5/Timer_1.c **** *  void
 294:.\Generated_Source\PSoC5/Timer_1.c **** *
 295:.\Generated_Source\PSoC5/Timer_1.c **** * Return:
 296:.\Generated_Source\PSoC5/Timer_1.c **** *  void
 297:.\Generated_Source\PSoC5/Timer_1.c **** *
 298:.\Generated_Source\PSoC5/Timer_1.c **** * Side Effects:
 299:.\Generated_Source\PSoC5/Timer_1.c **** *  An existing hardware capture could be overwritten.
 300:.\Generated_Source\PSoC5/Timer_1.c **** *
 301:.\Generated_Source\PSoC5/Timer_1.c **** *******************************************************************************/
 302:.\Generated_Source\PSoC5/Timer_1.c **** void Timer_1_SoftwareCapture(void) 
 303:.\Generated_Source\PSoC5/Timer_1.c **** {
 124              		.loc 1 303 0
 125              		.cfi_startproc
 126              		@ args = 0, pretend = 0, frame = 0
 127              		@ frame_needed = 0, uses_anonymous_args = 0
 128              		@ link register save eliminated.
 304:.\Generated_Source\PSoC5/Timer_1.c ****     /* Generate a software capture by reading the counter register */
 305:.\Generated_Source\PSoC5/Timer_1.c ****     #if(Timer_1_UsingFixedFunction)
 306:.\Generated_Source\PSoC5/Timer_1.c ****         (void)CY_GET_REG16(Timer_1_COUNTER_LSB_PTR);
 129              		.loc 1 306 0
 130 0000 014B     		ldr	r3, .L11
 131 0002 1B88     		ldrh	r3, [r3]
 132 0004 7047     		bx	lr
 133              	.L12:
 134 0006 00BF     		.align	2
 135              	.L11:
 136 0008 064F0040 		.word	1073762054
 137              		.cfi_endproc
 138              	.LFE5:
 139              		.size	Timer_1_SoftwareCapture, .-Timer_1_SoftwareCapture
 140              		.section	.text.Timer_1_ReadStatusRegister,"ax",%progbits
 141              		.align	2
 142              		.global	Timer_1_ReadStatusRegister
 143              		.thumb
 144              		.thumb_func
 145              		.type	Timer_1_ReadStatusRegister, %function
 146              	Timer_1_ReadStatusRegister:
 147              	.LFB6:
 307:.\Generated_Source\PSoC5/Timer_1.c ****     #else
 308:.\Generated_Source\PSoC5/Timer_1.c ****         (void)CY_GET_REG8(Timer_1_COUNTER_LSB_PTR_8BIT);
 309:.\Generated_Source\PSoC5/Timer_1.c ****     #endif/* (Timer_1_UsingFixedFunction) */
ARM GAS  C:\Users\User\AppData\Local\Temp\ccafEFUK.s 			page 9


 310:.\Generated_Source\PSoC5/Timer_1.c ****     /* Capture Data is now in the FIFO */
 311:.\Generated_Source\PSoC5/Timer_1.c **** }
 312:.\Generated_Source\PSoC5/Timer_1.c **** 
 313:.\Generated_Source\PSoC5/Timer_1.c **** 
 314:.\Generated_Source\PSoC5/Timer_1.c **** /*******************************************************************************
 315:.\Generated_Source\PSoC5/Timer_1.c **** * Function Name: Timer_1_ReadStatusRegister
 316:.\Generated_Source\PSoC5/Timer_1.c **** ********************************************************************************
 317:.\Generated_Source\PSoC5/Timer_1.c **** *
 318:.\Generated_Source\PSoC5/Timer_1.c **** * Summary:
 319:.\Generated_Source\PSoC5/Timer_1.c **** *  Reads the status register and returns it's state. This function should use
 320:.\Generated_Source\PSoC5/Timer_1.c **** *  defined types for the bit-field information as the bits in this register may
 321:.\Generated_Source\PSoC5/Timer_1.c **** *  be permuteable.
 322:.\Generated_Source\PSoC5/Timer_1.c **** *
 323:.\Generated_Source\PSoC5/Timer_1.c **** * Parameters:
 324:.\Generated_Source\PSoC5/Timer_1.c **** *  void
 325:.\Generated_Source\PSoC5/Timer_1.c **** *
 326:.\Generated_Source\PSoC5/Timer_1.c **** * Return:
 327:.\Generated_Source\PSoC5/Timer_1.c **** *  The contents of the status register
 328:.\Generated_Source\PSoC5/Timer_1.c **** *
 329:.\Generated_Source\PSoC5/Timer_1.c **** * Side Effects:
 330:.\Generated_Source\PSoC5/Timer_1.c **** *  Status register bits may be clear on read.
 331:.\Generated_Source\PSoC5/Timer_1.c **** *
 332:.\Generated_Source\PSoC5/Timer_1.c **** *******************************************************************************/
 333:.\Generated_Source\PSoC5/Timer_1.c **** uint8   Timer_1_ReadStatusRegister(void) 
 334:.\Generated_Source\PSoC5/Timer_1.c **** {
 148              		.loc 1 334 0
 149              		.cfi_startproc
 150              		@ args = 0, pretend = 0, frame = 0
 151              		@ frame_needed = 0, uses_anonymous_args = 0
 152              		@ link register save eliminated.
 335:.\Generated_Source\PSoC5/Timer_1.c ****     return (Timer_1_STATUS);
 153              		.loc 1 335 0
 154 0000 014B     		ldr	r3, .L14
 155 0002 1878     		ldrb	r0, [r3]	@ zero_extendqisi2
 336:.\Generated_Source\PSoC5/Timer_1.c **** }
 156              		.loc 1 336 0
 157 0004 7047     		bx	lr
 158              	.L15:
 159 0006 00BF     		.align	2
 160              	.L14:
 161 0008 034F0040 		.word	1073762051
 162              		.cfi_endproc
 163              	.LFE6:
 164              		.size	Timer_1_ReadStatusRegister, .-Timer_1_ReadStatusRegister
 165              		.section	.text.Timer_1_ReadControlRegister,"ax",%progbits
 166              		.align	2
 167              		.global	Timer_1_ReadControlRegister
 168              		.thumb
 169              		.thumb_func
 170              		.type	Timer_1_ReadControlRegister, %function
 171              	Timer_1_ReadControlRegister:
 172              	.LFB7:
 337:.\Generated_Source\PSoC5/Timer_1.c **** 
 338:.\Generated_Source\PSoC5/Timer_1.c **** 
 339:.\Generated_Source\PSoC5/Timer_1.c **** #if (!Timer_1_UDB_CONTROL_REG_REMOVED) /* Remove API if control register is unused */
 340:.\Generated_Source\PSoC5/Timer_1.c **** 
 341:.\Generated_Source\PSoC5/Timer_1.c **** 
ARM GAS  C:\Users\User\AppData\Local\Temp\ccafEFUK.s 			page 10


 342:.\Generated_Source\PSoC5/Timer_1.c **** /*******************************************************************************
 343:.\Generated_Source\PSoC5/Timer_1.c **** * Function Name: Timer_1_ReadControlRegister
 344:.\Generated_Source\PSoC5/Timer_1.c **** ********************************************************************************
 345:.\Generated_Source\PSoC5/Timer_1.c **** *
 346:.\Generated_Source\PSoC5/Timer_1.c **** * Summary:
 347:.\Generated_Source\PSoC5/Timer_1.c **** *  Reads the control register and returns it's value.
 348:.\Generated_Source\PSoC5/Timer_1.c **** *
 349:.\Generated_Source\PSoC5/Timer_1.c **** * Parameters:
 350:.\Generated_Source\PSoC5/Timer_1.c **** *  void
 351:.\Generated_Source\PSoC5/Timer_1.c **** *
 352:.\Generated_Source\PSoC5/Timer_1.c **** * Return:
 353:.\Generated_Source\PSoC5/Timer_1.c **** *  The contents of the control register
 354:.\Generated_Source\PSoC5/Timer_1.c **** *
 355:.\Generated_Source\PSoC5/Timer_1.c **** *******************************************************************************/
 356:.\Generated_Source\PSoC5/Timer_1.c **** uint8 Timer_1_ReadControlRegister(void) 
 357:.\Generated_Source\PSoC5/Timer_1.c **** {
 173              		.loc 1 357 0
 174              		.cfi_startproc
 175              		@ args = 0, pretend = 0, frame = 0
 176              		@ frame_needed = 0, uses_anonymous_args = 0
 177              		@ link register save eliminated.
 358:.\Generated_Source\PSoC5/Timer_1.c ****     #if (!Timer_1_UDB_CONTROL_REG_REMOVED) 
 359:.\Generated_Source\PSoC5/Timer_1.c ****         return ((uint8)Timer_1_CONTROL);
 178              		.loc 1 359 0
 179 0000 014B     		ldr	r3, .L17
 180 0002 1878     		ldrb	r0, [r3]	@ zero_extendqisi2
 360:.\Generated_Source\PSoC5/Timer_1.c ****     #else
 361:.\Generated_Source\PSoC5/Timer_1.c ****         return (0);
 362:.\Generated_Source\PSoC5/Timer_1.c ****     #endif /* (!Timer_1_UDB_CONTROL_REG_REMOVED) */
 363:.\Generated_Source\PSoC5/Timer_1.c **** }
 181              		.loc 1 363 0
 182 0004 7047     		bx	lr
 183              	.L18:
 184 0006 00BF     		.align	2
 185              	.L17:
 186 0008 004F0040 		.word	1073762048
 187              		.cfi_endproc
 188              	.LFE7:
 189              		.size	Timer_1_ReadControlRegister, .-Timer_1_ReadControlRegister
 190              		.section	.text.Timer_1_WriteControlRegister,"ax",%progbits
 191              		.align	2
 192              		.global	Timer_1_WriteControlRegister
 193              		.thumb
 194              		.thumb_func
 195              		.type	Timer_1_WriteControlRegister, %function
 196              	Timer_1_WriteControlRegister:
 197              	.LFB8:
 364:.\Generated_Source\PSoC5/Timer_1.c **** 
 365:.\Generated_Source\PSoC5/Timer_1.c **** 
 366:.\Generated_Source\PSoC5/Timer_1.c **** /*******************************************************************************
 367:.\Generated_Source\PSoC5/Timer_1.c **** * Function Name: Timer_1_WriteControlRegister
 368:.\Generated_Source\PSoC5/Timer_1.c **** ********************************************************************************
 369:.\Generated_Source\PSoC5/Timer_1.c **** *
 370:.\Generated_Source\PSoC5/Timer_1.c **** * Summary:
 371:.\Generated_Source\PSoC5/Timer_1.c **** *  Sets the bit-field of the control register.
 372:.\Generated_Source\PSoC5/Timer_1.c **** *
 373:.\Generated_Source\PSoC5/Timer_1.c **** * Parameters:
ARM GAS  C:\Users\User\AppData\Local\Temp\ccafEFUK.s 			page 11


 374:.\Generated_Source\PSoC5/Timer_1.c **** *  control: The contents of the control register
 375:.\Generated_Source\PSoC5/Timer_1.c **** *
 376:.\Generated_Source\PSoC5/Timer_1.c **** * Return:
 377:.\Generated_Source\PSoC5/Timer_1.c **** *
 378:.\Generated_Source\PSoC5/Timer_1.c **** *******************************************************************************/
 379:.\Generated_Source\PSoC5/Timer_1.c **** void Timer_1_WriteControlRegister(uint8 control) 
 380:.\Generated_Source\PSoC5/Timer_1.c **** {
 198              		.loc 1 380 0
 199              		.cfi_startproc
 200              		@ args = 0, pretend = 0, frame = 0
 201              		@ frame_needed = 0, uses_anonymous_args = 0
 202              		@ link register save eliminated.
 203              	.LVL1:
 381:.\Generated_Source\PSoC5/Timer_1.c ****     #if (!Timer_1_UDB_CONTROL_REG_REMOVED) 
 382:.\Generated_Source\PSoC5/Timer_1.c ****         Timer_1_CONTROL = control;
 204              		.loc 1 382 0
 205 0000 014B     		ldr	r3, .L20
 206 0002 1870     		strb	r0, [r3]
 207 0004 7047     		bx	lr
 208              	.L21:
 209 0006 00BF     		.align	2
 210              	.L20:
 211 0008 004F0040 		.word	1073762048
 212              		.cfi_endproc
 213              	.LFE8:
 214              		.size	Timer_1_WriteControlRegister, .-Timer_1_WriteControlRegister
 215              		.section	.text.Timer_1_ReadPeriod,"ax",%progbits
 216              		.align	2
 217              		.global	Timer_1_ReadPeriod
 218              		.thumb
 219              		.thumb_func
 220              		.type	Timer_1_ReadPeriod, %function
 221              	Timer_1_ReadPeriod:
 222              	.LFB9:
 383:.\Generated_Source\PSoC5/Timer_1.c ****     #else
 384:.\Generated_Source\PSoC5/Timer_1.c ****         control = 0u;
 385:.\Generated_Source\PSoC5/Timer_1.c ****     #endif /* (!Timer_1_UDB_CONTROL_REG_REMOVED) */
 386:.\Generated_Source\PSoC5/Timer_1.c **** }
 387:.\Generated_Source\PSoC5/Timer_1.c **** 
 388:.\Generated_Source\PSoC5/Timer_1.c **** #endif /* Remove API if control register is unused */
 389:.\Generated_Source\PSoC5/Timer_1.c **** 
 390:.\Generated_Source\PSoC5/Timer_1.c **** 
 391:.\Generated_Source\PSoC5/Timer_1.c **** /*******************************************************************************
 392:.\Generated_Source\PSoC5/Timer_1.c **** * Function Name: Timer_1_ReadPeriod
 393:.\Generated_Source\PSoC5/Timer_1.c **** ********************************************************************************
 394:.\Generated_Source\PSoC5/Timer_1.c **** *
 395:.\Generated_Source\PSoC5/Timer_1.c **** * Summary:
 396:.\Generated_Source\PSoC5/Timer_1.c **** *  This function returns the current value of the Period.
 397:.\Generated_Source\PSoC5/Timer_1.c **** *
 398:.\Generated_Source\PSoC5/Timer_1.c **** * Parameters:
 399:.\Generated_Source\PSoC5/Timer_1.c **** *  void
 400:.\Generated_Source\PSoC5/Timer_1.c **** *
 401:.\Generated_Source\PSoC5/Timer_1.c **** * Return:
 402:.\Generated_Source\PSoC5/Timer_1.c **** *  The present value of the counter.
 403:.\Generated_Source\PSoC5/Timer_1.c **** *
 404:.\Generated_Source\PSoC5/Timer_1.c **** *******************************************************************************/
 405:.\Generated_Source\PSoC5/Timer_1.c **** uint8 Timer_1_ReadPeriod(void) 
ARM GAS  C:\Users\User\AppData\Local\Temp\ccafEFUK.s 			page 12


 406:.\Generated_Source\PSoC5/Timer_1.c **** {
 223              		.loc 1 406 0
 224              		.cfi_startproc
 225              		@ args = 0, pretend = 0, frame = 0
 226              		@ frame_needed = 0, uses_anonymous_args = 0
 227              		@ link register save eliminated.
 407:.\Generated_Source\PSoC5/Timer_1.c ****    #if(Timer_1_UsingFixedFunction)
 408:.\Generated_Source\PSoC5/Timer_1.c ****        return ((uint8)CY_GET_REG16(Timer_1_PERIOD_LSB_PTR));
 228              		.loc 1 408 0
 229 0000 014B     		ldr	r3, .L23
 230 0002 1888     		ldrh	r0, [r3]
 409:.\Generated_Source\PSoC5/Timer_1.c ****    #else
 410:.\Generated_Source\PSoC5/Timer_1.c ****        return (CY_GET_REG8(Timer_1_PERIOD_LSB_PTR));
 411:.\Generated_Source\PSoC5/Timer_1.c ****    #endif /* (Timer_1_UsingFixedFunction) */
 412:.\Generated_Source\PSoC5/Timer_1.c **** }
 231              		.loc 1 412 0
 232 0004 C0B2     		uxtb	r0, r0
 233 0006 7047     		bx	lr
 234              	.L24:
 235              		.align	2
 236              	.L23:
 237 0008 044F0040 		.word	1073762052
 238              		.cfi_endproc
 239              	.LFE9:
 240              		.size	Timer_1_ReadPeriod, .-Timer_1_ReadPeriod
 241              		.section	.text.Timer_1_WritePeriod,"ax",%progbits
 242              		.align	2
 243              		.global	Timer_1_WritePeriod
 244              		.thumb
 245              		.thumb_func
 246              		.type	Timer_1_WritePeriod, %function
 247              	Timer_1_WritePeriod:
 248              	.LFB10:
 413:.\Generated_Source\PSoC5/Timer_1.c **** 
 414:.\Generated_Source\PSoC5/Timer_1.c **** 
 415:.\Generated_Source\PSoC5/Timer_1.c **** /*******************************************************************************
 416:.\Generated_Source\PSoC5/Timer_1.c **** * Function Name: Timer_1_WritePeriod
 417:.\Generated_Source\PSoC5/Timer_1.c **** ********************************************************************************
 418:.\Generated_Source\PSoC5/Timer_1.c **** *
 419:.\Generated_Source\PSoC5/Timer_1.c **** * Summary:
 420:.\Generated_Source\PSoC5/Timer_1.c **** *  This function is used to change the period of the counter.  The new period
 421:.\Generated_Source\PSoC5/Timer_1.c **** *  will be loaded the next time terminal count is detected.
 422:.\Generated_Source\PSoC5/Timer_1.c **** *
 423:.\Generated_Source\PSoC5/Timer_1.c **** * Parameters:
 424:.\Generated_Source\PSoC5/Timer_1.c **** *  period: This value may be between 1 and (2^Resolution)-1.  A value of 0 will
 425:.\Generated_Source\PSoC5/Timer_1.c **** *          result in the counter remaining at zero.
 426:.\Generated_Source\PSoC5/Timer_1.c **** *
 427:.\Generated_Source\PSoC5/Timer_1.c **** * Return:
 428:.\Generated_Source\PSoC5/Timer_1.c **** *  void
 429:.\Generated_Source\PSoC5/Timer_1.c **** *
 430:.\Generated_Source\PSoC5/Timer_1.c **** *******************************************************************************/
 431:.\Generated_Source\PSoC5/Timer_1.c **** void Timer_1_WritePeriod(uint8 period) 
 432:.\Generated_Source\PSoC5/Timer_1.c **** {
 249              		.loc 1 432 0
 250              		.cfi_startproc
 251              		@ args = 0, pretend = 0, frame = 0
 252              		@ frame_needed = 0, uses_anonymous_args = 0
ARM GAS  C:\Users\User\AppData\Local\Temp\ccafEFUK.s 			page 13


 253              		@ link register save eliminated.
 254              	.LVL2:
 433:.\Generated_Source\PSoC5/Timer_1.c ****     #if(Timer_1_UsingFixedFunction)
 434:.\Generated_Source\PSoC5/Timer_1.c ****         uint16 period_temp = (uint16)period;
 435:.\Generated_Source\PSoC5/Timer_1.c ****         CY_SET_REG16(Timer_1_PERIOD_LSB_PTR, period_temp);
 255              		.loc 1 435 0
 256 0000 014B     		ldr	r3, .L26
 257 0002 1880     		strh	r0, [r3]	@ movhi
 258 0004 7047     		bx	lr
 259              	.L27:
 260 0006 00BF     		.align	2
 261              	.L26:
 262 0008 044F0040 		.word	1073762052
 263              		.cfi_endproc
 264              	.LFE10:
 265              		.size	Timer_1_WritePeriod, .-Timer_1_WritePeriod
 266              		.section	.text.Timer_1_ReadCapture,"ax",%progbits
 267              		.align	2
 268              		.global	Timer_1_ReadCapture
 269              		.thumb
 270              		.thumb_func
 271              		.type	Timer_1_ReadCapture, %function
 272              	Timer_1_ReadCapture:
 273              	.LFB11:
 436:.\Generated_Source\PSoC5/Timer_1.c ****     #else
 437:.\Generated_Source\PSoC5/Timer_1.c ****         CY_SET_REG8(Timer_1_PERIOD_LSB_PTR, period);
 438:.\Generated_Source\PSoC5/Timer_1.c ****     #endif /*Write Period value with appropriate resolution suffix depending on UDB or fixed functi
 439:.\Generated_Source\PSoC5/Timer_1.c **** }
 440:.\Generated_Source\PSoC5/Timer_1.c **** 
 441:.\Generated_Source\PSoC5/Timer_1.c **** 
 442:.\Generated_Source\PSoC5/Timer_1.c **** /*******************************************************************************
 443:.\Generated_Source\PSoC5/Timer_1.c **** * Function Name: Timer_1_ReadCapture
 444:.\Generated_Source\PSoC5/Timer_1.c **** ********************************************************************************
 445:.\Generated_Source\PSoC5/Timer_1.c **** *
 446:.\Generated_Source\PSoC5/Timer_1.c **** * Summary:
 447:.\Generated_Source\PSoC5/Timer_1.c **** *  This function returns the last value captured.
 448:.\Generated_Source\PSoC5/Timer_1.c **** *
 449:.\Generated_Source\PSoC5/Timer_1.c **** * Parameters:
 450:.\Generated_Source\PSoC5/Timer_1.c **** *  void
 451:.\Generated_Source\PSoC5/Timer_1.c **** *
 452:.\Generated_Source\PSoC5/Timer_1.c **** * Return:
 453:.\Generated_Source\PSoC5/Timer_1.c **** *  Present Capture value.
 454:.\Generated_Source\PSoC5/Timer_1.c **** *
 455:.\Generated_Source\PSoC5/Timer_1.c **** *******************************************************************************/
 456:.\Generated_Source\PSoC5/Timer_1.c **** uint8 Timer_1_ReadCapture(void) 
 457:.\Generated_Source\PSoC5/Timer_1.c **** {
 274              		.loc 1 457 0
 275              		.cfi_startproc
 276              		@ args = 0, pretend = 0, frame = 0
 277              		@ frame_needed = 0, uses_anonymous_args = 0
 278              		@ link register save eliminated.
 458:.\Generated_Source\PSoC5/Timer_1.c ****    #if(Timer_1_UsingFixedFunction)
 459:.\Generated_Source\PSoC5/Timer_1.c ****        return ((uint8)CY_GET_REG16(Timer_1_CAPTURE_LSB_PTR));
 279              		.loc 1 459 0
 280 0000 014B     		ldr	r3, .L29
 281 0002 1888     		ldrh	r0, [r3]
 460:.\Generated_Source\PSoC5/Timer_1.c ****    #else
ARM GAS  C:\Users\User\AppData\Local\Temp\ccafEFUK.s 			page 14


 461:.\Generated_Source\PSoC5/Timer_1.c ****        return (CY_GET_REG8(Timer_1_CAPTURE_LSB_PTR));
 462:.\Generated_Source\PSoC5/Timer_1.c ****    #endif /* (Timer_1_UsingFixedFunction) */
 463:.\Generated_Source\PSoC5/Timer_1.c **** }
 282              		.loc 1 463 0
 283 0004 C0B2     		uxtb	r0, r0
 284 0006 7047     		bx	lr
 285              	.L30:
 286              		.align	2
 287              	.L29:
 288 0008 084F0040 		.word	1073762056
 289              		.cfi_endproc
 290              	.LFE11:
 291              		.size	Timer_1_ReadCapture, .-Timer_1_ReadCapture
 292              		.section	.text.Timer_1_WriteCounter,"ax",%progbits
 293              		.align	2
 294              		.global	Timer_1_WriteCounter
 295              		.thumb
 296              		.thumb_func
 297              		.type	Timer_1_WriteCounter, %function
 298              	Timer_1_WriteCounter:
 299              	.LFB12:
 464:.\Generated_Source\PSoC5/Timer_1.c **** 
 465:.\Generated_Source\PSoC5/Timer_1.c **** 
 466:.\Generated_Source\PSoC5/Timer_1.c **** /*******************************************************************************
 467:.\Generated_Source\PSoC5/Timer_1.c **** * Function Name: Timer_1_WriteCounter
 468:.\Generated_Source\PSoC5/Timer_1.c **** ********************************************************************************
 469:.\Generated_Source\PSoC5/Timer_1.c **** *
 470:.\Generated_Source\PSoC5/Timer_1.c **** * Summary:
 471:.\Generated_Source\PSoC5/Timer_1.c **** *  This funtion is used to set the counter to a specific value
 472:.\Generated_Source\PSoC5/Timer_1.c **** *
 473:.\Generated_Source\PSoC5/Timer_1.c **** * Parameters:
 474:.\Generated_Source\PSoC5/Timer_1.c **** *  counter:  New counter value.
 475:.\Generated_Source\PSoC5/Timer_1.c **** *
 476:.\Generated_Source\PSoC5/Timer_1.c **** * Return:
 477:.\Generated_Source\PSoC5/Timer_1.c **** *  void
 478:.\Generated_Source\PSoC5/Timer_1.c **** *
 479:.\Generated_Source\PSoC5/Timer_1.c **** *******************************************************************************/
 480:.\Generated_Source\PSoC5/Timer_1.c **** void Timer_1_WriteCounter(uint8 counter) 
 481:.\Generated_Source\PSoC5/Timer_1.c **** {
 300              		.loc 1 481 0
 301              		.cfi_startproc
 302              		@ args = 0, pretend = 0, frame = 0
 303              		@ frame_needed = 0, uses_anonymous_args = 0
 304              		@ link register save eliminated.
 305              	.LVL3:
 482:.\Generated_Source\PSoC5/Timer_1.c ****    #if(Timer_1_UsingFixedFunction)
 483:.\Generated_Source\PSoC5/Timer_1.c ****         /* This functionality is removed until a FixedFunction HW update to
 484:.\Generated_Source\PSoC5/Timer_1.c ****          * allow this register to be written
 485:.\Generated_Source\PSoC5/Timer_1.c ****          */
 486:.\Generated_Source\PSoC5/Timer_1.c ****         CY_SET_REG16(Timer_1_COUNTER_LSB_PTR, (uint16)counter);
 306              		.loc 1 486 0
 307 0000 014B     		ldr	r3, .L32
 308 0002 1880     		strh	r0, [r3]	@ movhi
 309 0004 7047     		bx	lr
 310              	.L33:
 311 0006 00BF     		.align	2
 312              	.L32:
ARM GAS  C:\Users\User\AppData\Local\Temp\ccafEFUK.s 			page 15


 313 0008 064F0040 		.word	1073762054
 314              		.cfi_endproc
 315              	.LFE12:
 316              		.size	Timer_1_WriteCounter, .-Timer_1_WriteCounter
 317              		.section	.text.Timer_1_Init,"ax",%progbits
 318              		.align	2
 319              		.global	Timer_1_Init
 320              		.thumb
 321              		.thumb_func
 322              		.type	Timer_1_Init, %function
 323              	Timer_1_Init:
 324              	.LFB0:
  44:.\Generated_Source\PSoC5/Timer_1.c ****     #if(!Timer_1_UsingFixedFunction)
 325              		.loc 1 44 0
 326              		.cfi_startproc
 327              		@ args = 0, pretend = 0, frame = 0
 328              		@ frame_needed = 0, uses_anonymous_args = 0
 329 0000 08B5     		push	{r3, lr}
 330              		.cfi_def_cfa_offset 8
 331              		.cfi_offset 3, -8
 332              		.cfi_offset 14, -4
  52:.\Generated_Source\PSoC5/Timer_1.c **** 
 333              		.loc 1 52 0
 334 0002 154A     		ldr	r2, .L36
 335 0004 1378     		ldrb	r3, [r2]	@ zero_extendqisi2
 336 0006 03F00103 		and	r3, r3, #1
 337 000a 1370     		strb	r3, [r2]
  60:.\Generated_Source\PSoC5/Timer_1.c ****         #endif /* CONTROL3 register exists only in PSoC3 OR PSoC5LP */
 338              		.loc 1 60 0
 339 000c 0232     		adds	r2, r2, #2
 340 000e 1378     		ldrb	r3, [r2]	@ zero_extendqisi2
 341 0010 03F0FC03 		and	r3, r3, #252
 342 0014 1370     		strb	r3, [r2]
 106:.\Generated_Source\PSoC5/Timer_1.c ****         Timer_1_RT1 |= Timer_1_SYNC;
 343              		.loc 1 106 0
 344 0016 114B     		ldr	r3, .L36+4
 345 0018 1A78     		ldrb	r2, [r3]	@ zero_extendqisi2
 346 001a 02F0CF02 		and	r2, r2, #207
 347 001e 1A70     		strb	r2, [r3]
 107:.\Generated_Source\PSoC5/Timer_1.c **** 
 348              		.loc 1 107 0
 349 0020 1A78     		ldrb	r2, [r3]	@ zero_extendqisi2
 350 0022 42F03002 		orr	r2, r2, #48
 351 0026 1A70     		strb	r2, [r3]
 110:.\Generated_Source\PSoC5/Timer_1.c ****         Timer_1_RT1 |= Timer_1_SYNCDSI_EN;
 352              		.loc 1 110 0
 353 0028 1A78     		ldrb	r2, [r3]	@ zero_extendqisi2
 354 002a 02F0F002 		and	r2, r2, #240
 355 002e 1A70     		strb	r2, [r3]
 111:.\Generated_Source\PSoC5/Timer_1.c **** 
 356              		.loc 1 111 0
 357 0030 1A78     		ldrb	r2, [r3]	@ zero_extendqisi2
 358 0032 42F00F02 		orr	r2, r2, #15
 359 0036 1A70     		strb	r2, [r3]
 114:.\Generated_Source\PSoC5/Timer_1.c ****     #endif /* Configuring registers of fixed function implementation */
 360              		.loc 1 114 0
 361 0038 094A     		ldr	r2, .L36+8
ARM GAS  C:\Users\User\AppData\Local\Temp\ccafEFUK.s 			page 16


 362 003a 1378     		ldrb	r3, [r2]	@ zero_extendqisi2
 363 003c 43F00103 		orr	r3, r3, #1
 364 0040 1370     		strb	r3, [r2]
 118:.\Generated_Source\PSoC5/Timer_1.c ****     Timer_1_WriteCounter(Timer_1_INIT_PERIOD);
 365              		.loc 1 118 0
 366 0042 0120     		movs	r0, #1
 367 0044 FFF7FEFF 		bl	Timer_1_WritePeriod
 368              	.LVL4:
 119:.\Generated_Source\PSoC5/Timer_1.c **** 
 369              		.loc 1 119 0
 370 0048 0120     		movs	r0, #1
 371 004a FFF7FEFF 		bl	Timer_1_WriteCounter
 372              	.LVL5:
 162:.\Generated_Source\PSoC5/Timer_1.c **** }
 373              		.loc 1 162 0
 374 004e 0020     		movs	r0, #0
 375 0050 FFF7FEFF 		bl	Timer_1_SetInterruptMode
 376              	.LVL6:
 377 0054 08BD     		pop	{r3, pc}
 378              	.L37:
 379 0056 00BF     		.align	2
 380              	.L36:
 381 0058 004F0040 		.word	1073762048
 382 005c 0B4F0040 		.word	1073762059
 383 0060 014F0040 		.word	1073762049
 384              		.cfi_endproc
 385              	.LFE0:
 386              		.size	Timer_1_Init, .-Timer_1_Init
 387              		.section	.text.Timer_1_Start,"ax",%progbits
 388              		.align	2
 389              		.global	Timer_1_Start
 390              		.thumb
 391              		.thumb_func
 392              		.type	Timer_1_Start, %function
 393              	Timer_1_Start:
 394              	.LFB2:
 216:.\Generated_Source\PSoC5/Timer_1.c ****     if(Timer_1_initVar == 0u)
 395              		.loc 1 216 0
 396              		.cfi_startproc
 397              		@ args = 0, pretend = 0, frame = 0
 398              		@ frame_needed = 0, uses_anonymous_args = 0
 399 0000 08B5     		push	{r3, lr}
 400              		.cfi_def_cfa_offset 8
 401              		.cfi_offset 3, -8
 402              		.cfi_offset 14, -4
 217:.\Generated_Source\PSoC5/Timer_1.c ****     {
 403              		.loc 1 217 0
 404 0002 054B     		ldr	r3, .L41
 405 0004 1B78     		ldrb	r3, [r3]	@ zero_extendqisi2
 406 0006 23B9     		cbnz	r3, .L39
 219:.\Generated_Source\PSoC5/Timer_1.c **** 
 407              		.loc 1 219 0
 408 0008 FFF7FEFF 		bl	Timer_1_Init
 409              	.LVL7:
 221:.\Generated_Source\PSoC5/Timer_1.c ****     }
 410              		.loc 1 221 0
 411 000c 0122     		movs	r2, #1
ARM GAS  C:\Users\User\AppData\Local\Temp\ccafEFUK.s 			page 17


 412 000e 024B     		ldr	r3, .L41
 413 0010 1A70     		strb	r2, [r3]
 414              	.L39:
 225:.\Generated_Source\PSoC5/Timer_1.c **** }
 415              		.loc 1 225 0
 416 0012 FFF7FEFF 		bl	Timer_1_Enable
 417              	.LVL8:
 418 0016 08BD     		pop	{r3, pc}
 419              	.L42:
 420              		.align	2
 421              	.L41:
 422 0018 00000000 		.word	.LANCHOR0
 423              		.cfi_endproc
 424              	.LFE2:
 425              		.size	Timer_1_Start, .-Timer_1_Start
 426              		.section	.text.Timer_1_ReadCounter,"ax",%progbits
 427              		.align	2
 428              		.global	Timer_1_ReadCounter
 429              		.thumb
 430              		.thumb_func
 431              		.type	Timer_1_ReadCounter, %function
 432              	Timer_1_ReadCounter:
 433              	.LFB13:
 487:.\Generated_Source\PSoC5/Timer_1.c ****         
 488:.\Generated_Source\PSoC5/Timer_1.c ****     #else
 489:.\Generated_Source\PSoC5/Timer_1.c ****         CY_SET_REG8(Timer_1_COUNTER_LSB_PTR, counter);
 490:.\Generated_Source\PSoC5/Timer_1.c ****     #endif /* Set Write Counter only for the UDB implementation (Write Counter not available in fix
 491:.\Generated_Source\PSoC5/Timer_1.c **** }
 492:.\Generated_Source\PSoC5/Timer_1.c **** 
 493:.\Generated_Source\PSoC5/Timer_1.c **** 
 494:.\Generated_Source\PSoC5/Timer_1.c **** /*******************************************************************************
 495:.\Generated_Source\PSoC5/Timer_1.c **** * Function Name: Timer_1_ReadCounter
 496:.\Generated_Source\PSoC5/Timer_1.c **** ********************************************************************************
 497:.\Generated_Source\PSoC5/Timer_1.c **** *
 498:.\Generated_Source\PSoC5/Timer_1.c **** * Summary:
 499:.\Generated_Source\PSoC5/Timer_1.c **** *  This function returns the current counter value.
 500:.\Generated_Source\PSoC5/Timer_1.c **** *
 501:.\Generated_Source\PSoC5/Timer_1.c **** * Parameters:
 502:.\Generated_Source\PSoC5/Timer_1.c **** *  void
 503:.\Generated_Source\PSoC5/Timer_1.c **** *
 504:.\Generated_Source\PSoC5/Timer_1.c **** * Return:
 505:.\Generated_Source\PSoC5/Timer_1.c **** *  Present compare value.
 506:.\Generated_Source\PSoC5/Timer_1.c **** *
 507:.\Generated_Source\PSoC5/Timer_1.c **** *******************************************************************************/
 508:.\Generated_Source\PSoC5/Timer_1.c **** uint8 Timer_1_ReadCounter(void) 
 509:.\Generated_Source\PSoC5/Timer_1.c **** {
 434              		.loc 1 509 0
 435              		.cfi_startproc
 436              		@ args = 0, pretend = 0, frame = 0
 437              		@ frame_needed = 0, uses_anonymous_args = 0
 438              		@ link register save eliminated.
 510:.\Generated_Source\PSoC5/Timer_1.c ****     /* Force capture by reading Accumulator */
 511:.\Generated_Source\PSoC5/Timer_1.c ****     /* Must first do a software capture to be able to read the counter */
 512:.\Generated_Source\PSoC5/Timer_1.c ****     /* It is up to the user code to make sure there isn't already captured data in the FIFO */
 513:.\Generated_Source\PSoC5/Timer_1.c ****     #if(Timer_1_UsingFixedFunction)
 514:.\Generated_Source\PSoC5/Timer_1.c ****         (void)CY_GET_REG16(Timer_1_COUNTER_LSB_PTR);
 439              		.loc 1 514 0
ARM GAS  C:\Users\User\AppData\Local\Temp\ccafEFUK.s 			page 18


 440 0000 024B     		ldr	r3, .L44
 441 0002 1B88     		ldrh	r3, [r3]
 515:.\Generated_Source\PSoC5/Timer_1.c ****     #else
 516:.\Generated_Source\PSoC5/Timer_1.c ****         (void)CY_GET_REG8(Timer_1_COUNTER_LSB_PTR_8BIT);
 517:.\Generated_Source\PSoC5/Timer_1.c ****     #endif/* (Timer_1_UsingFixedFunction) */
 518:.\Generated_Source\PSoC5/Timer_1.c **** 
 519:.\Generated_Source\PSoC5/Timer_1.c ****     /* Read the data from the FIFO (or capture register for Fixed Function)*/
 520:.\Generated_Source\PSoC5/Timer_1.c ****     #if(Timer_1_UsingFixedFunction)
 521:.\Generated_Source\PSoC5/Timer_1.c ****         return ((uint8)CY_GET_REG16(Timer_1_CAPTURE_LSB_PTR));
 442              		.loc 1 521 0
 443 0004 024B     		ldr	r3, .L44+4
 444 0006 1888     		ldrh	r0, [r3]
 522:.\Generated_Source\PSoC5/Timer_1.c ****     #else
 523:.\Generated_Source\PSoC5/Timer_1.c ****         return (CY_GET_REG8(Timer_1_CAPTURE_LSB_PTR));
 524:.\Generated_Source\PSoC5/Timer_1.c ****     #endif /* (Timer_1_UsingFixedFunction) */
 525:.\Generated_Source\PSoC5/Timer_1.c **** }
 445              		.loc 1 525 0
 446 0008 C0B2     		uxtb	r0, r0
 447 000a 7047     		bx	lr
 448              	.L45:
 449              		.align	2
 450              	.L44:
 451 000c 064F0040 		.word	1073762054
 452 0010 084F0040 		.word	1073762056
 453              		.cfi_endproc
 454              	.LFE13:
 455              		.size	Timer_1_ReadCounter, .-Timer_1_ReadCounter
 456              		.global	Timer_1_initVar
 457              		.bss
 458              		.set	.LANCHOR0,. + 0
 459              		.type	Timer_1_initVar, %object
 460              		.size	Timer_1_initVar, 1
 461              	Timer_1_initVar:
 462 0000 00       		.space	1
 463              		.text
 464              	.Letext0:
 465              		.file 2 ".\\Generated_Source\\PSoC5\\cytypes.h"
 466              		.section	.debug_info,"",%progbits
 467              	.Ldebug_info0:
 468 0000 8D020000 		.4byte	0x28d
 469 0004 0400     		.2byte	0x4
 470 0006 00000000 		.4byte	.Ldebug_abbrev0
 471 000a 04       		.byte	0x4
 472 000b 01       		.uleb128 0x1
 473 000c 39000000 		.4byte	.LASF36
 474 0010 01       		.byte	0x1
 475 0011 AC010000 		.4byte	.LASF37
 476 0015 48010000 		.4byte	.LASF38
 477 0019 00000000 		.4byte	.Ldebug_ranges0+0
 478 001d 00000000 		.4byte	0
 479 0021 00000000 		.4byte	.Ldebug_line0
 480 0025 02       		.uleb128 0x2
 481 0026 01       		.byte	0x1
 482 0027 06       		.byte	0x6
 483 0028 07030000 		.4byte	.LASF0
 484 002c 02       		.uleb128 0x2
 485 002d 01       		.byte	0x1
ARM GAS  C:\Users\User\AppData\Local\Temp\ccafEFUK.s 			page 19


 486 002e 08       		.byte	0x8
 487 002f 88010000 		.4byte	.LASF1
 488 0033 02       		.uleb128 0x2
 489 0034 02       		.byte	0x2
 490 0035 05       		.byte	0x5
 491 0036 C8020000 		.4byte	.LASF2
 492 003a 02       		.uleb128 0x2
 493 003b 02       		.byte	0x2
 494 003c 07       		.byte	0x7
 495 003d D2000000 		.4byte	.LASF3
 496 0041 02       		.uleb128 0x2
 497 0042 04       		.byte	0x4
 498 0043 05       		.byte	0x5
 499 0044 ED020000 		.4byte	.LASF4
 500 0048 02       		.uleb128 0x2
 501 0049 04       		.byte	0x4
 502 004a 07       		.byte	0x7
 503 004b 28010000 		.4byte	.LASF5
 504 004f 02       		.uleb128 0x2
 505 0050 08       		.byte	0x8
 506 0051 05       		.byte	0x5
 507 0052 98020000 		.4byte	.LASF6
 508 0056 02       		.uleb128 0x2
 509 0057 08       		.byte	0x8
 510 0058 07       		.byte	0x7
 511 0059 43020000 		.4byte	.LASF7
 512 005d 03       		.uleb128 0x3
 513 005e 04       		.byte	0x4
 514 005f 05       		.byte	0x5
 515 0060 696E7400 		.ascii	"int\000"
 516 0064 02       		.uleb128 0x2
 517 0065 04       		.byte	0x4
 518 0066 07       		.byte	0x7
 519 0067 E5000000 		.4byte	.LASF8
 520 006b 04       		.uleb128 0x4
 521 006c 3A010000 		.4byte	.LASF9
 522 0070 02       		.byte	0x2
 523 0071 9201     		.2byte	0x192
 524 0073 2C000000 		.4byte	0x2c
 525 0077 04       		.uleb128 0x4
 526 0078 E8010000 		.4byte	.LASF10
 527 007c 02       		.byte	0x2
 528 007d 9301     		.2byte	0x193
 529 007f 3A000000 		.4byte	0x3a
 530 0083 02       		.uleb128 0x2
 531 0084 04       		.byte	0x4
 532 0085 04       		.byte	0x4
 533 0086 F2000000 		.4byte	.LASF11
 534 008a 02       		.uleb128 0x2
 535 008b 08       		.byte	0x8
 536 008c 04       		.byte	0x4
 537 008d A5010000 		.4byte	.LASF12
 538 0091 02       		.uleb128 0x2
 539 0092 01       		.byte	0x1
 540 0093 08       		.byte	0x8
 541 0094 F6020000 		.4byte	.LASF13
 542 0098 04       		.uleb128 0x4
ARM GAS  C:\Users\User\AppData\Local\Temp\ccafEFUK.s 			page 20


 543 0099 10010000 		.4byte	.LASF14
 544 009d 02       		.byte	0x2
 545 009e 3C02     		.2byte	0x23c
 546 00a0 A4000000 		.4byte	0xa4
 547 00a4 05       		.uleb128 0x5
 548 00a5 6B000000 		.4byte	0x6b
 549 00a9 04       		.uleb128 0x4
 550 00aa 00000000 		.4byte	.LASF15
 551 00ae 02       		.byte	0x2
 552 00af 3D02     		.2byte	0x23d
 553 00b1 B5000000 		.4byte	0xb5
 554 00b5 05       		.uleb128 0x5
 555 00b6 77000000 		.4byte	0x77
 556 00ba 02       		.uleb128 0x2
 557 00bb 08       		.byte	0x8
 558 00bc 04       		.byte	0x4
 559 00bd FB020000 		.4byte	.LASF16
 560 00c1 02       		.uleb128 0x2
 561 00c2 04       		.byte	0x4
 562 00c3 07       		.byte	0x7
 563 00c4 8F020000 		.4byte	.LASF17
 564 00c8 06       		.uleb128 0x6
 565 00c9 96010000 		.4byte	.LASF18
 566 00cd 01       		.byte	0x1
 567 00ce B4       		.byte	0xb4
 568 00cf 00000000 		.4byte	.LFB1
 569 00d3 28000000 		.4byte	.LFE1-.LFB1
 570 00d7 01       		.uleb128 0x1
 571 00d8 9C       		.byte	0x9c
 572 00d9 06       		.uleb128 0x6
 573 00da 13030000 		.4byte	.LASF19
 574 00de 01       		.byte	0x1
 575 00df F7       		.byte	0xf7
 576 00e0 00000000 		.4byte	.LFB3
 577 00e4 28000000 		.4byte	.LFE3-.LFB3
 578 00e8 01       		.uleb128 0x1
 579 00e9 9C       		.byte	0x9c
 580 00ea 07       		.uleb128 0x7
 581 00eb CF010000 		.4byte	.LASF23
 582 00ef 01       		.byte	0x1
 583 00f0 1701     		.2byte	0x117
 584 00f2 00000000 		.4byte	.LFB4
 585 00f6 0C000000 		.4byte	.LFE4-.LFB4
 586 00fa 01       		.uleb128 0x1
 587 00fb 9C       		.byte	0x9c
 588 00fc 0F010000 		.4byte	0x10f
 589 0100 08       		.uleb128 0x8
 590 0101 A6020000 		.4byte	.LASF25
 591 0105 01       		.byte	0x1
 592 0106 1701     		.2byte	0x117
 593 0108 6B000000 		.4byte	0x6b
 594 010c 01       		.uleb128 0x1
 595 010d 50       		.byte	0x50
 596 010e 00       		.byte	0
 597 010f 09       		.uleb128 0x9
 598 0110 06000000 		.4byte	.LASF20
 599 0114 01       		.byte	0x1
ARM GAS  C:\Users\User\AppData\Local\Temp\ccafEFUK.s 			page 21


 600 0115 2E01     		.2byte	0x12e
 601 0117 00000000 		.4byte	.LFB5
 602 011b 0C000000 		.4byte	.LFE5-.LFB5
 603 011f 01       		.uleb128 0x1
 604 0120 9C       		.byte	0x9c
 605 0121 0A       		.uleb128 0xa
 606 0122 D2020000 		.4byte	.LASF21
 607 0126 01       		.byte	0x1
 608 0127 4D01     		.2byte	0x14d
 609 0129 6B000000 		.4byte	0x6b
 610 012d 00000000 		.4byte	.LFB6
 611 0131 0C000000 		.4byte	.LFE6-.LFB6
 612 0135 01       		.uleb128 0x1
 613 0136 9C       		.byte	0x9c
 614 0137 0A       		.uleb128 0xa
 615 0138 0C020000 		.4byte	.LASF22
 616 013c 01       		.byte	0x1
 617 013d 6401     		.2byte	0x164
 618 013f 6B000000 		.4byte	0x6b
 619 0143 00000000 		.4byte	.LFB7
 620 0147 0C000000 		.4byte	.LFE7-.LFB7
 621 014b 01       		.uleb128 0x1
 622 014c 9C       		.byte	0x9c
 623 014d 07       		.uleb128 0x7
 624 014e EF010000 		.4byte	.LASF24
 625 0152 01       		.byte	0x1
 626 0153 7B01     		.2byte	0x17b
 627 0155 00000000 		.4byte	.LFB8
 628 0159 0C000000 		.4byte	.LFE8-.LFB8
 629 015d 01       		.uleb128 0x1
 630 015e 9C       		.byte	0x9c
 631 015f 72010000 		.4byte	0x172
 632 0163 08       		.uleb128 0x8
 633 0164 40010000 		.4byte	.LASF26
 634 0168 01       		.byte	0x1
 635 0169 7B01     		.2byte	0x17b
 636 016b 6B000000 		.4byte	0x6b
 637 016f 01       		.uleb128 0x1
 638 0170 50       		.byte	0x50
 639 0171 00       		.byte	0
 640 0172 0A       		.uleb128 0xa
 641 0173 15010000 		.4byte	.LASF27
 642 0177 01       		.byte	0x1
 643 0178 9501     		.2byte	0x195
 644 017a 6B000000 		.4byte	0x6b
 645 017e 00000000 		.4byte	.LFB9
 646 0182 0C000000 		.4byte	.LFE9-.LFB9
 647 0186 01       		.uleb128 0x1
 648 0187 9C       		.byte	0x9c
 649 0188 07       		.uleb128 0x7
 650 0189 1E000000 		.4byte	.LASF28
 651 018d 01       		.byte	0x1
 652 018e AF01     		.2byte	0x1af
 653 0190 00000000 		.4byte	.LFB10
 654 0194 0C000000 		.4byte	.LFE10-.LFB10
 655 0198 01       		.uleb128 0x1
 656 0199 9C       		.byte	0x9c
ARM GAS  C:\Users\User\AppData\Local\Temp\ccafEFUK.s 			page 22


 657 019a BB010000 		.4byte	0x1bb
 658 019e 08       		.uleb128 0x8
 659 019f 32000000 		.4byte	.LASF29
 660 01a3 01       		.byte	0x1
 661 01a4 AF01     		.2byte	0x1af
 662 01a6 6B000000 		.4byte	0x6b
 663 01aa 01       		.uleb128 0x1
 664 01ab 50       		.byte	0x50
 665 01ac 0B       		.uleb128 0xb
 666 01ad 83020000 		.4byte	.LASF39
 667 01b1 01       		.byte	0x1
 668 01b2 B201     		.2byte	0x1b2
 669 01b4 77000000 		.4byte	0x77
 670 01b8 01       		.uleb128 0x1
 671 01b9 50       		.byte	0x50
 672 01ba 00       		.byte	0
 673 01bb 0A       		.uleb128 0xa
 674 01bc 6F020000 		.4byte	.LASF30
 675 01c0 01       		.byte	0x1
 676 01c1 C801     		.2byte	0x1c8
 677 01c3 6B000000 		.4byte	0x6b
 678 01c7 00000000 		.4byte	.LFB11
 679 01cb 0C000000 		.4byte	.LFE11-.LFB11
 680 01cf 01       		.uleb128 0x1
 681 01d0 9C       		.byte	0x9c
 682 01d1 07       		.uleb128 0x7
 683 01d2 5A020000 		.4byte	.LASF31
 684 01d6 01       		.byte	0x1
 685 01d7 E001     		.2byte	0x1e0
 686 01d9 00000000 		.4byte	.LFB12
 687 01dd 0C000000 		.4byte	.LFE12-.LFB12
 688 01e1 01       		.uleb128 0x1
 689 01e2 9C       		.byte	0x9c
 690 01e3 F6010000 		.4byte	0x1f6
 691 01e7 08       		.uleb128 0x8
 692 01e8 F8000000 		.4byte	.LASF32
 693 01ec 01       		.byte	0x1
 694 01ed E001     		.2byte	0x1e0
 695 01ef 6B000000 		.4byte	0x6b
 696 01f3 01       		.uleb128 0x1
 697 01f4 50       		.byte	0x50
 698 01f5 00       		.byte	0
 699 01f6 0C       		.uleb128 0xc
 700 01f7 36020000 		.4byte	.LASF33
 701 01fb 01       		.byte	0x1
 702 01fc 2B       		.byte	0x2b
 703 01fd 00000000 		.4byte	.LFB0
 704 0201 64000000 		.4byte	.LFE0-.LFB0
 705 0205 01       		.uleb128 0x1
 706 0206 9C       		.byte	0x9c
 707 0207 41020000 		.4byte	0x241
 708 020b 0D       		.uleb128 0xd
 709 020c 48000000 		.4byte	.LVL4
 710 0210 88010000 		.4byte	0x188
 711 0214 1E020000 		.4byte	0x21e
 712 0218 0E       		.uleb128 0xe
 713 0219 01       		.uleb128 0x1
ARM GAS  C:\Users\User\AppData\Local\Temp\ccafEFUK.s 			page 23


 714 021a 50       		.byte	0x50
 715 021b 01       		.uleb128 0x1
 716 021c 31       		.byte	0x31
 717 021d 00       		.byte	0
 718 021e 0D       		.uleb128 0xd
 719 021f 4E000000 		.4byte	.LVL5
 720 0223 D1010000 		.4byte	0x1d1
 721 0227 31020000 		.4byte	0x231
 722 022b 0E       		.uleb128 0xe
 723 022c 01       		.uleb128 0x1
 724 022d 50       		.byte	0x50
 725 022e 01       		.uleb128 0x1
 726 022f 31       		.byte	0x31
 727 0230 00       		.byte	0
 728 0231 0F       		.uleb128 0xf
 729 0232 54000000 		.4byte	.LVL6
 730 0236 EA000000 		.4byte	0xea
 731 023a 0E       		.uleb128 0xe
 732 023b 01       		.uleb128 0x1
 733 023c 50       		.byte	0x50
 734 023d 01       		.uleb128 0x1
 735 023e 30       		.byte	0x30
 736 023f 00       		.byte	0
 737 0240 00       		.byte	0
 738 0241 0C       		.uleb128 0xc
 739 0242 28020000 		.4byte	.LASF34
 740 0246 01       		.byte	0x1
 741 0247 D7       		.byte	0xd7
 742 0248 00000000 		.4byte	.LFB2
 743 024c 1C000000 		.4byte	.LFE2-.LFB2
 744 0250 01       		.uleb128 0x1
 745 0251 9C       		.byte	0x9c
 746 0252 69020000 		.4byte	0x269
 747 0256 10       		.uleb128 0x10
 748 0257 0C000000 		.4byte	.LVL7
 749 025b F6010000 		.4byte	0x1f6
 750 025f 10       		.uleb128 0x10
 751 0260 16000000 		.4byte	.LVL8
 752 0264 C8000000 		.4byte	0xc8
 753 0268 00       		.byte	0
 754 0269 0A       		.uleb128 0xa
 755 026a B4020000 		.4byte	.LASF35
 756 026e 01       		.byte	0x1
 757 026f FC01     		.2byte	0x1fc
 758 0271 6B000000 		.4byte	0x6b
 759 0275 00000000 		.4byte	.LFB13
 760 0279 14000000 		.4byte	.LFE13-.LFB13
 761 027d 01       		.uleb128 0x1
 762 027e 9C       		.byte	0x9c
 763 027f 11       		.uleb128 0x11
 764 0280 00010000 		.4byte	.LASF40
 765 0284 01       		.byte	0x1
 766 0285 1A       		.byte	0x1a
 767 0286 6B000000 		.4byte	0x6b
 768 028a 05       		.uleb128 0x5
 769 028b 03       		.byte	0x3
 770 028c 00000000 		.4byte	Timer_1_initVar
ARM GAS  C:\Users\User\AppData\Local\Temp\ccafEFUK.s 			page 24


 771 0290 00       		.byte	0
 772              		.section	.debug_abbrev,"",%progbits
 773              	.Ldebug_abbrev0:
 774 0000 01       		.uleb128 0x1
 775 0001 11       		.uleb128 0x11
 776 0002 01       		.byte	0x1
 777 0003 25       		.uleb128 0x25
 778 0004 0E       		.uleb128 0xe
 779 0005 13       		.uleb128 0x13
 780 0006 0B       		.uleb128 0xb
 781 0007 03       		.uleb128 0x3
 782 0008 0E       		.uleb128 0xe
 783 0009 1B       		.uleb128 0x1b
 784 000a 0E       		.uleb128 0xe
 785 000b 55       		.uleb128 0x55
 786 000c 17       		.uleb128 0x17
 787 000d 11       		.uleb128 0x11
 788 000e 01       		.uleb128 0x1
 789 000f 10       		.uleb128 0x10
 790 0010 17       		.uleb128 0x17
 791 0011 00       		.byte	0
 792 0012 00       		.byte	0
 793 0013 02       		.uleb128 0x2
 794 0014 24       		.uleb128 0x24
 795 0015 00       		.byte	0
 796 0016 0B       		.uleb128 0xb
 797 0017 0B       		.uleb128 0xb
 798 0018 3E       		.uleb128 0x3e
 799 0019 0B       		.uleb128 0xb
 800 001a 03       		.uleb128 0x3
 801 001b 0E       		.uleb128 0xe
 802 001c 00       		.byte	0
 803 001d 00       		.byte	0
 804 001e 03       		.uleb128 0x3
 805 001f 24       		.uleb128 0x24
 806 0020 00       		.byte	0
 807 0021 0B       		.uleb128 0xb
 808 0022 0B       		.uleb128 0xb
 809 0023 3E       		.uleb128 0x3e
 810 0024 0B       		.uleb128 0xb
 811 0025 03       		.uleb128 0x3
 812 0026 08       		.uleb128 0x8
 813 0027 00       		.byte	0
 814 0028 00       		.byte	0
 815 0029 04       		.uleb128 0x4
 816 002a 16       		.uleb128 0x16
 817 002b 00       		.byte	0
 818 002c 03       		.uleb128 0x3
 819 002d 0E       		.uleb128 0xe
 820 002e 3A       		.uleb128 0x3a
 821 002f 0B       		.uleb128 0xb
 822 0030 3B       		.uleb128 0x3b
 823 0031 05       		.uleb128 0x5
 824 0032 49       		.uleb128 0x49
 825 0033 13       		.uleb128 0x13
 826 0034 00       		.byte	0
 827 0035 00       		.byte	0
ARM GAS  C:\Users\User\AppData\Local\Temp\ccafEFUK.s 			page 25


 828 0036 05       		.uleb128 0x5
 829 0037 35       		.uleb128 0x35
 830 0038 00       		.byte	0
 831 0039 49       		.uleb128 0x49
 832 003a 13       		.uleb128 0x13
 833 003b 00       		.byte	0
 834 003c 00       		.byte	0
 835 003d 06       		.uleb128 0x6
 836 003e 2E       		.uleb128 0x2e
 837 003f 00       		.byte	0
 838 0040 3F       		.uleb128 0x3f
 839 0041 19       		.uleb128 0x19
 840 0042 03       		.uleb128 0x3
 841 0043 0E       		.uleb128 0xe
 842 0044 3A       		.uleb128 0x3a
 843 0045 0B       		.uleb128 0xb
 844 0046 3B       		.uleb128 0x3b
 845 0047 0B       		.uleb128 0xb
 846 0048 27       		.uleb128 0x27
 847 0049 19       		.uleb128 0x19
 848 004a 11       		.uleb128 0x11
 849 004b 01       		.uleb128 0x1
 850 004c 12       		.uleb128 0x12
 851 004d 06       		.uleb128 0x6
 852 004e 40       		.uleb128 0x40
 853 004f 18       		.uleb128 0x18
 854 0050 9742     		.uleb128 0x2117
 855 0052 19       		.uleb128 0x19
 856 0053 00       		.byte	0
 857 0054 00       		.byte	0
 858 0055 07       		.uleb128 0x7
 859 0056 2E       		.uleb128 0x2e
 860 0057 01       		.byte	0x1
 861 0058 3F       		.uleb128 0x3f
 862 0059 19       		.uleb128 0x19
 863 005a 03       		.uleb128 0x3
 864 005b 0E       		.uleb128 0xe
 865 005c 3A       		.uleb128 0x3a
 866 005d 0B       		.uleb128 0xb
 867 005e 3B       		.uleb128 0x3b
 868 005f 05       		.uleb128 0x5
 869 0060 27       		.uleb128 0x27
 870 0061 19       		.uleb128 0x19
 871 0062 11       		.uleb128 0x11
 872 0063 01       		.uleb128 0x1
 873 0064 12       		.uleb128 0x12
 874 0065 06       		.uleb128 0x6
 875 0066 40       		.uleb128 0x40
 876 0067 18       		.uleb128 0x18
 877 0068 9742     		.uleb128 0x2117
 878 006a 19       		.uleb128 0x19
 879 006b 01       		.uleb128 0x1
 880 006c 13       		.uleb128 0x13
 881 006d 00       		.byte	0
 882 006e 00       		.byte	0
 883 006f 08       		.uleb128 0x8
 884 0070 05       		.uleb128 0x5
ARM GAS  C:\Users\User\AppData\Local\Temp\ccafEFUK.s 			page 26


 885 0071 00       		.byte	0
 886 0072 03       		.uleb128 0x3
 887 0073 0E       		.uleb128 0xe
 888 0074 3A       		.uleb128 0x3a
 889 0075 0B       		.uleb128 0xb
 890 0076 3B       		.uleb128 0x3b
 891 0077 05       		.uleb128 0x5
 892 0078 49       		.uleb128 0x49
 893 0079 13       		.uleb128 0x13
 894 007a 02       		.uleb128 0x2
 895 007b 18       		.uleb128 0x18
 896 007c 00       		.byte	0
 897 007d 00       		.byte	0
 898 007e 09       		.uleb128 0x9
 899 007f 2E       		.uleb128 0x2e
 900 0080 00       		.byte	0
 901 0081 3F       		.uleb128 0x3f
 902 0082 19       		.uleb128 0x19
 903 0083 03       		.uleb128 0x3
 904 0084 0E       		.uleb128 0xe
 905 0085 3A       		.uleb128 0x3a
 906 0086 0B       		.uleb128 0xb
 907 0087 3B       		.uleb128 0x3b
 908 0088 05       		.uleb128 0x5
 909 0089 27       		.uleb128 0x27
 910 008a 19       		.uleb128 0x19
 911 008b 11       		.uleb128 0x11
 912 008c 01       		.uleb128 0x1
 913 008d 12       		.uleb128 0x12
 914 008e 06       		.uleb128 0x6
 915 008f 40       		.uleb128 0x40
 916 0090 18       		.uleb128 0x18
 917 0091 9742     		.uleb128 0x2117
 918 0093 19       		.uleb128 0x19
 919 0094 00       		.byte	0
 920 0095 00       		.byte	0
 921 0096 0A       		.uleb128 0xa
 922 0097 2E       		.uleb128 0x2e
 923 0098 00       		.byte	0
 924 0099 3F       		.uleb128 0x3f
 925 009a 19       		.uleb128 0x19
 926 009b 03       		.uleb128 0x3
 927 009c 0E       		.uleb128 0xe
 928 009d 3A       		.uleb128 0x3a
 929 009e 0B       		.uleb128 0xb
 930 009f 3B       		.uleb128 0x3b
 931 00a0 05       		.uleb128 0x5
 932 00a1 27       		.uleb128 0x27
 933 00a2 19       		.uleb128 0x19
 934 00a3 49       		.uleb128 0x49
 935 00a4 13       		.uleb128 0x13
 936 00a5 11       		.uleb128 0x11
 937 00a6 01       		.uleb128 0x1
 938 00a7 12       		.uleb128 0x12
 939 00a8 06       		.uleb128 0x6
 940 00a9 40       		.uleb128 0x40
 941 00aa 18       		.uleb128 0x18
ARM GAS  C:\Users\User\AppData\Local\Temp\ccafEFUK.s 			page 27


 942 00ab 9742     		.uleb128 0x2117
 943 00ad 19       		.uleb128 0x19
 944 00ae 00       		.byte	0
 945 00af 00       		.byte	0
 946 00b0 0B       		.uleb128 0xb
 947 00b1 34       		.uleb128 0x34
 948 00b2 00       		.byte	0
 949 00b3 03       		.uleb128 0x3
 950 00b4 0E       		.uleb128 0xe
 951 00b5 3A       		.uleb128 0x3a
 952 00b6 0B       		.uleb128 0xb
 953 00b7 3B       		.uleb128 0x3b
 954 00b8 05       		.uleb128 0x5
 955 00b9 49       		.uleb128 0x49
 956 00ba 13       		.uleb128 0x13
 957 00bb 02       		.uleb128 0x2
 958 00bc 18       		.uleb128 0x18
 959 00bd 00       		.byte	0
 960 00be 00       		.byte	0
 961 00bf 0C       		.uleb128 0xc
 962 00c0 2E       		.uleb128 0x2e
 963 00c1 01       		.byte	0x1
 964 00c2 3F       		.uleb128 0x3f
 965 00c3 19       		.uleb128 0x19
 966 00c4 03       		.uleb128 0x3
 967 00c5 0E       		.uleb128 0xe
 968 00c6 3A       		.uleb128 0x3a
 969 00c7 0B       		.uleb128 0xb
 970 00c8 3B       		.uleb128 0x3b
 971 00c9 0B       		.uleb128 0xb
 972 00ca 27       		.uleb128 0x27
 973 00cb 19       		.uleb128 0x19
 974 00cc 11       		.uleb128 0x11
 975 00cd 01       		.uleb128 0x1
 976 00ce 12       		.uleb128 0x12
 977 00cf 06       		.uleb128 0x6
 978 00d0 40       		.uleb128 0x40
 979 00d1 18       		.uleb128 0x18
 980 00d2 9742     		.uleb128 0x2117
 981 00d4 19       		.uleb128 0x19
 982 00d5 01       		.uleb128 0x1
 983 00d6 13       		.uleb128 0x13
 984 00d7 00       		.byte	0
 985 00d8 00       		.byte	0
 986 00d9 0D       		.uleb128 0xd
 987 00da 898201   		.uleb128 0x4109
 988 00dd 01       		.byte	0x1
 989 00de 11       		.uleb128 0x11
 990 00df 01       		.uleb128 0x1
 991 00e0 31       		.uleb128 0x31
 992 00e1 13       		.uleb128 0x13
 993 00e2 01       		.uleb128 0x1
 994 00e3 13       		.uleb128 0x13
 995 00e4 00       		.byte	0
 996 00e5 00       		.byte	0
 997 00e6 0E       		.uleb128 0xe
 998 00e7 8A8201   		.uleb128 0x410a
ARM GAS  C:\Users\User\AppData\Local\Temp\ccafEFUK.s 			page 28


 999 00ea 00       		.byte	0
 1000 00eb 02       		.uleb128 0x2
 1001 00ec 18       		.uleb128 0x18
 1002 00ed 9142     		.uleb128 0x2111
 1003 00ef 18       		.uleb128 0x18
 1004 00f0 00       		.byte	0
 1005 00f1 00       		.byte	0
 1006 00f2 0F       		.uleb128 0xf
 1007 00f3 898201   		.uleb128 0x4109
 1008 00f6 01       		.byte	0x1
 1009 00f7 11       		.uleb128 0x11
 1010 00f8 01       		.uleb128 0x1
 1011 00f9 31       		.uleb128 0x31
 1012 00fa 13       		.uleb128 0x13
 1013 00fb 00       		.byte	0
 1014 00fc 00       		.byte	0
 1015 00fd 10       		.uleb128 0x10
 1016 00fe 898201   		.uleb128 0x4109
 1017 0101 00       		.byte	0
 1018 0102 11       		.uleb128 0x11
 1019 0103 01       		.uleb128 0x1
 1020 0104 31       		.uleb128 0x31
 1021 0105 13       		.uleb128 0x13
 1022 0106 00       		.byte	0
 1023 0107 00       		.byte	0
 1024 0108 11       		.uleb128 0x11
 1025 0109 34       		.uleb128 0x34
 1026 010a 00       		.byte	0
 1027 010b 03       		.uleb128 0x3
 1028 010c 0E       		.uleb128 0xe
 1029 010d 3A       		.uleb128 0x3a
 1030 010e 0B       		.uleb128 0xb
 1031 010f 3B       		.uleb128 0x3b
 1032 0110 0B       		.uleb128 0xb
 1033 0111 49       		.uleb128 0x49
 1034 0112 13       		.uleb128 0x13
 1035 0113 3F       		.uleb128 0x3f
 1036 0114 19       		.uleb128 0x19
 1037 0115 02       		.uleb128 0x2
 1038 0116 18       		.uleb128 0x18
 1039 0117 00       		.byte	0
 1040 0118 00       		.byte	0
 1041 0119 00       		.byte	0
 1042              		.section	.debug_aranges,"",%progbits
 1043 0000 84000000 		.4byte	0x84
 1044 0004 0200     		.2byte	0x2
 1045 0006 00000000 		.4byte	.Ldebug_info0
 1046 000a 04       		.byte	0x4
 1047 000b 00       		.byte	0
 1048 000c 0000     		.2byte	0
 1049 000e 0000     		.2byte	0
 1050 0010 00000000 		.4byte	.LFB1
 1051 0014 28000000 		.4byte	.LFE1-.LFB1
 1052 0018 00000000 		.4byte	.LFB3
 1053 001c 28000000 		.4byte	.LFE3-.LFB3
 1054 0020 00000000 		.4byte	.LFB4
 1055 0024 0C000000 		.4byte	.LFE4-.LFB4
ARM GAS  C:\Users\User\AppData\Local\Temp\ccafEFUK.s 			page 29


 1056 0028 00000000 		.4byte	.LFB5
 1057 002c 0C000000 		.4byte	.LFE5-.LFB5
 1058 0030 00000000 		.4byte	.LFB6
 1059 0034 0C000000 		.4byte	.LFE6-.LFB6
 1060 0038 00000000 		.4byte	.LFB7
 1061 003c 0C000000 		.4byte	.LFE7-.LFB7
 1062 0040 00000000 		.4byte	.LFB8
 1063 0044 0C000000 		.4byte	.LFE8-.LFB8
 1064 0048 00000000 		.4byte	.LFB9
 1065 004c 0C000000 		.4byte	.LFE9-.LFB9
 1066 0050 00000000 		.4byte	.LFB10
 1067 0054 0C000000 		.4byte	.LFE10-.LFB10
 1068 0058 00000000 		.4byte	.LFB11
 1069 005c 0C000000 		.4byte	.LFE11-.LFB11
 1070 0060 00000000 		.4byte	.LFB12
 1071 0064 0C000000 		.4byte	.LFE12-.LFB12
 1072 0068 00000000 		.4byte	.LFB0
 1073 006c 64000000 		.4byte	.LFE0-.LFB0
 1074 0070 00000000 		.4byte	.LFB2
 1075 0074 1C000000 		.4byte	.LFE2-.LFB2
 1076 0078 00000000 		.4byte	.LFB13
 1077 007c 14000000 		.4byte	.LFE13-.LFB13
 1078 0080 00000000 		.4byte	0
 1079 0084 00000000 		.4byte	0
 1080              		.section	.debug_ranges,"",%progbits
 1081              	.Ldebug_ranges0:
 1082 0000 00000000 		.4byte	.LFB1
 1083 0004 28000000 		.4byte	.LFE1
 1084 0008 00000000 		.4byte	.LFB3
 1085 000c 28000000 		.4byte	.LFE3
 1086 0010 00000000 		.4byte	.LFB4
 1087 0014 0C000000 		.4byte	.LFE4
 1088 0018 00000000 		.4byte	.LFB5
 1089 001c 0C000000 		.4byte	.LFE5
 1090 0020 00000000 		.4byte	.LFB6
 1091 0024 0C000000 		.4byte	.LFE6
 1092 0028 00000000 		.4byte	.LFB7
 1093 002c 0C000000 		.4byte	.LFE7
 1094 0030 00000000 		.4byte	.LFB8
 1095 0034 0C000000 		.4byte	.LFE8
 1096 0038 00000000 		.4byte	.LFB9
 1097 003c 0C000000 		.4byte	.LFE9
 1098 0040 00000000 		.4byte	.LFB10
 1099 0044 0C000000 		.4byte	.LFE10
 1100 0048 00000000 		.4byte	.LFB11
 1101 004c 0C000000 		.4byte	.LFE11
 1102 0050 00000000 		.4byte	.LFB12
 1103 0054 0C000000 		.4byte	.LFE12
 1104 0058 00000000 		.4byte	.LFB0
 1105 005c 64000000 		.4byte	.LFE0
 1106 0060 00000000 		.4byte	.LFB2
 1107 0064 1C000000 		.4byte	.LFE2
 1108 0068 00000000 		.4byte	.LFB13
 1109 006c 14000000 		.4byte	.LFE13
 1110 0070 00000000 		.4byte	0
 1111 0074 00000000 		.4byte	0
 1112              		.section	.debug_line,"",%progbits
ARM GAS  C:\Users\User\AppData\Local\Temp\ccafEFUK.s 			page 30


 1113              	.Ldebug_line0:
 1114 0000 53010000 		.section	.debug_str,"MS",%progbits,1
 1114      02004600 
 1114      00000201 
 1114      FB0E0D00 
 1114      01010101 
 1115              	.LASF15:
 1116 0000 72656731 		.ascii	"reg16\000"
 1116      3600
 1117              	.LASF20:
 1118 0006 54696D65 		.ascii	"Timer_1_SoftwareCapture\000"
 1118      725F315F 
 1118      536F6674 
 1118      77617265 
 1118      43617074 
 1119              	.LASF28:
 1120 001e 54696D65 		.ascii	"Timer_1_WritePeriod\000"
 1120      725F315F 
 1120      57726974 
 1120      65506572 
 1120      696F6400 
 1121              	.LASF29:
 1122 0032 70657269 		.ascii	"period\000"
 1122      6F6400
 1123              	.LASF36:
 1124 0039 474E5520 		.ascii	"GNU C 4.9.3 20150303 (release) [ARM/embedded-4_9-br"
 1124      4320342E 
 1124      392E3320 
 1124      32303135 
 1124      30333033 
 1125 006c 616E6368 		.ascii	"anch revision 221220] -mcpu=cortex-m3 -mthumb -g -O"
 1125      20726576 
 1125      6973696F 
 1125      6E203232 
 1125      31323230 
 1126 009f 67202D73 		.ascii	"g -std=gnu11 -ffunction-sections -ffat-lto-objects\000"
 1126      74643D67 
 1126      6E753131 
 1126      202D6666 
 1126      756E6374 
 1127              	.LASF3:
 1128 00d2 73686F72 		.ascii	"short unsigned int\000"
 1128      7420756E 
 1128      7369676E 
 1128      65642069 
 1128      6E7400
 1129              	.LASF8:
 1130 00e5 756E7369 		.ascii	"unsigned int\000"
 1130      676E6564 
 1130      20696E74 
 1130      00
 1131              	.LASF11:
 1132 00f2 666C6F61 		.ascii	"float\000"
 1132      7400
 1133              	.LASF32:
 1134 00f8 636F756E 		.ascii	"counter\000"
 1134      74657200 
ARM GAS  C:\Users\User\AppData\Local\Temp\ccafEFUK.s 			page 31


 1135              	.LASF40:
 1136 0100 54696D65 		.ascii	"Timer_1_initVar\000"
 1136      725F315F 
 1136      696E6974 
 1136      56617200 
 1137              	.LASF14:
 1138 0110 72656738 		.ascii	"reg8\000"
 1138      00
 1139              	.LASF27:
 1140 0115 54696D65 		.ascii	"Timer_1_ReadPeriod\000"
 1140      725F315F 
 1140      52656164 
 1140      50657269 
 1140      6F6400
 1141              	.LASF5:
 1142 0128 6C6F6E67 		.ascii	"long unsigned int\000"
 1142      20756E73 
 1142      69676E65 
 1142      6420696E 
 1142      7400
 1143              	.LASF9:
 1144 013a 75696E74 		.ascii	"uint8\000"
 1144      3800
 1145              	.LASF26:
 1146 0140 636F6E74 		.ascii	"control\000"
 1146      726F6C00 
 1147              	.LASF38:
 1148 0148 433A5C55 		.ascii	"C:\\Users\\User\\Documents\\MIT 6.115\\finalproject"
 1148      73657273 
 1148      5C557365 
 1148      725C446F 
 1148      63756D65 
 1149 0176 5C477569 		.ascii	"\\GuitarHero.cydsn\000"
 1149      74617248 
 1149      65726F2E 
 1149      63796473 
 1149      6E00
 1150              	.LASF1:
 1151 0188 756E7369 		.ascii	"unsigned char\000"
 1151      676E6564 
 1151      20636861 
 1151      7200
 1152              	.LASF18:
 1153 0196 54696D65 		.ascii	"Timer_1_Enable\000"
 1153      725F315F 
 1153      456E6162 
 1153      6C6500
 1154              	.LASF12:
 1155 01a5 646F7562 		.ascii	"double\000"
 1155      6C6500
 1156              	.LASF37:
 1157 01ac 2E5C4765 		.ascii	".\\Generated_Source\\PSoC5\\Timer_1.c\000"
 1157      6E657261 
 1157      7465645F 
 1157      536F7572 
 1157      63655C50 
 1158              	.LASF23:
ARM GAS  C:\Users\User\AppData\Local\Temp\ccafEFUK.s 			page 32


 1159 01cf 54696D65 		.ascii	"Timer_1_SetInterruptMode\000"
 1159      725F315F 
 1159      53657449 
 1159      6E746572 
 1159      72757074 
 1160              	.LASF10:
 1161 01e8 75696E74 		.ascii	"uint16\000"
 1161      313600
 1162              	.LASF24:
 1163 01ef 54696D65 		.ascii	"Timer_1_WriteControlRegister\000"
 1163      725F315F 
 1163      57726974 
 1163      65436F6E 
 1163      74726F6C 
 1164              	.LASF22:
 1165 020c 54696D65 		.ascii	"Timer_1_ReadControlRegister\000"
 1165      725F315F 
 1165      52656164 
 1165      436F6E74 
 1165      726F6C52 
 1166              	.LASF34:
 1167 0228 54696D65 		.ascii	"Timer_1_Start\000"
 1167      725F315F 
 1167      53746172 
 1167      7400
 1168              	.LASF33:
 1169 0236 54696D65 		.ascii	"Timer_1_Init\000"
 1169      725F315F 
 1169      496E6974 
 1169      00
 1170              	.LASF7:
 1171 0243 6C6F6E67 		.ascii	"long long unsigned int\000"
 1171      206C6F6E 
 1171      6720756E 
 1171      7369676E 
 1171      65642069 
 1172              	.LASF31:
 1173 025a 54696D65 		.ascii	"Timer_1_WriteCounter\000"
 1173      725F315F 
 1173      57726974 
 1173      65436F75 
 1173      6E746572 
 1174              	.LASF30:
 1175 026f 54696D65 		.ascii	"Timer_1_ReadCapture\000"
 1175      725F315F 
 1175      52656164 
 1175      43617074 
 1175      75726500 
 1176              	.LASF39:
 1177 0283 70657269 		.ascii	"period_temp\000"
 1177      6F645F74 
 1177      656D7000 
 1178              	.LASF17:
 1179 028f 73697A65 		.ascii	"sizetype\000"
 1179      74797065 
 1179      00
 1180              	.LASF6:
ARM GAS  C:\Users\User\AppData\Local\Temp\ccafEFUK.s 			page 33


 1181 0298 6C6F6E67 		.ascii	"long long int\000"
 1181      206C6F6E 
 1181      6720696E 
 1181      7400
 1182              	.LASF25:
 1183 02a6 696E7465 		.ascii	"interruptMode\000"
 1183      72727570 
 1183      744D6F64 
 1183      6500
 1184              	.LASF35:
 1185 02b4 54696D65 		.ascii	"Timer_1_ReadCounter\000"
 1185      725F315F 
 1185      52656164 
 1185      436F756E 
 1185      74657200 
 1186              	.LASF2:
 1187 02c8 73686F72 		.ascii	"short int\000"
 1187      7420696E 
 1187      7400
 1188              	.LASF21:
 1189 02d2 54696D65 		.ascii	"Timer_1_ReadStatusRegister\000"
 1189      725F315F 
 1189      52656164 
 1189      53746174 
 1189      75735265 
 1190              	.LASF4:
 1191 02ed 6C6F6E67 		.ascii	"long int\000"
 1191      20696E74 
 1191      00
 1192              	.LASF13:
 1193 02f6 63686172 		.ascii	"char\000"
 1193      00
 1194              	.LASF16:
 1195 02fb 6C6F6E67 		.ascii	"long double\000"
 1195      20646F75 
 1195      626C6500 
 1196              	.LASF0:
 1197 0307 7369676E 		.ascii	"signed char\000"
 1197      65642063 
 1197      68617200 
 1198              	.LASF19:
 1199 0313 54696D65 		.ascii	"Timer_1_Stop\000"
 1199      725F315F 
 1199      53746F70 
 1199      00
 1200              		.ident	"GCC: (GNU Tools for ARM Embedded Processors) 4.9.3 20150303 (release) [ARM/embedded-4_9-br
