ARM GAS  C:\Users\User\AppData\Local\Temp\ccykGmck.s 			page 1


   1              		.syntax unified
   2              		.cpu cortex-m3
   3              		.fpu softvfp
   4              		.eabi_attribute 20, 1
   5              		.eabi_attribute 21, 1
   6              		.eabi_attribute 23, 3
   7              		.eabi_attribute 24, 1
   8              		.eabi_attribute 25, 1
   9              		.eabi_attribute 26, 1
  10              		.eabi_attribute 30, 1
  11              		.eabi_attribute 34, 1
  12              		.eabi_attribute 18, 4
  13              		.thumb
  14              		.file	"main.c"
  15              		.text
  16              	.Ltext0:
  17              		.cfi_sections	.debug_frame
  18              		.section	.text.Strum_isr,"ax",%progbits
  19              		.align	2
  20              		.global	Strum_isr
  21              		.thumb
  22              		.thumb_func
  23              		.type	Strum_isr, %function
  24              	Strum_isr:
  25              	.LFB64:
  26              		.file 1 ".\\main.c"
   1:.\main.c      **** /* ========================================
   2:.\main.c      ****  *
   3:.\main.c      ****  * Copyright Andi Qu, 2024
   4:.\main.c      ****  * All Rights Reserved
   5:.\main.c      ****  * UNPUBLISHED, LICENSED SOFTWARE.
   6:.\main.c      ****  *
   7:.\main.c      ****  * CONFIDENTIAL AND PROPRIETARY INFORMATION
   8:.\main.c      ****  * WHICH IS THE PROPERTY OF ANDI QU.
   9:.\main.c      ****  *
  10:.\main.c      ****  * ========================================
  11:.\main.c      ****  */
  12:.\main.c      **** #include <project.h>
  13:.\main.c      **** 
  14:.\main.c      **** // Declare custom ISRs
  15:.\main.c      **** CY_ISR_PROTO(Strum_isr);
  16:.\main.c      **** 
  17:.\main.c      **** /*
  18:.\main.c      ****  * Initialize the system hardware
  19:.\main.c      ****  */
  20:.\main.c      **** void hw_init() {
  21:.\main.c      ****     BLE_UART_Init();
  22:.\main.c      ****     BLE_UART_Start();
  23:.\main.c      **** 
  24:.\main.c      ****     Strum_isr_StartEx(Strum_isr);
  25:.\main.c      **** }
  26:.\main.c      **** 
  27:.\main.c      **** CY_ISR(Strum_isr) {
  27              		.loc 1 27 0
  28              		.cfi_startproc
  29              		@ args = 0, pretend = 0, frame = 0
  30              		@ frame_needed = 0, uses_anonymous_args = 0
ARM GAS  C:\Users\User\AppData\Local\Temp\ccykGmck.s 			page 2


  31 0000 10B5     		push	{r4, lr}
  32              		.cfi_def_cfa_offset 8
  33              		.cfi_offset 4, -8
  34              		.cfi_offset 14, -4
  28:.\main.c      ****     uint8 chr = 0x30 + Btn_1_Read() + 2 * Btn_2_Read() + 4 * Btn_3_Read()
  35              		.loc 1 28 0
  36 0002 FFF7FEFF 		bl	Btn_1_Read
  37              	.LVL0:
  38 0006 0446     		mov	r4, r0
  39 0008 FFF7FEFF 		bl	Btn_2_Read
  40              	.LVL1:
  41 000c 04EB4000 		add	r0, r4, r0, lsl #1
  42 0010 C4B2     		uxtb	r4, r0
  43 0012 FFF7FEFF 		bl	Btn_3_Read
  44              	.LVL2:
  45 0016 04EB8000 		add	r0, r4, r0, lsl #2
  46 001a C4B2     		uxtb	r4, r0
  29:.\main.c      ****                      + 8 * Btn_4_Read() + 16 * Btn_5_Read();
  47              		.loc 1 29 0
  48 001c FFF7FEFF 		bl	Btn_4_Read
  49              	.LVL3:
  28:.\main.c      ****     uint8 chr = 0x30 + Btn_1_Read() + 2 * Btn_2_Read() + 4 * Btn_3_Read()
  50              		.loc 1 28 0
  51 0020 04EBC000 		add	r0, r4, r0, lsl #3
  52 0024 C4B2     		uxtb	r4, r0
  53              		.loc 1 29 0
  54 0026 FFF7FEFF 		bl	Btn_5_Read
  55              	.LVL4:
  28:.\main.c      ****     uint8 chr = 0x30 + Btn_1_Read() + 2 * Btn_2_Read() + 4 * Btn_3_Read()
  56              		.loc 1 28 0
  57 002a 04EB0010 		add	r0, r4, r0, lsl #4
  58 002e 3030     		adds	r0, r0, #48
  59              	.LVL5:
  30:.\main.c      ****     BLE_UART_PutChar(chr);
  60              		.loc 1 30 0
  61 0030 C0B2     		uxtb	r0, r0
  62 0032 FFF7FEFF 		bl	BLE_UART_PutChar
  63              	.LVL6:
  64 0036 10BD     		pop	{r4, pc}
  65              		.cfi_endproc
  66              	.LFE64:
  67              		.size	Strum_isr, .-Strum_isr
  68              		.section	.text.hw_init,"ax",%progbits
  69              		.align	2
  70              		.global	hw_init
  71              		.thumb
  72              		.thumb_func
  73              		.type	hw_init, %function
  74              	hw_init:
  75              	.LFB63:
  20:.\main.c      ****     BLE_UART_Init();
  76              		.loc 1 20 0
  77              		.cfi_startproc
  78              		@ args = 0, pretend = 0, frame = 0
  79              		@ frame_needed = 0, uses_anonymous_args = 0
  80 0000 08B5     		push	{r3, lr}
  81              		.cfi_def_cfa_offset 8
ARM GAS  C:\Users\User\AppData\Local\Temp\ccykGmck.s 			page 3


  82              		.cfi_offset 3, -8
  83              		.cfi_offset 14, -4
  21:.\main.c      ****     BLE_UART_Start();
  84              		.loc 1 21 0
  85 0002 FFF7FEFF 		bl	BLE_UART_Init
  86              	.LVL7:
  22:.\main.c      **** 
  87              		.loc 1 22 0
  88 0006 FFF7FEFF 		bl	BLE_UART_Start
  89              	.LVL8:
  24:.\main.c      **** }
  90              		.loc 1 24 0
  91 000a 0248     		ldr	r0, .L5
  92 000c FFF7FEFF 		bl	Strum_isr_StartEx
  93              	.LVL9:
  94 0010 08BD     		pop	{r3, pc}
  95              	.L6:
  96 0012 00BF     		.align	2
  97              	.L5:
  98 0014 00000000 		.word	Strum_isr
  99              		.cfi_endproc
 100              	.LFE63:
 101              		.size	hw_init, .-hw_init
 102              		.section	.text.main,"ax",%progbits
 103              		.align	2
 104              		.global	main
 105              		.thumb
 106              		.thumb_func
 107              		.type	main, %function
 108              	main:
 109              	.LFB65:
  31:.\main.c      **** }
  32:.\main.c      **** 
  33:.\main.c      **** int main() {
 110              		.loc 1 33 0
 111              		.cfi_startproc
 112              		@ Volatile: function does not return.
 113              		@ args = 0, pretend = 0, frame = 0
 114              		@ frame_needed = 0, uses_anonymous_args = 0
 115 0000 08B5     		push	{r3, lr}
 116              		.cfi_def_cfa_offset 8
 117              		.cfi_offset 3, -8
 118              		.cfi_offset 14, -4
  34:.\main.c      ****     CyGlobalIntEnable; /* Enable global interrupts. */
 119              		.loc 1 34 0
 120              	@ 34 ".\main.c" 1
 121 0002 62B6     		CPSIE   i
 122              	@ 0 "" 2
  35:.\main.c      **** 
  36:.\main.c      ****     hw_init();
 123              		.loc 1 36 0
 124              		.thumb
 125 0004 FFF7FEFF 		bl	hw_init
 126              	.LVL10:
 127              	.L8:
  37:.\main.c      **** 
  38:.\main.c      ****     for(;;) {
ARM GAS  C:\Users\User\AppData\Local\Temp\ccykGmck.s 			page 4


  39:.\main.c      ****         /* Place your application code here. */
  40:.\main.c      ****     }
 128              		.loc 1 40 0 discriminator 1
 129 0008 FEE7     		b	.L8
 130              		.cfi_endproc
 131              	.LFE65:
 132              		.size	main, .-main
 133 000a 00BF     		.text
 134              	.Letext0:
 135              		.file 2 "c:\\program files (x86)\\cypress\\psoc creator\\3.3\\psoc creator\\import\\gnu\\arm\\4.9.
 136              		.file 3 "c:\\program files (x86)\\cypress\\psoc creator\\3.3\\psoc creator\\import\\gnu\\arm\\4.9.
 137              		.file 4 "Generated_Source\\PSoC5/cytypes.h"
 138              		.file 5 "Generated_Source\\PSoC5/Btn_1.h"
 139              		.file 6 "Generated_Source\\PSoC5/Btn_2.h"
 140              		.file 7 "Generated_Source\\PSoC5/Btn_3.h"
 141              		.file 8 "Generated_Source\\PSoC5/Btn_4.h"
 142              		.file 9 "Generated_Source\\PSoC5/Btn_5.h"
 143              		.file 10 "Generated_Source\\PSoC5/BLE_UART.h"
 144              		.file 11 "Generated_Source\\PSoC5/core_cm3.h"
 145              		.file 12 "Generated_Source\\PSoC5/Strum_isr.h"
 146              		.section	.debug_info,"",%progbits
 147              	.Ldebug_info0:
 148 0000 E6010000 		.4byte	0x1e6
 149 0004 0400     		.2byte	0x4
 150 0006 00000000 		.4byte	.Ldebug_abbrev0
 151 000a 04       		.byte	0x4
 152 000b 01       		.uleb128 0x1
 153 000c F7000000 		.4byte	.LASF26
 154 0010 01       		.byte	0x1
 155 0011 65000000 		.4byte	.LASF27
 156 0015 AC000000 		.4byte	.LASF28
 157 0019 00000000 		.4byte	.Ldebug_ranges0+0
 158 001d 00000000 		.4byte	0
 159 0021 00000000 		.4byte	.Ldebug_line0
 160 0025 02       		.uleb128 0x2
 161 0026 01       		.byte	0x1
 162 0027 06       		.byte	0x6
 163 0028 4B000000 		.4byte	.LASF0
 164 002c 02       		.uleb128 0x2
 165 002d 01       		.byte	0x1
 166 002e 08       		.byte	0x8
 167 002f 57000000 		.4byte	.LASF1
 168 0033 02       		.uleb128 0x2
 169 0034 02       		.byte	0x2
 170 0035 05       		.byte	0x5
 171 0036 F8010000 		.4byte	.LASF2
 172 003a 02       		.uleb128 0x2
 173 003b 02       		.byte	0x2
 174 003c 07       		.byte	0x7
 175 003d 80000000 		.4byte	.LASF3
 176 0041 03       		.uleb128 0x3
 177 0042 23000000 		.4byte	.LASF9
 178 0046 02       		.byte	0x2
 179 0047 3F       		.byte	0x3f
 180 0048 4C000000 		.4byte	0x4c
 181 004c 02       		.uleb128 0x2
 182 004d 04       		.byte	0x4
ARM GAS  C:\Users\User\AppData\Local\Temp\ccykGmck.s 			page 5


 183 004e 05       		.byte	0x5
 184 004f 1B020000 		.4byte	.LASF4
 185 0053 02       		.uleb128 0x2
 186 0054 04       		.byte	0x4
 187 0055 07       		.byte	0x7
 188 0056 6E000000 		.4byte	.LASF5
 189 005a 02       		.uleb128 0x2
 190 005b 08       		.byte	0x8
 191 005c 05       		.byte	0x5
 192 005d DB010000 		.4byte	.LASF6
 193 0061 02       		.uleb128 0x2
 194 0062 08       		.byte	0x8
 195 0063 07       		.byte	0x7
 196 0064 92010000 		.4byte	.LASF7
 197 0068 04       		.uleb128 0x4
 198 0069 04       		.byte	0x4
 199 006a 05       		.byte	0x5
 200 006b 696E7400 		.ascii	"int\000"
 201 006f 02       		.uleb128 0x2
 202 0070 04       		.byte	0x4
 203 0071 07       		.byte	0x7
 204 0072 85010000 		.4byte	.LASF8
 205 0076 03       		.uleb128 0x3
 206 0077 38000000 		.4byte	.LASF10
 207 007b 03       		.byte	0x3
 208 007c 2C       		.byte	0x2c
 209 007d 41000000 		.4byte	0x41
 210 0081 05       		.uleb128 0x5
 211 0082 0A020000 		.4byte	.LASF11
 212 0086 04       		.byte	0x4
 213 0087 9201     		.2byte	0x192
 214 0089 2C000000 		.4byte	0x2c
 215 008d 02       		.uleb128 0x2
 216 008e 04       		.byte	0x4
 217 008f 04       		.byte	0x4
 218 0090 0E000000 		.4byte	.LASF12
 219 0094 02       		.uleb128 0x2
 220 0095 08       		.byte	0x8
 221 0096 04       		.byte	0x4
 222 0097 A0000000 		.4byte	.LASF13
 223 009b 02       		.uleb128 0x2
 224 009c 01       		.byte	0x1
 225 009d 08       		.byte	0x8
 226 009e E9010000 		.4byte	.LASF14
 227 00a2 05       		.uleb128 0x5
 228 00a3 B4010000 		.4byte	.LASF15
 229 00a7 04       		.byte	0x4
 230 00a8 4E02     		.2byte	0x24e
 231 00aa AE000000 		.4byte	0xae
 232 00ae 06       		.uleb128 0x6
 233 00af 04       		.byte	0x4
 234 00b0 B4000000 		.4byte	0xb4
 235 00b4 07       		.uleb128 0x7
 236 00b5 02       		.uleb128 0x2
 237 00b6 04       		.byte	0x4
 238 00b7 07       		.byte	0x7
 239 00b8 D2010000 		.4byte	.LASF16
ARM GAS  C:\Users\User\AppData\Local\Temp\ccykGmck.s 			page 6


 240 00bc 08       		.uleb128 0x8
 241 00bd EE010000 		.4byte	.LASF17
 242 00c1 01       		.byte	0x1
 243 00c2 1B       		.byte	0x1b
 244 00c3 00000000 		.4byte	.LFB64
 245 00c7 38000000 		.4byte	.LFE64-.LFB64
 246 00cb 01       		.uleb128 0x1
 247 00cc 9C       		.byte	0x9c
 248 00cd 17010000 		.4byte	0x117
 249 00d1 09       		.uleb128 0x9
 250 00d2 63687200 		.ascii	"chr\000"
 251 00d6 01       		.byte	0x1
 252 00d7 1C       		.byte	0x1c
 253 00d8 81000000 		.4byte	0x81
 254 00dc 00000000 		.4byte	.LLST0
 255 00e0 0A       		.uleb128 0xa
 256 00e1 06000000 		.4byte	.LVL0
 257 00e5 86010000 		.4byte	0x186
 258 00e9 0A       		.uleb128 0xa
 259 00ea 0C000000 		.4byte	.LVL1
 260 00ee 91010000 		.4byte	0x191
 261 00f2 0A       		.uleb128 0xa
 262 00f3 16000000 		.4byte	.LVL2
 263 00f7 9C010000 		.4byte	0x19c
 264 00fb 0A       		.uleb128 0xa
 265 00fc 20000000 		.4byte	.LVL3
 266 0100 A7010000 		.4byte	0x1a7
 267 0104 0A       		.uleb128 0xa
 268 0105 2A000000 		.4byte	.LVL4
 269 0109 B2010000 		.4byte	0x1b2
 270 010d 0A       		.uleb128 0xa
 271 010e 36000000 		.4byte	.LVL6
 272 0112 BD010000 		.4byte	0x1bd
 273 0116 00       		.byte	0
 274 0117 0B       		.uleb128 0xb
 275 0118 02020000 		.4byte	.LASF29
 276 011c 01       		.byte	0x1
 277 011d 14       		.byte	0x14
 278 011e 00000000 		.4byte	.LFB63
 279 0122 18000000 		.4byte	.LFE63-.LFB63
 280 0126 01       		.uleb128 0x1
 281 0127 9C       		.byte	0x9c
 282 0128 52010000 		.4byte	0x152
 283 012c 0A       		.uleb128 0xa
 284 012d 06000000 		.4byte	.LVL7
 285 0131 CE010000 		.4byte	0x1ce
 286 0135 0A       		.uleb128 0xa
 287 0136 0A000000 		.4byte	.LVL8
 288 013a D5010000 		.4byte	0x1d5
 289 013e 0C       		.uleb128 0xc
 290 013f 10000000 		.4byte	.LVL9
 291 0143 DC010000 		.4byte	0x1dc
 292 0147 0D       		.uleb128 0xd
 293 0148 01       		.uleb128 0x1
 294 0149 50       		.byte	0x50
 295 014a 05       		.uleb128 0x5
 296 014b 03       		.byte	0x3
ARM GAS  C:\Users\User\AppData\Local\Temp\ccykGmck.s 			page 7


 297 014c 00000000 		.4byte	Strum_isr
 298 0150 00       		.byte	0
 299 0151 00       		.byte	0
 300 0152 0E       		.uleb128 0xe
 301 0153 A7000000 		.4byte	.LASF18
 302 0157 01       		.byte	0x1
 303 0158 21       		.byte	0x21
 304 0159 68000000 		.4byte	0x68
 305 015d 00000000 		.4byte	.LFB65
 306 0161 0A000000 		.4byte	.LFE65-.LFB65
 307 0165 01       		.uleb128 0x1
 308 0166 9C       		.byte	0x9c
 309 0167 75010000 		.4byte	0x175
 310 016b 0A       		.uleb128 0xa
 311 016c 08000000 		.4byte	.LVL10
 312 0170 17010000 		.4byte	0x117
 313 0174 00       		.byte	0
 314 0175 0F       		.uleb128 0xf
 315 0176 93000000 		.4byte	.LASF30
 316 017a 0B       		.byte	0xb
 317 017b 9606     		.2byte	0x696
 318 017d 81010000 		.4byte	0x181
 319 0181 10       		.uleb128 0x10
 320 0182 76000000 		.4byte	0x76
 321 0186 11       		.uleb128 0x11
 322 0187 36020000 		.4byte	.LASF19
 323 018b 05       		.byte	0x5
 324 018c 29       		.byte	0x29
 325 018d 81000000 		.4byte	0x81
 326 0191 11       		.uleb128 0x11
 327 0192 40000000 		.4byte	.LASF20
 328 0196 06       		.byte	0x6
 329 0197 29       		.byte	0x29
 330 0198 81000000 		.4byte	0x81
 331 019c 11       		.uleb128 0x11
 332 019d A9010000 		.4byte	.LASF21
 333 01a1 07       		.byte	0x7
 334 01a2 29       		.byte	0x29
 335 01a3 81000000 		.4byte	0x81
 336 01a7 11       		.uleb128 0x11
 337 01a8 10020000 		.4byte	.LASF22
 338 01ac 08       		.byte	0x8
 339 01ad 29       		.byte	0x29
 340 01ae 81000000 		.4byte	0x81
 341 01b2 11       		.uleb128 0x11
 342 01b3 2D000000 		.4byte	.LASF23
 343 01b7 09       		.byte	0x9
 344 01b8 29       		.byte	0x29
 345 01b9 81000000 		.4byte	0x81
 346 01bd 12       		.uleb128 0x12
 347 01be C1010000 		.4byte	.LASF31
 348 01c2 0A       		.byte	0xa
 349 01c3 8A       		.byte	0x8a
 350 01c4 CE010000 		.4byte	0x1ce
 351 01c8 13       		.uleb128 0x13
 352 01c9 81000000 		.4byte	0x81
 353 01cd 00       		.byte	0
ARM GAS  C:\Users\User\AppData\Local\Temp\ccykGmck.s 			page 8


 354 01ce 14       		.uleb128 0x14
 355 01cf 00000000 		.4byte	.LASF24
 356 01d3 0A       		.byte	0xa
 357 01d4 59       		.byte	0x59
 358 01d5 14       		.uleb128 0x14
 359 01d6 14000000 		.4byte	.LASF25
 360 01da 0A       		.byte	0xa
 361 01db 54       		.byte	0x54
 362 01dc 15       		.uleb128 0x15
 363 01dd 24020000 		.4byte	.LASF32
 364 01e1 0C       		.byte	0xc
 365 01e2 18       		.byte	0x18
 366 01e3 13       		.uleb128 0x13
 367 01e4 A2000000 		.4byte	0xa2
 368 01e8 00       		.byte	0
 369 01e9 00       		.byte	0
 370              		.section	.debug_abbrev,"",%progbits
 371              	.Ldebug_abbrev0:
 372 0000 01       		.uleb128 0x1
 373 0001 11       		.uleb128 0x11
 374 0002 01       		.byte	0x1
 375 0003 25       		.uleb128 0x25
 376 0004 0E       		.uleb128 0xe
 377 0005 13       		.uleb128 0x13
 378 0006 0B       		.uleb128 0xb
 379 0007 03       		.uleb128 0x3
 380 0008 0E       		.uleb128 0xe
 381 0009 1B       		.uleb128 0x1b
 382 000a 0E       		.uleb128 0xe
 383 000b 55       		.uleb128 0x55
 384 000c 17       		.uleb128 0x17
 385 000d 11       		.uleb128 0x11
 386 000e 01       		.uleb128 0x1
 387 000f 10       		.uleb128 0x10
 388 0010 17       		.uleb128 0x17
 389 0011 00       		.byte	0
 390 0012 00       		.byte	0
 391 0013 02       		.uleb128 0x2
 392 0014 24       		.uleb128 0x24
 393 0015 00       		.byte	0
 394 0016 0B       		.uleb128 0xb
 395 0017 0B       		.uleb128 0xb
 396 0018 3E       		.uleb128 0x3e
 397 0019 0B       		.uleb128 0xb
 398 001a 03       		.uleb128 0x3
 399 001b 0E       		.uleb128 0xe
 400 001c 00       		.byte	0
 401 001d 00       		.byte	0
 402 001e 03       		.uleb128 0x3
 403 001f 16       		.uleb128 0x16
 404 0020 00       		.byte	0
 405 0021 03       		.uleb128 0x3
 406 0022 0E       		.uleb128 0xe
 407 0023 3A       		.uleb128 0x3a
 408 0024 0B       		.uleb128 0xb
 409 0025 3B       		.uleb128 0x3b
 410 0026 0B       		.uleb128 0xb
ARM GAS  C:\Users\User\AppData\Local\Temp\ccykGmck.s 			page 9


 411 0027 49       		.uleb128 0x49
 412 0028 13       		.uleb128 0x13
 413 0029 00       		.byte	0
 414 002a 00       		.byte	0
 415 002b 04       		.uleb128 0x4
 416 002c 24       		.uleb128 0x24
 417 002d 00       		.byte	0
 418 002e 0B       		.uleb128 0xb
 419 002f 0B       		.uleb128 0xb
 420 0030 3E       		.uleb128 0x3e
 421 0031 0B       		.uleb128 0xb
 422 0032 03       		.uleb128 0x3
 423 0033 08       		.uleb128 0x8
 424 0034 00       		.byte	0
 425 0035 00       		.byte	0
 426 0036 05       		.uleb128 0x5
 427 0037 16       		.uleb128 0x16
 428 0038 00       		.byte	0
 429 0039 03       		.uleb128 0x3
 430 003a 0E       		.uleb128 0xe
 431 003b 3A       		.uleb128 0x3a
 432 003c 0B       		.uleb128 0xb
 433 003d 3B       		.uleb128 0x3b
 434 003e 05       		.uleb128 0x5
 435 003f 49       		.uleb128 0x49
 436 0040 13       		.uleb128 0x13
 437 0041 00       		.byte	0
 438 0042 00       		.byte	0
 439 0043 06       		.uleb128 0x6
 440 0044 0F       		.uleb128 0xf
 441 0045 00       		.byte	0
 442 0046 0B       		.uleb128 0xb
 443 0047 0B       		.uleb128 0xb
 444 0048 49       		.uleb128 0x49
 445 0049 13       		.uleb128 0x13
 446 004a 00       		.byte	0
 447 004b 00       		.byte	0
 448 004c 07       		.uleb128 0x7
 449 004d 15       		.uleb128 0x15
 450 004e 00       		.byte	0
 451 004f 27       		.uleb128 0x27
 452 0050 19       		.uleb128 0x19
 453 0051 00       		.byte	0
 454 0052 00       		.byte	0
 455 0053 08       		.uleb128 0x8
 456 0054 2E       		.uleb128 0x2e
 457 0055 01       		.byte	0x1
 458 0056 3F       		.uleb128 0x3f
 459 0057 19       		.uleb128 0x19
 460 0058 03       		.uleb128 0x3
 461 0059 0E       		.uleb128 0xe
 462 005a 3A       		.uleb128 0x3a
 463 005b 0B       		.uleb128 0xb
 464 005c 3B       		.uleb128 0x3b
 465 005d 0B       		.uleb128 0xb
 466 005e 27       		.uleb128 0x27
 467 005f 19       		.uleb128 0x19
ARM GAS  C:\Users\User\AppData\Local\Temp\ccykGmck.s 			page 10


 468 0060 11       		.uleb128 0x11
 469 0061 01       		.uleb128 0x1
 470 0062 12       		.uleb128 0x12
 471 0063 06       		.uleb128 0x6
 472 0064 40       		.uleb128 0x40
 473 0065 18       		.uleb128 0x18
 474 0066 9742     		.uleb128 0x2117
 475 0068 19       		.uleb128 0x19
 476 0069 01       		.uleb128 0x1
 477 006a 13       		.uleb128 0x13
 478 006b 00       		.byte	0
 479 006c 00       		.byte	0
 480 006d 09       		.uleb128 0x9
 481 006e 34       		.uleb128 0x34
 482 006f 00       		.byte	0
 483 0070 03       		.uleb128 0x3
 484 0071 08       		.uleb128 0x8
 485 0072 3A       		.uleb128 0x3a
 486 0073 0B       		.uleb128 0xb
 487 0074 3B       		.uleb128 0x3b
 488 0075 0B       		.uleb128 0xb
 489 0076 49       		.uleb128 0x49
 490 0077 13       		.uleb128 0x13
 491 0078 02       		.uleb128 0x2
 492 0079 17       		.uleb128 0x17
 493 007a 00       		.byte	0
 494 007b 00       		.byte	0
 495 007c 0A       		.uleb128 0xa
 496 007d 898201   		.uleb128 0x4109
 497 0080 00       		.byte	0
 498 0081 11       		.uleb128 0x11
 499 0082 01       		.uleb128 0x1
 500 0083 31       		.uleb128 0x31
 501 0084 13       		.uleb128 0x13
 502 0085 00       		.byte	0
 503 0086 00       		.byte	0
 504 0087 0B       		.uleb128 0xb
 505 0088 2E       		.uleb128 0x2e
 506 0089 01       		.byte	0x1
 507 008a 3F       		.uleb128 0x3f
 508 008b 19       		.uleb128 0x19
 509 008c 03       		.uleb128 0x3
 510 008d 0E       		.uleb128 0xe
 511 008e 3A       		.uleb128 0x3a
 512 008f 0B       		.uleb128 0xb
 513 0090 3B       		.uleb128 0x3b
 514 0091 0B       		.uleb128 0xb
 515 0092 11       		.uleb128 0x11
 516 0093 01       		.uleb128 0x1
 517 0094 12       		.uleb128 0x12
 518 0095 06       		.uleb128 0x6
 519 0096 40       		.uleb128 0x40
 520 0097 18       		.uleb128 0x18
 521 0098 9742     		.uleb128 0x2117
 522 009a 19       		.uleb128 0x19
 523 009b 01       		.uleb128 0x1
 524 009c 13       		.uleb128 0x13
ARM GAS  C:\Users\User\AppData\Local\Temp\ccykGmck.s 			page 11


 525 009d 00       		.byte	0
 526 009e 00       		.byte	0
 527 009f 0C       		.uleb128 0xc
 528 00a0 898201   		.uleb128 0x4109
 529 00a3 01       		.byte	0x1
 530 00a4 11       		.uleb128 0x11
 531 00a5 01       		.uleb128 0x1
 532 00a6 31       		.uleb128 0x31
 533 00a7 13       		.uleb128 0x13
 534 00a8 00       		.byte	0
 535 00a9 00       		.byte	0
 536 00aa 0D       		.uleb128 0xd
 537 00ab 8A8201   		.uleb128 0x410a
 538 00ae 00       		.byte	0
 539 00af 02       		.uleb128 0x2
 540 00b0 18       		.uleb128 0x18
 541 00b1 9142     		.uleb128 0x2111
 542 00b3 18       		.uleb128 0x18
 543 00b4 00       		.byte	0
 544 00b5 00       		.byte	0
 545 00b6 0E       		.uleb128 0xe
 546 00b7 2E       		.uleb128 0x2e
 547 00b8 01       		.byte	0x1
 548 00b9 3F       		.uleb128 0x3f
 549 00ba 19       		.uleb128 0x19
 550 00bb 03       		.uleb128 0x3
 551 00bc 0E       		.uleb128 0xe
 552 00bd 3A       		.uleb128 0x3a
 553 00be 0B       		.uleb128 0xb
 554 00bf 3B       		.uleb128 0x3b
 555 00c0 0B       		.uleb128 0xb
 556 00c1 49       		.uleb128 0x49
 557 00c2 13       		.uleb128 0x13
 558 00c3 11       		.uleb128 0x11
 559 00c4 01       		.uleb128 0x1
 560 00c5 12       		.uleb128 0x12
 561 00c6 06       		.uleb128 0x6
 562 00c7 40       		.uleb128 0x40
 563 00c8 18       		.uleb128 0x18
 564 00c9 9742     		.uleb128 0x2117
 565 00cb 19       		.uleb128 0x19
 566 00cc 01       		.uleb128 0x1
 567 00cd 13       		.uleb128 0x13
 568 00ce 00       		.byte	0
 569 00cf 00       		.byte	0
 570 00d0 0F       		.uleb128 0xf
 571 00d1 34       		.uleb128 0x34
 572 00d2 00       		.byte	0
 573 00d3 03       		.uleb128 0x3
 574 00d4 0E       		.uleb128 0xe
 575 00d5 3A       		.uleb128 0x3a
 576 00d6 0B       		.uleb128 0xb
 577 00d7 3B       		.uleb128 0x3b
 578 00d8 05       		.uleb128 0x5
 579 00d9 49       		.uleb128 0x49
 580 00da 13       		.uleb128 0x13
 581 00db 3F       		.uleb128 0x3f
ARM GAS  C:\Users\User\AppData\Local\Temp\ccykGmck.s 			page 12


 582 00dc 19       		.uleb128 0x19
 583 00dd 3C       		.uleb128 0x3c
 584 00de 19       		.uleb128 0x19
 585 00df 00       		.byte	0
 586 00e0 00       		.byte	0
 587 00e1 10       		.uleb128 0x10
 588 00e2 35       		.uleb128 0x35
 589 00e3 00       		.byte	0
 590 00e4 49       		.uleb128 0x49
 591 00e5 13       		.uleb128 0x13
 592 00e6 00       		.byte	0
 593 00e7 00       		.byte	0
 594 00e8 11       		.uleb128 0x11
 595 00e9 2E       		.uleb128 0x2e
 596 00ea 00       		.byte	0
 597 00eb 3F       		.uleb128 0x3f
 598 00ec 19       		.uleb128 0x19
 599 00ed 03       		.uleb128 0x3
 600 00ee 0E       		.uleb128 0xe
 601 00ef 3A       		.uleb128 0x3a
 602 00f0 0B       		.uleb128 0xb
 603 00f1 3B       		.uleb128 0x3b
 604 00f2 0B       		.uleb128 0xb
 605 00f3 27       		.uleb128 0x27
 606 00f4 19       		.uleb128 0x19
 607 00f5 49       		.uleb128 0x49
 608 00f6 13       		.uleb128 0x13
 609 00f7 3C       		.uleb128 0x3c
 610 00f8 19       		.uleb128 0x19
 611 00f9 00       		.byte	0
 612 00fa 00       		.byte	0
 613 00fb 12       		.uleb128 0x12
 614 00fc 2E       		.uleb128 0x2e
 615 00fd 01       		.byte	0x1
 616 00fe 3F       		.uleb128 0x3f
 617 00ff 19       		.uleb128 0x19
 618 0100 03       		.uleb128 0x3
 619 0101 0E       		.uleb128 0xe
 620 0102 3A       		.uleb128 0x3a
 621 0103 0B       		.uleb128 0xb
 622 0104 3B       		.uleb128 0x3b
 623 0105 0B       		.uleb128 0xb
 624 0106 27       		.uleb128 0x27
 625 0107 19       		.uleb128 0x19
 626 0108 3C       		.uleb128 0x3c
 627 0109 19       		.uleb128 0x19
 628 010a 01       		.uleb128 0x1
 629 010b 13       		.uleb128 0x13
 630 010c 00       		.byte	0
 631 010d 00       		.byte	0
 632 010e 13       		.uleb128 0x13
 633 010f 05       		.uleb128 0x5
 634 0110 00       		.byte	0
 635 0111 49       		.uleb128 0x49
 636 0112 13       		.uleb128 0x13
 637 0113 00       		.byte	0
 638 0114 00       		.byte	0
ARM GAS  C:\Users\User\AppData\Local\Temp\ccykGmck.s 			page 13


 639 0115 14       		.uleb128 0x14
 640 0116 2E       		.uleb128 0x2e
 641 0117 00       		.byte	0
 642 0118 3F       		.uleb128 0x3f
 643 0119 19       		.uleb128 0x19
 644 011a 03       		.uleb128 0x3
 645 011b 0E       		.uleb128 0xe
 646 011c 3A       		.uleb128 0x3a
 647 011d 0B       		.uleb128 0xb
 648 011e 3B       		.uleb128 0x3b
 649 011f 0B       		.uleb128 0xb
 650 0120 27       		.uleb128 0x27
 651 0121 19       		.uleb128 0x19
 652 0122 3C       		.uleb128 0x3c
 653 0123 19       		.uleb128 0x19
 654 0124 00       		.byte	0
 655 0125 00       		.byte	0
 656 0126 15       		.uleb128 0x15
 657 0127 2E       		.uleb128 0x2e
 658 0128 01       		.byte	0x1
 659 0129 3F       		.uleb128 0x3f
 660 012a 19       		.uleb128 0x19
 661 012b 03       		.uleb128 0x3
 662 012c 0E       		.uleb128 0xe
 663 012d 3A       		.uleb128 0x3a
 664 012e 0B       		.uleb128 0xb
 665 012f 3B       		.uleb128 0x3b
 666 0130 0B       		.uleb128 0xb
 667 0131 27       		.uleb128 0x27
 668 0132 19       		.uleb128 0x19
 669 0133 3C       		.uleb128 0x3c
 670 0134 19       		.uleb128 0x19
 671 0135 00       		.byte	0
 672 0136 00       		.byte	0
 673 0137 00       		.byte	0
 674              		.section	.debug_loc,"",%progbits
 675              	.Ldebug_loc0:
 676              	.LLST0:
 677 0000 30000000 		.4byte	.LVL5
 678 0004 35000000 		.4byte	.LVL6-1
 679 0008 0100     		.2byte	0x1
 680 000a 50       		.byte	0x50
 681 000b 00000000 		.4byte	0
 682 000f 00000000 		.4byte	0
 683              		.section	.debug_aranges,"",%progbits
 684 0000 2C000000 		.4byte	0x2c
 685 0004 0200     		.2byte	0x2
 686 0006 00000000 		.4byte	.Ldebug_info0
 687 000a 04       		.byte	0x4
 688 000b 00       		.byte	0
 689 000c 0000     		.2byte	0
 690 000e 0000     		.2byte	0
 691 0010 00000000 		.4byte	.LFB64
 692 0014 38000000 		.4byte	.LFE64-.LFB64
 693 0018 00000000 		.4byte	.LFB63
 694 001c 18000000 		.4byte	.LFE63-.LFB63
 695 0020 00000000 		.4byte	.LFB65
ARM GAS  C:\Users\User\AppData\Local\Temp\ccykGmck.s 			page 14


 696 0024 0A000000 		.4byte	.LFE65-.LFB65
 697 0028 00000000 		.4byte	0
 698 002c 00000000 		.4byte	0
 699              		.section	.debug_ranges,"",%progbits
 700              	.Ldebug_ranges0:
 701 0000 00000000 		.4byte	.LFB64
 702 0004 38000000 		.4byte	.LFE64
 703 0008 00000000 		.4byte	.LFB63
 704 000c 18000000 		.4byte	.LFE63
 705 0010 00000000 		.4byte	.LFB65
 706 0014 0A000000 		.4byte	.LFE65
 707 0018 00000000 		.4byte	0
 708 001c 00000000 		.4byte	0
 709              		.section	.debug_line,"",%progbits
 710              	.Ldebug_line0:
 711 0000 E0010000 		.section	.debug_str,"MS",%progbits,1
 711      02009D01 
 711      00000201 
 711      FB0E0D00 
 711      01010101 
 712              	.LASF24:
 713 0000 424C455F 		.ascii	"BLE_UART_Init\000"
 713      55415254 
 713      5F496E69 
 713      7400
 714              	.LASF12:
 715 000e 666C6F61 		.ascii	"float\000"
 715      7400
 716              	.LASF25:
 717 0014 424C455F 		.ascii	"BLE_UART_Start\000"
 717      55415254 
 717      5F537461 
 717      727400
 718              	.LASF9:
 719 0023 5F5F696E 		.ascii	"__int32_t\000"
 719      7433325F 
 719      7400
 720              	.LASF23:
 721 002d 42746E5F 		.ascii	"Btn_5_Read\000"
 721      355F5265 
 721      616400
 722              	.LASF10:
 723 0038 696E7433 		.ascii	"int32_t\000"
 723      325F7400 
 724              	.LASF20:
 725 0040 42746E5F 		.ascii	"Btn_2_Read\000"
 725      325F5265 
 725      616400
 726              	.LASF0:
 727 004b 7369676E 		.ascii	"signed char\000"
 727      65642063 
 727      68617200 
 728              	.LASF1:
 729 0057 756E7369 		.ascii	"unsigned char\000"
 729      676E6564 
 729      20636861 
 729      7200
ARM GAS  C:\Users\User\AppData\Local\Temp\ccykGmck.s 			page 15


 730              	.LASF27:
 731 0065 2E5C6D61 		.ascii	".\\main.c\000"
 731      696E2E63 
 731      00
 732              	.LASF5:
 733 006e 6C6F6E67 		.ascii	"long unsigned int\000"
 733      20756E73 
 733      69676E65 
 733      6420696E 
 733      7400
 734              	.LASF3:
 735 0080 73686F72 		.ascii	"short unsigned int\000"
 735      7420756E 
 735      7369676E 
 735      65642069 
 735      6E7400
 736              	.LASF30:
 737 0093 49544D5F 		.ascii	"ITM_RxBuffer\000"
 737      52784275 
 737      66666572 
 737      00
 738              	.LASF13:
 739 00a0 646F7562 		.ascii	"double\000"
 739      6C6500
 740              	.LASF18:
 741 00a7 6D61696E 		.ascii	"main\000"
 741      00
 742              	.LASF28:
 743 00ac 433A5C55 		.ascii	"C:\\Users\\User\\Documents\\MIT 6.115\\finalproject"
 743      73657273 
 743      5C557365 
 743      725C446F 
 743      63756D65 
 744 00da 5C636F6E 		.ascii	"\\controller\\controller.cydsn\000"
 744      74726F6C 
 744      6C65725C 
 744      636F6E74 
 744      726F6C6C 
 745              	.LASF26:
 746 00f7 474E5520 		.ascii	"GNU C 4.9.3 20150303 (release) [ARM/embedded-4_9-br"
 746      4320342E 
 746      392E3320 
 746      32303135 
 746      30333033 
 747 012a 616E6368 		.ascii	"anch revision 221220] -mcpu=cortex-m3 -mthumb -g -O"
 747      20726576 
 747      6973696F 
 747      6E203232 
 747      31323230 
 748 015d 67202D66 		.ascii	"g -ffunction-sections -ffat-lto-objects\000"
 748      66756E63 
 748      74696F6E 
 748      2D736563 
 748      74696F6E 
 749              	.LASF8:
 750 0185 756E7369 		.ascii	"unsigned int\000"
 750      676E6564 
ARM GAS  C:\Users\User\AppData\Local\Temp\ccykGmck.s 			page 16


 750      20696E74 
 750      00
 751              	.LASF7:
 752 0192 6C6F6E67 		.ascii	"long long unsigned int\000"
 752      206C6F6E 
 752      6720756E 
 752      7369676E 
 752      65642069 
 753              	.LASF21:
 754 01a9 42746E5F 		.ascii	"Btn_3_Read\000"
 754      335F5265 
 754      616400
 755              	.LASF15:
 756 01b4 63796973 		.ascii	"cyisraddress\000"
 756      72616464 
 756      72657373 
 756      00
 757              	.LASF31:
 758 01c1 424C455F 		.ascii	"BLE_UART_PutChar\000"
 758      55415254 
 758      5F507574 
 758      43686172 
 758      00
 759              	.LASF16:
 760 01d2 73697A65 		.ascii	"sizetype\000"
 760      74797065 
 760      00
 761              	.LASF6:
 762 01db 6C6F6E67 		.ascii	"long long int\000"
 762      206C6F6E 
 762      6720696E 
 762      7400
 763              	.LASF14:
 764 01e9 63686172 		.ascii	"char\000"
 764      00
 765              	.LASF17:
 766 01ee 53747275 		.ascii	"Strum_isr\000"
 766      6D5F6973 
 766      7200
 767              	.LASF2:
 768 01f8 73686F72 		.ascii	"short int\000"
 768      7420696E 
 768      7400
 769              	.LASF29:
 770 0202 68775F69 		.ascii	"hw_init\000"
 770      6E697400 
 771              	.LASF11:
 772 020a 75696E74 		.ascii	"uint8\000"
 772      3800
 773              	.LASF22:
 774 0210 42746E5F 		.ascii	"Btn_4_Read\000"
 774      345F5265 
 774      616400
 775              	.LASF4:
 776 021b 6C6F6E67 		.ascii	"long int\000"
 776      20696E74 
 776      00
ARM GAS  C:\Users\User\AppData\Local\Temp\ccykGmck.s 			page 17


 777              	.LASF32:
 778 0224 53747275 		.ascii	"Strum_isr_StartEx\000"
 778      6D5F6973 
 778      725F5374 
 778      61727445 
 778      7800
 779              	.LASF19:
 780 0236 42746E5F 		.ascii	"Btn_1_Read\000"
 780      315F5265 
 780      616400
 781              		.ident	"GCC: (GNU Tools for ARM Embedded Processors) 4.9.3 20150303 (release) [ARM/embedded-4_9-br
