ARM GAS  C:\Users\User\AppData\Local\Temp\ccTOZ6sf.s 			page 1


   1              		.syntax unified
   2              		.cpu cortex-m3
   3              		.fpu softvfp
   4              		.eabi_attribute 20, 1
   5              		.eabi_attribute 21, 1
   6              		.eabi_attribute 23, 3
   7              		.eabi_attribute 24, 1
   8              		.eabi_attribute 25, 1
   9              		.eabi_attribute 26, 1
  10              		.eabi_attribute 30, 1
  11              		.eabi_attribute 34, 1
  12              		.eabi_attribute 18, 4
  13              		.thumb
  14              		.file	"Audio_DAC_Wave2_DMA_dma.c"
  15              		.text
  16              	.Ltext0:
  17              		.cfi_sections	.debug_frame
  18              		.section	.text.Audio_DAC_Wave2_DMA_DmaInitialize,"ax",%progbits
  19              		.align	2
  20              		.global	Audio_DAC_Wave2_DMA_DmaInitialize
  21              		.thumb
  22              		.thumb_func
  23              		.type	Audio_DAC_Wave2_DMA_DmaInitialize, %function
  24              	Audio_DAC_Wave2_DMA_DmaInitialize:
  25              	.LFB0:
  26              		.file 1 ".\\Generated_Source\\PSoC5\\Audio_DAC_Wave2_DMA_dma.c"
   1:.\Generated_Source\PSoC5/Audio_DAC_Wave2_DMA_dma.c **** /***************************************************************************
   2:.\Generated_Source\PSoC5/Audio_DAC_Wave2_DMA_dma.c **** * File Name: Audio_DAC_Wave2_DMA_dma.c  
   3:.\Generated_Source\PSoC5/Audio_DAC_Wave2_DMA_dma.c **** * Version 1.70
   4:.\Generated_Source\PSoC5/Audio_DAC_Wave2_DMA_dma.c **** *
   5:.\Generated_Source\PSoC5/Audio_DAC_Wave2_DMA_dma.c **** *  Description:
   6:.\Generated_Source\PSoC5/Audio_DAC_Wave2_DMA_dma.c **** *   Provides an API for the DMAC component. The API includes functions
   7:.\Generated_Source\PSoC5/Audio_DAC_Wave2_DMA_dma.c **** *   for the DMA controller, DMA channels and Transfer Descriptors.
   8:.\Generated_Source\PSoC5/Audio_DAC_Wave2_DMA_dma.c **** *
   9:.\Generated_Source\PSoC5/Audio_DAC_Wave2_DMA_dma.c **** *
  10:.\Generated_Source\PSoC5/Audio_DAC_Wave2_DMA_dma.c **** *   Note:
  11:.\Generated_Source\PSoC5/Audio_DAC_Wave2_DMA_dma.c **** *     This module requires the developer to finish or fill in the auto
  12:.\Generated_Source\PSoC5/Audio_DAC_Wave2_DMA_dma.c **** *     generated funcions and setup the dma channel and TD's.
  13:.\Generated_Source\PSoC5/Audio_DAC_Wave2_DMA_dma.c **** *
  14:.\Generated_Source\PSoC5/Audio_DAC_Wave2_DMA_dma.c **** ********************************************************************************
  15:.\Generated_Source\PSoC5/Audio_DAC_Wave2_DMA_dma.c **** * Copyright 2008-2010, Cypress Semiconductor Corporation.  All rights reserved.
  16:.\Generated_Source\PSoC5/Audio_DAC_Wave2_DMA_dma.c **** * You may use this file only in accordance with the license, terms, conditions, 
  17:.\Generated_Source\PSoC5/Audio_DAC_Wave2_DMA_dma.c **** * disclaimers, and limitations in the end user license agreement accompanying 
  18:.\Generated_Source\PSoC5/Audio_DAC_Wave2_DMA_dma.c **** * the software package with which this file was provided.
  19:.\Generated_Source\PSoC5/Audio_DAC_Wave2_DMA_dma.c **** ********************************************************************************/
  20:.\Generated_Source\PSoC5/Audio_DAC_Wave2_DMA_dma.c **** #include <CYLIB.H>
  21:.\Generated_Source\PSoC5/Audio_DAC_Wave2_DMA_dma.c **** #include <CYDMAC.H>
  22:.\Generated_Source\PSoC5/Audio_DAC_Wave2_DMA_dma.c **** #include <Audio_DAC_Wave2_DMA_dma.H>
  23:.\Generated_Source\PSoC5/Audio_DAC_Wave2_DMA_dma.c **** 
  24:.\Generated_Source\PSoC5/Audio_DAC_Wave2_DMA_dma.c **** 
  25:.\Generated_Source\PSoC5/Audio_DAC_Wave2_DMA_dma.c **** 
  26:.\Generated_Source\PSoC5/Audio_DAC_Wave2_DMA_dma.c **** /****************************************************************************
  27:.\Generated_Source\PSoC5/Audio_DAC_Wave2_DMA_dma.c **** * 
  28:.\Generated_Source\PSoC5/Audio_DAC_Wave2_DMA_dma.c **** * The following defines are available in Cyfitter.h
  29:.\Generated_Source\PSoC5/Audio_DAC_Wave2_DMA_dma.c **** * 
  30:.\Generated_Source\PSoC5/Audio_DAC_Wave2_DMA_dma.c **** * 
  31:.\Generated_Source\PSoC5/Audio_DAC_Wave2_DMA_dma.c **** * 
ARM GAS  C:\Users\User\AppData\Local\Temp\ccTOZ6sf.s 			page 2


  32:.\Generated_Source\PSoC5/Audio_DAC_Wave2_DMA_dma.c **** * Audio_DAC_Wave2_DMA__DRQ_CTL_REG
  33:.\Generated_Source\PSoC5/Audio_DAC_Wave2_DMA_dma.c **** * 
  34:.\Generated_Source\PSoC5/Audio_DAC_Wave2_DMA_dma.c **** * 
  35:.\Generated_Source\PSoC5/Audio_DAC_Wave2_DMA_dma.c **** * Audio_DAC_Wave2_DMA__DRQ_NUMBER
  36:.\Generated_Source\PSoC5/Audio_DAC_Wave2_DMA_dma.c **** * 
  37:.\Generated_Source\PSoC5/Audio_DAC_Wave2_DMA_dma.c **** * Number of TD's used by this channel.
  38:.\Generated_Source\PSoC5/Audio_DAC_Wave2_DMA_dma.c **** * Audio_DAC_Wave2_DMA__NUMBEROF_TDS
  39:.\Generated_Source\PSoC5/Audio_DAC_Wave2_DMA_dma.c **** * 
  40:.\Generated_Source\PSoC5/Audio_DAC_Wave2_DMA_dma.c **** * Priority of this channel.
  41:.\Generated_Source\PSoC5/Audio_DAC_Wave2_DMA_dma.c **** * Audio_DAC_Wave2_DMA__PRIORITY
  42:.\Generated_Source\PSoC5/Audio_DAC_Wave2_DMA_dma.c **** * 
  43:.\Generated_Source\PSoC5/Audio_DAC_Wave2_DMA_dma.c **** * True if Audio_DAC_Wave2_DMA_TERMIN_SEL is used.
  44:.\Generated_Source\PSoC5/Audio_DAC_Wave2_DMA_dma.c **** * Audio_DAC_Wave2_DMA__TERMIN_EN
  45:.\Generated_Source\PSoC5/Audio_DAC_Wave2_DMA_dma.c **** * 
  46:.\Generated_Source\PSoC5/Audio_DAC_Wave2_DMA_dma.c **** * TERMIN interrupt line to signal terminate.
  47:.\Generated_Source\PSoC5/Audio_DAC_Wave2_DMA_dma.c **** * Audio_DAC_Wave2_DMA__TERMIN_SEL
  48:.\Generated_Source\PSoC5/Audio_DAC_Wave2_DMA_dma.c **** * 
  49:.\Generated_Source\PSoC5/Audio_DAC_Wave2_DMA_dma.c **** * 
  50:.\Generated_Source\PSoC5/Audio_DAC_Wave2_DMA_dma.c **** * True if Audio_DAC_Wave2_DMA_TERMOUT0_SEL is used.
  51:.\Generated_Source\PSoC5/Audio_DAC_Wave2_DMA_dma.c **** * Audio_DAC_Wave2_DMA__TERMOUT0_EN
  52:.\Generated_Source\PSoC5/Audio_DAC_Wave2_DMA_dma.c **** * 
  53:.\Generated_Source\PSoC5/Audio_DAC_Wave2_DMA_dma.c **** * 
  54:.\Generated_Source\PSoC5/Audio_DAC_Wave2_DMA_dma.c **** * TERMOUT0 interrupt line to signal completion.
  55:.\Generated_Source\PSoC5/Audio_DAC_Wave2_DMA_dma.c **** * Audio_DAC_Wave2_DMA__TERMOUT0_SEL
  56:.\Generated_Source\PSoC5/Audio_DAC_Wave2_DMA_dma.c **** * 
  57:.\Generated_Source\PSoC5/Audio_DAC_Wave2_DMA_dma.c **** * 
  58:.\Generated_Source\PSoC5/Audio_DAC_Wave2_DMA_dma.c **** * True if Audio_DAC_Wave2_DMA_TERMOUT1_SEL is used.
  59:.\Generated_Source\PSoC5/Audio_DAC_Wave2_DMA_dma.c **** * Audio_DAC_Wave2_DMA__TERMOUT1_EN
  60:.\Generated_Source\PSoC5/Audio_DAC_Wave2_DMA_dma.c **** * 
  61:.\Generated_Source\PSoC5/Audio_DAC_Wave2_DMA_dma.c **** * 
  62:.\Generated_Source\PSoC5/Audio_DAC_Wave2_DMA_dma.c **** * TERMOUT1 interrupt line to signal completion.
  63:.\Generated_Source\PSoC5/Audio_DAC_Wave2_DMA_dma.c **** * Audio_DAC_Wave2_DMA__TERMOUT1_SEL
  64:.\Generated_Source\PSoC5/Audio_DAC_Wave2_DMA_dma.c **** * 
  65:.\Generated_Source\PSoC5/Audio_DAC_Wave2_DMA_dma.c **** ****************************************************************************/
  66:.\Generated_Source\PSoC5/Audio_DAC_Wave2_DMA_dma.c **** 
  67:.\Generated_Source\PSoC5/Audio_DAC_Wave2_DMA_dma.c **** 
  68:.\Generated_Source\PSoC5/Audio_DAC_Wave2_DMA_dma.c **** /* Zero based index of Audio_DAC_Wave2_DMA dma channel */
  69:.\Generated_Source\PSoC5/Audio_DAC_Wave2_DMA_dma.c **** uint8 Audio_DAC_Wave2_DMA_DmaHandle = DMA_INVALID_CHANNEL;
  70:.\Generated_Source\PSoC5/Audio_DAC_Wave2_DMA_dma.c **** 
  71:.\Generated_Source\PSoC5/Audio_DAC_Wave2_DMA_dma.c **** /*********************************************************************
  72:.\Generated_Source\PSoC5/Audio_DAC_Wave2_DMA_dma.c **** * Function Name: uint8 Audio_DAC_Wave2_DMA_DmaInitalize
  73:.\Generated_Source\PSoC5/Audio_DAC_Wave2_DMA_dma.c **** **********************************************************************
  74:.\Generated_Source\PSoC5/Audio_DAC_Wave2_DMA_dma.c **** * Summary:
  75:.\Generated_Source\PSoC5/Audio_DAC_Wave2_DMA_dma.c **** *   Allocates and initialises a channel of the DMAC to be used by the
  76:.\Generated_Source\PSoC5/Audio_DAC_Wave2_DMA_dma.c **** *   caller.
  77:.\Generated_Source\PSoC5/Audio_DAC_Wave2_DMA_dma.c **** *
  78:.\Generated_Source\PSoC5/Audio_DAC_Wave2_DMA_dma.c **** * Parameters:
  79:.\Generated_Source\PSoC5/Audio_DAC_Wave2_DMA_dma.c **** *   BurstCount.
  80:.\Generated_Source\PSoC5/Audio_DAC_Wave2_DMA_dma.c **** *       
  81:.\Generated_Source\PSoC5/Audio_DAC_Wave2_DMA_dma.c **** *       
  82:.\Generated_Source\PSoC5/Audio_DAC_Wave2_DMA_dma.c **** *   ReqestPerBurst.
  83:.\Generated_Source\PSoC5/Audio_DAC_Wave2_DMA_dma.c **** *       
  84:.\Generated_Source\PSoC5/Audio_DAC_Wave2_DMA_dma.c **** *       
  85:.\Generated_Source\PSoC5/Audio_DAC_Wave2_DMA_dma.c **** *   UpperSrcAddress.
  86:.\Generated_Source\PSoC5/Audio_DAC_Wave2_DMA_dma.c **** *       
  87:.\Generated_Source\PSoC5/Audio_DAC_Wave2_DMA_dma.c **** *       
  88:.\Generated_Source\PSoC5/Audio_DAC_Wave2_DMA_dma.c **** *   UpperDestAddress.
ARM GAS  C:\Users\User\AppData\Local\Temp\ccTOZ6sf.s 			page 3


  89:.\Generated_Source\PSoC5/Audio_DAC_Wave2_DMA_dma.c **** *       
  90:.\Generated_Source\PSoC5/Audio_DAC_Wave2_DMA_dma.c **** *
  91:.\Generated_Source\PSoC5/Audio_DAC_Wave2_DMA_dma.c **** * Return:
  92:.\Generated_Source\PSoC5/Audio_DAC_Wave2_DMA_dma.c **** *   The channel that can be used by the caller for DMA activity.
  93:.\Generated_Source\PSoC5/Audio_DAC_Wave2_DMA_dma.c **** *   DMA_INVALID_CHANNEL (0xFF) if there are no channels left. 
  94:.\Generated_Source\PSoC5/Audio_DAC_Wave2_DMA_dma.c **** *
  95:.\Generated_Source\PSoC5/Audio_DAC_Wave2_DMA_dma.c **** *
  96:.\Generated_Source\PSoC5/Audio_DAC_Wave2_DMA_dma.c **** *******************************************************************/
  97:.\Generated_Source\PSoC5/Audio_DAC_Wave2_DMA_dma.c **** uint8 Audio_DAC_Wave2_DMA_DmaInitialize(uint8 BurstCount, uint8 ReqestPerBurst, uint16 UpperSrcAddr
  98:.\Generated_Source\PSoC5/Audio_DAC_Wave2_DMA_dma.c **** {
  27              		.loc 1 98 0
  28              		.cfi_startproc
  29              		@ args = 0, pretend = 0, frame = 0
  30              		@ frame_needed = 0, uses_anonymous_args = 0
  31              	.LVL0:
  32 0000 F0B5     		push	{r4, r5, r6, r7, lr}
  33              		.cfi_def_cfa_offset 20
  34              		.cfi_offset 4, -20
  35              		.cfi_offset 5, -16
  36              		.cfi_offset 6, -12
  37              		.cfi_offset 7, -8
  38              		.cfi_offset 14, -4
  39 0002 83B0     		sub	sp, sp, #12
  40              		.cfi_def_cfa_offset 32
  41 0004 8646     		mov	lr, r0
  42 0006 0F46     		mov	r7, r1
  43 0008 1646     		mov	r6, r2
  44 000a 1D46     		mov	r5, r3
  99:.\Generated_Source\PSoC5/Audio_DAC_Wave2_DMA_dma.c **** 
 100:.\Generated_Source\PSoC5/Audio_DAC_Wave2_DMA_dma.c ****     /* Allocate a DMA channel. */
 101:.\Generated_Source\PSoC5/Audio_DAC_Wave2_DMA_dma.c ****     Audio_DAC_Wave2_DMA_DmaHandle = (uint8)Audio_DAC_Wave2_DMA__DRQ_NUMBER;
  45              		.loc 1 101 0
  46 000c 0A4C     		ldr	r4, .L3
  47 000e 0120     		movs	r0, #1
  48              	.LVL1:
  49 0010 2070     		strb	r0, [r4]
 102:.\Generated_Source\PSoC5/Audio_DAC_Wave2_DMA_dma.c **** 
 103:.\Generated_Source\PSoC5/Audio_DAC_Wave2_DMA_dma.c ****     /* Configure the channel. */
 104:.\Generated_Source\PSoC5/Audio_DAC_Wave2_DMA_dma.c ****     (void)CyDmaChSetConfiguration(Audio_DAC_Wave2_DMA_DmaHandle,
  50              		.loc 1 104 0
  51 0012 0023     		movs	r3, #0
  52              	.LVL2:
  53 0014 0093     		str	r3, [sp]
  54 0016 0193     		str	r3, [sp, #4]
  55 0018 7146     		mov	r1, lr
  56              	.LVL3:
  57 001a 3A46     		mov	r2, r7
  58              	.LVL4:
  59 001c FFF7FEFF 		bl	CyDmaChSetConfiguration
  60              	.LVL5:
 105:.\Generated_Source\PSoC5/Audio_DAC_Wave2_DMA_dma.c ****                                   BurstCount,
 106:.\Generated_Source\PSoC5/Audio_DAC_Wave2_DMA_dma.c ****                                   ReqestPerBurst,
 107:.\Generated_Source\PSoC5/Audio_DAC_Wave2_DMA_dma.c ****                                   (uint8)Audio_DAC_Wave2_DMA__TERMOUT0_SEL,
 108:.\Generated_Source\PSoC5/Audio_DAC_Wave2_DMA_dma.c ****                                   (uint8)Audio_DAC_Wave2_DMA__TERMOUT1_SEL,
 109:.\Generated_Source\PSoC5/Audio_DAC_Wave2_DMA_dma.c ****                                   (uint8)Audio_DAC_Wave2_DMA__TERMIN_SEL);
 110:.\Generated_Source\PSoC5/Audio_DAC_Wave2_DMA_dma.c **** 
 111:.\Generated_Source\PSoC5/Audio_DAC_Wave2_DMA_dma.c ****     /* Set the extended address for the transfers */
ARM GAS  C:\Users\User\AppData\Local\Temp\ccTOZ6sf.s 			page 4


 112:.\Generated_Source\PSoC5/Audio_DAC_Wave2_DMA_dma.c ****     (void)CyDmaChSetExtendedAddress(Audio_DAC_Wave2_DMA_DmaHandle, UpperSrcAddress, UpperDestAddres
  61              		.loc 1 112 0
  62 0020 2078     		ldrb	r0, [r4]	@ zero_extendqisi2
  63 0022 3146     		mov	r1, r6
  64 0024 2A46     		mov	r2, r5
  65 0026 FFF7FEFF 		bl	CyDmaChSetExtendedAddress
  66              	.LVL6:
 113:.\Generated_Source\PSoC5/Audio_DAC_Wave2_DMA_dma.c **** 
 114:.\Generated_Source\PSoC5/Audio_DAC_Wave2_DMA_dma.c ****     /* Set the priority for this channel */
 115:.\Generated_Source\PSoC5/Audio_DAC_Wave2_DMA_dma.c ****     (void)CyDmaChPriority(Audio_DAC_Wave2_DMA_DmaHandle, (uint8)Audio_DAC_Wave2_DMA__PRIORITY);
  67              		.loc 1 115 0
  68 002a 2078     		ldrb	r0, [r4]	@ zero_extendqisi2
  69 002c 0221     		movs	r1, #2
  70 002e FFF7FEFF 		bl	CyDmaChPriority
  71              	.LVL7:
 116:.\Generated_Source\PSoC5/Audio_DAC_Wave2_DMA_dma.c ****     
 117:.\Generated_Source\PSoC5/Audio_DAC_Wave2_DMA_dma.c ****     return Audio_DAC_Wave2_DMA_DmaHandle;
 118:.\Generated_Source\PSoC5/Audio_DAC_Wave2_DMA_dma.c **** }
  72              		.loc 1 118 0
  73 0032 2078     		ldrb	r0, [r4]	@ zero_extendqisi2
  74 0034 03B0     		add	sp, sp, #12
  75              		.cfi_def_cfa_offset 20
  76              		@ sp needed
  77 0036 F0BD     		pop	{r4, r5, r6, r7, pc}
  78              	.L4:
  79              		.align	2
  80              	.L3:
  81 0038 00000000 		.word	.LANCHOR0
  82              		.cfi_endproc
  83              	.LFE0:
  84              		.size	Audio_DAC_Wave2_DMA_DmaInitialize, .-Audio_DAC_Wave2_DMA_DmaInitialize
  85              		.section	.text.Audio_DAC_Wave2_DMA_DmaRelease,"ax",%progbits
  86              		.align	2
  87              		.global	Audio_DAC_Wave2_DMA_DmaRelease
  88              		.thumb
  89              		.thumb_func
  90              		.type	Audio_DAC_Wave2_DMA_DmaRelease, %function
  91              	Audio_DAC_Wave2_DMA_DmaRelease:
  92              	.LFB1:
 119:.\Generated_Source\PSoC5/Audio_DAC_Wave2_DMA_dma.c **** 
 120:.\Generated_Source\PSoC5/Audio_DAC_Wave2_DMA_dma.c **** /*********************************************************************
 121:.\Generated_Source\PSoC5/Audio_DAC_Wave2_DMA_dma.c **** * Function Name: void Audio_DAC_Wave2_DMA_DmaRelease
 122:.\Generated_Source\PSoC5/Audio_DAC_Wave2_DMA_dma.c **** **********************************************************************
 123:.\Generated_Source\PSoC5/Audio_DAC_Wave2_DMA_dma.c **** * Summary:
 124:.\Generated_Source\PSoC5/Audio_DAC_Wave2_DMA_dma.c **** *   Frees the channel associated with Audio_DAC_Wave2_DMA.
 125:.\Generated_Source\PSoC5/Audio_DAC_Wave2_DMA_dma.c **** *
 126:.\Generated_Source\PSoC5/Audio_DAC_Wave2_DMA_dma.c **** *
 127:.\Generated_Source\PSoC5/Audio_DAC_Wave2_DMA_dma.c **** * Parameters:
 128:.\Generated_Source\PSoC5/Audio_DAC_Wave2_DMA_dma.c **** *   void.
 129:.\Generated_Source\PSoC5/Audio_DAC_Wave2_DMA_dma.c **** *
 130:.\Generated_Source\PSoC5/Audio_DAC_Wave2_DMA_dma.c **** *
 131:.\Generated_Source\PSoC5/Audio_DAC_Wave2_DMA_dma.c **** *
 132:.\Generated_Source\PSoC5/Audio_DAC_Wave2_DMA_dma.c **** * Return:
 133:.\Generated_Source\PSoC5/Audio_DAC_Wave2_DMA_dma.c **** *   void.
 134:.\Generated_Source\PSoC5/Audio_DAC_Wave2_DMA_dma.c **** *
 135:.\Generated_Source\PSoC5/Audio_DAC_Wave2_DMA_dma.c **** *******************************************************************/
 136:.\Generated_Source\PSoC5/Audio_DAC_Wave2_DMA_dma.c **** void Audio_DAC_Wave2_DMA_DmaRelease(void) 
ARM GAS  C:\Users\User\AppData\Local\Temp\ccTOZ6sf.s 			page 5


 137:.\Generated_Source\PSoC5/Audio_DAC_Wave2_DMA_dma.c **** {
  93              		.loc 1 137 0
  94              		.cfi_startproc
  95              		@ args = 0, pretend = 0, frame = 0
  96              		@ frame_needed = 0, uses_anonymous_args = 0
  97 0000 08B5     		push	{r3, lr}
  98              		.cfi_def_cfa_offset 8
  99              		.cfi_offset 3, -8
 100              		.cfi_offset 14, -4
 138:.\Generated_Source\PSoC5/Audio_DAC_Wave2_DMA_dma.c ****     /* Disable the channel */
 139:.\Generated_Source\PSoC5/Audio_DAC_Wave2_DMA_dma.c ****     (void)CyDmaChDisable(Audio_DAC_Wave2_DMA_DmaHandle);
 101              		.loc 1 139 0
 102 0002 024B     		ldr	r3, .L7
 103 0004 1878     		ldrb	r0, [r3]	@ zero_extendqisi2
 104 0006 FFF7FEFF 		bl	CyDmaChDisable
 105              	.LVL8:
 106 000a 08BD     		pop	{r3, pc}
 107              	.L8:
 108              		.align	2
 109              	.L7:
 110 000c 00000000 		.word	.LANCHOR0
 111              		.cfi_endproc
 112              	.LFE1:
 113              		.size	Audio_DAC_Wave2_DMA_DmaRelease, .-Audio_DAC_Wave2_DMA_DmaRelease
 114              		.global	Audio_DAC_Wave2_DMA_DmaHandle
 115              		.data
 116              		.set	.LANCHOR0,. + 0
 117              		.type	Audio_DAC_Wave2_DMA_DmaHandle, %object
 118              		.size	Audio_DAC_Wave2_DMA_DmaHandle, 1
 119              	Audio_DAC_Wave2_DMA_DmaHandle:
 120 0000 FF       		.byte	-1
 121              		.text
 122              	.Letext0:
 123              		.file 2 "Generated_Source\\PSoC5/cytypes.h"
 124              		.file 3 "Generated_Source\\PSoC5/CYDMAC.H"
 125              		.section	.debug_info,"",%progbits
 126              	.Ldebug_info0:
 127 0000 00020000 		.4byte	0x200
 128 0004 0400     		.2byte	0x4
 129 0006 00000000 		.4byte	.Ldebug_abbrev0
 130 000a 04       		.byte	0x4
 131 000b 01       		.uleb128 0x1
 132 000c 79010000 		.4byte	.LASF24
 133 0010 01       		.byte	0x1
 134 0011 29000000 		.4byte	.LASF25
 135 0015 78020000 		.4byte	.LASF26
 136 0019 00000000 		.4byte	.Ldebug_ranges0+0
 137 001d 00000000 		.4byte	0
 138 0021 00000000 		.4byte	.Ldebug_line0
 139 0025 02       		.uleb128 0x2
 140 0026 04       		.byte	0x4
 141 0027 05       		.byte	0x5
 142 0028 696E7400 		.ascii	"int\000"
 143 002c 03       		.uleb128 0x3
 144 002d 04       		.byte	0x4
 145 002e 07       		.byte	0x7
 146 002f E2000000 		.4byte	.LASF0
ARM GAS  C:\Users\User\AppData\Local\Temp\ccTOZ6sf.s 			page 6


 147 0033 03       		.uleb128 0x3
 148 0034 08       		.byte	0x8
 149 0035 05       		.byte	0x5
 150 0036 20010000 		.4byte	.LASF1
 151 003a 03       		.uleb128 0x3
 152 003b 08       		.byte	0x8
 153 003c 04       		.byte	0x4
 154 003d 1B020000 		.4byte	.LASF2
 155 0041 03       		.uleb128 0x3
 156 0042 01       		.byte	0x1
 157 0043 06       		.byte	0x6
 158 0044 27020000 		.4byte	.LASF3
 159 0048 03       		.uleb128 0x3
 160 0049 01       		.byte	0x1
 161 004a 08       		.byte	0x8
 162 004b 75000000 		.4byte	.LASF4
 163 004f 03       		.uleb128 0x3
 164 0050 02       		.byte	0x2
 165 0051 05       		.byte	0x5
 166 0052 4D010000 		.4byte	.LASF5
 167 0056 03       		.uleb128 0x3
 168 0057 02       		.byte	0x2
 169 0058 07       		.byte	0x7
 170 0059 5C000000 		.4byte	.LASF6
 171 005d 03       		.uleb128 0x3
 172 005e 04       		.byte	0x4
 173 005f 05       		.byte	0x5
 174 0060 12020000 		.4byte	.LASF7
 175 0064 03       		.uleb128 0x3
 176 0065 04       		.byte	0x4
 177 0066 07       		.byte	0x7
 178 0067 8E000000 		.4byte	.LASF8
 179 006b 03       		.uleb128 0x3
 180 006c 08       		.byte	0x8
 181 006d 07       		.byte	0x7
 182 006e EF000000 		.4byte	.LASF9
 183 0072 03       		.uleb128 0x3
 184 0073 04       		.byte	0x4
 185 0074 07       		.byte	0x7
 186 0075 17010000 		.4byte	.LASF10
 187 0079 03       		.uleb128 0x3
 188 007a 01       		.byte	0x1
 189 007b 08       		.byte	0x8
 190 007c 48010000 		.4byte	.LASF11
 191 0080 04       		.uleb128 0x4
 192 0081 A0000000 		.4byte	.LASF12
 193 0085 02       		.byte	0x2
 194 0086 9201     		.2byte	0x192
 195 0088 48000000 		.4byte	0x48
 196 008c 04       		.uleb128 0x4
 197 008d DB000000 		.4byte	.LASF13
 198 0091 02       		.byte	0x2
 199 0092 9301     		.2byte	0x193
 200 0094 56000000 		.4byte	0x56
 201 0098 03       		.uleb128 0x3
 202 0099 04       		.byte	0x4
 203 009a 04       		.byte	0x4
ARM GAS  C:\Users\User\AppData\Local\Temp\ccTOZ6sf.s 			page 7


 204 009b 6F000000 		.4byte	.LASF14
 205 009f 03       		.uleb128 0x3
 206 00a0 08       		.byte	0x8
 207 00a1 04       		.byte	0x4
 208 00a2 D4000000 		.4byte	.LASF15
 209 00a6 04       		.uleb128 0x4
 210 00a7 00000000 		.4byte	.LASF16
 211 00ab 02       		.byte	0x2
 212 00ac 3402     		.2byte	0x234
 213 00ae 64000000 		.4byte	0x64
 214 00b2 05       		.uleb128 0x5
 215 00b3 57010000 		.4byte	.LASF27
 216 00b7 01       		.byte	0x1
 217 00b8 61       		.byte	0x61
 218 00b9 80000000 		.4byte	0x80
 219 00bd 00000000 		.4byte	.LFB0
 220 00c1 3C000000 		.4byte	.LFE0-.LFB0
 221 00c5 01       		.uleb128 0x1
 222 00c6 9C       		.byte	0x9c
 223 00c7 5B010000 		.4byte	0x15b
 224 00cb 06       		.uleb128 0x6
 225 00cc 83000000 		.4byte	.LASF17
 226 00d0 01       		.byte	0x1
 227 00d1 61       		.byte	0x61
 228 00d2 80000000 		.4byte	0x80
 229 00d6 00000000 		.4byte	.LLST0
 230 00da 06       		.uleb128 0x6
 231 00db A6000000 		.4byte	.LASF18
 232 00df 01       		.byte	0x1
 233 00e0 61       		.byte	0x61
 234 00e1 80000000 		.4byte	0x80
 235 00e5 21000000 		.4byte	.LLST1
 236 00e9 06       		.uleb128 0x6
 237 00ea 09000000 		.4byte	.LASF19
 238 00ee 01       		.byte	0x1
 239 00ef 61       		.byte	0x61
 240 00f0 8C000000 		.4byte	0x8c
 241 00f4 42000000 		.4byte	.LLST2
 242 00f8 06       		.uleb128 0x6
 243 00f9 06010000 		.4byte	.LASF20
 244 00fd 01       		.byte	0x1
 245 00fe 61       		.byte	0x61
 246 00ff 8C000000 		.4byte	0x8c
 247 0103 63000000 		.4byte	.LLST3
 248 0107 07       		.uleb128 0x7
 249 0108 20000000 		.4byte	.LVL5
 250 010c 8B010000 		.4byte	0x18b
 251 0110 31010000 		.4byte	0x131
 252 0114 08       		.uleb128 0x8
 253 0115 01       		.uleb128 0x1
 254 0116 53       		.byte	0x53
 255 0117 01       		.uleb128 0x1
 256 0118 30       		.byte	0x30
 257 0119 08       		.uleb128 0x8
 258 011a 01       		.uleb128 0x1
 259 011b 52       		.byte	0x52
 260 011c 02       		.uleb128 0x2
ARM GAS  C:\Users\User\AppData\Local\Temp\ccTOZ6sf.s 			page 8


 261 011d 77       		.byte	0x77
 262 011e 00       		.sleb128 0
 263 011f 08       		.uleb128 0x8
 264 0120 01       		.uleb128 0x1
 265 0121 50       		.byte	0x50
 266 0122 01       		.uleb128 0x1
 267 0123 31       		.byte	0x31
 268 0124 08       		.uleb128 0x8
 269 0125 02       		.uleb128 0x2
 270 0126 7D       		.byte	0x7d
 271 0127 04       		.sleb128 4
 272 0128 01       		.uleb128 0x1
 273 0129 30       		.byte	0x30
 274 012a 08       		.uleb128 0x8
 275 012b 02       		.uleb128 0x2
 276 012c 7D       		.byte	0x7d
 277 012d 00       		.sleb128 0
 278 012e 01       		.uleb128 0x1
 279 012f 30       		.byte	0x30
 280 0130 00       		.byte	0
 281 0131 07       		.uleb128 0x7
 282 0132 2A000000 		.4byte	.LVL6
 283 0136 B9010000 		.4byte	0x1b9
 284 013a 4B010000 		.4byte	0x14b
 285 013e 08       		.uleb128 0x8
 286 013f 01       		.uleb128 0x1
 287 0140 52       		.byte	0x52
 288 0141 02       		.uleb128 0x2
 289 0142 75       		.byte	0x75
 290 0143 00       		.sleb128 0
 291 0144 08       		.uleb128 0x8
 292 0145 01       		.uleb128 0x1
 293 0146 51       		.byte	0x51
 294 0147 02       		.uleb128 0x2
 295 0148 76       		.byte	0x76
 296 0149 00       		.sleb128 0
 297 014a 00       		.byte	0
 298 014b 09       		.uleb128 0x9
 299 014c 32000000 		.4byte	.LVL7
 300 0150 D8010000 		.4byte	0x1d8
 301 0154 08       		.uleb128 0x8
 302 0155 01       		.uleb128 0x1
 303 0156 51       		.byte	0x51
 304 0157 01       		.uleb128 0x1
 305 0158 32       		.byte	0x32
 306 0159 00       		.byte	0
 307 015a 00       		.byte	0
 308 015b 0A       		.uleb128 0xa
 309 015c B5000000 		.4byte	.LASF28
 310 0160 01       		.byte	0x1
 311 0161 88       		.byte	0x88
 312 0162 00000000 		.4byte	.LFB1
 313 0166 10000000 		.4byte	.LFE1-.LFB1
 314 016a 01       		.uleb128 0x1
 315 016b 9C       		.byte	0x9c
 316 016c 7A010000 		.4byte	0x17a
 317 0170 0B       		.uleb128 0xb
ARM GAS  C:\Users\User\AppData\Local\Temp\ccTOZ6sf.s 			page 9


 318 0171 0A000000 		.4byte	.LVL8
 319 0175 F2010000 		.4byte	0x1f2
 320 0179 00       		.byte	0
 321 017a 0C       		.uleb128 0xc
 322 017b 42020000 		.4byte	.LASF29
 323 017f 01       		.byte	0x1
 324 0180 45       		.byte	0x45
 325 0181 80000000 		.4byte	0x80
 326 0185 05       		.uleb128 0x5
 327 0186 03       		.byte	0x3
 328 0187 00000000 		.4byte	Audio_DAC_Wave2_DMA_DmaHandle
 329 018b 0D       		.uleb128 0xd
 330 018c 60020000 		.4byte	.LASF21
 331 0190 03       		.byte	0x3
 332 0191 33       		.byte	0x33
 333 0192 A6000000 		.4byte	0xa6
 334 0196 B9010000 		.4byte	0x1b9
 335 019a 0E       		.uleb128 0xe
 336 019b 80000000 		.4byte	0x80
 337 019f 0E       		.uleb128 0xe
 338 01a0 80000000 		.4byte	0x80
 339 01a4 0E       		.uleb128 0xe
 340 01a5 80000000 		.4byte	0x80
 341 01a9 0E       		.uleb128 0xe
 342 01aa 80000000 		.4byte	0x80
 343 01ae 0E       		.uleb128 0xe
 344 01af 80000000 		.4byte	0x80
 345 01b3 0E       		.uleb128 0xe
 346 01b4 80000000 		.4byte	0x80
 347 01b8 00       		.byte	0
 348 01b9 0D       		.uleb128 0xd
 349 01ba 2E010000 		.4byte	.LASF22
 350 01be 03       		.byte	0x3
 351 01bf 2D       		.byte	0x2d
 352 01c0 A6000000 		.4byte	0xa6
 353 01c4 D8010000 		.4byte	0x1d8
 354 01c8 0E       		.uleb128 0xe
 355 01c9 80000000 		.4byte	0x80
 356 01cd 0E       		.uleb128 0xe
 357 01ce 8C000000 		.4byte	0x8c
 358 01d2 0E       		.uleb128 0xe
 359 01d3 8C000000 		.4byte	0x8c
 360 01d7 00       		.byte	0
 361 01d8 0D       		.uleb128 0xd
 362 01d9 19000000 		.4byte	.LASF23
 363 01dd 03       		.byte	0x3
 364 01de 2C       		.byte	0x2c
 365 01df A6000000 		.4byte	0xa6
 366 01e3 F2010000 		.4byte	0x1f2
 367 01e7 0E       		.uleb128 0xe
 368 01e8 80000000 		.4byte	0x80
 369 01ec 0E       		.uleb128 0xe
 370 01ed 80000000 		.4byte	0x80
 371 01f1 00       		.byte	0
 372 01f2 0F       		.uleb128 0xf
 373 01f3 33020000 		.4byte	.LASF30
 374 01f7 03       		.byte	0x3
ARM GAS  C:\Users\User\AppData\Local\Temp\ccTOZ6sf.s 			page 10


 375 01f8 2A       		.byte	0x2a
 376 01f9 A6000000 		.4byte	0xa6
 377 01fd 0E       		.uleb128 0xe
 378 01fe 80000000 		.4byte	0x80
 379 0202 00       		.byte	0
 380 0203 00       		.byte	0
 381              		.section	.debug_abbrev,"",%progbits
 382              	.Ldebug_abbrev0:
 383 0000 01       		.uleb128 0x1
 384 0001 11       		.uleb128 0x11
 385 0002 01       		.byte	0x1
 386 0003 25       		.uleb128 0x25
 387 0004 0E       		.uleb128 0xe
 388 0005 13       		.uleb128 0x13
 389 0006 0B       		.uleb128 0xb
 390 0007 03       		.uleb128 0x3
 391 0008 0E       		.uleb128 0xe
 392 0009 1B       		.uleb128 0x1b
 393 000a 0E       		.uleb128 0xe
 394 000b 55       		.uleb128 0x55
 395 000c 17       		.uleb128 0x17
 396 000d 11       		.uleb128 0x11
 397 000e 01       		.uleb128 0x1
 398 000f 10       		.uleb128 0x10
 399 0010 17       		.uleb128 0x17
 400 0011 00       		.byte	0
 401 0012 00       		.byte	0
 402 0013 02       		.uleb128 0x2
 403 0014 24       		.uleb128 0x24
 404 0015 00       		.byte	0
 405 0016 0B       		.uleb128 0xb
 406 0017 0B       		.uleb128 0xb
 407 0018 3E       		.uleb128 0x3e
 408 0019 0B       		.uleb128 0xb
 409 001a 03       		.uleb128 0x3
 410 001b 08       		.uleb128 0x8
 411 001c 00       		.byte	0
 412 001d 00       		.byte	0
 413 001e 03       		.uleb128 0x3
 414 001f 24       		.uleb128 0x24
 415 0020 00       		.byte	0
 416 0021 0B       		.uleb128 0xb
 417 0022 0B       		.uleb128 0xb
 418 0023 3E       		.uleb128 0x3e
 419 0024 0B       		.uleb128 0xb
 420 0025 03       		.uleb128 0x3
 421 0026 0E       		.uleb128 0xe
 422 0027 00       		.byte	0
 423 0028 00       		.byte	0
 424 0029 04       		.uleb128 0x4
 425 002a 16       		.uleb128 0x16
 426 002b 00       		.byte	0
 427 002c 03       		.uleb128 0x3
 428 002d 0E       		.uleb128 0xe
 429 002e 3A       		.uleb128 0x3a
 430 002f 0B       		.uleb128 0xb
 431 0030 3B       		.uleb128 0x3b
ARM GAS  C:\Users\User\AppData\Local\Temp\ccTOZ6sf.s 			page 11


 432 0031 05       		.uleb128 0x5
 433 0032 49       		.uleb128 0x49
 434 0033 13       		.uleb128 0x13
 435 0034 00       		.byte	0
 436 0035 00       		.byte	0
 437 0036 05       		.uleb128 0x5
 438 0037 2E       		.uleb128 0x2e
 439 0038 01       		.byte	0x1
 440 0039 3F       		.uleb128 0x3f
 441 003a 19       		.uleb128 0x19
 442 003b 03       		.uleb128 0x3
 443 003c 0E       		.uleb128 0xe
 444 003d 3A       		.uleb128 0x3a
 445 003e 0B       		.uleb128 0xb
 446 003f 3B       		.uleb128 0x3b
 447 0040 0B       		.uleb128 0xb
 448 0041 27       		.uleb128 0x27
 449 0042 19       		.uleb128 0x19
 450 0043 49       		.uleb128 0x49
 451 0044 13       		.uleb128 0x13
 452 0045 11       		.uleb128 0x11
 453 0046 01       		.uleb128 0x1
 454 0047 12       		.uleb128 0x12
 455 0048 06       		.uleb128 0x6
 456 0049 40       		.uleb128 0x40
 457 004a 18       		.uleb128 0x18
 458 004b 9742     		.uleb128 0x2117
 459 004d 19       		.uleb128 0x19
 460 004e 01       		.uleb128 0x1
 461 004f 13       		.uleb128 0x13
 462 0050 00       		.byte	0
 463 0051 00       		.byte	0
 464 0052 06       		.uleb128 0x6
 465 0053 05       		.uleb128 0x5
 466 0054 00       		.byte	0
 467 0055 03       		.uleb128 0x3
 468 0056 0E       		.uleb128 0xe
 469 0057 3A       		.uleb128 0x3a
 470 0058 0B       		.uleb128 0xb
 471 0059 3B       		.uleb128 0x3b
 472 005a 0B       		.uleb128 0xb
 473 005b 49       		.uleb128 0x49
 474 005c 13       		.uleb128 0x13
 475 005d 02       		.uleb128 0x2
 476 005e 17       		.uleb128 0x17
 477 005f 00       		.byte	0
 478 0060 00       		.byte	0
 479 0061 07       		.uleb128 0x7
 480 0062 898201   		.uleb128 0x4109
 481 0065 01       		.byte	0x1
 482 0066 11       		.uleb128 0x11
 483 0067 01       		.uleb128 0x1
 484 0068 31       		.uleb128 0x31
 485 0069 13       		.uleb128 0x13
 486 006a 01       		.uleb128 0x1
 487 006b 13       		.uleb128 0x13
 488 006c 00       		.byte	0
ARM GAS  C:\Users\User\AppData\Local\Temp\ccTOZ6sf.s 			page 12


 489 006d 00       		.byte	0
 490 006e 08       		.uleb128 0x8
 491 006f 8A8201   		.uleb128 0x410a
 492 0072 00       		.byte	0
 493 0073 02       		.uleb128 0x2
 494 0074 18       		.uleb128 0x18
 495 0075 9142     		.uleb128 0x2111
 496 0077 18       		.uleb128 0x18
 497 0078 00       		.byte	0
 498 0079 00       		.byte	0
 499 007a 09       		.uleb128 0x9
 500 007b 898201   		.uleb128 0x4109
 501 007e 01       		.byte	0x1
 502 007f 11       		.uleb128 0x11
 503 0080 01       		.uleb128 0x1
 504 0081 31       		.uleb128 0x31
 505 0082 13       		.uleb128 0x13
 506 0083 00       		.byte	0
 507 0084 00       		.byte	0
 508 0085 0A       		.uleb128 0xa
 509 0086 2E       		.uleb128 0x2e
 510 0087 01       		.byte	0x1
 511 0088 3F       		.uleb128 0x3f
 512 0089 19       		.uleb128 0x19
 513 008a 03       		.uleb128 0x3
 514 008b 0E       		.uleb128 0xe
 515 008c 3A       		.uleb128 0x3a
 516 008d 0B       		.uleb128 0xb
 517 008e 3B       		.uleb128 0x3b
 518 008f 0B       		.uleb128 0xb
 519 0090 27       		.uleb128 0x27
 520 0091 19       		.uleb128 0x19
 521 0092 11       		.uleb128 0x11
 522 0093 01       		.uleb128 0x1
 523 0094 12       		.uleb128 0x12
 524 0095 06       		.uleb128 0x6
 525 0096 40       		.uleb128 0x40
 526 0097 18       		.uleb128 0x18
 527 0098 9742     		.uleb128 0x2117
 528 009a 19       		.uleb128 0x19
 529 009b 01       		.uleb128 0x1
 530 009c 13       		.uleb128 0x13
 531 009d 00       		.byte	0
 532 009e 00       		.byte	0
 533 009f 0B       		.uleb128 0xb
 534 00a0 898201   		.uleb128 0x4109
 535 00a3 00       		.byte	0
 536 00a4 11       		.uleb128 0x11
 537 00a5 01       		.uleb128 0x1
 538 00a6 31       		.uleb128 0x31
 539 00a7 13       		.uleb128 0x13
 540 00a8 00       		.byte	0
 541 00a9 00       		.byte	0
 542 00aa 0C       		.uleb128 0xc
 543 00ab 34       		.uleb128 0x34
 544 00ac 00       		.byte	0
 545 00ad 03       		.uleb128 0x3
ARM GAS  C:\Users\User\AppData\Local\Temp\ccTOZ6sf.s 			page 13


 546 00ae 0E       		.uleb128 0xe
 547 00af 3A       		.uleb128 0x3a
 548 00b0 0B       		.uleb128 0xb
 549 00b1 3B       		.uleb128 0x3b
 550 00b2 0B       		.uleb128 0xb
 551 00b3 49       		.uleb128 0x49
 552 00b4 13       		.uleb128 0x13
 553 00b5 3F       		.uleb128 0x3f
 554 00b6 19       		.uleb128 0x19
 555 00b7 02       		.uleb128 0x2
 556 00b8 18       		.uleb128 0x18
 557 00b9 00       		.byte	0
 558 00ba 00       		.byte	0
 559 00bb 0D       		.uleb128 0xd
 560 00bc 2E       		.uleb128 0x2e
 561 00bd 01       		.byte	0x1
 562 00be 3F       		.uleb128 0x3f
 563 00bf 19       		.uleb128 0x19
 564 00c0 03       		.uleb128 0x3
 565 00c1 0E       		.uleb128 0xe
 566 00c2 3A       		.uleb128 0x3a
 567 00c3 0B       		.uleb128 0xb
 568 00c4 3B       		.uleb128 0x3b
 569 00c5 0B       		.uleb128 0xb
 570 00c6 27       		.uleb128 0x27
 571 00c7 19       		.uleb128 0x19
 572 00c8 49       		.uleb128 0x49
 573 00c9 13       		.uleb128 0x13
 574 00ca 3C       		.uleb128 0x3c
 575 00cb 19       		.uleb128 0x19
 576 00cc 01       		.uleb128 0x1
 577 00cd 13       		.uleb128 0x13
 578 00ce 00       		.byte	0
 579 00cf 00       		.byte	0
 580 00d0 0E       		.uleb128 0xe
 581 00d1 05       		.uleb128 0x5
 582 00d2 00       		.byte	0
 583 00d3 49       		.uleb128 0x49
 584 00d4 13       		.uleb128 0x13
 585 00d5 00       		.byte	0
 586 00d6 00       		.byte	0
 587 00d7 0F       		.uleb128 0xf
 588 00d8 2E       		.uleb128 0x2e
 589 00d9 01       		.byte	0x1
 590 00da 3F       		.uleb128 0x3f
 591 00db 19       		.uleb128 0x19
 592 00dc 03       		.uleb128 0x3
 593 00dd 0E       		.uleb128 0xe
 594 00de 3A       		.uleb128 0x3a
 595 00df 0B       		.uleb128 0xb
 596 00e0 3B       		.uleb128 0x3b
 597 00e1 0B       		.uleb128 0xb
 598 00e2 27       		.uleb128 0x27
 599 00e3 19       		.uleb128 0x19
 600 00e4 49       		.uleb128 0x49
 601 00e5 13       		.uleb128 0x13
 602 00e6 3C       		.uleb128 0x3c
ARM GAS  C:\Users\User\AppData\Local\Temp\ccTOZ6sf.s 			page 14


 603 00e7 19       		.uleb128 0x19
 604 00e8 00       		.byte	0
 605 00e9 00       		.byte	0
 606 00ea 00       		.byte	0
 607              		.section	.debug_loc,"",%progbits
 608              	.Ldebug_loc0:
 609              	.LLST0:
 610 0000 00000000 		.4byte	.LVL0
 611 0004 10000000 		.4byte	.LVL1
 612 0008 0100     		.2byte	0x1
 613 000a 50       		.byte	0x50
 614 000b 10000000 		.4byte	.LVL1
 615 000f 3C000000 		.4byte	.LFE0
 616 0013 0400     		.2byte	0x4
 617 0015 F3       		.byte	0xf3
 618 0016 01       		.uleb128 0x1
 619 0017 50       		.byte	0x50
 620 0018 9F       		.byte	0x9f
 621 0019 00000000 		.4byte	0
 622 001d 00000000 		.4byte	0
 623              	.LLST1:
 624 0021 00000000 		.4byte	.LVL0
 625 0025 1A000000 		.4byte	.LVL3
 626 0029 0100     		.2byte	0x1
 627 002b 51       		.byte	0x51
 628 002c 1A000000 		.4byte	.LVL3
 629 0030 3C000000 		.4byte	.LFE0
 630 0034 0400     		.2byte	0x4
 631 0036 F3       		.byte	0xf3
 632 0037 01       		.uleb128 0x1
 633 0038 51       		.byte	0x51
 634 0039 9F       		.byte	0x9f
 635 003a 00000000 		.4byte	0
 636 003e 00000000 		.4byte	0
 637              	.LLST2:
 638 0042 00000000 		.4byte	.LVL0
 639 0046 1C000000 		.4byte	.LVL4
 640 004a 0100     		.2byte	0x1
 641 004c 52       		.byte	0x52
 642 004d 1C000000 		.4byte	.LVL4
 643 0051 3C000000 		.4byte	.LFE0
 644 0055 0400     		.2byte	0x4
 645 0057 F3       		.byte	0xf3
 646 0058 01       		.uleb128 0x1
 647 0059 52       		.byte	0x52
 648 005a 9F       		.byte	0x9f
 649 005b 00000000 		.4byte	0
 650 005f 00000000 		.4byte	0
 651              	.LLST3:
 652 0063 00000000 		.4byte	.LVL0
 653 0067 14000000 		.4byte	.LVL2
 654 006b 0100     		.2byte	0x1
 655 006d 53       		.byte	0x53
 656 006e 14000000 		.4byte	.LVL2
 657 0072 3C000000 		.4byte	.LFE0
 658 0076 0400     		.2byte	0x4
 659 0078 F3       		.byte	0xf3
ARM GAS  C:\Users\User\AppData\Local\Temp\ccTOZ6sf.s 			page 15


 660 0079 01       		.uleb128 0x1
 661 007a 53       		.byte	0x53
 662 007b 9F       		.byte	0x9f
 663 007c 00000000 		.4byte	0
 664 0080 00000000 		.4byte	0
 665              		.section	.debug_aranges,"",%progbits
 666 0000 24000000 		.4byte	0x24
 667 0004 0200     		.2byte	0x2
 668 0006 00000000 		.4byte	.Ldebug_info0
 669 000a 04       		.byte	0x4
 670 000b 00       		.byte	0
 671 000c 0000     		.2byte	0
 672 000e 0000     		.2byte	0
 673 0010 00000000 		.4byte	.LFB0
 674 0014 3C000000 		.4byte	.LFE0-.LFB0
 675 0018 00000000 		.4byte	.LFB1
 676 001c 10000000 		.4byte	.LFE1-.LFB1
 677 0020 00000000 		.4byte	0
 678 0024 00000000 		.4byte	0
 679              		.section	.debug_ranges,"",%progbits
 680              	.Ldebug_ranges0:
 681 0000 00000000 		.4byte	.LFB0
 682 0004 3C000000 		.4byte	.LFE0
 683 0008 00000000 		.4byte	.LFB1
 684 000c 10000000 		.4byte	.LFE1
 685 0010 00000000 		.4byte	0
 686 0014 00000000 		.4byte	0
 687              		.section	.debug_line,"",%progbits
 688              	.Ldebug_line0:
 689 0000 A5000000 		.section	.debug_str,"MS",%progbits,1
 689      02007900 
 689      00000201 
 689      FB0E0D00 
 689      01010101 
 690              	.LASF16:
 691 0000 63797374 		.ascii	"cystatus\000"
 691      61747573 
 691      00
 692              	.LASF19:
 693 0009 55707065 		.ascii	"UpperSrcAddress\000"
 693      72537263 
 693      41646472 
 693      65737300 
 694              	.LASF23:
 695 0019 4379446D 		.ascii	"CyDmaChPriority\000"
 695      61436850 
 695      72696F72 
 695      69747900 
 696              	.LASF25:
 697 0029 2E5C4765 		.ascii	".\\Generated_Source\\PSoC5\\Audio_DAC_Wave2_DMA_dma"
 697      6E657261 
 697      7465645F 
 697      536F7572 
 697      63655C50 
 698 0059 2E6300   		.ascii	".c\000"
 699              	.LASF6:
 700 005c 73686F72 		.ascii	"short unsigned int\000"
ARM GAS  C:\Users\User\AppData\Local\Temp\ccTOZ6sf.s 			page 16


 700      7420756E 
 700      7369676E 
 700      65642069 
 700      6E7400
 701              	.LASF14:
 702 006f 666C6F61 		.ascii	"float\000"
 702      7400
 703              	.LASF4:
 704 0075 756E7369 		.ascii	"unsigned char\000"
 704      676E6564 
 704      20636861 
 704      7200
 705              	.LASF17:
 706 0083 42757273 		.ascii	"BurstCount\000"
 706      74436F75 
 706      6E7400
 707              	.LASF8:
 708 008e 6C6F6E67 		.ascii	"long unsigned int\000"
 708      20756E73 
 708      69676E65 
 708      6420696E 
 708      7400
 709              	.LASF12:
 710 00a0 75696E74 		.ascii	"uint8\000"
 710      3800
 711              	.LASF18:
 712 00a6 52657165 		.ascii	"ReqestPerBurst\000"
 712      73745065 
 712      72427572 
 712      737400
 713              	.LASF28:
 714 00b5 41756469 		.ascii	"Audio_DAC_Wave2_DMA_DmaRelease\000"
 714      6F5F4441 
 714      435F5761 
 714      7665325F 
 714      444D415F 
 715              	.LASF15:
 716 00d4 646F7562 		.ascii	"double\000"
 716      6C6500
 717              	.LASF13:
 718 00db 75696E74 		.ascii	"uint16\000"
 718      313600
 719              	.LASF0:
 720 00e2 756E7369 		.ascii	"unsigned int\000"
 720      676E6564 
 720      20696E74 
 720      00
 721              	.LASF9:
 722 00ef 6C6F6E67 		.ascii	"long long unsigned int\000"
 722      206C6F6E 
 722      6720756E 
 722      7369676E 
 722      65642069 
 723              	.LASF20:
 724 0106 55707065 		.ascii	"UpperDestAddress\000"
 724      72446573 
 724      74416464 
ARM GAS  C:\Users\User\AppData\Local\Temp\ccTOZ6sf.s 			page 17


 724      72657373 
 724      00
 725              	.LASF10:
 726 0117 73697A65 		.ascii	"sizetype\000"
 726      74797065 
 726      00
 727              	.LASF1:
 728 0120 6C6F6E67 		.ascii	"long long int\000"
 728      206C6F6E 
 728      6720696E 
 728      7400
 729              	.LASF22:
 730 012e 4379446D 		.ascii	"CyDmaChSetExtendedAddress\000"
 730      61436853 
 730      65744578 
 730      74656E64 
 730      65644164 
 731              	.LASF11:
 732 0148 63686172 		.ascii	"char\000"
 732      00
 733              	.LASF5:
 734 014d 73686F72 		.ascii	"short int\000"
 734      7420696E 
 734      7400
 735              	.LASF27:
 736 0157 41756469 		.ascii	"Audio_DAC_Wave2_DMA_DmaInitialize\000"
 736      6F5F4441 
 736      435F5761 
 736      7665325F 
 736      444D415F 
 737              	.LASF24:
 738 0179 474E5520 		.ascii	"GNU C 4.9.3 20150303 (release) [ARM/embedded-4_9-br"
 738      4320342E 
 738      392E3320 
 738      32303135 
 738      30333033 
 739 01ac 616E6368 		.ascii	"anch revision 221220] -mcpu=cortex-m3 -mthumb -g -O"
 739      20726576 
 739      6973696F 
 739      6E203232 
 739      31323230 
 740 01df 67202D73 		.ascii	"g -std=gnu11 -ffunction-sections -ffat-lto-objects\000"
 740      74643D67 
 740      6E753131 
 740      202D6666 
 740      756E6374 
 741              	.LASF7:
 742 0212 6C6F6E67 		.ascii	"long int\000"
 742      20696E74 
 742      00
 743              	.LASF2:
 744 021b 6C6F6E67 		.ascii	"long double\000"
 744      20646F75 
 744      626C6500 
 745              	.LASF3:
 746 0227 7369676E 		.ascii	"signed char\000"
 746      65642063 
ARM GAS  C:\Users\User\AppData\Local\Temp\ccTOZ6sf.s 			page 18


 746      68617200 
 747              	.LASF30:
 748 0233 4379446D 		.ascii	"CyDmaChDisable\000"
 748      61436844 
 748      69736162 
 748      6C6500
 749              	.LASF29:
 750 0242 41756469 		.ascii	"Audio_DAC_Wave2_DMA_DmaHandle\000"
 750      6F5F4441 
 750      435F5761 
 750      7665325F 
 750      444D415F 
 751              	.LASF21:
 752 0260 4379446D 		.ascii	"CyDmaChSetConfiguration\000"
 752      61436853 
 752      6574436F 
 752      6E666967 
 752      75726174 
 753              	.LASF26:
 754 0278 433A5C55 		.ascii	"C:\\Users\\User\\Documents\\MIT 6.115\\finalproject"
 754      73657273 
 754      5C557365 
 754      725C446F 
 754      63756D65 
 755 02a6 5C66696E 		.ascii	"\\finalproject\\GuitarHero.cydsn\000"
 755      616C7072 
 755      6F6A6563 
 755      745C4775 
 755      69746172 
 756              		.ident	"GCC: (GNU Tools for ARM Embedded Processors) 4.9.3 20150303 (release) [ARM/embedded-4_9-br
