ARM GAS  C:\Users\User\AppData\Local\Temp\cchD6YxE.s 			page 1


   1              		.syntax unified
   2              		.cpu cortex-m3
   3              		.fpu softvfp
   4              		.eabi_attribute 20, 1
   5              		.eabi_attribute 21, 1
   6              		.eabi_attribute 23, 3
   7              		.eabi_attribute 24, 1
   8              		.eabi_attribute 25, 1
   9              		.eabi_attribute 26, 1
  10              		.eabi_attribute 30, 1
  11              		.eabi_attribute 34, 1
  12              		.eabi_attribute 18, 4
  13              		.thumb
  14              		.file	"Audio_DAC.c"
  15              		.text
  16              	.Ltext0:
  17              		.cfi_sections	.debug_frame
  18              		.section	.text.Audio_DAC_Enable,"ax",%progbits
  19              		.align	2
  20              		.global	Audio_DAC_Enable
  21              		.thumb
  22              		.thumb_func
  23              		.type	Audio_DAC_Enable, %function
  24              	Audio_DAC_Enable:
  25              	.LFB1:
  26              		.file 1 ".\\Generated_Source\\PSoC5\\Audio_DAC.c"
   1:.\Generated_Source\PSoC5/Audio_DAC.c **** /*******************************************************************************
   2:.\Generated_Source\PSoC5/Audio_DAC.c **** * File Name: Audio_DAC.c  
   3:.\Generated_Source\PSoC5/Audio_DAC.c **** * Version 1.90
   4:.\Generated_Source\PSoC5/Audio_DAC.c **** *
   5:.\Generated_Source\PSoC5/Audio_DAC.c **** * Description:
   6:.\Generated_Source\PSoC5/Audio_DAC.c **** *  This file provides the source code to the API for the 8-bit Voltage DAC 
   7:.\Generated_Source\PSoC5/Audio_DAC.c **** *  (VDAC8) User Module.
   8:.\Generated_Source\PSoC5/Audio_DAC.c **** *
   9:.\Generated_Source\PSoC5/Audio_DAC.c **** * Note:
  10:.\Generated_Source\PSoC5/Audio_DAC.c **** *  Any unusual or non-standard behavior should be noted here. Other-
  11:.\Generated_Source\PSoC5/Audio_DAC.c **** *  wise, this section should remain blank.
  12:.\Generated_Source\PSoC5/Audio_DAC.c **** *
  13:.\Generated_Source\PSoC5/Audio_DAC.c **** ********************************************************************************
  14:.\Generated_Source\PSoC5/Audio_DAC.c **** * Copyright 2008-2012, Cypress Semiconductor Corporation.  All rights reserved.
  15:.\Generated_Source\PSoC5/Audio_DAC.c **** * You may use this file only in accordance with the license, terms, conditions, 
  16:.\Generated_Source\PSoC5/Audio_DAC.c **** * disclaimers, and limitations in the end user license agreement accompanying 
  17:.\Generated_Source\PSoC5/Audio_DAC.c **** * the software package with which this file was provided.
  18:.\Generated_Source\PSoC5/Audio_DAC.c **** *******************************************************************************/
  19:.\Generated_Source\PSoC5/Audio_DAC.c **** 
  20:.\Generated_Source\PSoC5/Audio_DAC.c **** #include "cytypes.h"
  21:.\Generated_Source\PSoC5/Audio_DAC.c **** #include "Audio_DAC.h"
  22:.\Generated_Source\PSoC5/Audio_DAC.c **** 
  23:.\Generated_Source\PSoC5/Audio_DAC.c **** #if (CY_PSOC5A)
  24:.\Generated_Source\PSoC5/Audio_DAC.c **** #include <CyLib.h>
  25:.\Generated_Source\PSoC5/Audio_DAC.c **** #endif /* CY_PSOC5A */
  26:.\Generated_Source\PSoC5/Audio_DAC.c **** 
  27:.\Generated_Source\PSoC5/Audio_DAC.c **** uint8 Audio_DAC_initVar = 0u;
  28:.\Generated_Source\PSoC5/Audio_DAC.c **** 
  29:.\Generated_Source\PSoC5/Audio_DAC.c **** #if (CY_PSOC5A)
  30:.\Generated_Source\PSoC5/Audio_DAC.c ****     static uint8 Audio_DAC_restoreVal = 0u;
  31:.\Generated_Source\PSoC5/Audio_DAC.c **** #endif /* CY_PSOC5A */
ARM GAS  C:\Users\User\AppData\Local\Temp\cchD6YxE.s 			page 2


  32:.\Generated_Source\PSoC5/Audio_DAC.c **** 
  33:.\Generated_Source\PSoC5/Audio_DAC.c **** #if (CY_PSOC5A)
  34:.\Generated_Source\PSoC5/Audio_DAC.c ****     static Audio_DAC_backupStruct Audio_DAC_backup;
  35:.\Generated_Source\PSoC5/Audio_DAC.c **** #endif /* CY_PSOC5A */
  36:.\Generated_Source\PSoC5/Audio_DAC.c **** 
  37:.\Generated_Source\PSoC5/Audio_DAC.c **** 
  38:.\Generated_Source\PSoC5/Audio_DAC.c **** /*******************************************************************************
  39:.\Generated_Source\PSoC5/Audio_DAC.c **** * Function Name: Audio_DAC_Init
  40:.\Generated_Source\PSoC5/Audio_DAC.c **** ********************************************************************************
  41:.\Generated_Source\PSoC5/Audio_DAC.c **** * Summary:
  42:.\Generated_Source\PSoC5/Audio_DAC.c **** *  Initialize to the schematic state.
  43:.\Generated_Source\PSoC5/Audio_DAC.c **** * 
  44:.\Generated_Source\PSoC5/Audio_DAC.c **** * Parameters:
  45:.\Generated_Source\PSoC5/Audio_DAC.c **** *  void:
  46:.\Generated_Source\PSoC5/Audio_DAC.c **** *
  47:.\Generated_Source\PSoC5/Audio_DAC.c **** * Return:
  48:.\Generated_Source\PSoC5/Audio_DAC.c **** *  void
  49:.\Generated_Source\PSoC5/Audio_DAC.c **** *
  50:.\Generated_Source\PSoC5/Audio_DAC.c **** * Theory:
  51:.\Generated_Source\PSoC5/Audio_DAC.c **** *
  52:.\Generated_Source\PSoC5/Audio_DAC.c **** * Side Effects:
  53:.\Generated_Source\PSoC5/Audio_DAC.c **** *
  54:.\Generated_Source\PSoC5/Audio_DAC.c **** *******************************************************************************/
  55:.\Generated_Source\PSoC5/Audio_DAC.c **** void Audio_DAC_Init(void) 
  56:.\Generated_Source\PSoC5/Audio_DAC.c **** {
  57:.\Generated_Source\PSoC5/Audio_DAC.c ****     Audio_DAC_CR0 = (Audio_DAC_MODE_V );
  58:.\Generated_Source\PSoC5/Audio_DAC.c **** 
  59:.\Generated_Source\PSoC5/Audio_DAC.c ****     /* Set default data source */
  60:.\Generated_Source\PSoC5/Audio_DAC.c ****     #if(Audio_DAC_DEFAULT_DATA_SRC != 0 )
  61:.\Generated_Source\PSoC5/Audio_DAC.c ****         Audio_DAC_CR1 = (Audio_DAC_DEFAULT_CNTL | Audio_DAC_DACBUS_ENABLE) ;
  62:.\Generated_Source\PSoC5/Audio_DAC.c ****     #else
  63:.\Generated_Source\PSoC5/Audio_DAC.c ****         Audio_DAC_CR1 = (Audio_DAC_DEFAULT_CNTL | Audio_DAC_DACBUS_DISABLE) ;
  64:.\Generated_Source\PSoC5/Audio_DAC.c ****     #endif /* (Audio_DAC_DEFAULT_DATA_SRC != 0 ) */
  65:.\Generated_Source\PSoC5/Audio_DAC.c **** 
  66:.\Generated_Source\PSoC5/Audio_DAC.c ****     /* Set default strobe mode */
  67:.\Generated_Source\PSoC5/Audio_DAC.c ****     #if(Audio_DAC_DEFAULT_STRB != 0)
  68:.\Generated_Source\PSoC5/Audio_DAC.c ****         Audio_DAC_Strobe |= Audio_DAC_STRB_EN ;
  69:.\Generated_Source\PSoC5/Audio_DAC.c ****     #endif/* (Audio_DAC_DEFAULT_STRB != 0) */
  70:.\Generated_Source\PSoC5/Audio_DAC.c **** 
  71:.\Generated_Source\PSoC5/Audio_DAC.c ****     /* Set default range */
  72:.\Generated_Source\PSoC5/Audio_DAC.c ****     Audio_DAC_SetRange(Audio_DAC_DEFAULT_RANGE); 
  73:.\Generated_Source\PSoC5/Audio_DAC.c **** 
  74:.\Generated_Source\PSoC5/Audio_DAC.c ****     /* Set default speed */
  75:.\Generated_Source\PSoC5/Audio_DAC.c ****     Audio_DAC_SetSpeed(Audio_DAC_DEFAULT_SPEED);
  76:.\Generated_Source\PSoC5/Audio_DAC.c **** }
  77:.\Generated_Source\PSoC5/Audio_DAC.c **** 
  78:.\Generated_Source\PSoC5/Audio_DAC.c **** 
  79:.\Generated_Source\PSoC5/Audio_DAC.c **** /*******************************************************************************
  80:.\Generated_Source\PSoC5/Audio_DAC.c **** * Function Name: Audio_DAC_Enable
  81:.\Generated_Source\PSoC5/Audio_DAC.c **** ********************************************************************************
  82:.\Generated_Source\PSoC5/Audio_DAC.c **** * Summary:
  83:.\Generated_Source\PSoC5/Audio_DAC.c **** *  Enable the VDAC8
  84:.\Generated_Source\PSoC5/Audio_DAC.c **** * 
  85:.\Generated_Source\PSoC5/Audio_DAC.c **** * Parameters:
  86:.\Generated_Source\PSoC5/Audio_DAC.c **** *  void
  87:.\Generated_Source\PSoC5/Audio_DAC.c **** *
  88:.\Generated_Source\PSoC5/Audio_DAC.c **** * Return:
ARM GAS  C:\Users\User\AppData\Local\Temp\cchD6YxE.s 			page 3


  89:.\Generated_Source\PSoC5/Audio_DAC.c **** *  void
  90:.\Generated_Source\PSoC5/Audio_DAC.c **** *
  91:.\Generated_Source\PSoC5/Audio_DAC.c **** * Theory:
  92:.\Generated_Source\PSoC5/Audio_DAC.c **** *
  93:.\Generated_Source\PSoC5/Audio_DAC.c **** * Side Effects:
  94:.\Generated_Source\PSoC5/Audio_DAC.c **** *
  95:.\Generated_Source\PSoC5/Audio_DAC.c **** *******************************************************************************/
  96:.\Generated_Source\PSoC5/Audio_DAC.c **** void Audio_DAC_Enable(void) 
  97:.\Generated_Source\PSoC5/Audio_DAC.c **** {
  27              		.loc 1 97 0
  28              		.cfi_startproc
  29              		@ args = 0, pretend = 0, frame = 0
  30              		@ frame_needed = 0, uses_anonymous_args = 0
  31              		@ link register save eliminated.
  98:.\Generated_Source\PSoC5/Audio_DAC.c ****     Audio_DAC_PWRMGR |= Audio_DAC_ACT_PWR_EN;
  32              		.loc 1 98 0
  33 0000 054A     		ldr	r2, .L2
  34 0002 1378     		ldrb	r3, [r2]	@ zero_extendqisi2
  35 0004 43F00103 		orr	r3, r3, #1
  36 0008 1370     		strb	r3, [r2]
  99:.\Generated_Source\PSoC5/Audio_DAC.c ****     Audio_DAC_STBY_PWRMGR |= Audio_DAC_STBY_PWR_EN;
  37              		.loc 1 99 0
  38 000a 1032     		adds	r2, r2, #16
  39 000c 1378     		ldrb	r3, [r2]	@ zero_extendqisi2
  40 000e 43F00103 		orr	r3, r3, #1
  41 0012 1370     		strb	r3, [r2]
  42 0014 7047     		bx	lr
  43              	.L3:
  44 0016 00BF     		.align	2
  45              	.L2:
  46 0018 A8430040 		.word	1073759144
  47              		.cfi_endproc
  48              	.LFE1:
  49              		.size	Audio_DAC_Enable, .-Audio_DAC_Enable
  50              		.section	.text.Audio_DAC_Stop,"ax",%progbits
  51              		.align	2
  52              		.global	Audio_DAC_Stop
  53              		.thumb
  54              		.thumb_func
  55              		.type	Audio_DAC_Stop, %function
  56              	Audio_DAC_Stop:
  57              	.LFB3:
 100:.\Generated_Source\PSoC5/Audio_DAC.c **** 
 101:.\Generated_Source\PSoC5/Audio_DAC.c ****     /*This is to restore the value of register CR0 ,
 102:.\Generated_Source\PSoC5/Audio_DAC.c ****     which is modified  in Stop API , this prevents misbehaviour of VDAC */
 103:.\Generated_Source\PSoC5/Audio_DAC.c ****     #if (CY_PSOC5A)
 104:.\Generated_Source\PSoC5/Audio_DAC.c ****         if(Audio_DAC_restoreVal == 1u) 
 105:.\Generated_Source\PSoC5/Audio_DAC.c ****         {
 106:.\Generated_Source\PSoC5/Audio_DAC.c ****              Audio_DAC_CR0 = Audio_DAC_backup.data_value;
 107:.\Generated_Source\PSoC5/Audio_DAC.c ****              Audio_DAC_restoreVal = 0u;
 108:.\Generated_Source\PSoC5/Audio_DAC.c ****         }
 109:.\Generated_Source\PSoC5/Audio_DAC.c ****     #endif /* CY_PSOC5A */
 110:.\Generated_Source\PSoC5/Audio_DAC.c **** }
 111:.\Generated_Source\PSoC5/Audio_DAC.c **** 
 112:.\Generated_Source\PSoC5/Audio_DAC.c **** 
 113:.\Generated_Source\PSoC5/Audio_DAC.c **** /*******************************************************************************
 114:.\Generated_Source\PSoC5/Audio_DAC.c **** * Function Name: Audio_DAC_Start
ARM GAS  C:\Users\User\AppData\Local\Temp\cchD6YxE.s 			page 4


 115:.\Generated_Source\PSoC5/Audio_DAC.c **** ********************************************************************************
 116:.\Generated_Source\PSoC5/Audio_DAC.c **** *
 117:.\Generated_Source\PSoC5/Audio_DAC.c **** * Summary:
 118:.\Generated_Source\PSoC5/Audio_DAC.c **** *  The start function initializes the voltage DAC with the default values, 
 119:.\Generated_Source\PSoC5/Audio_DAC.c **** *  and sets the power to the given level.  A power level of 0, is the same as
 120:.\Generated_Source\PSoC5/Audio_DAC.c **** *  executing the stop function.
 121:.\Generated_Source\PSoC5/Audio_DAC.c **** *
 122:.\Generated_Source\PSoC5/Audio_DAC.c **** * Parameters:
 123:.\Generated_Source\PSoC5/Audio_DAC.c **** *  Power: Sets power level between off (0) and (3) high power
 124:.\Generated_Source\PSoC5/Audio_DAC.c **** *
 125:.\Generated_Source\PSoC5/Audio_DAC.c **** * Return:
 126:.\Generated_Source\PSoC5/Audio_DAC.c **** *  void 
 127:.\Generated_Source\PSoC5/Audio_DAC.c **** *
 128:.\Generated_Source\PSoC5/Audio_DAC.c **** * Global variables:
 129:.\Generated_Source\PSoC5/Audio_DAC.c **** *  Audio_DAC_initVar: Is modified when this function is called for the 
 130:.\Generated_Source\PSoC5/Audio_DAC.c **** *  first time. Is used to ensure that initialization happens only once.
 131:.\Generated_Source\PSoC5/Audio_DAC.c **** *
 132:.\Generated_Source\PSoC5/Audio_DAC.c **** *******************************************************************************/
 133:.\Generated_Source\PSoC5/Audio_DAC.c **** void Audio_DAC_Start(void)  
 134:.\Generated_Source\PSoC5/Audio_DAC.c **** {
 135:.\Generated_Source\PSoC5/Audio_DAC.c ****     /* Hardware initiazation only needs to occure the first time */
 136:.\Generated_Source\PSoC5/Audio_DAC.c ****     if(Audio_DAC_initVar == 0u)
 137:.\Generated_Source\PSoC5/Audio_DAC.c ****     { 
 138:.\Generated_Source\PSoC5/Audio_DAC.c ****         Audio_DAC_Init();
 139:.\Generated_Source\PSoC5/Audio_DAC.c ****         Audio_DAC_initVar = 1u;
 140:.\Generated_Source\PSoC5/Audio_DAC.c ****     }
 141:.\Generated_Source\PSoC5/Audio_DAC.c **** 
 142:.\Generated_Source\PSoC5/Audio_DAC.c ****     /* Enable power to DAC */
 143:.\Generated_Source\PSoC5/Audio_DAC.c ****     Audio_DAC_Enable();
 144:.\Generated_Source\PSoC5/Audio_DAC.c **** 
 145:.\Generated_Source\PSoC5/Audio_DAC.c ****     /* Set default value */
 146:.\Generated_Source\PSoC5/Audio_DAC.c ****     Audio_DAC_SetValue(Audio_DAC_DEFAULT_DATA); 
 147:.\Generated_Source\PSoC5/Audio_DAC.c **** }
 148:.\Generated_Source\PSoC5/Audio_DAC.c **** 
 149:.\Generated_Source\PSoC5/Audio_DAC.c **** 
 150:.\Generated_Source\PSoC5/Audio_DAC.c **** /*******************************************************************************
 151:.\Generated_Source\PSoC5/Audio_DAC.c **** * Function Name: Audio_DAC_Stop
 152:.\Generated_Source\PSoC5/Audio_DAC.c **** ********************************************************************************
 153:.\Generated_Source\PSoC5/Audio_DAC.c **** *
 154:.\Generated_Source\PSoC5/Audio_DAC.c **** * Summary:
 155:.\Generated_Source\PSoC5/Audio_DAC.c **** *  Powers down DAC to lowest power state.
 156:.\Generated_Source\PSoC5/Audio_DAC.c **** *
 157:.\Generated_Source\PSoC5/Audio_DAC.c **** * Parameters:
 158:.\Generated_Source\PSoC5/Audio_DAC.c **** *  void
 159:.\Generated_Source\PSoC5/Audio_DAC.c **** *
 160:.\Generated_Source\PSoC5/Audio_DAC.c **** * Return:
 161:.\Generated_Source\PSoC5/Audio_DAC.c **** *  void
 162:.\Generated_Source\PSoC5/Audio_DAC.c **** *
 163:.\Generated_Source\PSoC5/Audio_DAC.c **** * Theory:
 164:.\Generated_Source\PSoC5/Audio_DAC.c **** *
 165:.\Generated_Source\PSoC5/Audio_DAC.c **** * Side Effects:
 166:.\Generated_Source\PSoC5/Audio_DAC.c **** *
 167:.\Generated_Source\PSoC5/Audio_DAC.c **** *******************************************************************************/
 168:.\Generated_Source\PSoC5/Audio_DAC.c **** void Audio_DAC_Stop(void) 
 169:.\Generated_Source\PSoC5/Audio_DAC.c **** {
  58              		.loc 1 169 0
  59              		.cfi_startproc
ARM GAS  C:\Users\User\AppData\Local\Temp\cchD6YxE.s 			page 5


  60              		@ args = 0, pretend = 0, frame = 0
  61              		@ frame_needed = 0, uses_anonymous_args = 0
  62              		@ link register save eliminated.
 170:.\Generated_Source\PSoC5/Audio_DAC.c ****     /* Disble power to DAC */
 171:.\Generated_Source\PSoC5/Audio_DAC.c ****     Audio_DAC_PWRMGR &= (uint8)(~Audio_DAC_ACT_PWR_EN);
  63              		.loc 1 171 0
  64 0000 054A     		ldr	r2, .L5
  65 0002 1378     		ldrb	r3, [r2]	@ zero_extendqisi2
  66 0004 03F0FE03 		and	r3, r3, #254
  67 0008 1370     		strb	r3, [r2]
 172:.\Generated_Source\PSoC5/Audio_DAC.c ****     Audio_DAC_STBY_PWRMGR &= (uint8)(~Audio_DAC_STBY_PWR_EN);
  68              		.loc 1 172 0
  69 000a 1032     		adds	r2, r2, #16
  70 000c 1378     		ldrb	r3, [r2]	@ zero_extendqisi2
  71 000e 03F0FE03 		and	r3, r3, #254
  72 0012 1370     		strb	r3, [r2]
  73 0014 7047     		bx	lr
  74              	.L6:
  75 0016 00BF     		.align	2
  76              	.L5:
  77 0018 A8430040 		.word	1073759144
  78              		.cfi_endproc
  79              	.LFE3:
  80              		.size	Audio_DAC_Stop, .-Audio_DAC_Stop
  81              		.section	.text.Audio_DAC_SetSpeed,"ax",%progbits
  82              		.align	2
  83              		.global	Audio_DAC_SetSpeed
  84              		.thumb
  85              		.thumb_func
  86              		.type	Audio_DAC_SetSpeed, %function
  87              	Audio_DAC_SetSpeed:
  88              	.LFB4:
 173:.\Generated_Source\PSoC5/Audio_DAC.c **** 
 174:.\Generated_Source\PSoC5/Audio_DAC.c ****     /* This is a work around for PSoC5A  ,
 175:.\Generated_Source\PSoC5/Audio_DAC.c ****     this sets VDAC to current mode with output off */
 176:.\Generated_Source\PSoC5/Audio_DAC.c ****     #if (CY_PSOC5A)
 177:.\Generated_Source\PSoC5/Audio_DAC.c ****         Audio_DAC_backup.data_value = Audio_DAC_CR0;
 178:.\Generated_Source\PSoC5/Audio_DAC.c ****         Audio_DAC_CR0 = Audio_DAC_CUR_MODE_OUT_OFF;
 179:.\Generated_Source\PSoC5/Audio_DAC.c ****         Audio_DAC_restoreVal = 1u;
 180:.\Generated_Source\PSoC5/Audio_DAC.c ****     #endif /* CY_PSOC5A */
 181:.\Generated_Source\PSoC5/Audio_DAC.c **** }
 182:.\Generated_Source\PSoC5/Audio_DAC.c **** 
 183:.\Generated_Source\PSoC5/Audio_DAC.c **** 
 184:.\Generated_Source\PSoC5/Audio_DAC.c **** /*******************************************************************************
 185:.\Generated_Source\PSoC5/Audio_DAC.c **** * Function Name: Audio_DAC_SetSpeed
 186:.\Generated_Source\PSoC5/Audio_DAC.c **** ********************************************************************************
 187:.\Generated_Source\PSoC5/Audio_DAC.c **** *
 188:.\Generated_Source\PSoC5/Audio_DAC.c **** * Summary:
 189:.\Generated_Source\PSoC5/Audio_DAC.c **** *  Set DAC speed
 190:.\Generated_Source\PSoC5/Audio_DAC.c **** *
 191:.\Generated_Source\PSoC5/Audio_DAC.c **** * Parameters:
 192:.\Generated_Source\PSoC5/Audio_DAC.c **** *  power: Sets speed value
 193:.\Generated_Source\PSoC5/Audio_DAC.c **** *
 194:.\Generated_Source\PSoC5/Audio_DAC.c **** * Return:
 195:.\Generated_Source\PSoC5/Audio_DAC.c **** *  void
 196:.\Generated_Source\PSoC5/Audio_DAC.c **** *
 197:.\Generated_Source\PSoC5/Audio_DAC.c **** * Theory:
ARM GAS  C:\Users\User\AppData\Local\Temp\cchD6YxE.s 			page 6


 198:.\Generated_Source\PSoC5/Audio_DAC.c **** *
 199:.\Generated_Source\PSoC5/Audio_DAC.c **** * Side Effects:
 200:.\Generated_Source\PSoC5/Audio_DAC.c **** *
 201:.\Generated_Source\PSoC5/Audio_DAC.c **** *******************************************************************************/
 202:.\Generated_Source\PSoC5/Audio_DAC.c **** void Audio_DAC_SetSpeed(uint8 speed) 
 203:.\Generated_Source\PSoC5/Audio_DAC.c **** {
  89              		.loc 1 203 0
  90              		.cfi_startproc
  91              		@ args = 0, pretend = 0, frame = 0
  92              		@ frame_needed = 0, uses_anonymous_args = 0
  93              		@ link register save eliminated.
  94              	.LVL0:
 204:.\Generated_Source\PSoC5/Audio_DAC.c ****     /* Clear power mask then write in new value */
 205:.\Generated_Source\PSoC5/Audio_DAC.c ****     Audio_DAC_CR0 &= (uint8)(~Audio_DAC_HS_MASK);
  95              		.loc 1 205 0
  96 0000 054B     		ldr	r3, .L8
  97 0002 1A78     		ldrb	r2, [r3]	@ zero_extendqisi2
  98 0004 02F0FD02 		and	r2, r2, #253
  99 0008 1A70     		strb	r2, [r3]
 206:.\Generated_Source\PSoC5/Audio_DAC.c ****     Audio_DAC_CR0 |=  (speed & Audio_DAC_HS_MASK);
 100              		.loc 1 206 0
 101 000a 1A78     		ldrb	r2, [r3]	@ zero_extendqisi2
 102 000c 00F00200 		and	r0, r0, #2
 103              	.LVL1:
 104 0010 1043     		orrs	r0, r0, r2
 105 0012 1870     		strb	r0, [r3]
 106 0014 7047     		bx	lr
 107              	.L9:
 108 0016 00BF     		.align	2
 109              	.L8:
 110 0018 20580040 		.word	1073764384
 111              		.cfi_endproc
 112              	.LFE4:
 113              		.size	Audio_DAC_SetSpeed, .-Audio_DAC_SetSpeed
 114              		.section	.text.Audio_DAC_SetValue,"ax",%progbits
 115              		.align	2
 116              		.global	Audio_DAC_SetValue
 117              		.thumb
 118              		.thumb_func
 119              		.type	Audio_DAC_SetValue, %function
 120              	Audio_DAC_SetValue:
 121              	.LFB6:
 207:.\Generated_Source\PSoC5/Audio_DAC.c **** }
 208:.\Generated_Source\PSoC5/Audio_DAC.c **** 
 209:.\Generated_Source\PSoC5/Audio_DAC.c **** 
 210:.\Generated_Source\PSoC5/Audio_DAC.c **** /*******************************************************************************
 211:.\Generated_Source\PSoC5/Audio_DAC.c **** * Function Name: Audio_DAC_SetRange
 212:.\Generated_Source\PSoC5/Audio_DAC.c **** ********************************************************************************
 213:.\Generated_Source\PSoC5/Audio_DAC.c **** *
 214:.\Generated_Source\PSoC5/Audio_DAC.c **** * Summary:
 215:.\Generated_Source\PSoC5/Audio_DAC.c **** *  Set one of three current ranges.
 216:.\Generated_Source\PSoC5/Audio_DAC.c **** *
 217:.\Generated_Source\PSoC5/Audio_DAC.c **** * Parameters:
 218:.\Generated_Source\PSoC5/Audio_DAC.c **** *  Range: Sets one of Three valid ranges.
 219:.\Generated_Source\PSoC5/Audio_DAC.c **** *
 220:.\Generated_Source\PSoC5/Audio_DAC.c **** * Return:
 221:.\Generated_Source\PSoC5/Audio_DAC.c **** *  void 
ARM GAS  C:\Users\User\AppData\Local\Temp\cchD6YxE.s 			page 7


 222:.\Generated_Source\PSoC5/Audio_DAC.c **** *
 223:.\Generated_Source\PSoC5/Audio_DAC.c **** * Theory:
 224:.\Generated_Source\PSoC5/Audio_DAC.c **** *
 225:.\Generated_Source\PSoC5/Audio_DAC.c **** * Side Effects:
 226:.\Generated_Source\PSoC5/Audio_DAC.c **** *
 227:.\Generated_Source\PSoC5/Audio_DAC.c **** *******************************************************************************/
 228:.\Generated_Source\PSoC5/Audio_DAC.c **** void Audio_DAC_SetRange(uint8 range) 
 229:.\Generated_Source\PSoC5/Audio_DAC.c **** {
 230:.\Generated_Source\PSoC5/Audio_DAC.c ****     Audio_DAC_CR0 &= (uint8)(~Audio_DAC_RANGE_MASK);      /* Clear existing mode */
 231:.\Generated_Source\PSoC5/Audio_DAC.c ****     Audio_DAC_CR0 |= (range & Audio_DAC_RANGE_MASK);      /*  Set Range  */
 232:.\Generated_Source\PSoC5/Audio_DAC.c ****     Audio_DAC_DacTrim();
 233:.\Generated_Source\PSoC5/Audio_DAC.c **** }
 234:.\Generated_Source\PSoC5/Audio_DAC.c **** 
 235:.\Generated_Source\PSoC5/Audio_DAC.c **** 
 236:.\Generated_Source\PSoC5/Audio_DAC.c **** /*******************************************************************************
 237:.\Generated_Source\PSoC5/Audio_DAC.c **** * Function Name: Audio_DAC_SetValue
 238:.\Generated_Source\PSoC5/Audio_DAC.c **** ********************************************************************************
 239:.\Generated_Source\PSoC5/Audio_DAC.c **** *
 240:.\Generated_Source\PSoC5/Audio_DAC.c **** * Summary:
 241:.\Generated_Source\PSoC5/Audio_DAC.c **** *  Set 8-bit DAC value
 242:.\Generated_Source\PSoC5/Audio_DAC.c **** *
 243:.\Generated_Source\PSoC5/Audio_DAC.c **** * Parameters:  
 244:.\Generated_Source\PSoC5/Audio_DAC.c **** *  value:  Sets DAC value between 0 and 255.
 245:.\Generated_Source\PSoC5/Audio_DAC.c **** *
 246:.\Generated_Source\PSoC5/Audio_DAC.c **** * Return: 
 247:.\Generated_Source\PSoC5/Audio_DAC.c **** *  void 
 248:.\Generated_Source\PSoC5/Audio_DAC.c **** *
 249:.\Generated_Source\PSoC5/Audio_DAC.c **** * Theory: 
 250:.\Generated_Source\PSoC5/Audio_DAC.c **** *
 251:.\Generated_Source\PSoC5/Audio_DAC.c **** * Side Effects:
 252:.\Generated_Source\PSoC5/Audio_DAC.c **** *
 253:.\Generated_Source\PSoC5/Audio_DAC.c **** *******************************************************************************/
 254:.\Generated_Source\PSoC5/Audio_DAC.c **** void Audio_DAC_SetValue(uint8 value) 
 255:.\Generated_Source\PSoC5/Audio_DAC.c **** {
 122              		.loc 1 255 0
 123              		.cfi_startproc
 124              		@ args = 0, pretend = 0, frame = 0
 125              		@ frame_needed = 0, uses_anonymous_args = 0
 126              		@ link register save eliminated.
 127              	.LVL2:
 256:.\Generated_Source\PSoC5/Audio_DAC.c ****     #if (CY_PSOC5A)
 257:.\Generated_Source\PSoC5/Audio_DAC.c ****         uint8 Audio_DAC_intrStatus = CyEnterCriticalSection();
 258:.\Generated_Source\PSoC5/Audio_DAC.c ****     #endif /* CY_PSOC5A */
 259:.\Generated_Source\PSoC5/Audio_DAC.c **** 
 260:.\Generated_Source\PSoC5/Audio_DAC.c ****     Audio_DAC_Data = value;                /*  Set Value  */
 128              		.loc 1 260 0
 129 0000 014B     		ldr	r3, .L11
 130 0002 1870     		strb	r0, [r3]
 131 0004 7047     		bx	lr
 132              	.L12:
 133 0006 00BF     		.align	2
 134              	.L11:
 135 0008 805B0040 		.word	1073765248
 136              		.cfi_endproc
 137              	.LFE6:
 138              		.size	Audio_DAC_SetValue, .-Audio_DAC_SetValue
 139              		.section	.text.Audio_DAC_DacTrim,"ax",%progbits
ARM GAS  C:\Users\User\AppData\Local\Temp\cchD6YxE.s 			page 8


 140              		.align	2
 141              		.global	Audio_DAC_DacTrim
 142              		.thumb
 143              		.thumb_func
 144              		.type	Audio_DAC_DacTrim, %function
 145              	Audio_DAC_DacTrim:
 146              	.LFB7:
 261:.\Generated_Source\PSoC5/Audio_DAC.c **** 
 262:.\Generated_Source\PSoC5/Audio_DAC.c ****     /* PSOC5A requires a double write */
 263:.\Generated_Source\PSoC5/Audio_DAC.c ****     /* Exit Critical Section */
 264:.\Generated_Source\PSoC5/Audio_DAC.c ****     #if (CY_PSOC5A)
 265:.\Generated_Source\PSoC5/Audio_DAC.c ****         Audio_DAC_Data = value;
 266:.\Generated_Source\PSoC5/Audio_DAC.c ****         CyExitCriticalSection(Audio_DAC_intrStatus);
 267:.\Generated_Source\PSoC5/Audio_DAC.c ****     #endif /* CY_PSOC5A */
 268:.\Generated_Source\PSoC5/Audio_DAC.c **** }
 269:.\Generated_Source\PSoC5/Audio_DAC.c **** 
 270:.\Generated_Source\PSoC5/Audio_DAC.c **** 
 271:.\Generated_Source\PSoC5/Audio_DAC.c **** /*******************************************************************************
 272:.\Generated_Source\PSoC5/Audio_DAC.c **** * Function Name: Audio_DAC_DacTrim
 273:.\Generated_Source\PSoC5/Audio_DAC.c **** ********************************************************************************
 274:.\Generated_Source\PSoC5/Audio_DAC.c **** *
 275:.\Generated_Source\PSoC5/Audio_DAC.c **** * Summary:
 276:.\Generated_Source\PSoC5/Audio_DAC.c **** *  Set the trim value for the given range.
 277:.\Generated_Source\PSoC5/Audio_DAC.c **** *
 278:.\Generated_Source\PSoC5/Audio_DAC.c **** * Parameters:
 279:.\Generated_Source\PSoC5/Audio_DAC.c **** *  range:  1V or 4V range.  See constants.
 280:.\Generated_Source\PSoC5/Audio_DAC.c **** *
 281:.\Generated_Source\PSoC5/Audio_DAC.c **** * Return:
 282:.\Generated_Source\PSoC5/Audio_DAC.c **** *  void
 283:.\Generated_Source\PSoC5/Audio_DAC.c **** *
 284:.\Generated_Source\PSoC5/Audio_DAC.c **** * Theory: 
 285:.\Generated_Source\PSoC5/Audio_DAC.c **** *
 286:.\Generated_Source\PSoC5/Audio_DAC.c **** * Side Effects:
 287:.\Generated_Source\PSoC5/Audio_DAC.c **** *
 288:.\Generated_Source\PSoC5/Audio_DAC.c **** *******************************************************************************/
 289:.\Generated_Source\PSoC5/Audio_DAC.c **** void Audio_DAC_DacTrim(void) 
 290:.\Generated_Source\PSoC5/Audio_DAC.c **** {
 147              		.loc 1 290 0
 148              		.cfi_startproc
 149              		@ args = 0, pretend = 0, frame = 0
 150              		@ frame_needed = 0, uses_anonymous_args = 0
 151              		@ link register save eliminated.
 291:.\Generated_Source\PSoC5/Audio_DAC.c ****     uint8 mode;
 292:.\Generated_Source\PSoC5/Audio_DAC.c **** 
 293:.\Generated_Source\PSoC5/Audio_DAC.c ****     mode = (uint8)((Audio_DAC_CR0 & Audio_DAC_RANGE_MASK) >> 2) + Audio_DAC_TRIM_M7_1V_RNG_OFFSET;
 152              		.loc 1 293 0
 153 0000 064B     		ldr	r3, .L14
 154 0002 1B78     		ldrb	r3, [r3]	@ zero_extendqisi2
 155 0004 C3F38103 		ubfx	r3, r3, #2, #2
 156              	.LVL3:
 294:.\Generated_Source\PSoC5/Audio_DAC.c ****     Audio_DAC_TR = CY_GET_XTND_REG8((uint8 *)(Audio_DAC_DAC_TRIM_BASE + mode));
 157              		.loc 1 294 0
 158 0008 03F19243 		add	r3, r3, #1224736768
 159              	.LVL4:
 160 000c 0633     		adds	r3, r3, #6
 161              	.LVL5:
 162 000e 93F82031 		ldrb	r3, [r3, #288]	@ zero_extendqisi2
ARM GAS  C:\Users\User\AppData\Local\Temp\cchD6YxE.s 			page 9


 163              	.LVL6:
 164 0012 DBB2     		uxtb	r3, r3
 165 0014 024A     		ldr	r2, .L14+4
 166 0016 1370     		strb	r3, [r2]
 167 0018 7047     		bx	lr
 168              	.L15:
 169 001a 00BF     		.align	2
 170              	.L14:
 171 001c 20580040 		.word	1073764384
 172 0020 08460040 		.word	1073759752
 173              		.cfi_endproc
 174              	.LFE7:
 175              		.size	Audio_DAC_DacTrim, .-Audio_DAC_DacTrim
 176              		.section	.text.Audio_DAC_SetRange,"ax",%progbits
 177              		.align	2
 178              		.global	Audio_DAC_SetRange
 179              		.thumb
 180              		.thumb_func
 181              		.type	Audio_DAC_SetRange, %function
 182              	Audio_DAC_SetRange:
 183              	.LFB5:
 229:.\Generated_Source\PSoC5/Audio_DAC.c ****     Audio_DAC_CR0 &= (uint8)(~Audio_DAC_RANGE_MASK);      /* Clear existing mode */
 184              		.loc 1 229 0
 185              		.cfi_startproc
 186              		@ args = 0, pretend = 0, frame = 0
 187              		@ frame_needed = 0, uses_anonymous_args = 0
 188              	.LVL7:
 189 0000 08B5     		push	{r3, lr}
 190              		.cfi_def_cfa_offset 8
 191              		.cfi_offset 3, -8
 192              		.cfi_offset 14, -4
 230:.\Generated_Source\PSoC5/Audio_DAC.c ****     Audio_DAC_CR0 |= (range & Audio_DAC_RANGE_MASK);      /*  Set Range  */
 193              		.loc 1 230 0
 194 0002 064B     		ldr	r3, .L18
 195 0004 1A78     		ldrb	r2, [r3]	@ zero_extendqisi2
 196 0006 02F0F302 		and	r2, r2, #243
 197 000a 1A70     		strb	r2, [r3]
 231:.\Generated_Source\PSoC5/Audio_DAC.c ****     Audio_DAC_DacTrim();
 198              		.loc 1 231 0
 199 000c 1A78     		ldrb	r2, [r3]	@ zero_extendqisi2
 200 000e 00F00C00 		and	r0, r0, #12
 201              	.LVL8:
 202 0012 1043     		orrs	r0, r0, r2
 203 0014 1870     		strb	r0, [r3]
 232:.\Generated_Source\PSoC5/Audio_DAC.c **** }
 204              		.loc 1 232 0
 205 0016 FFF7FEFF 		bl	Audio_DAC_DacTrim
 206              	.LVL9:
 207 001a 08BD     		pop	{r3, pc}
 208              	.L19:
 209              		.align	2
 210              	.L18:
 211 001c 20580040 		.word	1073764384
 212              		.cfi_endproc
 213              	.LFE5:
 214              		.size	Audio_DAC_SetRange, .-Audio_DAC_SetRange
 215              		.section	.text.Audio_DAC_Init,"ax",%progbits
ARM GAS  C:\Users\User\AppData\Local\Temp\cchD6YxE.s 			page 10


 216              		.align	2
 217              		.global	Audio_DAC_Init
 218              		.thumb
 219              		.thumb_func
 220              		.type	Audio_DAC_Init, %function
 221              	Audio_DAC_Init:
 222              	.LFB0:
  56:.\Generated_Source\PSoC5/Audio_DAC.c ****     Audio_DAC_CR0 = (Audio_DAC_MODE_V );
 223              		.loc 1 56 0
 224              		.cfi_startproc
 225              		@ args = 0, pretend = 0, frame = 0
 226              		@ frame_needed = 0, uses_anonymous_args = 0
 227 0000 08B5     		push	{r3, lr}
 228              		.cfi_def_cfa_offset 8
 229              		.cfi_offset 3, -8
 230              		.cfi_offset 14, -4
  57:.\Generated_Source\PSoC5/Audio_DAC.c **** 
 231              		.loc 1 57 0
 232 0002 0020     		movs	r0, #0
 233 0004 044B     		ldr	r3, .L22
 234 0006 1870     		strb	r0, [r3]
  63:.\Generated_Source\PSoC5/Audio_DAC.c ****     #endif /* (Audio_DAC_DEFAULT_DATA_SRC != 0 ) */
 235              		.loc 1 63 0
 236 0008 0133     		adds	r3, r3, #1
 237 000a 1870     		strb	r0, [r3]
  72:.\Generated_Source\PSoC5/Audio_DAC.c **** 
 238              		.loc 1 72 0
 239 000c FFF7FEFF 		bl	Audio_DAC_SetRange
 240              	.LVL10:
  75:.\Generated_Source\PSoC5/Audio_DAC.c **** }
 241              		.loc 1 75 0
 242 0010 0220     		movs	r0, #2
 243 0012 FFF7FEFF 		bl	Audio_DAC_SetSpeed
 244              	.LVL11:
 245 0016 08BD     		pop	{r3, pc}
 246              	.L23:
 247              		.align	2
 248              	.L22:
 249 0018 20580040 		.word	1073764384
 250              		.cfi_endproc
 251              	.LFE0:
 252              		.size	Audio_DAC_Init, .-Audio_DAC_Init
 253              		.section	.text.Audio_DAC_Start,"ax",%progbits
 254              		.align	2
 255              		.global	Audio_DAC_Start
 256              		.thumb
 257              		.thumb_func
 258              		.type	Audio_DAC_Start, %function
 259              	Audio_DAC_Start:
 260              	.LFB2:
 134:.\Generated_Source\PSoC5/Audio_DAC.c ****     /* Hardware initiazation only needs to occure the first time */
 261              		.loc 1 134 0
 262              		.cfi_startproc
 263              		@ args = 0, pretend = 0, frame = 0
 264              		@ frame_needed = 0, uses_anonymous_args = 0
 265 0000 08B5     		push	{r3, lr}
 266              		.cfi_def_cfa_offset 8
ARM GAS  C:\Users\User\AppData\Local\Temp\cchD6YxE.s 			page 11


 267              		.cfi_offset 3, -8
 268              		.cfi_offset 14, -4
 136:.\Generated_Source\PSoC5/Audio_DAC.c ****     { 
 269              		.loc 1 136 0
 270 0002 074B     		ldr	r3, .L27
 271 0004 1B78     		ldrb	r3, [r3]	@ zero_extendqisi2
 272 0006 23B9     		cbnz	r3, .L25
 138:.\Generated_Source\PSoC5/Audio_DAC.c ****         Audio_DAC_initVar = 1u;
 273              		.loc 1 138 0
 274 0008 FFF7FEFF 		bl	Audio_DAC_Init
 275              	.LVL12:
 139:.\Generated_Source\PSoC5/Audio_DAC.c ****     }
 276              		.loc 1 139 0
 277 000c 0122     		movs	r2, #1
 278 000e 044B     		ldr	r3, .L27
 279 0010 1A70     		strb	r2, [r3]
 280              	.L25:
 143:.\Generated_Source\PSoC5/Audio_DAC.c **** 
 281              		.loc 1 143 0
 282 0012 FFF7FEFF 		bl	Audio_DAC_Enable
 283              	.LVL13:
 146:.\Generated_Source\PSoC5/Audio_DAC.c **** }
 284              		.loc 1 146 0
 285 0016 6420     		movs	r0, #100
 286 0018 FFF7FEFF 		bl	Audio_DAC_SetValue
 287              	.LVL14:
 288 001c 08BD     		pop	{r3, pc}
 289              	.L28:
 290 001e 00BF     		.align	2
 291              	.L27:
 292 0020 00000000 		.word	.LANCHOR0
 293              		.cfi_endproc
 294              	.LFE2:
 295              		.size	Audio_DAC_Start, .-Audio_DAC_Start
 296              		.global	Audio_DAC_initVar
 297              		.bss
 298              		.set	.LANCHOR0,. + 0
 299              		.type	Audio_DAC_initVar, %object
 300              		.size	Audio_DAC_initVar, 1
 301              	Audio_DAC_initVar:
 302 0000 00       		.space	1
 303              		.text
 304              	.Letext0:
 305              		.file 2 ".\\Generated_Source\\PSoC5\\cytypes.h"
 306              		.section	.debug_info,"",%progbits
 307              	.Ldebug_info0:
 308 0000 DA010000 		.4byte	0x1da
 309 0004 0400     		.2byte	0x4
 310 0006 00000000 		.4byte	.Ldebug_abbrev0
 311 000a 04       		.byte	0x4
 312 000b 01       		.uleb128 0x1
 313 000c 48000000 		.4byte	.LASF25
 314 0010 01       		.byte	0x1
 315 0011 3A020000 		.4byte	.LASF26
 316 0015 ED010000 		.4byte	.LASF27
 317 0019 00000000 		.4byte	.Ldebug_ranges0+0
 318 001d 00000000 		.4byte	0
ARM GAS  C:\Users\User\AppData\Local\Temp\cchD6YxE.s 			page 12


 319 0021 00000000 		.4byte	.Ldebug_line0
 320 0025 02       		.uleb128 0x2
 321 0026 01       		.byte	0x1
 322 0027 06       		.byte	0x6
 323 0028 C0010000 		.4byte	.LASF0
 324 002c 02       		.uleb128 0x2
 325 002d 01       		.byte	0x1
 326 002e 08       		.byte	0x8
 327 002f FA000000 		.4byte	.LASF1
 328 0033 02       		.uleb128 0x2
 329 0034 02       		.byte	0x2
 330 0035 05       		.byte	0x5
 331 0036 94010000 		.4byte	.LASF2
 332 003a 02       		.uleb128 0x2
 333 003b 02       		.byte	0x2
 334 003c 07       		.byte	0x7
 335 003d 1F010000 		.4byte	.LASF3
 336 0041 02       		.uleb128 0x2
 337 0042 04       		.byte	0x4
 338 0043 05       		.byte	0x5
 339 0044 B7010000 		.4byte	.LASF4
 340 0048 02       		.uleb128 0x2
 341 0049 04       		.byte	0x4
 342 004a 07       		.byte	0x7
 343 004b 0D010000 		.4byte	.LASF5
 344 004f 02       		.uleb128 0x2
 345 0050 08       		.byte	0x8
 346 0051 05       		.byte	0x5
 347 0052 81010000 		.4byte	.LASF6
 348 0056 02       		.uleb128 0x2
 349 0057 08       		.byte	0x8
 350 0058 07       		.byte	0x7
 351 0059 5F010000 		.4byte	.LASF7
 352 005d 03       		.uleb128 0x3
 353 005e 04       		.byte	0x4
 354 005f 05       		.byte	0x5
 355 0060 696E7400 		.ascii	"int\000"
 356 0064 02       		.uleb128 0x2
 357 0065 04       		.byte	0x4
 358 0066 07       		.byte	0x7
 359 0067 52010000 		.4byte	.LASF8
 360 006b 04       		.uleb128 0x4
 361 006c B1010000 		.4byte	.LASF12
 362 0070 02       		.byte	0x2
 363 0071 9201     		.2byte	0x192
 364 0073 2C000000 		.4byte	0x2c
 365 0077 02       		.uleb128 0x2
 366 0078 04       		.byte	0x4
 367 0079 04       		.byte	0x4
 368 007a F4000000 		.4byte	.LASF9
 369 007e 02       		.uleb128 0x2
 370 007f 08       		.byte	0x8
 371 0080 04       		.byte	0x4
 372 0081 38010000 		.4byte	.LASF10
 373 0085 02       		.uleb128 0x2
 374 0086 01       		.byte	0x1
 375 0087 08       		.byte	0x8
ARM GAS  C:\Users\User\AppData\Local\Temp\cchD6YxE.s 			page 13


 376 0088 8F010000 		.4byte	.LASF11
 377 008c 04       		.uleb128 0x4
 378 008d 08010000 		.4byte	.LASF13
 379 0091 02       		.byte	0x2
 380 0092 3C02     		.2byte	0x23c
 381 0094 98000000 		.4byte	0x98
 382 0098 05       		.uleb128 0x5
 383 0099 6B000000 		.4byte	0x6b
 384 009d 06       		.uleb128 0x6
 385 009e 00000000 		.4byte	.LASF14
 386 00a2 01       		.byte	0x1
 387 00a3 60       		.byte	0x60
 388 00a4 00000000 		.4byte	.LFB1
 389 00a8 1C000000 		.4byte	.LFE1-.LFB1
 390 00ac 01       		.uleb128 0x1
 391 00ad 9C       		.byte	0x9c
 392 00ae 06       		.uleb128 0x6
 393 00af 23000000 		.4byte	.LASF15
 394 00b3 01       		.byte	0x1
 395 00b4 A8       		.byte	0xa8
 396 00b5 00000000 		.4byte	.LFB3
 397 00b9 1C000000 		.4byte	.LFE3-.LFB3
 398 00bd 01       		.uleb128 0x1
 399 00be 9C       		.byte	0x9c
 400 00bf 07       		.uleb128 0x7
 401 00c0 9E010000 		.4byte	.LASF16
 402 00c4 01       		.byte	0x1
 403 00c5 CA       		.byte	0xca
 404 00c6 00000000 		.4byte	.LFB4
 405 00ca 1C000000 		.4byte	.LFE4-.LFB4
 406 00ce 01       		.uleb128 0x1
 407 00cf 9C       		.byte	0x9c
 408 00d0 E4000000 		.4byte	0xe4
 409 00d4 08       		.uleb128 0x8
 410 00d5 7B010000 		.4byte	.LASF18
 411 00d9 01       		.byte	0x1
 412 00da CA       		.byte	0xca
 413 00db 6B000000 		.4byte	0x6b
 414 00df 00000000 		.4byte	.LLST0
 415 00e3 00       		.byte	0
 416 00e4 07       		.uleb128 0x7
 417 00e5 E1000000 		.4byte	.LASF17
 418 00e9 01       		.byte	0x1
 419 00ea FE       		.byte	0xfe
 420 00eb 00000000 		.4byte	.LFB6
 421 00ef 0C000000 		.4byte	.LFE6-.LFB6
 422 00f3 01       		.uleb128 0x1
 423 00f4 9C       		.byte	0x9c
 424 00f5 07010000 		.4byte	0x107
 425 00f9 09       		.uleb128 0x9
 426 00fa 42000000 		.4byte	.LASF19
 427 00fe 01       		.byte	0x1
 428 00ff FE       		.byte	0xfe
 429 0100 6B000000 		.4byte	0x6b
 430 0104 01       		.uleb128 0x1
 431 0105 50       		.byte	0x50
 432 0106 00       		.byte	0
ARM GAS  C:\Users\User\AppData\Local\Temp\cchD6YxE.s 			page 14


 433 0107 0A       		.uleb128 0xa
 434 0108 11000000 		.4byte	.LASF20
 435 010c 01       		.byte	0x1
 436 010d 2101     		.2byte	0x121
 437 010f 00000000 		.4byte	.LFB7
 438 0113 24000000 		.4byte	.LFE7-.LFB7
 439 0117 01       		.uleb128 0x1
 440 0118 9C       		.byte	0x9c
 441 0119 2E010000 		.4byte	0x12e
 442 011d 0B       		.uleb128 0xb
 443 011e 76010000 		.4byte	.LASF28
 444 0122 01       		.byte	0x1
 445 0123 2301     		.2byte	0x123
 446 0125 6B000000 		.4byte	0x6b
 447 0129 21000000 		.4byte	.LLST1
 448 012d 00       		.byte	0
 449 012e 07       		.uleb128 0x7
 450 012f 3F010000 		.4byte	.LASF21
 451 0133 01       		.byte	0x1
 452 0134 E4       		.byte	0xe4
 453 0135 00000000 		.4byte	.LFB5
 454 0139 20000000 		.4byte	.LFE5-.LFB5
 455 013d 01       		.uleb128 0x1
 456 013e 9C       		.byte	0x9c
 457 013f 5C010000 		.4byte	0x15c
 458 0143 08       		.uleb128 0x8
 459 0144 32010000 		.4byte	.LASF22
 460 0148 01       		.byte	0x1
 461 0149 E4       		.byte	0xe4
 462 014a 6B000000 		.4byte	0x6b
 463 014e 58000000 		.4byte	.LLST2
 464 0152 0C       		.uleb128 0xc
 465 0153 1A000000 		.4byte	.LVL9
 466 0157 07010000 		.4byte	0x107
 467 015b 00       		.byte	0
 468 015c 07       		.uleb128 0x7
 469 015d DE010000 		.4byte	.LASF23
 470 0161 01       		.byte	0x1
 471 0162 37       		.byte	0x37
 472 0163 00000000 		.4byte	.LFB0
 473 0167 1C000000 		.4byte	.LFE0-.LFB0
 474 016b 01       		.uleb128 0x1
 475 016c 9C       		.byte	0x9c
 476 016d 94010000 		.4byte	0x194
 477 0171 0D       		.uleb128 0xd
 478 0172 10000000 		.4byte	.LVL10
 479 0176 2E010000 		.4byte	0x12e
 480 017a 84010000 		.4byte	0x184
 481 017e 0E       		.uleb128 0xe
 482 017f 01       		.uleb128 0x1
 483 0180 50       		.byte	0x50
 484 0181 01       		.uleb128 0x1
 485 0182 30       		.byte	0x30
 486 0183 00       		.byte	0
 487 0184 0F       		.uleb128 0xf
 488 0185 16000000 		.4byte	.LVL11
 489 0189 BF000000 		.4byte	0xbf
ARM GAS  C:\Users\User\AppData\Local\Temp\cchD6YxE.s 			page 15


 490 018d 0E       		.uleb128 0xe
 491 018e 01       		.uleb128 0x1
 492 018f 50       		.byte	0x50
 493 0190 01       		.uleb128 0x1
 494 0191 32       		.byte	0x32
 495 0192 00       		.byte	0
 496 0193 00       		.byte	0
 497 0194 07       		.uleb128 0x7
 498 0195 32000000 		.4byte	.LASF24
 499 0199 01       		.byte	0x1
 500 019a 85       		.byte	0x85
 501 019b 00000000 		.4byte	.LFB2
 502 019f 24000000 		.4byte	.LFE2-.LFB2
 503 01a3 01       		.uleb128 0x1
 504 01a4 9C       		.byte	0x9c
 505 01a5 CC010000 		.4byte	0x1cc
 506 01a9 0C       		.uleb128 0xc
 507 01aa 0C000000 		.4byte	.LVL12
 508 01ae 5C010000 		.4byte	0x15c
 509 01b2 0C       		.uleb128 0xc
 510 01b3 16000000 		.4byte	.LVL13
 511 01b7 9D000000 		.4byte	0x9d
 512 01bb 0F       		.uleb128 0xf
 513 01bc 1C000000 		.4byte	.LVL14
 514 01c0 E4000000 		.4byte	0xe4
 515 01c4 0E       		.uleb128 0xe
 516 01c5 01       		.uleb128 0x1
 517 01c6 50       		.byte	0x50
 518 01c7 02       		.uleb128 0x2
 519 01c8 08       		.byte	0x8
 520 01c9 64       		.byte	0x64
 521 01ca 00       		.byte	0
 522 01cb 00       		.byte	0
 523 01cc 10       		.uleb128 0x10
 524 01cd CC010000 		.4byte	.LASF29
 525 01d1 01       		.byte	0x1
 526 01d2 1B       		.byte	0x1b
 527 01d3 6B000000 		.4byte	0x6b
 528 01d7 05       		.uleb128 0x5
 529 01d8 03       		.byte	0x3
 530 01d9 00000000 		.4byte	Audio_DAC_initVar
 531 01dd 00       		.byte	0
 532              		.section	.debug_abbrev,"",%progbits
 533              	.Ldebug_abbrev0:
 534 0000 01       		.uleb128 0x1
 535 0001 11       		.uleb128 0x11
 536 0002 01       		.byte	0x1
 537 0003 25       		.uleb128 0x25
 538 0004 0E       		.uleb128 0xe
 539 0005 13       		.uleb128 0x13
 540 0006 0B       		.uleb128 0xb
 541 0007 03       		.uleb128 0x3
 542 0008 0E       		.uleb128 0xe
 543 0009 1B       		.uleb128 0x1b
 544 000a 0E       		.uleb128 0xe
 545 000b 55       		.uleb128 0x55
 546 000c 17       		.uleb128 0x17
ARM GAS  C:\Users\User\AppData\Local\Temp\cchD6YxE.s 			page 16


 547 000d 11       		.uleb128 0x11
 548 000e 01       		.uleb128 0x1
 549 000f 10       		.uleb128 0x10
 550 0010 17       		.uleb128 0x17
 551 0011 00       		.byte	0
 552 0012 00       		.byte	0
 553 0013 02       		.uleb128 0x2
 554 0014 24       		.uleb128 0x24
 555 0015 00       		.byte	0
 556 0016 0B       		.uleb128 0xb
 557 0017 0B       		.uleb128 0xb
 558 0018 3E       		.uleb128 0x3e
 559 0019 0B       		.uleb128 0xb
 560 001a 03       		.uleb128 0x3
 561 001b 0E       		.uleb128 0xe
 562 001c 00       		.byte	0
 563 001d 00       		.byte	0
 564 001e 03       		.uleb128 0x3
 565 001f 24       		.uleb128 0x24
 566 0020 00       		.byte	0
 567 0021 0B       		.uleb128 0xb
 568 0022 0B       		.uleb128 0xb
 569 0023 3E       		.uleb128 0x3e
 570 0024 0B       		.uleb128 0xb
 571 0025 03       		.uleb128 0x3
 572 0026 08       		.uleb128 0x8
 573 0027 00       		.byte	0
 574 0028 00       		.byte	0
 575 0029 04       		.uleb128 0x4
 576 002a 16       		.uleb128 0x16
 577 002b 00       		.byte	0
 578 002c 03       		.uleb128 0x3
 579 002d 0E       		.uleb128 0xe
 580 002e 3A       		.uleb128 0x3a
 581 002f 0B       		.uleb128 0xb
 582 0030 3B       		.uleb128 0x3b
 583 0031 05       		.uleb128 0x5
 584 0032 49       		.uleb128 0x49
 585 0033 13       		.uleb128 0x13
 586 0034 00       		.byte	0
 587 0035 00       		.byte	0
 588 0036 05       		.uleb128 0x5
 589 0037 35       		.uleb128 0x35
 590 0038 00       		.byte	0
 591 0039 49       		.uleb128 0x49
 592 003a 13       		.uleb128 0x13
 593 003b 00       		.byte	0
 594 003c 00       		.byte	0
 595 003d 06       		.uleb128 0x6
 596 003e 2E       		.uleb128 0x2e
 597 003f 00       		.byte	0
 598 0040 3F       		.uleb128 0x3f
 599 0041 19       		.uleb128 0x19
 600 0042 03       		.uleb128 0x3
 601 0043 0E       		.uleb128 0xe
 602 0044 3A       		.uleb128 0x3a
 603 0045 0B       		.uleb128 0xb
ARM GAS  C:\Users\User\AppData\Local\Temp\cchD6YxE.s 			page 17


 604 0046 3B       		.uleb128 0x3b
 605 0047 0B       		.uleb128 0xb
 606 0048 27       		.uleb128 0x27
 607 0049 19       		.uleb128 0x19
 608 004a 11       		.uleb128 0x11
 609 004b 01       		.uleb128 0x1
 610 004c 12       		.uleb128 0x12
 611 004d 06       		.uleb128 0x6
 612 004e 40       		.uleb128 0x40
 613 004f 18       		.uleb128 0x18
 614 0050 9742     		.uleb128 0x2117
 615 0052 19       		.uleb128 0x19
 616 0053 00       		.byte	0
 617 0054 00       		.byte	0
 618 0055 07       		.uleb128 0x7
 619 0056 2E       		.uleb128 0x2e
 620 0057 01       		.byte	0x1
 621 0058 3F       		.uleb128 0x3f
 622 0059 19       		.uleb128 0x19
 623 005a 03       		.uleb128 0x3
 624 005b 0E       		.uleb128 0xe
 625 005c 3A       		.uleb128 0x3a
 626 005d 0B       		.uleb128 0xb
 627 005e 3B       		.uleb128 0x3b
 628 005f 0B       		.uleb128 0xb
 629 0060 27       		.uleb128 0x27
 630 0061 19       		.uleb128 0x19
 631 0062 11       		.uleb128 0x11
 632 0063 01       		.uleb128 0x1
 633 0064 12       		.uleb128 0x12
 634 0065 06       		.uleb128 0x6
 635 0066 40       		.uleb128 0x40
 636 0067 18       		.uleb128 0x18
 637 0068 9742     		.uleb128 0x2117
 638 006a 19       		.uleb128 0x19
 639 006b 01       		.uleb128 0x1
 640 006c 13       		.uleb128 0x13
 641 006d 00       		.byte	0
 642 006e 00       		.byte	0
 643 006f 08       		.uleb128 0x8
 644 0070 05       		.uleb128 0x5
 645 0071 00       		.byte	0
 646 0072 03       		.uleb128 0x3
 647 0073 0E       		.uleb128 0xe
 648 0074 3A       		.uleb128 0x3a
 649 0075 0B       		.uleb128 0xb
 650 0076 3B       		.uleb128 0x3b
 651 0077 0B       		.uleb128 0xb
 652 0078 49       		.uleb128 0x49
 653 0079 13       		.uleb128 0x13
 654 007a 02       		.uleb128 0x2
 655 007b 17       		.uleb128 0x17
 656 007c 00       		.byte	0
 657 007d 00       		.byte	0
 658 007e 09       		.uleb128 0x9
 659 007f 05       		.uleb128 0x5
 660 0080 00       		.byte	0
ARM GAS  C:\Users\User\AppData\Local\Temp\cchD6YxE.s 			page 18


 661 0081 03       		.uleb128 0x3
 662 0082 0E       		.uleb128 0xe
 663 0083 3A       		.uleb128 0x3a
 664 0084 0B       		.uleb128 0xb
 665 0085 3B       		.uleb128 0x3b
 666 0086 0B       		.uleb128 0xb
 667 0087 49       		.uleb128 0x49
 668 0088 13       		.uleb128 0x13
 669 0089 02       		.uleb128 0x2
 670 008a 18       		.uleb128 0x18
 671 008b 00       		.byte	0
 672 008c 00       		.byte	0
 673 008d 0A       		.uleb128 0xa
 674 008e 2E       		.uleb128 0x2e
 675 008f 01       		.byte	0x1
 676 0090 3F       		.uleb128 0x3f
 677 0091 19       		.uleb128 0x19
 678 0092 03       		.uleb128 0x3
 679 0093 0E       		.uleb128 0xe
 680 0094 3A       		.uleb128 0x3a
 681 0095 0B       		.uleb128 0xb
 682 0096 3B       		.uleb128 0x3b
 683 0097 05       		.uleb128 0x5
 684 0098 27       		.uleb128 0x27
 685 0099 19       		.uleb128 0x19
 686 009a 11       		.uleb128 0x11
 687 009b 01       		.uleb128 0x1
 688 009c 12       		.uleb128 0x12
 689 009d 06       		.uleb128 0x6
 690 009e 40       		.uleb128 0x40
 691 009f 18       		.uleb128 0x18
 692 00a0 9742     		.uleb128 0x2117
 693 00a2 19       		.uleb128 0x19
 694 00a3 01       		.uleb128 0x1
 695 00a4 13       		.uleb128 0x13
 696 00a5 00       		.byte	0
 697 00a6 00       		.byte	0
 698 00a7 0B       		.uleb128 0xb
 699 00a8 34       		.uleb128 0x34
 700 00a9 00       		.byte	0
 701 00aa 03       		.uleb128 0x3
 702 00ab 0E       		.uleb128 0xe
 703 00ac 3A       		.uleb128 0x3a
 704 00ad 0B       		.uleb128 0xb
 705 00ae 3B       		.uleb128 0x3b
 706 00af 05       		.uleb128 0x5
 707 00b0 49       		.uleb128 0x49
 708 00b1 13       		.uleb128 0x13
 709 00b2 02       		.uleb128 0x2
 710 00b3 17       		.uleb128 0x17
 711 00b4 00       		.byte	0
 712 00b5 00       		.byte	0
 713 00b6 0C       		.uleb128 0xc
 714 00b7 898201   		.uleb128 0x4109
 715 00ba 00       		.byte	0
 716 00bb 11       		.uleb128 0x11
 717 00bc 01       		.uleb128 0x1
ARM GAS  C:\Users\User\AppData\Local\Temp\cchD6YxE.s 			page 19


 718 00bd 31       		.uleb128 0x31
 719 00be 13       		.uleb128 0x13
 720 00bf 00       		.byte	0
 721 00c0 00       		.byte	0
 722 00c1 0D       		.uleb128 0xd
 723 00c2 898201   		.uleb128 0x4109
 724 00c5 01       		.byte	0x1
 725 00c6 11       		.uleb128 0x11
 726 00c7 01       		.uleb128 0x1
 727 00c8 31       		.uleb128 0x31
 728 00c9 13       		.uleb128 0x13
 729 00ca 01       		.uleb128 0x1
 730 00cb 13       		.uleb128 0x13
 731 00cc 00       		.byte	0
 732 00cd 00       		.byte	0
 733 00ce 0E       		.uleb128 0xe
 734 00cf 8A8201   		.uleb128 0x410a
 735 00d2 00       		.byte	0
 736 00d3 02       		.uleb128 0x2
 737 00d4 18       		.uleb128 0x18
 738 00d5 9142     		.uleb128 0x2111
 739 00d7 18       		.uleb128 0x18
 740 00d8 00       		.byte	0
 741 00d9 00       		.byte	0
 742 00da 0F       		.uleb128 0xf
 743 00db 898201   		.uleb128 0x4109
 744 00de 01       		.byte	0x1
 745 00df 11       		.uleb128 0x11
 746 00e0 01       		.uleb128 0x1
 747 00e1 31       		.uleb128 0x31
 748 00e2 13       		.uleb128 0x13
 749 00e3 00       		.byte	0
 750 00e4 00       		.byte	0
 751 00e5 10       		.uleb128 0x10
 752 00e6 34       		.uleb128 0x34
 753 00e7 00       		.byte	0
 754 00e8 03       		.uleb128 0x3
 755 00e9 0E       		.uleb128 0xe
 756 00ea 3A       		.uleb128 0x3a
 757 00eb 0B       		.uleb128 0xb
 758 00ec 3B       		.uleb128 0x3b
 759 00ed 0B       		.uleb128 0xb
 760 00ee 49       		.uleb128 0x49
 761 00ef 13       		.uleb128 0x13
 762 00f0 3F       		.uleb128 0x3f
 763 00f1 19       		.uleb128 0x19
 764 00f2 02       		.uleb128 0x2
 765 00f3 18       		.uleb128 0x18
 766 00f4 00       		.byte	0
 767 00f5 00       		.byte	0
 768 00f6 00       		.byte	0
 769              		.section	.debug_loc,"",%progbits
 770              	.Ldebug_loc0:
 771              	.LLST0:
 772 0000 00000000 		.4byte	.LVL0
 773 0004 10000000 		.4byte	.LVL1
 774 0008 0100     		.2byte	0x1
ARM GAS  C:\Users\User\AppData\Local\Temp\cchD6YxE.s 			page 20


 775 000a 50       		.byte	0x50
 776 000b 10000000 		.4byte	.LVL1
 777 000f 1C000000 		.4byte	.LFE4
 778 0013 0400     		.2byte	0x4
 779 0015 F3       		.byte	0xf3
 780 0016 01       		.uleb128 0x1
 781 0017 50       		.byte	0x50
 782 0018 9F       		.byte	0x9f
 783 0019 00000000 		.4byte	0
 784 001d 00000000 		.4byte	0
 785              	.LLST1:
 786 0021 08000000 		.4byte	.LVL3
 787 0025 0C000000 		.4byte	.LVL4
 788 0029 0300     		.2byte	0x3
 789 002b 73       		.byte	0x73
 790 002c 06       		.sleb128 6
 791 002d 9F       		.byte	0x9f
 792 002e 0C000000 		.4byte	.LVL4
 793 0032 0E000000 		.4byte	.LVL5
 794 0036 0700     		.2byte	0x7
 795 0038 73       		.byte	0x73
 796 0039 868080B8 		.sleb128 -1224736762
 796      7B
 797 003e 9F       		.byte	0x9f
 798 003f 0E000000 		.4byte	.LVL5
 799 0043 12000000 		.4byte	.LVL6
 800 0047 0700     		.2byte	0x7
 801 0049 73       		.byte	0x73
 802 004a 808080B8 		.sleb128 -1224736768
 802      7B
 803 004f 9F       		.byte	0x9f
 804 0050 00000000 		.4byte	0
 805 0054 00000000 		.4byte	0
 806              	.LLST2:
 807 0058 00000000 		.4byte	.LVL7
 808 005c 12000000 		.4byte	.LVL8
 809 0060 0100     		.2byte	0x1
 810 0062 50       		.byte	0x50
 811 0063 12000000 		.4byte	.LVL8
 812 0067 20000000 		.4byte	.LFE5
 813 006b 0400     		.2byte	0x4
 814 006d F3       		.byte	0xf3
 815 006e 01       		.uleb128 0x1
 816 006f 50       		.byte	0x50
 817 0070 9F       		.byte	0x9f
 818 0071 00000000 		.4byte	0
 819 0075 00000000 		.4byte	0
 820              		.section	.debug_aranges,"",%progbits
 821 0000 54000000 		.4byte	0x54
 822 0004 0200     		.2byte	0x2
 823 0006 00000000 		.4byte	.Ldebug_info0
 824 000a 04       		.byte	0x4
 825 000b 00       		.byte	0
 826 000c 0000     		.2byte	0
 827 000e 0000     		.2byte	0
 828 0010 00000000 		.4byte	.LFB1
 829 0014 1C000000 		.4byte	.LFE1-.LFB1
ARM GAS  C:\Users\User\AppData\Local\Temp\cchD6YxE.s 			page 21


 830 0018 00000000 		.4byte	.LFB3
 831 001c 1C000000 		.4byte	.LFE3-.LFB3
 832 0020 00000000 		.4byte	.LFB4
 833 0024 1C000000 		.4byte	.LFE4-.LFB4
 834 0028 00000000 		.4byte	.LFB6
 835 002c 0C000000 		.4byte	.LFE6-.LFB6
 836 0030 00000000 		.4byte	.LFB7
 837 0034 24000000 		.4byte	.LFE7-.LFB7
 838 0038 00000000 		.4byte	.LFB5
 839 003c 20000000 		.4byte	.LFE5-.LFB5
 840 0040 00000000 		.4byte	.LFB0
 841 0044 1C000000 		.4byte	.LFE0-.LFB0
 842 0048 00000000 		.4byte	.LFB2
 843 004c 24000000 		.4byte	.LFE2-.LFB2
 844 0050 00000000 		.4byte	0
 845 0054 00000000 		.4byte	0
 846              		.section	.debug_ranges,"",%progbits
 847              	.Ldebug_ranges0:
 848 0000 00000000 		.4byte	.LFB1
 849 0004 1C000000 		.4byte	.LFE1
 850 0008 00000000 		.4byte	.LFB3
 851 000c 1C000000 		.4byte	.LFE3
 852 0010 00000000 		.4byte	.LFB4
 853 0014 1C000000 		.4byte	.LFE4
 854 0018 00000000 		.4byte	.LFB6
 855 001c 0C000000 		.4byte	.LFE6
 856 0020 00000000 		.4byte	.LFB7
 857 0024 24000000 		.4byte	.LFE7
 858 0028 00000000 		.4byte	.LFB5
 859 002c 20000000 		.4byte	.LFE5
 860 0030 00000000 		.4byte	.LFB0
 861 0034 1C000000 		.4byte	.LFE0
 862 0038 00000000 		.4byte	.LFB2
 863 003c 24000000 		.4byte	.LFE2
 864 0040 00000000 		.4byte	0
 865 0044 00000000 		.4byte	0
 866              		.section	.debug_line,"",%progbits
 867              	.Ldebug_line0:
 868 0000 E4000000 		.section	.debug_str,"MS",%progbits,1
 868      02004800 
 868      00000201 
 868      FB0E0D00 
 868      01010101 
 869              	.LASF14:
 870 0000 41756469 		.ascii	"Audio_DAC_Enable\000"
 870      6F5F4441 
 870      435F456E 
 870      61626C65 
 870      00
 871              	.LASF20:
 872 0011 41756469 		.ascii	"Audio_DAC_DacTrim\000"
 872      6F5F4441 
 872      435F4461 
 872      63547269 
 872      6D00
 873              	.LASF15:
 874 0023 41756469 		.ascii	"Audio_DAC_Stop\000"
ARM GAS  C:\Users\User\AppData\Local\Temp\cchD6YxE.s 			page 22


 874      6F5F4441 
 874      435F5374 
 874      6F7000
 875              	.LASF24:
 876 0032 41756469 		.ascii	"Audio_DAC_Start\000"
 876      6F5F4441 
 876      435F5374 
 876      61727400 
 877              	.LASF19:
 878 0042 76616C75 		.ascii	"value\000"
 878      6500
 879              	.LASF25:
 880 0048 474E5520 		.ascii	"GNU C 4.9.3 20150303 (release) [ARM/embedded-4_9-br"
 880      4320342E 
 880      392E3320 
 880      32303135 
 880      30333033 
 881 007b 616E6368 		.ascii	"anch revision 221220] -mcpu=cortex-m3 -mthumb -g -O"
 881      20726576 
 881      6973696F 
 881      6E203232 
 881      31323230 
 882 00ae 67202D73 		.ascii	"g -std=gnu11 -ffunction-sections -ffat-lto-objects\000"
 882      74643D67 
 882      6E753131 
 882      202D6666 
 882      756E6374 
 883              	.LASF17:
 884 00e1 41756469 		.ascii	"Audio_DAC_SetValue\000"
 884      6F5F4441 
 884      435F5365 
 884      7456616C 
 884      756500
 885              	.LASF9:
 886 00f4 666C6F61 		.ascii	"float\000"
 886      7400
 887              	.LASF1:
 888 00fa 756E7369 		.ascii	"unsigned char\000"
 888      676E6564 
 888      20636861 
 888      7200
 889              	.LASF13:
 890 0108 72656738 		.ascii	"reg8\000"
 890      00
 891              	.LASF5:
 892 010d 6C6F6E67 		.ascii	"long unsigned int\000"
 892      20756E73 
 892      69676E65 
 892      6420696E 
 892      7400
 893              	.LASF3:
 894 011f 73686F72 		.ascii	"short unsigned int\000"
 894      7420756E 
 894      7369676E 
 894      65642069 
 894      6E7400
 895              	.LASF22:
ARM GAS  C:\Users\User\AppData\Local\Temp\cchD6YxE.s 			page 23


 896 0132 72616E67 		.ascii	"range\000"
 896      6500
 897              	.LASF10:
 898 0138 646F7562 		.ascii	"double\000"
 898      6C6500
 899              	.LASF21:
 900 013f 41756469 		.ascii	"Audio_DAC_SetRange\000"
 900      6F5F4441 
 900      435F5365 
 900      7452616E 
 900      676500
 901              	.LASF8:
 902 0152 756E7369 		.ascii	"unsigned int\000"
 902      676E6564 
 902      20696E74 
 902      00
 903              	.LASF7:
 904 015f 6C6F6E67 		.ascii	"long long unsigned int\000"
 904      206C6F6E 
 904      6720756E 
 904      7369676E 
 904      65642069 
 905              	.LASF28:
 906 0176 6D6F6465 		.ascii	"mode\000"
 906      00
 907              	.LASF18:
 908 017b 73706565 		.ascii	"speed\000"
 908      6400
 909              	.LASF6:
 910 0181 6C6F6E67 		.ascii	"long long int\000"
 910      206C6F6E 
 910      6720696E 
 910      7400
 911              	.LASF11:
 912 018f 63686172 		.ascii	"char\000"
 912      00
 913              	.LASF2:
 914 0194 73686F72 		.ascii	"short int\000"
 914      7420696E 
 914      7400
 915              	.LASF16:
 916 019e 41756469 		.ascii	"Audio_DAC_SetSpeed\000"
 916      6F5F4441 
 916      435F5365 
 916      74537065 
 916      656400
 917              	.LASF12:
 918 01b1 75696E74 		.ascii	"uint8\000"
 918      3800
 919              	.LASF4:
 920 01b7 6C6F6E67 		.ascii	"long int\000"
 920      20696E74 
 920      00
 921              	.LASF0:
 922 01c0 7369676E 		.ascii	"signed char\000"
 922      65642063 
 922      68617200 
ARM GAS  C:\Users\User\AppData\Local\Temp\cchD6YxE.s 			page 24


 923              	.LASF29:
 924 01cc 41756469 		.ascii	"Audio_DAC_initVar\000"
 924      6F5F4441 
 924      435F696E 
 924      69745661 
 924      7200
 925              	.LASF23:
 926 01de 41756469 		.ascii	"Audio_DAC_Init\000"
 926      6F5F4441 
 926      435F496E 
 926      697400
 927              	.LASF27:
 928 01ed 433A5C55 		.ascii	"C:\\Users\\User\\Documents\\MIT 6.115\\finalproject"
 928      73657273 
 928      5C557365 
 928      725C446F 
 928      63756D65 
 929 021b 5C66696E 		.ascii	"\\finalproject\\GuitarHero.cydsn\000"
 929      616C7072 
 929      6F6A6563 
 929      745C4775 
 929      69746172 
 930              	.LASF26:
 931 023a 2E5C4765 		.ascii	".\\Generated_Source\\PSoC5\\Audio_DAC.c\000"
 931      6E657261 
 931      7465645F 
 931      536F7572 
 931      63655C50 
 932              		.ident	"GCC: (GNU Tools for ARM Embedded Processors) 4.9.3 20150303 (release) [ARM/embedded-4_9-br
