ARM GAS  C:\Users\User\AppData\Local\Temp\ccEEk8W1.s 			page 1


   1              		.syntax unified
   2              		.cpu cortex-m3
   3              		.fpu softvfp
   4              		.eabi_attribute 20, 1
   5              		.eabi_attribute 21, 1
   6              		.eabi_attribute 23, 3
   7              		.eabi_attribute 24, 1
   8              		.eabi_attribute 25, 1
   9              		.eabi_attribute 26, 1
  10              		.eabi_attribute 30, 1
  11              		.eabi_attribute 34, 1
  12              		.eabi_attribute 18, 4
  13              		.thumb
  14              		.file	"BLE_Rx_isr.c"
  15              		.text
  16              	.Ltext0:
  17              		.cfi_sections	.debug_frame
  18              		.section	.text.BLE_Rx_isr_Interrupt,"ax",%progbits
  19              		.align	2
  20              		.global	BLE_Rx_isr_Interrupt
  21              		.thumb
  22              		.thumb_func
  23              		.type	BLE_Rx_isr_Interrupt, %function
  24              	BLE_Rx_isr_Interrupt:
  25              	.LFB3:
  26              		.file 1 ".\\Generated_Source\\PSoC5\\BLE_Rx_isr.c"
   1:.\Generated_Source\PSoC5/BLE_Rx_isr.c **** /*******************************************************************************
   2:.\Generated_Source\PSoC5/BLE_Rx_isr.c **** * File Name: BLE_Rx_isr.c  
   3:.\Generated_Source\PSoC5/BLE_Rx_isr.c **** * Version 1.70
   4:.\Generated_Source\PSoC5/BLE_Rx_isr.c **** *
   5:.\Generated_Source\PSoC5/BLE_Rx_isr.c **** *  Description:
   6:.\Generated_Source\PSoC5/BLE_Rx_isr.c **** *   API for controlling the state of an interrupt.
   7:.\Generated_Source\PSoC5/BLE_Rx_isr.c **** *
   8:.\Generated_Source\PSoC5/BLE_Rx_isr.c **** *
   9:.\Generated_Source\PSoC5/BLE_Rx_isr.c **** *  Note:
  10:.\Generated_Source\PSoC5/BLE_Rx_isr.c **** *
  11:.\Generated_Source\PSoC5/BLE_Rx_isr.c **** ********************************************************************************
  12:.\Generated_Source\PSoC5/BLE_Rx_isr.c **** * Copyright 2008-2015, Cypress Semiconductor Corporation.  All rights reserved.
  13:.\Generated_Source\PSoC5/BLE_Rx_isr.c **** * You may use this file only in accordance with the license, terms, conditions, 
  14:.\Generated_Source\PSoC5/BLE_Rx_isr.c **** * disclaimers, and limitations in the end user license agreement accompanying 
  15:.\Generated_Source\PSoC5/BLE_Rx_isr.c **** * the software package with which this file was provided.
  16:.\Generated_Source\PSoC5/BLE_Rx_isr.c **** *******************************************************************************/
  17:.\Generated_Source\PSoC5/BLE_Rx_isr.c **** 
  18:.\Generated_Source\PSoC5/BLE_Rx_isr.c **** 
  19:.\Generated_Source\PSoC5/BLE_Rx_isr.c **** #include <cydevice_trm.h>
  20:.\Generated_Source\PSoC5/BLE_Rx_isr.c **** #include <CyLib.h>
  21:.\Generated_Source\PSoC5/BLE_Rx_isr.c **** #include <BLE_Rx_isr.h>
  22:.\Generated_Source\PSoC5/BLE_Rx_isr.c **** #include "cyapicallbacks.h"
  23:.\Generated_Source\PSoC5/BLE_Rx_isr.c **** 
  24:.\Generated_Source\PSoC5/BLE_Rx_isr.c **** #if !defined(BLE_Rx_isr__REMOVED) /* Check for removal by optimization */
  25:.\Generated_Source\PSoC5/BLE_Rx_isr.c **** 
  26:.\Generated_Source\PSoC5/BLE_Rx_isr.c **** /*******************************************************************************
  27:.\Generated_Source\PSoC5/BLE_Rx_isr.c **** *  Place your includes, defines and code here 
  28:.\Generated_Source\PSoC5/BLE_Rx_isr.c **** ********************************************************************************/
  29:.\Generated_Source\PSoC5/BLE_Rx_isr.c **** /* `#START BLE_Rx_isr_intc` */
  30:.\Generated_Source\PSoC5/BLE_Rx_isr.c **** 
  31:.\Generated_Source\PSoC5/BLE_Rx_isr.c **** /* `#END` */
ARM GAS  C:\Users\User\AppData\Local\Temp\ccEEk8W1.s 			page 2


  32:.\Generated_Source\PSoC5/BLE_Rx_isr.c **** 
  33:.\Generated_Source\PSoC5/BLE_Rx_isr.c **** #ifndef CYINT_IRQ_BASE
  34:.\Generated_Source\PSoC5/BLE_Rx_isr.c **** #define CYINT_IRQ_BASE      16
  35:.\Generated_Source\PSoC5/BLE_Rx_isr.c **** #endif /* CYINT_IRQ_BASE */
  36:.\Generated_Source\PSoC5/BLE_Rx_isr.c **** #ifndef CYINT_VECT_TABLE
  37:.\Generated_Source\PSoC5/BLE_Rx_isr.c **** #define CYINT_VECT_TABLE    ((cyisraddress **) CYREG_NVIC_VECT_OFFSET)
  38:.\Generated_Source\PSoC5/BLE_Rx_isr.c **** #endif /* CYINT_VECT_TABLE */
  39:.\Generated_Source\PSoC5/BLE_Rx_isr.c **** 
  40:.\Generated_Source\PSoC5/BLE_Rx_isr.c **** /* Declared in startup, used to set unused interrupts to. */
  41:.\Generated_Source\PSoC5/BLE_Rx_isr.c **** CY_ISR_PROTO(IntDefaultHandler);
  42:.\Generated_Source\PSoC5/BLE_Rx_isr.c **** 
  43:.\Generated_Source\PSoC5/BLE_Rx_isr.c **** 
  44:.\Generated_Source\PSoC5/BLE_Rx_isr.c **** /*******************************************************************************
  45:.\Generated_Source\PSoC5/BLE_Rx_isr.c **** * Function Name: BLE_Rx_isr_Start
  46:.\Generated_Source\PSoC5/BLE_Rx_isr.c **** ********************************************************************************
  47:.\Generated_Source\PSoC5/BLE_Rx_isr.c **** *
  48:.\Generated_Source\PSoC5/BLE_Rx_isr.c **** * Summary:
  49:.\Generated_Source\PSoC5/BLE_Rx_isr.c **** *  Set up the interrupt and enable it. This function disables the interrupt, 
  50:.\Generated_Source\PSoC5/BLE_Rx_isr.c **** *  sets the default interrupt vector, sets the priority from the value in the
  51:.\Generated_Source\PSoC5/BLE_Rx_isr.c **** *  Design Wide Resources Interrupt Editor, then enables the interrupt to the 
  52:.\Generated_Source\PSoC5/BLE_Rx_isr.c **** *  interrupt controller.
  53:.\Generated_Source\PSoC5/BLE_Rx_isr.c **** *
  54:.\Generated_Source\PSoC5/BLE_Rx_isr.c **** * Parameters:  
  55:.\Generated_Source\PSoC5/BLE_Rx_isr.c **** *   None
  56:.\Generated_Source\PSoC5/BLE_Rx_isr.c **** *
  57:.\Generated_Source\PSoC5/BLE_Rx_isr.c **** * Return:
  58:.\Generated_Source\PSoC5/BLE_Rx_isr.c **** *   None
  59:.\Generated_Source\PSoC5/BLE_Rx_isr.c **** *
  60:.\Generated_Source\PSoC5/BLE_Rx_isr.c **** *******************************************************************************/
  61:.\Generated_Source\PSoC5/BLE_Rx_isr.c **** void BLE_Rx_isr_Start(void)
  62:.\Generated_Source\PSoC5/BLE_Rx_isr.c **** {
  63:.\Generated_Source\PSoC5/BLE_Rx_isr.c ****     /* For all we know the interrupt is active. */
  64:.\Generated_Source\PSoC5/BLE_Rx_isr.c ****     BLE_Rx_isr_Disable();
  65:.\Generated_Source\PSoC5/BLE_Rx_isr.c **** 
  66:.\Generated_Source\PSoC5/BLE_Rx_isr.c ****     /* Set the ISR to point to the BLE_Rx_isr Interrupt. */
  67:.\Generated_Source\PSoC5/BLE_Rx_isr.c ****     BLE_Rx_isr_SetVector(&BLE_Rx_isr_Interrupt);
  68:.\Generated_Source\PSoC5/BLE_Rx_isr.c **** 
  69:.\Generated_Source\PSoC5/BLE_Rx_isr.c ****     /* Set the priority. */
  70:.\Generated_Source\PSoC5/BLE_Rx_isr.c ****     BLE_Rx_isr_SetPriority((uint8)BLE_Rx_isr_INTC_PRIOR_NUMBER);
  71:.\Generated_Source\PSoC5/BLE_Rx_isr.c **** 
  72:.\Generated_Source\PSoC5/BLE_Rx_isr.c ****     /* Enable it. */
  73:.\Generated_Source\PSoC5/BLE_Rx_isr.c ****     BLE_Rx_isr_Enable();
  74:.\Generated_Source\PSoC5/BLE_Rx_isr.c **** }
  75:.\Generated_Source\PSoC5/BLE_Rx_isr.c **** 
  76:.\Generated_Source\PSoC5/BLE_Rx_isr.c **** 
  77:.\Generated_Source\PSoC5/BLE_Rx_isr.c **** /*******************************************************************************
  78:.\Generated_Source\PSoC5/BLE_Rx_isr.c **** * Function Name: BLE_Rx_isr_StartEx
  79:.\Generated_Source\PSoC5/BLE_Rx_isr.c **** ********************************************************************************
  80:.\Generated_Source\PSoC5/BLE_Rx_isr.c **** *
  81:.\Generated_Source\PSoC5/BLE_Rx_isr.c **** * Summary:
  82:.\Generated_Source\PSoC5/BLE_Rx_isr.c **** *  Sets up the interrupt and enables it. This function disables the interrupt,
  83:.\Generated_Source\PSoC5/BLE_Rx_isr.c **** *  sets the interrupt vector based on the address passed in, sets the priority 
  84:.\Generated_Source\PSoC5/BLE_Rx_isr.c **** *  from the value in the Design Wide Resources Interrupt Editor, then enables 
  85:.\Generated_Source\PSoC5/BLE_Rx_isr.c **** *  the interrupt to the interrupt controller.
  86:.\Generated_Source\PSoC5/BLE_Rx_isr.c **** *  
  87:.\Generated_Source\PSoC5/BLE_Rx_isr.c **** *  When defining ISR functions, the CY_ISR and CY_ISR_PROTO macros should be 
  88:.\Generated_Source\PSoC5/BLE_Rx_isr.c **** *  used to provide consistent definition across compilers:
ARM GAS  C:\Users\User\AppData\Local\Temp\ccEEk8W1.s 			page 3


  89:.\Generated_Source\PSoC5/BLE_Rx_isr.c **** *  
  90:.\Generated_Source\PSoC5/BLE_Rx_isr.c **** *  Function definition example:
  91:.\Generated_Source\PSoC5/BLE_Rx_isr.c **** *   CY_ISR(MyISR)
  92:.\Generated_Source\PSoC5/BLE_Rx_isr.c **** *   {
  93:.\Generated_Source\PSoC5/BLE_Rx_isr.c **** *   }
  94:.\Generated_Source\PSoC5/BLE_Rx_isr.c **** *   Function prototype example:
  95:.\Generated_Source\PSoC5/BLE_Rx_isr.c **** *   CY_ISR_PROTO(MyISR);
  96:.\Generated_Source\PSoC5/BLE_Rx_isr.c **** *
  97:.\Generated_Source\PSoC5/BLE_Rx_isr.c **** * Parameters:  
  98:.\Generated_Source\PSoC5/BLE_Rx_isr.c **** *   address: Address of the ISR to set in the interrupt vector table.
  99:.\Generated_Source\PSoC5/BLE_Rx_isr.c **** *
 100:.\Generated_Source\PSoC5/BLE_Rx_isr.c **** * Return:
 101:.\Generated_Source\PSoC5/BLE_Rx_isr.c **** *   None
 102:.\Generated_Source\PSoC5/BLE_Rx_isr.c **** *
 103:.\Generated_Source\PSoC5/BLE_Rx_isr.c **** *******************************************************************************/
 104:.\Generated_Source\PSoC5/BLE_Rx_isr.c **** void BLE_Rx_isr_StartEx(cyisraddress address)
 105:.\Generated_Source\PSoC5/BLE_Rx_isr.c **** {
 106:.\Generated_Source\PSoC5/BLE_Rx_isr.c ****     /* For all we know the interrupt is active. */
 107:.\Generated_Source\PSoC5/BLE_Rx_isr.c ****     BLE_Rx_isr_Disable();
 108:.\Generated_Source\PSoC5/BLE_Rx_isr.c **** 
 109:.\Generated_Source\PSoC5/BLE_Rx_isr.c ****     /* Set the ISR to point to the BLE_Rx_isr Interrupt. */
 110:.\Generated_Source\PSoC5/BLE_Rx_isr.c ****     BLE_Rx_isr_SetVector(address);
 111:.\Generated_Source\PSoC5/BLE_Rx_isr.c **** 
 112:.\Generated_Source\PSoC5/BLE_Rx_isr.c ****     /* Set the priority. */
 113:.\Generated_Source\PSoC5/BLE_Rx_isr.c ****     BLE_Rx_isr_SetPriority((uint8)BLE_Rx_isr_INTC_PRIOR_NUMBER);
 114:.\Generated_Source\PSoC5/BLE_Rx_isr.c **** 
 115:.\Generated_Source\PSoC5/BLE_Rx_isr.c ****     /* Enable it. */
 116:.\Generated_Source\PSoC5/BLE_Rx_isr.c ****     BLE_Rx_isr_Enable();
 117:.\Generated_Source\PSoC5/BLE_Rx_isr.c **** }
 118:.\Generated_Source\PSoC5/BLE_Rx_isr.c **** 
 119:.\Generated_Source\PSoC5/BLE_Rx_isr.c **** 
 120:.\Generated_Source\PSoC5/BLE_Rx_isr.c **** /*******************************************************************************
 121:.\Generated_Source\PSoC5/BLE_Rx_isr.c **** * Function Name: BLE_Rx_isr_Stop
 122:.\Generated_Source\PSoC5/BLE_Rx_isr.c **** ********************************************************************************
 123:.\Generated_Source\PSoC5/BLE_Rx_isr.c **** *
 124:.\Generated_Source\PSoC5/BLE_Rx_isr.c **** * Summary:
 125:.\Generated_Source\PSoC5/BLE_Rx_isr.c **** *   Disables and removes the interrupt.
 126:.\Generated_Source\PSoC5/BLE_Rx_isr.c **** *
 127:.\Generated_Source\PSoC5/BLE_Rx_isr.c **** * Parameters:  
 128:.\Generated_Source\PSoC5/BLE_Rx_isr.c **** *   None
 129:.\Generated_Source\PSoC5/BLE_Rx_isr.c **** *
 130:.\Generated_Source\PSoC5/BLE_Rx_isr.c **** * Return:
 131:.\Generated_Source\PSoC5/BLE_Rx_isr.c **** *   None
 132:.\Generated_Source\PSoC5/BLE_Rx_isr.c **** *
 133:.\Generated_Source\PSoC5/BLE_Rx_isr.c **** *******************************************************************************/
 134:.\Generated_Source\PSoC5/BLE_Rx_isr.c **** void BLE_Rx_isr_Stop(void)
 135:.\Generated_Source\PSoC5/BLE_Rx_isr.c **** {
 136:.\Generated_Source\PSoC5/BLE_Rx_isr.c ****     /* Disable this interrupt. */
 137:.\Generated_Source\PSoC5/BLE_Rx_isr.c ****     BLE_Rx_isr_Disable();
 138:.\Generated_Source\PSoC5/BLE_Rx_isr.c **** 
 139:.\Generated_Source\PSoC5/BLE_Rx_isr.c ****     /* Set the ISR to point to the passive one. */
 140:.\Generated_Source\PSoC5/BLE_Rx_isr.c ****     BLE_Rx_isr_SetVector(&IntDefaultHandler);
 141:.\Generated_Source\PSoC5/BLE_Rx_isr.c **** }
 142:.\Generated_Source\PSoC5/BLE_Rx_isr.c **** 
 143:.\Generated_Source\PSoC5/BLE_Rx_isr.c **** 
 144:.\Generated_Source\PSoC5/BLE_Rx_isr.c **** /*******************************************************************************
 145:.\Generated_Source\PSoC5/BLE_Rx_isr.c **** * Function Name: BLE_Rx_isr_Interrupt
ARM GAS  C:\Users\User\AppData\Local\Temp\ccEEk8W1.s 			page 4


 146:.\Generated_Source\PSoC5/BLE_Rx_isr.c **** ********************************************************************************
 147:.\Generated_Source\PSoC5/BLE_Rx_isr.c **** *
 148:.\Generated_Source\PSoC5/BLE_Rx_isr.c **** * Summary:
 149:.\Generated_Source\PSoC5/BLE_Rx_isr.c **** *   The default Interrupt Service Routine for BLE_Rx_isr.
 150:.\Generated_Source\PSoC5/BLE_Rx_isr.c **** *
 151:.\Generated_Source\PSoC5/BLE_Rx_isr.c **** *   Add custom code between the coments to keep the next version of this file
 152:.\Generated_Source\PSoC5/BLE_Rx_isr.c **** *   from over writting your code.
 153:.\Generated_Source\PSoC5/BLE_Rx_isr.c **** *
 154:.\Generated_Source\PSoC5/BLE_Rx_isr.c **** * Parameters:  
 155:.\Generated_Source\PSoC5/BLE_Rx_isr.c **** *
 156:.\Generated_Source\PSoC5/BLE_Rx_isr.c **** * Return:
 157:.\Generated_Source\PSoC5/BLE_Rx_isr.c **** *   None
 158:.\Generated_Source\PSoC5/BLE_Rx_isr.c **** *
 159:.\Generated_Source\PSoC5/BLE_Rx_isr.c **** *******************************************************************************/
 160:.\Generated_Source\PSoC5/BLE_Rx_isr.c **** CY_ISR(BLE_Rx_isr_Interrupt)
 161:.\Generated_Source\PSoC5/BLE_Rx_isr.c **** {
  27              		.loc 1 161 0
  28              		.cfi_startproc
  29              		@ args = 0, pretend = 0, frame = 0
  30              		@ frame_needed = 0, uses_anonymous_args = 0
  31              		@ link register save eliminated.
  32 0000 7047     		bx	lr
  33              		.cfi_endproc
  34              	.LFE3:
  35              		.size	BLE_Rx_isr_Interrupt, .-BLE_Rx_isr_Interrupt
  36 0002 00BF     		.section	.text.BLE_Rx_isr_SetVector,"ax",%progbits
  37              		.align	2
  38              		.global	BLE_Rx_isr_SetVector
  39              		.thumb
  40              		.thumb_func
  41              		.type	BLE_Rx_isr_SetVector, %function
  42              	BLE_Rx_isr_SetVector:
  43              	.LFB4:
 162:.\Generated_Source\PSoC5/BLE_Rx_isr.c ****     #ifdef BLE_Rx_isr_INTERRUPT_INTERRUPT_CALLBACK
 163:.\Generated_Source\PSoC5/BLE_Rx_isr.c ****         BLE_Rx_isr_Interrupt_InterruptCallback();
 164:.\Generated_Source\PSoC5/BLE_Rx_isr.c ****     #endif /* BLE_Rx_isr_INTERRUPT_INTERRUPT_CALLBACK */ 
 165:.\Generated_Source\PSoC5/BLE_Rx_isr.c **** 
 166:.\Generated_Source\PSoC5/BLE_Rx_isr.c ****     /*  Place your Interrupt code here. */
 167:.\Generated_Source\PSoC5/BLE_Rx_isr.c ****     /* `#START BLE_Rx_isr_Interrupt` */
 168:.\Generated_Source\PSoC5/BLE_Rx_isr.c **** 
 169:.\Generated_Source\PSoC5/BLE_Rx_isr.c ****     /* `#END` */
 170:.\Generated_Source\PSoC5/BLE_Rx_isr.c **** }
 171:.\Generated_Source\PSoC5/BLE_Rx_isr.c **** 
 172:.\Generated_Source\PSoC5/BLE_Rx_isr.c **** 
 173:.\Generated_Source\PSoC5/BLE_Rx_isr.c **** /*******************************************************************************
 174:.\Generated_Source\PSoC5/BLE_Rx_isr.c **** * Function Name: BLE_Rx_isr_SetVector
 175:.\Generated_Source\PSoC5/BLE_Rx_isr.c **** ********************************************************************************
 176:.\Generated_Source\PSoC5/BLE_Rx_isr.c **** *
 177:.\Generated_Source\PSoC5/BLE_Rx_isr.c **** * Summary:
 178:.\Generated_Source\PSoC5/BLE_Rx_isr.c **** *   Change the ISR vector for the Interrupt. Note calling BLE_Rx_isr_Start
 179:.\Generated_Source\PSoC5/BLE_Rx_isr.c **** *   will override any effect this method would have had. To set the vector 
 180:.\Generated_Source\PSoC5/BLE_Rx_isr.c **** *   before the component has been started use BLE_Rx_isr_StartEx instead.
 181:.\Generated_Source\PSoC5/BLE_Rx_isr.c **** * 
 182:.\Generated_Source\PSoC5/BLE_Rx_isr.c **** *   When defining ISR functions, the CY_ISR and CY_ISR_PROTO macros should be 
 183:.\Generated_Source\PSoC5/BLE_Rx_isr.c **** *   used to provide consistent definition across compilers:
 184:.\Generated_Source\PSoC5/BLE_Rx_isr.c **** *
 185:.\Generated_Source\PSoC5/BLE_Rx_isr.c **** *   Function definition example:
ARM GAS  C:\Users\User\AppData\Local\Temp\ccEEk8W1.s 			page 5


 186:.\Generated_Source\PSoC5/BLE_Rx_isr.c **** *   CY_ISR(MyISR)
 187:.\Generated_Source\PSoC5/BLE_Rx_isr.c **** *   {
 188:.\Generated_Source\PSoC5/BLE_Rx_isr.c **** *   }
 189:.\Generated_Source\PSoC5/BLE_Rx_isr.c **** *
 190:.\Generated_Source\PSoC5/BLE_Rx_isr.c **** *   Function prototype example:
 191:.\Generated_Source\PSoC5/BLE_Rx_isr.c **** *     CY_ISR_PROTO(MyISR);
 192:.\Generated_Source\PSoC5/BLE_Rx_isr.c **** *
 193:.\Generated_Source\PSoC5/BLE_Rx_isr.c **** * Parameters:
 194:.\Generated_Source\PSoC5/BLE_Rx_isr.c **** *   address: Address of the ISR to set in the interrupt vector table.
 195:.\Generated_Source\PSoC5/BLE_Rx_isr.c **** *
 196:.\Generated_Source\PSoC5/BLE_Rx_isr.c **** * Return:
 197:.\Generated_Source\PSoC5/BLE_Rx_isr.c **** *   None
 198:.\Generated_Source\PSoC5/BLE_Rx_isr.c **** *
 199:.\Generated_Source\PSoC5/BLE_Rx_isr.c **** *******************************************************************************/
 200:.\Generated_Source\PSoC5/BLE_Rx_isr.c **** void BLE_Rx_isr_SetVector(cyisraddress address)
 201:.\Generated_Source\PSoC5/BLE_Rx_isr.c **** {
  44              		.loc 1 201 0
  45              		.cfi_startproc
  46              		@ args = 0, pretend = 0, frame = 0
  47              		@ frame_needed = 0, uses_anonymous_args = 0
  48              		@ link register save eliminated.
  49              	.LVL0:
 202:.\Generated_Source\PSoC5/BLE_Rx_isr.c ****     cyisraddress * ramVectorTable;
 203:.\Generated_Source\PSoC5/BLE_Rx_isr.c **** 
 204:.\Generated_Source\PSoC5/BLE_Rx_isr.c ****     ramVectorTable = (cyisraddress *) *CYINT_VECT_TABLE;
  50              		.loc 1 204 0
  51 0000 014B     		ldr	r3, .L3
  52 0002 1B68     		ldr	r3, [r3]
  53              	.LVL1:
 205:.\Generated_Source\PSoC5/BLE_Rx_isr.c **** 
 206:.\Generated_Source\PSoC5/BLE_Rx_isr.c ****     ramVectorTable[CYINT_IRQ_BASE + (uint32)BLE_Rx_isr__INTC_NUMBER] = address;
  54              		.loc 1 206 0
  55 0004 1864     		str	r0, [r3, #64]
  56 0006 7047     		bx	lr
  57              	.L4:
  58              		.align	2
  59              	.L3:
  60 0008 08ED00E0 		.word	-536810232
  61              		.cfi_endproc
  62              	.LFE4:
  63              		.size	BLE_Rx_isr_SetVector, .-BLE_Rx_isr_SetVector
  64              		.section	.text.BLE_Rx_isr_GetVector,"ax",%progbits
  65              		.align	2
  66              		.global	BLE_Rx_isr_GetVector
  67              		.thumb
  68              		.thumb_func
  69              		.type	BLE_Rx_isr_GetVector, %function
  70              	BLE_Rx_isr_GetVector:
  71              	.LFB5:
 207:.\Generated_Source\PSoC5/BLE_Rx_isr.c **** }
 208:.\Generated_Source\PSoC5/BLE_Rx_isr.c **** 
 209:.\Generated_Source\PSoC5/BLE_Rx_isr.c **** 
 210:.\Generated_Source\PSoC5/BLE_Rx_isr.c **** /*******************************************************************************
 211:.\Generated_Source\PSoC5/BLE_Rx_isr.c **** * Function Name: BLE_Rx_isr_GetVector
 212:.\Generated_Source\PSoC5/BLE_Rx_isr.c **** ********************************************************************************
 213:.\Generated_Source\PSoC5/BLE_Rx_isr.c **** *
 214:.\Generated_Source\PSoC5/BLE_Rx_isr.c **** * Summary:
ARM GAS  C:\Users\User\AppData\Local\Temp\ccEEk8W1.s 			page 6


 215:.\Generated_Source\PSoC5/BLE_Rx_isr.c **** *   Gets the "address" of the current ISR vector for the Interrupt.
 216:.\Generated_Source\PSoC5/BLE_Rx_isr.c **** *
 217:.\Generated_Source\PSoC5/BLE_Rx_isr.c **** * Parameters:
 218:.\Generated_Source\PSoC5/BLE_Rx_isr.c **** *   None
 219:.\Generated_Source\PSoC5/BLE_Rx_isr.c **** *
 220:.\Generated_Source\PSoC5/BLE_Rx_isr.c **** * Return:
 221:.\Generated_Source\PSoC5/BLE_Rx_isr.c **** *   Address of the ISR in the interrupt vector table.
 222:.\Generated_Source\PSoC5/BLE_Rx_isr.c **** *
 223:.\Generated_Source\PSoC5/BLE_Rx_isr.c **** *******************************************************************************/
 224:.\Generated_Source\PSoC5/BLE_Rx_isr.c **** cyisraddress BLE_Rx_isr_GetVector(void)
 225:.\Generated_Source\PSoC5/BLE_Rx_isr.c **** {
  72              		.loc 1 225 0
  73              		.cfi_startproc
  74              		@ args = 0, pretend = 0, frame = 0
  75              		@ frame_needed = 0, uses_anonymous_args = 0
  76              		@ link register save eliminated.
 226:.\Generated_Source\PSoC5/BLE_Rx_isr.c ****     cyisraddress * ramVectorTable;
 227:.\Generated_Source\PSoC5/BLE_Rx_isr.c **** 
 228:.\Generated_Source\PSoC5/BLE_Rx_isr.c ****     ramVectorTable = (cyisraddress *) *CYINT_VECT_TABLE;
  77              		.loc 1 228 0
  78 0000 014B     		ldr	r3, .L6
  79 0002 1B68     		ldr	r3, [r3]
  80              	.LVL2:
 229:.\Generated_Source\PSoC5/BLE_Rx_isr.c **** 
 230:.\Generated_Source\PSoC5/BLE_Rx_isr.c ****     return ramVectorTable[CYINT_IRQ_BASE + (uint32)BLE_Rx_isr__INTC_NUMBER];
 231:.\Generated_Source\PSoC5/BLE_Rx_isr.c **** }
  81              		.loc 1 231 0
  82 0004 186C     		ldr	r0, [r3, #64]
  83 0006 7047     		bx	lr
  84              	.L7:
  85              		.align	2
  86              	.L6:
  87 0008 08ED00E0 		.word	-536810232
  88              		.cfi_endproc
  89              	.LFE5:
  90              		.size	BLE_Rx_isr_GetVector, .-BLE_Rx_isr_GetVector
  91              		.section	.text.BLE_Rx_isr_SetPriority,"ax",%progbits
  92              		.align	2
  93              		.global	BLE_Rx_isr_SetPriority
  94              		.thumb
  95              		.thumb_func
  96              		.type	BLE_Rx_isr_SetPriority, %function
  97              	BLE_Rx_isr_SetPriority:
  98              	.LFB6:
 232:.\Generated_Source\PSoC5/BLE_Rx_isr.c **** 
 233:.\Generated_Source\PSoC5/BLE_Rx_isr.c **** 
 234:.\Generated_Source\PSoC5/BLE_Rx_isr.c **** /*******************************************************************************
 235:.\Generated_Source\PSoC5/BLE_Rx_isr.c **** * Function Name: BLE_Rx_isr_SetPriority
 236:.\Generated_Source\PSoC5/BLE_Rx_isr.c **** ********************************************************************************
 237:.\Generated_Source\PSoC5/BLE_Rx_isr.c **** *
 238:.\Generated_Source\PSoC5/BLE_Rx_isr.c **** * Summary:
 239:.\Generated_Source\PSoC5/BLE_Rx_isr.c **** *   Sets the Priority of the Interrupt. 
 240:.\Generated_Source\PSoC5/BLE_Rx_isr.c **** *
 241:.\Generated_Source\PSoC5/BLE_Rx_isr.c **** *   Note calling BLE_Rx_isr_Start or BLE_Rx_isr_StartEx will 
 242:.\Generated_Source\PSoC5/BLE_Rx_isr.c **** *   override any effect this API would have had. This API should only be called
 243:.\Generated_Source\PSoC5/BLE_Rx_isr.c **** *   after BLE_Rx_isr_Start or BLE_Rx_isr_StartEx has been called. 
 244:.\Generated_Source\PSoC5/BLE_Rx_isr.c **** *   To set the initial priority for the component, use the Design-Wide Resources
ARM GAS  C:\Users\User\AppData\Local\Temp\ccEEk8W1.s 			page 7


 245:.\Generated_Source\PSoC5/BLE_Rx_isr.c **** *   Interrupt Editor.
 246:.\Generated_Source\PSoC5/BLE_Rx_isr.c **** *
 247:.\Generated_Source\PSoC5/BLE_Rx_isr.c **** *   Note This API has no effect on Non-maskable interrupt NMI).
 248:.\Generated_Source\PSoC5/BLE_Rx_isr.c **** *
 249:.\Generated_Source\PSoC5/BLE_Rx_isr.c **** * Parameters:
 250:.\Generated_Source\PSoC5/BLE_Rx_isr.c **** *   priority: Priority of the interrupt, 0 being the highest priority
 251:.\Generated_Source\PSoC5/BLE_Rx_isr.c **** *             PSoC 3 and PSoC 5LP: Priority is from 0 to 7.
 252:.\Generated_Source\PSoC5/BLE_Rx_isr.c **** *             PSoC 4: Priority is from 0 to 3.
 253:.\Generated_Source\PSoC5/BLE_Rx_isr.c **** *
 254:.\Generated_Source\PSoC5/BLE_Rx_isr.c **** * Return:
 255:.\Generated_Source\PSoC5/BLE_Rx_isr.c **** *   None
 256:.\Generated_Source\PSoC5/BLE_Rx_isr.c **** *
 257:.\Generated_Source\PSoC5/BLE_Rx_isr.c **** *******************************************************************************/
 258:.\Generated_Source\PSoC5/BLE_Rx_isr.c **** void BLE_Rx_isr_SetPriority(uint8 priority)
 259:.\Generated_Source\PSoC5/BLE_Rx_isr.c **** {
  99              		.loc 1 259 0
 100              		.cfi_startproc
 101              		@ args = 0, pretend = 0, frame = 0
 102              		@ frame_needed = 0, uses_anonymous_args = 0
 103              		@ link register save eliminated.
 104              	.LVL3:
 260:.\Generated_Source\PSoC5/BLE_Rx_isr.c ****     *BLE_Rx_isr_INTC_PRIOR = priority << 5;
 105              		.loc 1 260 0
 106 0000 4001     		lsls	r0, r0, #5
 107              	.LVL4:
 108 0002 C0B2     		uxtb	r0, r0
 109 0004 014B     		ldr	r3, .L9
 110 0006 1870     		strb	r0, [r3]
 111 0008 7047     		bx	lr
 112              	.L10:
 113 000a 00BF     		.align	2
 114              	.L9:
 115 000c 00E400E0 		.word	-536812544
 116              		.cfi_endproc
 117              	.LFE6:
 118              		.size	BLE_Rx_isr_SetPriority, .-BLE_Rx_isr_SetPriority
 119              		.section	.text.BLE_Rx_isr_GetPriority,"ax",%progbits
 120              		.align	2
 121              		.global	BLE_Rx_isr_GetPriority
 122              		.thumb
 123              		.thumb_func
 124              		.type	BLE_Rx_isr_GetPriority, %function
 125              	BLE_Rx_isr_GetPriority:
 126              	.LFB7:
 261:.\Generated_Source\PSoC5/BLE_Rx_isr.c **** }
 262:.\Generated_Source\PSoC5/BLE_Rx_isr.c **** 
 263:.\Generated_Source\PSoC5/BLE_Rx_isr.c **** 
 264:.\Generated_Source\PSoC5/BLE_Rx_isr.c **** /*******************************************************************************
 265:.\Generated_Source\PSoC5/BLE_Rx_isr.c **** * Function Name: BLE_Rx_isr_GetPriority
 266:.\Generated_Source\PSoC5/BLE_Rx_isr.c **** ********************************************************************************
 267:.\Generated_Source\PSoC5/BLE_Rx_isr.c **** *
 268:.\Generated_Source\PSoC5/BLE_Rx_isr.c **** * Summary:
 269:.\Generated_Source\PSoC5/BLE_Rx_isr.c **** *   Gets the Priority of the Interrupt.
 270:.\Generated_Source\PSoC5/BLE_Rx_isr.c **** *
 271:.\Generated_Source\PSoC5/BLE_Rx_isr.c **** * Parameters:
 272:.\Generated_Source\PSoC5/BLE_Rx_isr.c **** *   None
 273:.\Generated_Source\PSoC5/BLE_Rx_isr.c **** *
ARM GAS  C:\Users\User\AppData\Local\Temp\ccEEk8W1.s 			page 8


 274:.\Generated_Source\PSoC5/BLE_Rx_isr.c **** * Return:
 275:.\Generated_Source\PSoC5/BLE_Rx_isr.c **** *   Priority of the interrupt, 0 being the highest priority
 276:.\Generated_Source\PSoC5/BLE_Rx_isr.c **** *    PSoC 3 and PSoC 5LP: Priority is from 0 to 7.
 277:.\Generated_Source\PSoC5/BLE_Rx_isr.c **** *    PSoC 4: Priority is from 0 to 3.
 278:.\Generated_Source\PSoC5/BLE_Rx_isr.c **** *
 279:.\Generated_Source\PSoC5/BLE_Rx_isr.c **** *******************************************************************************/
 280:.\Generated_Source\PSoC5/BLE_Rx_isr.c **** uint8 BLE_Rx_isr_GetPriority(void)
 281:.\Generated_Source\PSoC5/BLE_Rx_isr.c **** {
 127              		.loc 1 281 0
 128              		.cfi_startproc
 129              		@ args = 0, pretend = 0, frame = 0
 130              		@ frame_needed = 0, uses_anonymous_args = 0
 131              		@ link register save eliminated.
 282:.\Generated_Source\PSoC5/BLE_Rx_isr.c ****     uint8 priority;
 283:.\Generated_Source\PSoC5/BLE_Rx_isr.c **** 
 284:.\Generated_Source\PSoC5/BLE_Rx_isr.c **** 
 285:.\Generated_Source\PSoC5/BLE_Rx_isr.c ****     priority = *BLE_Rx_isr_INTC_PRIOR >> 5;
 132              		.loc 1 285 0
 133 0000 014B     		ldr	r3, .L12
 134 0002 1878     		ldrb	r0, [r3]	@ zero_extendqisi2
 135              	.LVL5:
 286:.\Generated_Source\PSoC5/BLE_Rx_isr.c **** 
 287:.\Generated_Source\PSoC5/BLE_Rx_isr.c ****     return priority;
 288:.\Generated_Source\PSoC5/BLE_Rx_isr.c **** }
 136              		.loc 1 288 0
 137 0004 4009     		lsrs	r0, r0, #5
 138              	.LVL6:
 139 0006 7047     		bx	lr
 140              	.L13:
 141              		.align	2
 142              	.L12:
 143 0008 00E400E0 		.word	-536812544
 144              		.cfi_endproc
 145              	.LFE7:
 146              		.size	BLE_Rx_isr_GetPriority, .-BLE_Rx_isr_GetPriority
 147              		.section	.text.BLE_Rx_isr_Enable,"ax",%progbits
 148              		.align	2
 149              		.global	BLE_Rx_isr_Enable
 150              		.thumb
 151              		.thumb_func
 152              		.type	BLE_Rx_isr_Enable, %function
 153              	BLE_Rx_isr_Enable:
 154              	.LFB8:
 289:.\Generated_Source\PSoC5/BLE_Rx_isr.c **** 
 290:.\Generated_Source\PSoC5/BLE_Rx_isr.c **** 
 291:.\Generated_Source\PSoC5/BLE_Rx_isr.c **** /*******************************************************************************
 292:.\Generated_Source\PSoC5/BLE_Rx_isr.c **** * Function Name: BLE_Rx_isr_Enable
 293:.\Generated_Source\PSoC5/BLE_Rx_isr.c **** ********************************************************************************
 294:.\Generated_Source\PSoC5/BLE_Rx_isr.c **** *
 295:.\Generated_Source\PSoC5/BLE_Rx_isr.c **** * Summary:
 296:.\Generated_Source\PSoC5/BLE_Rx_isr.c **** *   Enables the interrupt to the interrupt controller. Do not call this function
 297:.\Generated_Source\PSoC5/BLE_Rx_isr.c **** *   unless ISR_Start() has been called or the functionality of the ISR_Start() 
 298:.\Generated_Source\PSoC5/BLE_Rx_isr.c **** *   function, which sets the vector and the priority, has been called.
 299:.\Generated_Source\PSoC5/BLE_Rx_isr.c **** *
 300:.\Generated_Source\PSoC5/BLE_Rx_isr.c **** * Parameters:
 301:.\Generated_Source\PSoC5/BLE_Rx_isr.c **** *   None
 302:.\Generated_Source\PSoC5/BLE_Rx_isr.c **** *
ARM GAS  C:\Users\User\AppData\Local\Temp\ccEEk8W1.s 			page 9


 303:.\Generated_Source\PSoC5/BLE_Rx_isr.c **** * Return:
 304:.\Generated_Source\PSoC5/BLE_Rx_isr.c **** *   None
 305:.\Generated_Source\PSoC5/BLE_Rx_isr.c **** *
 306:.\Generated_Source\PSoC5/BLE_Rx_isr.c **** *******************************************************************************/
 307:.\Generated_Source\PSoC5/BLE_Rx_isr.c **** void BLE_Rx_isr_Enable(void)
 308:.\Generated_Source\PSoC5/BLE_Rx_isr.c **** {
 155              		.loc 1 308 0
 156              		.cfi_startproc
 157              		@ args = 0, pretend = 0, frame = 0
 158              		@ frame_needed = 0, uses_anonymous_args = 0
 159              		@ link register save eliminated.
 309:.\Generated_Source\PSoC5/BLE_Rx_isr.c ****     /* Enable the general interrupt. */
 310:.\Generated_Source\PSoC5/BLE_Rx_isr.c ****     *BLE_Rx_isr_INTC_SET_EN = BLE_Rx_isr__INTC_MASK;
 160              		.loc 1 310 0
 161 0000 0122     		movs	r2, #1
 162 0002 014B     		ldr	r3, .L15
 163 0004 1A60     		str	r2, [r3]
 164 0006 7047     		bx	lr
 165              	.L16:
 166              		.align	2
 167              	.L15:
 168 0008 00E100E0 		.word	-536813312
 169              		.cfi_endproc
 170              	.LFE8:
 171              		.size	BLE_Rx_isr_Enable, .-BLE_Rx_isr_Enable
 172              		.section	.text.BLE_Rx_isr_GetState,"ax",%progbits
 173              		.align	2
 174              		.global	BLE_Rx_isr_GetState
 175              		.thumb
 176              		.thumb_func
 177              		.type	BLE_Rx_isr_GetState, %function
 178              	BLE_Rx_isr_GetState:
 179              	.LFB9:
 311:.\Generated_Source\PSoC5/BLE_Rx_isr.c **** }
 312:.\Generated_Source\PSoC5/BLE_Rx_isr.c **** 
 313:.\Generated_Source\PSoC5/BLE_Rx_isr.c **** 
 314:.\Generated_Source\PSoC5/BLE_Rx_isr.c **** /*******************************************************************************
 315:.\Generated_Source\PSoC5/BLE_Rx_isr.c **** * Function Name: BLE_Rx_isr_GetState
 316:.\Generated_Source\PSoC5/BLE_Rx_isr.c **** ********************************************************************************
 317:.\Generated_Source\PSoC5/BLE_Rx_isr.c **** *
 318:.\Generated_Source\PSoC5/BLE_Rx_isr.c **** * Summary:
 319:.\Generated_Source\PSoC5/BLE_Rx_isr.c **** *   Gets the state (enabled, disabled) of the Interrupt.
 320:.\Generated_Source\PSoC5/BLE_Rx_isr.c **** *
 321:.\Generated_Source\PSoC5/BLE_Rx_isr.c **** * Parameters:
 322:.\Generated_Source\PSoC5/BLE_Rx_isr.c **** *   None
 323:.\Generated_Source\PSoC5/BLE_Rx_isr.c **** *
 324:.\Generated_Source\PSoC5/BLE_Rx_isr.c **** * Return:
 325:.\Generated_Source\PSoC5/BLE_Rx_isr.c **** *   1 if enabled, 0 if disabled.
 326:.\Generated_Source\PSoC5/BLE_Rx_isr.c **** *
 327:.\Generated_Source\PSoC5/BLE_Rx_isr.c **** *******************************************************************************/
 328:.\Generated_Source\PSoC5/BLE_Rx_isr.c **** uint8 BLE_Rx_isr_GetState(void)
 329:.\Generated_Source\PSoC5/BLE_Rx_isr.c **** {
 180              		.loc 1 329 0
 181              		.cfi_startproc
 182              		@ args = 0, pretend = 0, frame = 0
 183              		@ frame_needed = 0, uses_anonymous_args = 0
 184              		@ link register save eliminated.
ARM GAS  C:\Users\User\AppData\Local\Temp\ccEEk8W1.s 			page 10


 330:.\Generated_Source\PSoC5/BLE_Rx_isr.c ****     /* Get the state of the general interrupt. */
 331:.\Generated_Source\PSoC5/BLE_Rx_isr.c ****     return ((*BLE_Rx_isr_INTC_SET_EN & (uint32)BLE_Rx_isr__INTC_MASK) != 0u) ? 1u:0u;
 185              		.loc 1 331 0
 186 0000 024B     		ldr	r3, .L18
 187 0002 1868     		ldr	r0, [r3]
 332:.\Generated_Source\PSoC5/BLE_Rx_isr.c **** }
 188              		.loc 1 332 0
 189 0004 00F00100 		and	r0, r0, #1
 190 0008 7047     		bx	lr
 191              	.L19:
 192 000a 00BF     		.align	2
 193              	.L18:
 194 000c 00E100E0 		.word	-536813312
 195              		.cfi_endproc
 196              	.LFE9:
 197              		.size	BLE_Rx_isr_GetState, .-BLE_Rx_isr_GetState
 198              		.section	.text.BLE_Rx_isr_Disable,"ax",%progbits
 199              		.align	2
 200              		.global	BLE_Rx_isr_Disable
 201              		.thumb
 202              		.thumb_func
 203              		.type	BLE_Rx_isr_Disable, %function
 204              	BLE_Rx_isr_Disable:
 205              	.LFB10:
 333:.\Generated_Source\PSoC5/BLE_Rx_isr.c **** 
 334:.\Generated_Source\PSoC5/BLE_Rx_isr.c **** 
 335:.\Generated_Source\PSoC5/BLE_Rx_isr.c **** /*******************************************************************************
 336:.\Generated_Source\PSoC5/BLE_Rx_isr.c **** * Function Name: BLE_Rx_isr_Disable
 337:.\Generated_Source\PSoC5/BLE_Rx_isr.c **** ********************************************************************************
 338:.\Generated_Source\PSoC5/BLE_Rx_isr.c **** *
 339:.\Generated_Source\PSoC5/BLE_Rx_isr.c **** * Summary:
 340:.\Generated_Source\PSoC5/BLE_Rx_isr.c **** *   Disables the Interrupt in the interrupt controller.
 341:.\Generated_Source\PSoC5/BLE_Rx_isr.c **** *
 342:.\Generated_Source\PSoC5/BLE_Rx_isr.c **** * Parameters:
 343:.\Generated_Source\PSoC5/BLE_Rx_isr.c **** *   None
 344:.\Generated_Source\PSoC5/BLE_Rx_isr.c **** *
 345:.\Generated_Source\PSoC5/BLE_Rx_isr.c **** * Return:
 346:.\Generated_Source\PSoC5/BLE_Rx_isr.c **** *   None
 347:.\Generated_Source\PSoC5/BLE_Rx_isr.c **** *
 348:.\Generated_Source\PSoC5/BLE_Rx_isr.c **** *******************************************************************************/
 349:.\Generated_Source\PSoC5/BLE_Rx_isr.c **** void BLE_Rx_isr_Disable(void)
 350:.\Generated_Source\PSoC5/BLE_Rx_isr.c **** {
 206              		.loc 1 350 0
 207              		.cfi_startproc
 208              		@ args = 0, pretend = 0, frame = 0
 209              		@ frame_needed = 0, uses_anonymous_args = 0
 210              		@ link register save eliminated.
 351:.\Generated_Source\PSoC5/BLE_Rx_isr.c ****     /* Disable the general interrupt. */
 352:.\Generated_Source\PSoC5/BLE_Rx_isr.c ****     *BLE_Rx_isr_INTC_CLR_EN = BLE_Rx_isr__INTC_MASK;
 211              		.loc 1 352 0
 212 0000 0122     		movs	r2, #1
 213 0002 014B     		ldr	r3, .L21
 214 0004 1A60     		str	r2, [r3]
 215 0006 7047     		bx	lr
 216              	.L22:
 217              		.align	2
 218              	.L21:
ARM GAS  C:\Users\User\AppData\Local\Temp\ccEEk8W1.s 			page 11


 219 0008 80E100E0 		.word	-536813184
 220              		.cfi_endproc
 221              	.LFE10:
 222              		.size	BLE_Rx_isr_Disable, .-BLE_Rx_isr_Disable
 223              		.section	.text.BLE_Rx_isr_Start,"ax",%progbits
 224              		.align	2
 225              		.global	BLE_Rx_isr_Start
 226              		.thumb
 227              		.thumb_func
 228              		.type	BLE_Rx_isr_Start, %function
 229              	BLE_Rx_isr_Start:
 230              	.LFB0:
  62:.\Generated_Source\PSoC5/BLE_Rx_isr.c ****     /* For all we know the interrupt is active. */
 231              		.loc 1 62 0
 232              		.cfi_startproc
 233              		@ args = 0, pretend = 0, frame = 0
 234              		@ frame_needed = 0, uses_anonymous_args = 0
 235 0000 08B5     		push	{r3, lr}
 236              		.cfi_def_cfa_offset 8
 237              		.cfi_offset 3, -8
 238              		.cfi_offset 14, -4
  64:.\Generated_Source\PSoC5/BLE_Rx_isr.c **** 
 239              		.loc 1 64 0
 240 0002 FFF7FEFF 		bl	BLE_Rx_isr_Disable
 241              	.LVL7:
  67:.\Generated_Source\PSoC5/BLE_Rx_isr.c **** 
 242              		.loc 1 67 0
 243 0006 0448     		ldr	r0, .L25
 244 0008 FFF7FEFF 		bl	BLE_Rx_isr_SetVector
 245              	.LVL8:
  70:.\Generated_Source\PSoC5/BLE_Rx_isr.c **** 
 246              		.loc 1 70 0
 247 000c 0720     		movs	r0, #7
 248 000e FFF7FEFF 		bl	BLE_Rx_isr_SetPriority
 249              	.LVL9:
  73:.\Generated_Source\PSoC5/BLE_Rx_isr.c **** }
 250              		.loc 1 73 0
 251 0012 FFF7FEFF 		bl	BLE_Rx_isr_Enable
 252              	.LVL10:
 253 0016 08BD     		pop	{r3, pc}
 254              	.L26:
 255              		.align	2
 256              	.L25:
 257 0018 00000000 		.word	BLE_Rx_isr_Interrupt
 258              		.cfi_endproc
 259              	.LFE0:
 260              		.size	BLE_Rx_isr_Start, .-BLE_Rx_isr_Start
 261              		.section	.text.BLE_Rx_isr_StartEx,"ax",%progbits
 262              		.align	2
 263              		.global	BLE_Rx_isr_StartEx
 264              		.thumb
 265              		.thumb_func
 266              		.type	BLE_Rx_isr_StartEx, %function
 267              	BLE_Rx_isr_StartEx:
 268              	.LFB1:
 105:.\Generated_Source\PSoC5/BLE_Rx_isr.c ****     /* For all we know the interrupt is active. */
 269              		.loc 1 105 0
ARM GAS  C:\Users\User\AppData\Local\Temp\ccEEk8W1.s 			page 12


 270              		.cfi_startproc
 271              		@ args = 0, pretend = 0, frame = 0
 272              		@ frame_needed = 0, uses_anonymous_args = 0
 273              	.LVL11:
 274 0000 10B5     		push	{r4, lr}
 275              		.cfi_def_cfa_offset 8
 276              		.cfi_offset 4, -8
 277              		.cfi_offset 14, -4
 278 0002 0446     		mov	r4, r0
 107:.\Generated_Source\PSoC5/BLE_Rx_isr.c **** 
 279              		.loc 1 107 0
 280 0004 FFF7FEFF 		bl	BLE_Rx_isr_Disable
 281              	.LVL12:
 110:.\Generated_Source\PSoC5/BLE_Rx_isr.c **** 
 282              		.loc 1 110 0
 283 0008 2046     		mov	r0, r4
 284 000a FFF7FEFF 		bl	BLE_Rx_isr_SetVector
 285              	.LVL13:
 113:.\Generated_Source\PSoC5/BLE_Rx_isr.c **** 
 286              		.loc 1 113 0
 287 000e 0720     		movs	r0, #7
 288 0010 FFF7FEFF 		bl	BLE_Rx_isr_SetPriority
 289              	.LVL14:
 116:.\Generated_Source\PSoC5/BLE_Rx_isr.c **** }
 290              		.loc 1 116 0
 291 0014 FFF7FEFF 		bl	BLE_Rx_isr_Enable
 292              	.LVL15:
 293 0018 10BD     		pop	{r4, pc}
 294              		.cfi_endproc
 295              	.LFE1:
 296              		.size	BLE_Rx_isr_StartEx, .-BLE_Rx_isr_StartEx
 297 001a 00BF     		.section	.text.BLE_Rx_isr_Stop,"ax",%progbits
 298              		.align	2
 299              		.global	BLE_Rx_isr_Stop
 300              		.thumb
 301              		.thumb_func
 302              		.type	BLE_Rx_isr_Stop, %function
 303              	BLE_Rx_isr_Stop:
 304              	.LFB2:
 135:.\Generated_Source\PSoC5/BLE_Rx_isr.c ****     /* Disable this interrupt. */
 305              		.loc 1 135 0
 306              		.cfi_startproc
 307              		@ args = 0, pretend = 0, frame = 0
 308              		@ frame_needed = 0, uses_anonymous_args = 0
 309 0000 08B5     		push	{r3, lr}
 310              		.cfi_def_cfa_offset 8
 311              		.cfi_offset 3, -8
 312              		.cfi_offset 14, -4
 137:.\Generated_Source\PSoC5/BLE_Rx_isr.c **** 
 313              		.loc 1 137 0
 314 0002 FFF7FEFF 		bl	BLE_Rx_isr_Disable
 315              	.LVL16:
 140:.\Generated_Source\PSoC5/BLE_Rx_isr.c **** }
 316              		.loc 1 140 0
 317 0006 0248     		ldr	r0, .L31
 318 0008 FFF7FEFF 		bl	BLE_Rx_isr_SetVector
 319              	.LVL17:
ARM GAS  C:\Users\User\AppData\Local\Temp\ccEEk8W1.s 			page 13


 320 000c 08BD     		pop	{r3, pc}
 321              	.L32:
 322 000e 00BF     		.align	2
 323              	.L31:
 324 0010 00000000 		.word	IntDefaultHandler
 325              		.cfi_endproc
 326              	.LFE2:
 327              		.size	BLE_Rx_isr_Stop, .-BLE_Rx_isr_Stop
 328              		.section	.text.BLE_Rx_isr_SetPending,"ax",%progbits
 329              		.align	2
 330              		.global	BLE_Rx_isr_SetPending
 331              		.thumb
 332              		.thumb_func
 333              		.type	BLE_Rx_isr_SetPending, %function
 334              	BLE_Rx_isr_SetPending:
 335              	.LFB11:
 353:.\Generated_Source\PSoC5/BLE_Rx_isr.c **** }
 354:.\Generated_Source\PSoC5/BLE_Rx_isr.c **** 
 355:.\Generated_Source\PSoC5/BLE_Rx_isr.c **** 
 356:.\Generated_Source\PSoC5/BLE_Rx_isr.c **** /*******************************************************************************
 357:.\Generated_Source\PSoC5/BLE_Rx_isr.c **** * Function Name: BLE_Rx_isr_SetPending
 358:.\Generated_Source\PSoC5/BLE_Rx_isr.c **** ********************************************************************************
 359:.\Generated_Source\PSoC5/BLE_Rx_isr.c **** *
 360:.\Generated_Source\PSoC5/BLE_Rx_isr.c **** * Summary:
 361:.\Generated_Source\PSoC5/BLE_Rx_isr.c **** *   Causes the Interrupt to enter the pending state, a software method of
 362:.\Generated_Source\PSoC5/BLE_Rx_isr.c **** *   generating the interrupt.
 363:.\Generated_Source\PSoC5/BLE_Rx_isr.c **** *
 364:.\Generated_Source\PSoC5/BLE_Rx_isr.c **** * Parameters:
 365:.\Generated_Source\PSoC5/BLE_Rx_isr.c **** *   None
 366:.\Generated_Source\PSoC5/BLE_Rx_isr.c **** *
 367:.\Generated_Source\PSoC5/BLE_Rx_isr.c **** * Return:
 368:.\Generated_Source\PSoC5/BLE_Rx_isr.c **** *   None
 369:.\Generated_Source\PSoC5/BLE_Rx_isr.c **** *
 370:.\Generated_Source\PSoC5/BLE_Rx_isr.c **** * Side Effects:
 371:.\Generated_Source\PSoC5/BLE_Rx_isr.c **** *   If interrupts are enabled and the interrupt is set up properly, the ISR is
 372:.\Generated_Source\PSoC5/BLE_Rx_isr.c **** *   entered (depending on the priority of this interrupt and other pending 
 373:.\Generated_Source\PSoC5/BLE_Rx_isr.c **** *   interrupts).
 374:.\Generated_Source\PSoC5/BLE_Rx_isr.c **** *
 375:.\Generated_Source\PSoC5/BLE_Rx_isr.c **** *******************************************************************************/
 376:.\Generated_Source\PSoC5/BLE_Rx_isr.c **** void BLE_Rx_isr_SetPending(void)
 377:.\Generated_Source\PSoC5/BLE_Rx_isr.c **** {
 336              		.loc 1 377 0
 337              		.cfi_startproc
 338              		@ args = 0, pretend = 0, frame = 0
 339              		@ frame_needed = 0, uses_anonymous_args = 0
 340              		@ link register save eliminated.
 378:.\Generated_Source\PSoC5/BLE_Rx_isr.c ****     *BLE_Rx_isr_INTC_SET_PD = BLE_Rx_isr__INTC_MASK;
 341              		.loc 1 378 0
 342 0000 0122     		movs	r2, #1
 343 0002 014B     		ldr	r3, .L34
 344 0004 1A60     		str	r2, [r3]
 345 0006 7047     		bx	lr
 346              	.L35:
 347              		.align	2
 348              	.L34:
 349 0008 00E200E0 		.word	-536813056
 350              		.cfi_endproc
ARM GAS  C:\Users\User\AppData\Local\Temp\ccEEk8W1.s 			page 14


 351              	.LFE11:
 352              		.size	BLE_Rx_isr_SetPending, .-BLE_Rx_isr_SetPending
 353              		.section	.text.BLE_Rx_isr_ClearPending,"ax",%progbits
 354              		.align	2
 355              		.global	BLE_Rx_isr_ClearPending
 356              		.thumb
 357              		.thumb_func
 358              		.type	BLE_Rx_isr_ClearPending, %function
 359              	BLE_Rx_isr_ClearPending:
 360              	.LFB12:
 379:.\Generated_Source\PSoC5/BLE_Rx_isr.c **** }
 380:.\Generated_Source\PSoC5/BLE_Rx_isr.c **** 
 381:.\Generated_Source\PSoC5/BLE_Rx_isr.c **** 
 382:.\Generated_Source\PSoC5/BLE_Rx_isr.c **** /*******************************************************************************
 383:.\Generated_Source\PSoC5/BLE_Rx_isr.c **** * Function Name: BLE_Rx_isr_ClearPending
 384:.\Generated_Source\PSoC5/BLE_Rx_isr.c **** ********************************************************************************
 385:.\Generated_Source\PSoC5/BLE_Rx_isr.c **** *
 386:.\Generated_Source\PSoC5/BLE_Rx_isr.c **** * Summary:
 387:.\Generated_Source\PSoC5/BLE_Rx_isr.c **** *   Clears a pending interrupt in the interrupt controller.
 388:.\Generated_Source\PSoC5/BLE_Rx_isr.c **** *
 389:.\Generated_Source\PSoC5/BLE_Rx_isr.c **** *   Note Some interrupt sources are clear-on-read and require the block 
 390:.\Generated_Source\PSoC5/BLE_Rx_isr.c **** *   interrupt/status register to be read/cleared with the appropriate block API 
 391:.\Generated_Source\PSoC5/BLE_Rx_isr.c **** *   (GPIO, UART, and so on). Otherwise the ISR will continue to remain in 
 392:.\Generated_Source\PSoC5/BLE_Rx_isr.c **** *   pending state even though the interrupt itself is cleared using this API.
 393:.\Generated_Source\PSoC5/BLE_Rx_isr.c **** *
 394:.\Generated_Source\PSoC5/BLE_Rx_isr.c **** * Parameters:
 395:.\Generated_Source\PSoC5/BLE_Rx_isr.c **** *   None
 396:.\Generated_Source\PSoC5/BLE_Rx_isr.c **** *
 397:.\Generated_Source\PSoC5/BLE_Rx_isr.c **** * Return:
 398:.\Generated_Source\PSoC5/BLE_Rx_isr.c **** *   None
 399:.\Generated_Source\PSoC5/BLE_Rx_isr.c **** *
 400:.\Generated_Source\PSoC5/BLE_Rx_isr.c **** *******************************************************************************/
 401:.\Generated_Source\PSoC5/BLE_Rx_isr.c **** void BLE_Rx_isr_ClearPending(void)
 402:.\Generated_Source\PSoC5/BLE_Rx_isr.c **** {
 361              		.loc 1 402 0
 362              		.cfi_startproc
 363              		@ args = 0, pretend = 0, frame = 0
 364              		@ frame_needed = 0, uses_anonymous_args = 0
 365              		@ link register save eliminated.
 403:.\Generated_Source\PSoC5/BLE_Rx_isr.c ****     *BLE_Rx_isr_INTC_CLR_PD = BLE_Rx_isr__INTC_MASK;
 366              		.loc 1 403 0
 367 0000 0122     		movs	r2, #1
 368 0002 014B     		ldr	r3, .L37
 369 0004 1A60     		str	r2, [r3]
 370 0006 7047     		bx	lr
 371              	.L38:
 372              		.align	2
 373              	.L37:
 374 0008 80E200E0 		.word	-536812928
 375              		.cfi_endproc
 376              	.LFE12:
 377              		.size	BLE_Rx_isr_ClearPending, .-BLE_Rx_isr_ClearPending
 378              		.text
 379              	.Letext0:
 380              		.file 2 "Generated_Source\\PSoC5/cytypes.h"
 381              		.section	.debug_info,"",%progbits
 382              	.Ldebug_info0:
ARM GAS  C:\Users\User\AppData\Local\Temp\ccEEk8W1.s 			page 15


 383 0000 CE020000 		.4byte	0x2ce
 384 0004 0400     		.2byte	0x4
 385 0006 00000000 		.4byte	.Ldebug_abbrev0
 386 000a 04       		.byte	0x4
 387 000b 01       		.uleb128 0x1
 388 000c 69000000 		.4byte	.LASF34
 389 0010 01       		.byte	0x1
 390 0011 06000000 		.4byte	.LASF35
 391 0015 B7020000 		.4byte	.LASF36
 392 0019 00000000 		.4byte	.Ldebug_ranges0+0
 393 001d 00000000 		.4byte	0
 394 0021 00000000 		.4byte	.Ldebug_line0
 395 0025 02       		.uleb128 0x2
 396 0026 04       		.byte	0x4
 397 0027 05       		.byte	0x5
 398 0028 696E7400 		.ascii	"int\000"
 399 002c 03       		.uleb128 0x3
 400 002d 04       		.byte	0x4
 401 002e 07       		.byte	0x7
 402 002f F4010000 		.4byte	.LASF0
 403 0033 03       		.uleb128 0x3
 404 0034 08       		.byte	0x8
 405 0035 05       		.byte	0x5
 406 0036 36020000 		.4byte	.LASF1
 407 003a 03       		.uleb128 0x3
 408 003b 08       		.byte	0x8
 409 003c 04       		.byte	0x4
 410 003d 6B020000 		.4byte	.LASF2
 411 0041 03       		.uleb128 0x3
 412 0042 01       		.byte	0x1
 413 0043 06       		.byte	0x6
 414 0044 77020000 		.4byte	.LASF3
 415 0048 03       		.uleb128 0x3
 416 0049 01       		.byte	0x1
 417 004a 08       		.byte	0x8
 418 004b 61010000 		.4byte	.LASF4
 419 004f 03       		.uleb128 0x3
 420 0050 02       		.byte	0x2
 421 0051 05       		.byte	0x5
 422 0052 58020000 		.4byte	.LASF5
 423 0056 03       		.uleb128 0x3
 424 0057 02       		.byte	0x2
 425 0058 07       		.byte	0x7
 426 0059 02010000 		.4byte	.LASF6
 427 005d 03       		.uleb128 0x3
 428 005e 04       		.byte	0x4
 429 005f 05       		.byte	0x5
 430 0060 62020000 		.4byte	.LASF7
 431 0064 03       		.uleb128 0x3
 432 0065 04       		.byte	0x4
 433 0066 07       		.byte	0x7
 434 0067 74010000 		.4byte	.LASF8
 435 006b 03       		.uleb128 0x3
 436 006c 08       		.byte	0x8
 437 006d 07       		.byte	0x7
 438 006e 09020000 		.4byte	.LASF9
 439 0072 03       		.uleb128 0x3
ARM GAS  C:\Users\User\AppData\Local\Temp\ccEEk8W1.s 			page 16


 440 0073 04       		.byte	0x4
 441 0074 07       		.byte	0x7
 442 0075 2D020000 		.4byte	.LASF10
 443 0079 04       		.uleb128 0x4
 444 007a 04       		.byte	0x4
 445 007b 7F000000 		.4byte	0x7f
 446 007f 05       		.uleb128 0x5
 447 0080 03       		.uleb128 0x3
 448 0081 01       		.byte	0x1
 449 0082 08       		.byte	0x8
 450 0083 44020000 		.4byte	.LASF11
 451 0087 06       		.uleb128 0x6
 452 0088 86010000 		.4byte	.LASF12
 453 008c 02       		.byte	0x2
 454 008d 9201     		.2byte	0x192
 455 008f 48000000 		.4byte	0x48
 456 0093 06       		.uleb128 0x6
 457 0094 ED010000 		.4byte	.LASF13
 458 0098 02       		.byte	0x2
 459 0099 9401     		.2byte	0x194
 460 009b 64000000 		.4byte	0x64
 461 009f 03       		.uleb128 0x3
 462 00a0 04       		.byte	0x4
 463 00a1 04       		.byte	0x4
 464 00a2 5B010000 		.4byte	.LASF14
 465 00a6 03       		.uleb128 0x3
 466 00a7 08       		.byte	0x8
 467 00a8 04       		.byte	0x4
 468 00a9 BD010000 		.4byte	.LASF15
 469 00ad 06       		.uleb128 0x6
 470 00ae 6F010000 		.4byte	.LASF16
 471 00b2 02       		.byte	0x2
 472 00b3 3C02     		.2byte	0x23c
 473 00b5 B9000000 		.4byte	0xb9
 474 00b9 07       		.uleb128 0x7
 475 00ba 87000000 		.4byte	0x87
 476 00be 06       		.uleb128 0x6
 477 00bf 00000000 		.4byte	.LASF17
 478 00c3 02       		.byte	0x2
 479 00c4 3E02     		.2byte	0x23e
 480 00c6 CA000000 		.4byte	0xca
 481 00ca 07       		.uleb128 0x7
 482 00cb 93000000 		.4byte	0x93
 483 00cf 06       		.uleb128 0x6
 484 00d0 20020000 		.4byte	.LASF18
 485 00d4 02       		.byte	0x2
 486 00d5 4E02     		.2byte	0x24e
 487 00d7 79000000 		.4byte	0x79
 488 00db 08       		.uleb128 0x8
 489 00dc C4010000 		.4byte	.LASF26
 490 00e0 01       		.byte	0x1
 491 00e1 A0       		.byte	0xa0
 492 00e2 00000000 		.4byte	.LFB3
 493 00e6 02000000 		.4byte	.LFE3-.LFB3
 494 00ea 01       		.uleb128 0x1
 495 00eb 9C       		.byte	0x9c
 496 00ec 09       		.uleb128 0x9
ARM GAS  C:\Users\User\AppData\Local\Temp\ccEEk8W1.s 			page 17


 497 00ed 2C000000 		.4byte	.LASF20
 498 00f1 01       		.byte	0x1
 499 00f2 C8       		.byte	0xc8
 500 00f3 00000000 		.4byte	.LFB4
 501 00f7 0C000000 		.4byte	.LFE4-.LFB4
 502 00fb 01       		.uleb128 0x1
 503 00fc 9C       		.byte	0x9c
 504 00fd 1C010000 		.4byte	0x11c
 505 0101 0A       		.uleb128 0xa
 506 0102 01020000 		.4byte	.LASF22
 507 0106 01       		.byte	0x1
 508 0107 C8       		.byte	0xc8
 509 0108 CF000000 		.4byte	0xcf
 510 010c 01       		.uleb128 0x1
 511 010d 50       		.byte	0x50
 512 010e 0B       		.uleb128 0xb
 513 010f 49020000 		.4byte	.LASF19
 514 0113 01       		.byte	0x1
 515 0114 CA       		.byte	0xca
 516 0115 1C010000 		.4byte	0x11c
 517 0119 01       		.uleb128 0x1
 518 011a 53       		.byte	0x53
 519 011b 00       		.byte	0
 520 011c 04       		.uleb128 0x4
 521 011d 04       		.byte	0x4
 522 011e CF000000 		.4byte	0xcf
 523 0122 0C       		.uleb128 0xc
 524 0123 41000000 		.4byte	.LASF24
 525 0127 01       		.byte	0x1
 526 0128 E0       		.byte	0xe0
 527 0129 CF000000 		.4byte	0xcf
 528 012d 00000000 		.4byte	.LFB5
 529 0131 0C000000 		.4byte	.LFE5-.LFB5
 530 0135 01       		.uleb128 0x1
 531 0136 9C       		.byte	0x9c
 532 0137 49010000 		.4byte	0x149
 533 013b 0B       		.uleb128 0xb
 534 013c 49020000 		.4byte	.LASF19
 535 0140 01       		.byte	0x1
 536 0141 E2       		.byte	0xe2
 537 0142 1C010000 		.4byte	0x11c
 538 0146 01       		.uleb128 0x1
 539 0147 53       		.byte	0x53
 540 0148 00       		.byte	0
 541 0149 0D       		.uleb128 0xd
 542 014a 44010000 		.4byte	.LASF21
 543 014e 01       		.byte	0x1
 544 014f 0201     		.2byte	0x102
 545 0151 00000000 		.4byte	.LFB6
 546 0155 10000000 		.4byte	.LFE6-.LFB6
 547 0159 01       		.uleb128 0x1
 548 015a 9C       		.byte	0x9c
 549 015b 70010000 		.4byte	0x170
 550 015f 0E       		.uleb128 0xe
 551 0160 9E010000 		.4byte	.LASF23
 552 0164 01       		.byte	0x1
 553 0165 0201     		.2byte	0x102
ARM GAS  C:\Users\User\AppData\Local\Temp\ccEEk8W1.s 			page 18


 554 0167 87000000 		.4byte	0x87
 555 016b 00000000 		.4byte	.LLST0
 556 016f 00       		.byte	0
 557 0170 0F       		.uleb128 0xf
 558 0171 15010000 		.4byte	.LASF25
 559 0175 01       		.byte	0x1
 560 0176 1801     		.2byte	0x118
 561 0178 87000000 		.4byte	0x87
 562 017c 00000000 		.4byte	.LFB7
 563 0180 0C000000 		.4byte	.LFE7-.LFB7
 564 0184 01       		.uleb128 0x1
 565 0185 9C       		.byte	0x9c
 566 0186 9B010000 		.4byte	0x19b
 567 018a 10       		.uleb128 0x10
 568 018b 9E010000 		.4byte	.LASF23
 569 018f 01       		.byte	0x1
 570 0190 1A01     		.2byte	0x11a
 571 0192 87000000 		.4byte	0x87
 572 0196 21000000 		.4byte	.LLST1
 573 019a 00       		.byte	0
 574 019b 11       		.uleb128 0x11
 575 019c 8C010000 		.4byte	.LASF27
 576 01a0 01       		.byte	0x1
 577 01a1 3301     		.2byte	0x133
 578 01a3 00000000 		.4byte	.LFB8
 579 01a7 0C000000 		.4byte	.LFE8-.LFB8
 580 01ab 01       		.uleb128 0x1
 581 01ac 9C       		.byte	0x9c
 582 01ad 12       		.uleb128 0x12
 583 01ae D9010000 		.4byte	.LASF37
 584 01b2 01       		.byte	0x1
 585 01b3 4801     		.2byte	0x148
 586 01b5 87000000 		.4byte	0x87
 587 01b9 00000000 		.4byte	.LFB9
 588 01bd 10000000 		.4byte	.LFE9-.LFB9
 589 01c1 01       		.uleb128 0x1
 590 01c2 9C       		.byte	0x9c
 591 01c3 11       		.uleb128 0x11
 592 01c4 56000000 		.4byte	.LASF28
 593 01c8 01       		.byte	0x1
 594 01c9 5D01     		.2byte	0x15d
 595 01cb 00000000 		.4byte	.LFB10
 596 01cf 0C000000 		.4byte	.LFE10-.LFB10
 597 01d3 01       		.uleb128 0x1
 598 01d4 9C       		.byte	0x9c
 599 01d5 09       		.uleb128 0x9
 600 01d6 A6020000 		.4byte	.LASF29
 601 01da 01       		.byte	0x1
 602 01db 3D       		.byte	0x3d
 603 01dc 00000000 		.4byte	.LFB0
 604 01e0 1C000000 		.4byte	.LFE0-.LFB0
 605 01e4 01       		.uleb128 0x1
 606 01e5 9C       		.byte	0x9c
 607 01e6 27020000 		.4byte	0x227
 608 01ea 13       		.uleb128 0x13
 609 01eb 06000000 		.4byte	.LVL7
 610 01ef C3010000 		.4byte	0x1c3
ARM GAS  C:\Users\User\AppData\Local\Temp\ccEEk8W1.s 			page 19


 611 01f3 14       		.uleb128 0x14
 612 01f4 0C000000 		.4byte	.LVL8
 613 01f8 EC000000 		.4byte	0xec
 614 01fc 0A020000 		.4byte	0x20a
 615 0200 15       		.uleb128 0x15
 616 0201 01       		.uleb128 0x1
 617 0202 50       		.byte	0x50
 618 0203 05       		.uleb128 0x5
 619 0204 03       		.byte	0x3
 620 0205 00000000 		.4byte	BLE_Rx_isr_Interrupt
 621 0209 00       		.byte	0
 622 020a 14       		.uleb128 0x14
 623 020b 12000000 		.4byte	.LVL9
 624 020f 49010000 		.4byte	0x149
 625 0213 1D020000 		.4byte	0x21d
 626 0217 15       		.uleb128 0x15
 627 0218 01       		.uleb128 0x1
 628 0219 50       		.byte	0x50
 629 021a 01       		.uleb128 0x1
 630 021b 37       		.byte	0x37
 631 021c 00       		.byte	0
 632 021d 13       		.uleb128 0x13
 633 021e 16000000 		.4byte	.LVL10
 634 0222 9B010000 		.4byte	0x19b
 635 0226 00       		.byte	0
 636 0227 09       		.uleb128 0x9
 637 0228 93020000 		.4byte	.LASF30
 638 022c 01       		.byte	0x1
 639 022d 68       		.byte	0x68
 640 022e 00000000 		.4byte	.LFB1
 641 0232 1A000000 		.4byte	.LFE1-.LFB1
 642 0236 01       		.uleb128 0x1
 643 0237 9C       		.byte	0x9c
 644 0238 85020000 		.4byte	0x285
 645 023c 16       		.uleb128 0x16
 646 023d 01020000 		.4byte	.LASF22
 647 0241 01       		.byte	0x1
 648 0242 68       		.byte	0x68
 649 0243 CF000000 		.4byte	0xcf
 650 0247 38000000 		.4byte	.LLST2
 651 024b 13       		.uleb128 0x13
 652 024c 08000000 		.4byte	.LVL12
 653 0250 C3010000 		.4byte	0x1c3
 654 0254 14       		.uleb128 0x14
 655 0255 0E000000 		.4byte	.LVL13
 656 0259 EC000000 		.4byte	0xec
 657 025d 68020000 		.4byte	0x268
 658 0261 15       		.uleb128 0x15
 659 0262 01       		.uleb128 0x1
 660 0263 50       		.byte	0x50
 661 0264 02       		.uleb128 0x2
 662 0265 74       		.byte	0x74
 663 0266 00       		.sleb128 0
 664 0267 00       		.byte	0
 665 0268 14       		.uleb128 0x14
 666 0269 14000000 		.4byte	.LVL14
 667 026d 49010000 		.4byte	0x149
ARM GAS  C:\Users\User\AppData\Local\Temp\ccEEk8W1.s 			page 20


 668 0271 7B020000 		.4byte	0x27b
 669 0275 15       		.uleb128 0x15
 670 0276 01       		.uleb128 0x1
 671 0277 50       		.byte	0x50
 672 0278 01       		.uleb128 0x1
 673 0279 37       		.byte	0x37
 674 027a 00       		.byte	0
 675 027b 13       		.uleb128 0x13
 676 027c 18000000 		.4byte	.LVL15
 677 0280 9B010000 		.4byte	0x19b
 678 0284 00       		.byte	0
 679 0285 09       		.uleb128 0x9
 680 0286 83020000 		.4byte	.LASF31
 681 028a 01       		.byte	0x1
 682 028b 86       		.byte	0x86
 683 028c 00000000 		.4byte	.LFB2
 684 0290 14000000 		.4byte	.LFE2-.LFB2
 685 0294 01       		.uleb128 0x1
 686 0295 9C       		.byte	0x9c
 687 0296 AD020000 		.4byte	0x2ad
 688 029a 13       		.uleb128 0x13
 689 029b 06000000 		.4byte	.LVL16
 690 029f C3010000 		.4byte	0x1c3
 691 02a3 13       		.uleb128 0x13
 692 02a4 0C000000 		.4byte	.LVL17
 693 02a8 EC000000 		.4byte	0xec
 694 02ac 00       		.byte	0
 695 02ad 11       		.uleb128 0x11
 696 02ae A7010000 		.4byte	.LASF32
 697 02b2 01       		.byte	0x1
 698 02b3 7801     		.2byte	0x178
 699 02b5 00000000 		.4byte	.LFB11
 700 02b9 0C000000 		.4byte	.LFE11-.LFB11
 701 02bd 01       		.uleb128 0x1
 702 02be 9C       		.byte	0x9c
 703 02bf 11       		.uleb128 0x11
 704 02c0 2C010000 		.4byte	.LASF33
 705 02c4 01       		.byte	0x1
 706 02c5 9101     		.2byte	0x191
 707 02c7 00000000 		.4byte	.LFB12
 708 02cb 0C000000 		.4byte	.LFE12-.LFB12
 709 02cf 01       		.uleb128 0x1
 710 02d0 9C       		.byte	0x9c
 711 02d1 00       		.byte	0
 712              		.section	.debug_abbrev,"",%progbits
 713              	.Ldebug_abbrev0:
 714 0000 01       		.uleb128 0x1
 715 0001 11       		.uleb128 0x11
 716 0002 01       		.byte	0x1
 717 0003 25       		.uleb128 0x25
 718 0004 0E       		.uleb128 0xe
 719 0005 13       		.uleb128 0x13
 720 0006 0B       		.uleb128 0xb
 721 0007 03       		.uleb128 0x3
 722 0008 0E       		.uleb128 0xe
 723 0009 1B       		.uleb128 0x1b
 724 000a 0E       		.uleb128 0xe
ARM GAS  C:\Users\User\AppData\Local\Temp\ccEEk8W1.s 			page 21


 725 000b 55       		.uleb128 0x55
 726 000c 17       		.uleb128 0x17
 727 000d 11       		.uleb128 0x11
 728 000e 01       		.uleb128 0x1
 729 000f 10       		.uleb128 0x10
 730 0010 17       		.uleb128 0x17
 731 0011 00       		.byte	0
 732 0012 00       		.byte	0
 733 0013 02       		.uleb128 0x2
 734 0014 24       		.uleb128 0x24
 735 0015 00       		.byte	0
 736 0016 0B       		.uleb128 0xb
 737 0017 0B       		.uleb128 0xb
 738 0018 3E       		.uleb128 0x3e
 739 0019 0B       		.uleb128 0xb
 740 001a 03       		.uleb128 0x3
 741 001b 08       		.uleb128 0x8
 742 001c 00       		.byte	0
 743 001d 00       		.byte	0
 744 001e 03       		.uleb128 0x3
 745 001f 24       		.uleb128 0x24
 746 0020 00       		.byte	0
 747 0021 0B       		.uleb128 0xb
 748 0022 0B       		.uleb128 0xb
 749 0023 3E       		.uleb128 0x3e
 750 0024 0B       		.uleb128 0xb
 751 0025 03       		.uleb128 0x3
 752 0026 0E       		.uleb128 0xe
 753 0027 00       		.byte	0
 754 0028 00       		.byte	0
 755 0029 04       		.uleb128 0x4
 756 002a 0F       		.uleb128 0xf
 757 002b 00       		.byte	0
 758 002c 0B       		.uleb128 0xb
 759 002d 0B       		.uleb128 0xb
 760 002e 49       		.uleb128 0x49
 761 002f 13       		.uleb128 0x13
 762 0030 00       		.byte	0
 763 0031 00       		.byte	0
 764 0032 05       		.uleb128 0x5
 765 0033 15       		.uleb128 0x15
 766 0034 00       		.byte	0
 767 0035 27       		.uleb128 0x27
 768 0036 19       		.uleb128 0x19
 769 0037 00       		.byte	0
 770 0038 00       		.byte	0
 771 0039 06       		.uleb128 0x6
 772 003a 16       		.uleb128 0x16
 773 003b 00       		.byte	0
 774 003c 03       		.uleb128 0x3
 775 003d 0E       		.uleb128 0xe
 776 003e 3A       		.uleb128 0x3a
 777 003f 0B       		.uleb128 0xb
 778 0040 3B       		.uleb128 0x3b
 779 0041 05       		.uleb128 0x5
 780 0042 49       		.uleb128 0x49
 781 0043 13       		.uleb128 0x13
ARM GAS  C:\Users\User\AppData\Local\Temp\ccEEk8W1.s 			page 22


 782 0044 00       		.byte	0
 783 0045 00       		.byte	0
 784 0046 07       		.uleb128 0x7
 785 0047 35       		.uleb128 0x35
 786 0048 00       		.byte	0
 787 0049 49       		.uleb128 0x49
 788 004a 13       		.uleb128 0x13
 789 004b 00       		.byte	0
 790 004c 00       		.byte	0
 791 004d 08       		.uleb128 0x8
 792 004e 2E       		.uleb128 0x2e
 793 004f 00       		.byte	0
 794 0050 3F       		.uleb128 0x3f
 795 0051 19       		.uleb128 0x19
 796 0052 03       		.uleb128 0x3
 797 0053 0E       		.uleb128 0xe
 798 0054 3A       		.uleb128 0x3a
 799 0055 0B       		.uleb128 0xb
 800 0056 3B       		.uleb128 0x3b
 801 0057 0B       		.uleb128 0xb
 802 0058 27       		.uleb128 0x27
 803 0059 19       		.uleb128 0x19
 804 005a 11       		.uleb128 0x11
 805 005b 01       		.uleb128 0x1
 806 005c 12       		.uleb128 0x12
 807 005d 06       		.uleb128 0x6
 808 005e 40       		.uleb128 0x40
 809 005f 18       		.uleb128 0x18
 810 0060 9742     		.uleb128 0x2117
 811 0062 19       		.uleb128 0x19
 812 0063 00       		.byte	0
 813 0064 00       		.byte	0
 814 0065 09       		.uleb128 0x9
 815 0066 2E       		.uleb128 0x2e
 816 0067 01       		.byte	0x1
 817 0068 3F       		.uleb128 0x3f
 818 0069 19       		.uleb128 0x19
 819 006a 03       		.uleb128 0x3
 820 006b 0E       		.uleb128 0xe
 821 006c 3A       		.uleb128 0x3a
 822 006d 0B       		.uleb128 0xb
 823 006e 3B       		.uleb128 0x3b
 824 006f 0B       		.uleb128 0xb
 825 0070 27       		.uleb128 0x27
 826 0071 19       		.uleb128 0x19
 827 0072 11       		.uleb128 0x11
 828 0073 01       		.uleb128 0x1
 829 0074 12       		.uleb128 0x12
 830 0075 06       		.uleb128 0x6
 831 0076 40       		.uleb128 0x40
 832 0077 18       		.uleb128 0x18
 833 0078 9742     		.uleb128 0x2117
 834 007a 19       		.uleb128 0x19
 835 007b 01       		.uleb128 0x1
 836 007c 13       		.uleb128 0x13
 837 007d 00       		.byte	0
 838 007e 00       		.byte	0
ARM GAS  C:\Users\User\AppData\Local\Temp\ccEEk8W1.s 			page 23


 839 007f 0A       		.uleb128 0xa
 840 0080 05       		.uleb128 0x5
 841 0081 00       		.byte	0
 842 0082 03       		.uleb128 0x3
 843 0083 0E       		.uleb128 0xe
 844 0084 3A       		.uleb128 0x3a
 845 0085 0B       		.uleb128 0xb
 846 0086 3B       		.uleb128 0x3b
 847 0087 0B       		.uleb128 0xb
 848 0088 49       		.uleb128 0x49
 849 0089 13       		.uleb128 0x13
 850 008a 02       		.uleb128 0x2
 851 008b 18       		.uleb128 0x18
 852 008c 00       		.byte	0
 853 008d 00       		.byte	0
 854 008e 0B       		.uleb128 0xb
 855 008f 34       		.uleb128 0x34
 856 0090 00       		.byte	0
 857 0091 03       		.uleb128 0x3
 858 0092 0E       		.uleb128 0xe
 859 0093 3A       		.uleb128 0x3a
 860 0094 0B       		.uleb128 0xb
 861 0095 3B       		.uleb128 0x3b
 862 0096 0B       		.uleb128 0xb
 863 0097 49       		.uleb128 0x49
 864 0098 13       		.uleb128 0x13
 865 0099 02       		.uleb128 0x2
 866 009a 18       		.uleb128 0x18
 867 009b 00       		.byte	0
 868 009c 00       		.byte	0
 869 009d 0C       		.uleb128 0xc
 870 009e 2E       		.uleb128 0x2e
 871 009f 01       		.byte	0x1
 872 00a0 3F       		.uleb128 0x3f
 873 00a1 19       		.uleb128 0x19
 874 00a2 03       		.uleb128 0x3
 875 00a3 0E       		.uleb128 0xe
 876 00a4 3A       		.uleb128 0x3a
 877 00a5 0B       		.uleb128 0xb
 878 00a6 3B       		.uleb128 0x3b
 879 00a7 0B       		.uleb128 0xb
 880 00a8 27       		.uleb128 0x27
 881 00a9 19       		.uleb128 0x19
 882 00aa 49       		.uleb128 0x49
 883 00ab 13       		.uleb128 0x13
 884 00ac 11       		.uleb128 0x11
 885 00ad 01       		.uleb128 0x1
 886 00ae 12       		.uleb128 0x12
 887 00af 06       		.uleb128 0x6
 888 00b0 40       		.uleb128 0x40
 889 00b1 18       		.uleb128 0x18
 890 00b2 9742     		.uleb128 0x2117
 891 00b4 19       		.uleb128 0x19
 892 00b5 01       		.uleb128 0x1
 893 00b6 13       		.uleb128 0x13
 894 00b7 00       		.byte	0
 895 00b8 00       		.byte	0
ARM GAS  C:\Users\User\AppData\Local\Temp\ccEEk8W1.s 			page 24


 896 00b9 0D       		.uleb128 0xd
 897 00ba 2E       		.uleb128 0x2e
 898 00bb 01       		.byte	0x1
 899 00bc 3F       		.uleb128 0x3f
 900 00bd 19       		.uleb128 0x19
 901 00be 03       		.uleb128 0x3
 902 00bf 0E       		.uleb128 0xe
 903 00c0 3A       		.uleb128 0x3a
 904 00c1 0B       		.uleb128 0xb
 905 00c2 3B       		.uleb128 0x3b
 906 00c3 05       		.uleb128 0x5
 907 00c4 27       		.uleb128 0x27
 908 00c5 19       		.uleb128 0x19
 909 00c6 11       		.uleb128 0x11
 910 00c7 01       		.uleb128 0x1
 911 00c8 12       		.uleb128 0x12
 912 00c9 06       		.uleb128 0x6
 913 00ca 40       		.uleb128 0x40
 914 00cb 18       		.uleb128 0x18
 915 00cc 9742     		.uleb128 0x2117
 916 00ce 19       		.uleb128 0x19
 917 00cf 01       		.uleb128 0x1
 918 00d0 13       		.uleb128 0x13
 919 00d1 00       		.byte	0
 920 00d2 00       		.byte	0
 921 00d3 0E       		.uleb128 0xe
 922 00d4 05       		.uleb128 0x5
 923 00d5 00       		.byte	0
 924 00d6 03       		.uleb128 0x3
 925 00d7 0E       		.uleb128 0xe
 926 00d8 3A       		.uleb128 0x3a
 927 00d9 0B       		.uleb128 0xb
 928 00da 3B       		.uleb128 0x3b
 929 00db 05       		.uleb128 0x5
 930 00dc 49       		.uleb128 0x49
 931 00dd 13       		.uleb128 0x13
 932 00de 02       		.uleb128 0x2
 933 00df 17       		.uleb128 0x17
 934 00e0 00       		.byte	0
 935 00e1 00       		.byte	0
 936 00e2 0F       		.uleb128 0xf
 937 00e3 2E       		.uleb128 0x2e
 938 00e4 01       		.byte	0x1
 939 00e5 3F       		.uleb128 0x3f
 940 00e6 19       		.uleb128 0x19
 941 00e7 03       		.uleb128 0x3
 942 00e8 0E       		.uleb128 0xe
 943 00e9 3A       		.uleb128 0x3a
 944 00ea 0B       		.uleb128 0xb
 945 00eb 3B       		.uleb128 0x3b
 946 00ec 05       		.uleb128 0x5
 947 00ed 27       		.uleb128 0x27
 948 00ee 19       		.uleb128 0x19
 949 00ef 49       		.uleb128 0x49
 950 00f0 13       		.uleb128 0x13
 951 00f1 11       		.uleb128 0x11
 952 00f2 01       		.uleb128 0x1
ARM GAS  C:\Users\User\AppData\Local\Temp\ccEEk8W1.s 			page 25


 953 00f3 12       		.uleb128 0x12
 954 00f4 06       		.uleb128 0x6
 955 00f5 40       		.uleb128 0x40
 956 00f6 18       		.uleb128 0x18
 957 00f7 9742     		.uleb128 0x2117
 958 00f9 19       		.uleb128 0x19
 959 00fa 01       		.uleb128 0x1
 960 00fb 13       		.uleb128 0x13
 961 00fc 00       		.byte	0
 962 00fd 00       		.byte	0
 963 00fe 10       		.uleb128 0x10
 964 00ff 34       		.uleb128 0x34
 965 0100 00       		.byte	0
 966 0101 03       		.uleb128 0x3
 967 0102 0E       		.uleb128 0xe
 968 0103 3A       		.uleb128 0x3a
 969 0104 0B       		.uleb128 0xb
 970 0105 3B       		.uleb128 0x3b
 971 0106 05       		.uleb128 0x5
 972 0107 49       		.uleb128 0x49
 973 0108 13       		.uleb128 0x13
 974 0109 02       		.uleb128 0x2
 975 010a 17       		.uleb128 0x17
 976 010b 00       		.byte	0
 977 010c 00       		.byte	0
 978 010d 11       		.uleb128 0x11
 979 010e 2E       		.uleb128 0x2e
 980 010f 00       		.byte	0
 981 0110 3F       		.uleb128 0x3f
 982 0111 19       		.uleb128 0x19
 983 0112 03       		.uleb128 0x3
 984 0113 0E       		.uleb128 0xe
 985 0114 3A       		.uleb128 0x3a
 986 0115 0B       		.uleb128 0xb
 987 0116 3B       		.uleb128 0x3b
 988 0117 05       		.uleb128 0x5
 989 0118 27       		.uleb128 0x27
 990 0119 19       		.uleb128 0x19
 991 011a 11       		.uleb128 0x11
 992 011b 01       		.uleb128 0x1
 993 011c 12       		.uleb128 0x12
 994 011d 06       		.uleb128 0x6
 995 011e 40       		.uleb128 0x40
 996 011f 18       		.uleb128 0x18
 997 0120 9742     		.uleb128 0x2117
 998 0122 19       		.uleb128 0x19
 999 0123 00       		.byte	0
 1000 0124 00       		.byte	0
 1001 0125 12       		.uleb128 0x12
 1002 0126 2E       		.uleb128 0x2e
 1003 0127 00       		.byte	0
 1004 0128 3F       		.uleb128 0x3f
 1005 0129 19       		.uleb128 0x19
 1006 012a 03       		.uleb128 0x3
 1007 012b 0E       		.uleb128 0xe
 1008 012c 3A       		.uleb128 0x3a
 1009 012d 0B       		.uleb128 0xb
ARM GAS  C:\Users\User\AppData\Local\Temp\ccEEk8W1.s 			page 26


 1010 012e 3B       		.uleb128 0x3b
 1011 012f 05       		.uleb128 0x5
 1012 0130 27       		.uleb128 0x27
 1013 0131 19       		.uleb128 0x19
 1014 0132 49       		.uleb128 0x49
 1015 0133 13       		.uleb128 0x13
 1016 0134 11       		.uleb128 0x11
 1017 0135 01       		.uleb128 0x1
 1018 0136 12       		.uleb128 0x12
 1019 0137 06       		.uleb128 0x6
 1020 0138 40       		.uleb128 0x40
 1021 0139 18       		.uleb128 0x18
 1022 013a 9742     		.uleb128 0x2117
 1023 013c 19       		.uleb128 0x19
 1024 013d 00       		.byte	0
 1025 013e 00       		.byte	0
 1026 013f 13       		.uleb128 0x13
 1027 0140 898201   		.uleb128 0x4109
 1028 0143 00       		.byte	0
 1029 0144 11       		.uleb128 0x11
 1030 0145 01       		.uleb128 0x1
 1031 0146 31       		.uleb128 0x31
 1032 0147 13       		.uleb128 0x13
 1033 0148 00       		.byte	0
 1034 0149 00       		.byte	0
 1035 014a 14       		.uleb128 0x14
 1036 014b 898201   		.uleb128 0x4109
 1037 014e 01       		.byte	0x1
 1038 014f 11       		.uleb128 0x11
 1039 0150 01       		.uleb128 0x1
 1040 0151 31       		.uleb128 0x31
 1041 0152 13       		.uleb128 0x13
 1042 0153 01       		.uleb128 0x1
 1043 0154 13       		.uleb128 0x13
 1044 0155 00       		.byte	0
 1045 0156 00       		.byte	0
 1046 0157 15       		.uleb128 0x15
 1047 0158 8A8201   		.uleb128 0x410a
 1048 015b 00       		.byte	0
 1049 015c 02       		.uleb128 0x2
 1050 015d 18       		.uleb128 0x18
 1051 015e 9142     		.uleb128 0x2111
 1052 0160 18       		.uleb128 0x18
 1053 0161 00       		.byte	0
 1054 0162 00       		.byte	0
 1055 0163 16       		.uleb128 0x16
 1056 0164 05       		.uleb128 0x5
 1057 0165 00       		.byte	0
 1058 0166 03       		.uleb128 0x3
 1059 0167 0E       		.uleb128 0xe
 1060 0168 3A       		.uleb128 0x3a
 1061 0169 0B       		.uleb128 0xb
 1062 016a 3B       		.uleb128 0x3b
 1063 016b 0B       		.uleb128 0xb
 1064 016c 49       		.uleb128 0x49
 1065 016d 13       		.uleb128 0x13
 1066 016e 02       		.uleb128 0x2
ARM GAS  C:\Users\User\AppData\Local\Temp\ccEEk8W1.s 			page 27


 1067 016f 17       		.uleb128 0x17
 1068 0170 00       		.byte	0
 1069 0171 00       		.byte	0
 1070 0172 00       		.byte	0
 1071              		.section	.debug_loc,"",%progbits
 1072              	.Ldebug_loc0:
 1073              	.LLST0:
 1074 0000 00000000 		.4byte	.LVL3
 1075 0004 02000000 		.4byte	.LVL4
 1076 0008 0100     		.2byte	0x1
 1077 000a 50       		.byte	0x50
 1078 000b 02000000 		.4byte	.LVL4
 1079 000f 10000000 		.4byte	.LFE6
 1080 0013 0400     		.2byte	0x4
 1081 0015 F3       		.byte	0xf3
 1082 0016 01       		.uleb128 0x1
 1083 0017 50       		.byte	0x50
 1084 0018 9F       		.byte	0x9f
 1085 0019 00000000 		.4byte	0
 1086 001d 00000000 		.4byte	0
 1087              	.LLST1:
 1088 0021 04000000 		.4byte	.LVL5
 1089 0025 06000000 		.4byte	.LVL6
 1090 0029 0500     		.2byte	0x5
 1091 002b 70       		.byte	0x70
 1092 002c 00       		.sleb128 0
 1093 002d 35       		.byte	0x35
 1094 002e 25       		.byte	0x25
 1095 002f 9F       		.byte	0x9f
 1096 0030 00000000 		.4byte	0
 1097 0034 00000000 		.4byte	0
 1098              	.LLST2:
 1099 0038 00000000 		.4byte	.LVL11
 1100 003c 07000000 		.4byte	.LVL12-1
 1101 0040 0100     		.2byte	0x1
 1102 0042 50       		.byte	0x50
 1103 0043 07000000 		.4byte	.LVL12-1
 1104 0047 1A000000 		.4byte	.LFE1
 1105 004b 0100     		.2byte	0x1
 1106 004d 54       		.byte	0x54
 1107 004e 00000000 		.4byte	0
 1108 0052 00000000 		.4byte	0
 1109              		.section	.debug_aranges,"",%progbits
 1110 0000 7C000000 		.4byte	0x7c
 1111 0004 0200     		.2byte	0x2
 1112 0006 00000000 		.4byte	.Ldebug_info0
 1113 000a 04       		.byte	0x4
 1114 000b 00       		.byte	0
 1115 000c 0000     		.2byte	0
 1116 000e 0000     		.2byte	0
 1117 0010 00000000 		.4byte	.LFB3
 1118 0014 02000000 		.4byte	.LFE3-.LFB3
 1119 0018 00000000 		.4byte	.LFB4
 1120 001c 0C000000 		.4byte	.LFE4-.LFB4
 1121 0020 00000000 		.4byte	.LFB5
 1122 0024 0C000000 		.4byte	.LFE5-.LFB5
 1123 0028 00000000 		.4byte	.LFB6
ARM GAS  C:\Users\User\AppData\Local\Temp\ccEEk8W1.s 			page 28


 1124 002c 10000000 		.4byte	.LFE6-.LFB6
 1125 0030 00000000 		.4byte	.LFB7
 1126 0034 0C000000 		.4byte	.LFE7-.LFB7
 1127 0038 00000000 		.4byte	.LFB8
 1128 003c 0C000000 		.4byte	.LFE8-.LFB8
 1129 0040 00000000 		.4byte	.LFB9
 1130 0044 10000000 		.4byte	.LFE9-.LFB9
 1131 0048 00000000 		.4byte	.LFB10
 1132 004c 0C000000 		.4byte	.LFE10-.LFB10
 1133 0050 00000000 		.4byte	.LFB0
 1134 0054 1C000000 		.4byte	.LFE0-.LFB0
 1135 0058 00000000 		.4byte	.LFB1
 1136 005c 1A000000 		.4byte	.LFE1-.LFB1
 1137 0060 00000000 		.4byte	.LFB2
 1138 0064 14000000 		.4byte	.LFE2-.LFB2
 1139 0068 00000000 		.4byte	.LFB11
 1140 006c 0C000000 		.4byte	.LFE11-.LFB11
 1141 0070 00000000 		.4byte	.LFB12
 1142 0074 0C000000 		.4byte	.LFE12-.LFB12
 1143 0078 00000000 		.4byte	0
 1144 007c 00000000 		.4byte	0
 1145              		.section	.debug_ranges,"",%progbits
 1146              	.Ldebug_ranges0:
 1147 0000 00000000 		.4byte	.LFB3
 1148 0004 02000000 		.4byte	.LFE3
 1149 0008 00000000 		.4byte	.LFB4
 1150 000c 0C000000 		.4byte	.LFE4
 1151 0010 00000000 		.4byte	.LFB5
 1152 0014 0C000000 		.4byte	.LFE5
 1153 0018 00000000 		.4byte	.LFB6
 1154 001c 10000000 		.4byte	.LFE6
 1155 0020 00000000 		.4byte	.LFB7
 1156 0024 0C000000 		.4byte	.LFE7
 1157 0028 00000000 		.4byte	.LFB8
 1158 002c 0C000000 		.4byte	.LFE8
 1159 0030 00000000 		.4byte	.LFB9
 1160 0034 10000000 		.4byte	.LFE9
 1161 0038 00000000 		.4byte	.LFB10
 1162 003c 0C000000 		.4byte	.LFE10
 1163 0040 00000000 		.4byte	.LFB0
 1164 0044 1C000000 		.4byte	.LFE0
 1165 0048 00000000 		.4byte	.LFB1
 1166 004c 1A000000 		.4byte	.LFE1
 1167 0050 00000000 		.4byte	.LFB2
 1168 0054 14000000 		.4byte	.LFE2
 1169 0058 00000000 		.4byte	.LFB11
 1170 005c 0C000000 		.4byte	.LFE11
 1171 0060 00000000 		.4byte	.LFB12
 1172 0064 0C000000 		.4byte	.LFE12
 1173 0068 00000000 		.4byte	0
 1174 006c 00000000 		.4byte	0
 1175              		.section	.debug_line,"",%progbits
 1176              	.Ldebug_line0:
 1177 0000 4C010000 		.section	.debug_str,"MS",%progbits,1
 1177      02006000 
 1177      00000201 
 1177      FB0E0D00 
ARM GAS  C:\Users\User\AppData\Local\Temp\ccEEk8W1.s 			page 29


 1177      01010101 
 1178              	.LASF17:
 1179 0000 72656733 		.ascii	"reg32\000"
 1179      3200
 1180              	.LASF35:
 1181 0006 2E5C4765 		.ascii	".\\Generated_Source\\PSoC5\\BLE_Rx_isr.c\000"
 1181      6E657261 
 1181      7465645F 
 1181      536F7572 
 1181      63655C50 
 1182              	.LASF20:
 1183 002c 424C455F 		.ascii	"BLE_Rx_isr_SetVector\000"
 1183      52785F69 
 1183      73725F53 
 1183      65745665 
 1183      63746F72 
 1184              	.LASF24:
 1185 0041 424C455F 		.ascii	"BLE_Rx_isr_GetVector\000"
 1185      52785F69 
 1185      73725F47 
 1185      65745665 
 1185      63746F72 
 1186              	.LASF28:
 1187 0056 424C455F 		.ascii	"BLE_Rx_isr_Disable\000"
 1187      52785F69 
 1187      73725F44 
 1187      69736162 
 1187      6C6500
 1188              	.LASF34:
 1189 0069 474E5520 		.ascii	"GNU C 4.9.3 20150303 (release) [ARM/embedded-4_9-br"
 1189      4320342E 
 1189      392E3320 
 1189      32303135 
 1189      30333033 
 1190 009c 616E6368 		.ascii	"anch revision 221220] -mcpu=cortex-m3 -mthumb -g -O"
 1190      20726576 
 1190      6973696F 
 1190      6E203232 
 1190      31323230 
 1191 00cf 67202D73 		.ascii	"g -std=gnu11 -ffunction-sections -ffat-lto-objects\000"
 1191      74643D67 
 1191      6E753131 
 1191      202D6666 
 1191      756E6374 
 1192              	.LASF6:
 1193 0102 73686F72 		.ascii	"short unsigned int\000"
 1193      7420756E 
 1193      7369676E 
 1193      65642069 
 1193      6E7400
 1194              	.LASF25:
 1195 0115 424C455F 		.ascii	"BLE_Rx_isr_GetPriority\000"
 1195      52785F69 
 1195      73725F47 
 1195      65745072 
 1195      696F7269 
 1196              	.LASF33:
ARM GAS  C:\Users\User\AppData\Local\Temp\ccEEk8W1.s 			page 30


 1197 012c 424C455F 		.ascii	"BLE_Rx_isr_ClearPending\000"
 1197      52785F69 
 1197      73725F43 
 1197      6C656172 
 1197      50656E64 
 1198              	.LASF21:
 1199 0144 424C455F 		.ascii	"BLE_Rx_isr_SetPriority\000"
 1199      52785F69 
 1199      73725F53 
 1199      65745072 
 1199      696F7269 
 1200              	.LASF14:
 1201 015b 666C6F61 		.ascii	"float\000"
 1201      7400
 1202              	.LASF4:
 1203 0161 756E7369 		.ascii	"unsigned char\000"
 1203      676E6564 
 1203      20636861 
 1203      7200
 1204              	.LASF16:
 1205 016f 72656738 		.ascii	"reg8\000"
 1205      00
 1206              	.LASF8:
 1207 0174 6C6F6E67 		.ascii	"long unsigned int\000"
 1207      20756E73 
 1207      69676E65 
 1207      6420696E 
 1207      7400
 1208              	.LASF12:
 1209 0186 75696E74 		.ascii	"uint8\000"
 1209      3800
 1210              	.LASF27:
 1211 018c 424C455F 		.ascii	"BLE_Rx_isr_Enable\000"
 1211      52785F69 
 1211      73725F45 
 1211      6E61626C 
 1211      6500
 1212              	.LASF23:
 1213 019e 7072696F 		.ascii	"priority\000"
 1213      72697479 
 1213      00
 1214              	.LASF32:
 1215 01a7 424C455F 		.ascii	"BLE_Rx_isr_SetPending\000"
 1215      52785F69 
 1215      73725F53 
 1215      65745065 
 1215      6E64696E 
 1216              	.LASF15:
 1217 01bd 646F7562 		.ascii	"double\000"
 1217      6C6500
 1218              	.LASF26:
 1219 01c4 424C455F 		.ascii	"BLE_Rx_isr_Interrupt\000"
 1219      52785F69 
 1219      73725F49 
 1219      6E746572 
 1219      72757074 
 1220              	.LASF37:
ARM GAS  C:\Users\User\AppData\Local\Temp\ccEEk8W1.s 			page 31


 1221 01d9 424C455F 		.ascii	"BLE_Rx_isr_GetState\000"
 1221      52785F69 
 1221      73725F47 
 1221      65745374 
 1221      61746500 
 1222              	.LASF13:
 1223 01ed 75696E74 		.ascii	"uint32\000"
 1223      333200
 1224              	.LASF0:
 1225 01f4 756E7369 		.ascii	"unsigned int\000"
 1225      676E6564 
 1225      20696E74 
 1225      00
 1226              	.LASF22:
 1227 0201 61646472 		.ascii	"address\000"
 1227      65737300 
 1228              	.LASF9:
 1229 0209 6C6F6E67 		.ascii	"long long unsigned int\000"
 1229      206C6F6E 
 1229      6720756E 
 1229      7369676E 
 1229      65642069 
 1230              	.LASF18:
 1231 0220 63796973 		.ascii	"cyisraddress\000"
 1231      72616464 
 1231      72657373 
 1231      00
 1232              	.LASF10:
 1233 022d 73697A65 		.ascii	"sizetype\000"
 1233      74797065 
 1233      00
 1234              	.LASF1:
 1235 0236 6C6F6E67 		.ascii	"long long int\000"
 1235      206C6F6E 
 1235      6720696E 
 1235      7400
 1236              	.LASF11:
 1237 0244 63686172 		.ascii	"char\000"
 1237      00
 1238              	.LASF19:
 1239 0249 72616D56 		.ascii	"ramVectorTable\000"
 1239      6563746F 
 1239      72546162 
 1239      6C6500
 1240              	.LASF5:
 1241 0258 73686F72 		.ascii	"short int\000"
 1241      7420696E 
 1241      7400
 1242              	.LASF7:
 1243 0262 6C6F6E67 		.ascii	"long int\000"
 1243      20696E74 
 1243      00
 1244              	.LASF2:
 1245 026b 6C6F6E67 		.ascii	"long double\000"
 1245      20646F75 
 1245      626C6500 
 1246              	.LASF3:
ARM GAS  C:\Users\User\AppData\Local\Temp\ccEEk8W1.s 			page 32


 1247 0277 7369676E 		.ascii	"signed char\000"
 1247      65642063 
 1247      68617200 
 1248              	.LASF31:
 1249 0283 424C455F 		.ascii	"BLE_Rx_isr_Stop\000"
 1249      52785F69 
 1249      73725F53 
 1249      746F7000 
 1250              	.LASF30:
 1251 0293 424C455F 		.ascii	"BLE_Rx_isr_StartEx\000"
 1251      52785F69 
 1251      73725F53 
 1251      74617274 
 1251      457800
 1252              	.LASF29:
 1253 02a6 424C455F 		.ascii	"BLE_Rx_isr_Start\000"
 1253      52785F69 
 1253      73725F53 
 1253      74617274 
 1253      00
 1254              	.LASF36:
 1255 02b7 433A5C55 		.ascii	"C:\\Users\\User\\Documents\\MIT 6.115\\finalproject"
 1255      73657273 
 1255      5C557365 
 1255      725C446F 
 1255      63756D65 
 1256 02e5 5C66696E 		.ascii	"\\finalproject\\GuitarHero.cydsn\000"
 1256      616C7072 
 1256      6F6A6563 
 1256      745C4775 
 1256      69746172 
 1257              		.ident	"GCC: (GNU Tools for ARM Embedded Processors) 4.9.3 20150303 (release) [ARM/embedded-4_9-br
