ARM GAS  C:\Users\student\AppData\Local\Temp\cc98OhOt.s 			page 1


   1              		.syntax unified
   2              		.cpu cortex-m3
   3              		.fpu softvfp
   4              		.eabi_attribute 20, 1
   5              		.eabi_attribute 21, 1
   6              		.eabi_attribute 23, 3
   7              		.eabi_attribute 24, 1
   8              		.eabi_attribute 25, 1
   9              		.eabi_attribute 26, 1
  10              		.eabi_attribute 30, 1
  11              		.eabi_attribute 34, 1
  12              		.eabi_attribute 18, 4
  13              		.thumb
  14              		.file	"BLE_UART_PM.c"
  15              		.text
  16              	.Ltext0:
  17              		.cfi_sections	.debug_frame
  18              		.section	.text.BLE_UART_SaveConfig,"ax",%progbits
  19              		.align	2
  20              		.global	BLE_UART_SaveConfig
  21              		.thumb
  22              		.thumb_func
  23              		.type	BLE_UART_SaveConfig, %function
  24              	BLE_UART_SaveConfig:
  25              	.LFB0:
  26              		.file 1 ".\\Generated_Source\\PSoC5\\BLE_UART_PM.c"
   1:.\Generated_Source\PSoC5/BLE_UART_PM.c **** /*******************************************************************************
   2:.\Generated_Source\PSoC5/BLE_UART_PM.c **** * File Name: BLE_UART_PM.c
   3:.\Generated_Source\PSoC5/BLE_UART_PM.c **** * Version 2.50
   4:.\Generated_Source\PSoC5/BLE_UART_PM.c **** *
   5:.\Generated_Source\PSoC5/BLE_UART_PM.c **** * Description:
   6:.\Generated_Source\PSoC5/BLE_UART_PM.c **** *  This file provides Sleep/WakeUp APIs functionality.
   7:.\Generated_Source\PSoC5/BLE_UART_PM.c **** *
   8:.\Generated_Source\PSoC5/BLE_UART_PM.c **** * Note:
   9:.\Generated_Source\PSoC5/BLE_UART_PM.c **** *
  10:.\Generated_Source\PSoC5/BLE_UART_PM.c **** ********************************************************************************
  11:.\Generated_Source\PSoC5/BLE_UART_PM.c **** * Copyright 2008-2015, Cypress Semiconductor Corporation.  All rights reserved.
  12:.\Generated_Source\PSoC5/BLE_UART_PM.c **** * You may use this file only in accordance with the license, terms, conditions,
  13:.\Generated_Source\PSoC5/BLE_UART_PM.c **** * disclaimers, and limitations in the end user license agreement accompanying
  14:.\Generated_Source\PSoC5/BLE_UART_PM.c **** * the software package with which this file was provided.
  15:.\Generated_Source\PSoC5/BLE_UART_PM.c **** *******************************************************************************/
  16:.\Generated_Source\PSoC5/BLE_UART_PM.c **** 
  17:.\Generated_Source\PSoC5/BLE_UART_PM.c **** #include "BLE_UART.h"
  18:.\Generated_Source\PSoC5/BLE_UART_PM.c **** 
  19:.\Generated_Source\PSoC5/BLE_UART_PM.c **** 
  20:.\Generated_Source\PSoC5/BLE_UART_PM.c **** /***************************************
  21:.\Generated_Source\PSoC5/BLE_UART_PM.c **** * Local data allocation
  22:.\Generated_Source\PSoC5/BLE_UART_PM.c **** ***************************************/
  23:.\Generated_Source\PSoC5/BLE_UART_PM.c **** 
  24:.\Generated_Source\PSoC5/BLE_UART_PM.c **** static BLE_UART_BACKUP_STRUCT  BLE_UART_backup =
  25:.\Generated_Source\PSoC5/BLE_UART_PM.c **** {
  26:.\Generated_Source\PSoC5/BLE_UART_PM.c ****     /* enableState - disabled */
  27:.\Generated_Source\PSoC5/BLE_UART_PM.c ****     0u,
  28:.\Generated_Source\PSoC5/BLE_UART_PM.c **** };
  29:.\Generated_Source\PSoC5/BLE_UART_PM.c **** 
  30:.\Generated_Source\PSoC5/BLE_UART_PM.c **** 
  31:.\Generated_Source\PSoC5/BLE_UART_PM.c **** 
ARM GAS  C:\Users\student\AppData\Local\Temp\cc98OhOt.s 			page 2


  32:.\Generated_Source\PSoC5/BLE_UART_PM.c **** /*******************************************************************************
  33:.\Generated_Source\PSoC5/BLE_UART_PM.c **** * Function Name: BLE_UART_SaveConfig
  34:.\Generated_Source\PSoC5/BLE_UART_PM.c **** ********************************************************************************
  35:.\Generated_Source\PSoC5/BLE_UART_PM.c **** *
  36:.\Generated_Source\PSoC5/BLE_UART_PM.c **** * Summary:
  37:.\Generated_Source\PSoC5/BLE_UART_PM.c **** *  This function saves the component nonretention control register.
  38:.\Generated_Source\PSoC5/BLE_UART_PM.c **** *  Does not save the FIFO which is a set of nonretention registers.
  39:.\Generated_Source\PSoC5/BLE_UART_PM.c **** *  This function is called by the BLE_UART_Sleep() function.
  40:.\Generated_Source\PSoC5/BLE_UART_PM.c **** *
  41:.\Generated_Source\PSoC5/BLE_UART_PM.c **** * Parameters:
  42:.\Generated_Source\PSoC5/BLE_UART_PM.c **** *  None.
  43:.\Generated_Source\PSoC5/BLE_UART_PM.c **** *
  44:.\Generated_Source\PSoC5/BLE_UART_PM.c **** * Return:
  45:.\Generated_Source\PSoC5/BLE_UART_PM.c **** *  None.
  46:.\Generated_Source\PSoC5/BLE_UART_PM.c **** *
  47:.\Generated_Source\PSoC5/BLE_UART_PM.c **** * Global Variables:
  48:.\Generated_Source\PSoC5/BLE_UART_PM.c **** *  BLE_UART_backup - modified when non-retention registers are saved.
  49:.\Generated_Source\PSoC5/BLE_UART_PM.c **** *
  50:.\Generated_Source\PSoC5/BLE_UART_PM.c **** * Reentrant:
  51:.\Generated_Source\PSoC5/BLE_UART_PM.c **** *  No.
  52:.\Generated_Source\PSoC5/BLE_UART_PM.c **** *
  53:.\Generated_Source\PSoC5/BLE_UART_PM.c **** *******************************************************************************/
  54:.\Generated_Source\PSoC5/BLE_UART_PM.c **** void BLE_UART_SaveConfig(void)
  55:.\Generated_Source\PSoC5/BLE_UART_PM.c **** {
  27              		.loc 1 55 0
  28              		.cfi_startproc
  29              		@ args = 0, pretend = 0, frame = 0
  30              		@ frame_needed = 0, uses_anonymous_args = 0
  31              		@ link register save eliminated.
  32 0000 7047     		bx	lr
  33              		.cfi_endproc
  34              	.LFE0:
  35              		.size	BLE_UART_SaveConfig, .-BLE_UART_SaveConfig
  36 0002 00BF     		.section	.text.BLE_UART_RestoreConfig,"ax",%progbits
  37              		.align	2
  38              		.global	BLE_UART_RestoreConfig
  39              		.thumb
  40              		.thumb_func
  41              		.type	BLE_UART_RestoreConfig, %function
  42              	BLE_UART_RestoreConfig:
  43              	.LFB1:
  56:.\Generated_Source\PSoC5/BLE_UART_PM.c ****     #if(BLE_UART_CONTROL_REG_REMOVED == 0u)
  57:.\Generated_Source\PSoC5/BLE_UART_PM.c ****         BLE_UART_backup.cr = BLE_UART_CONTROL_REG;
  58:.\Generated_Source\PSoC5/BLE_UART_PM.c ****     #endif /* End BLE_UART_CONTROL_REG_REMOVED */
  59:.\Generated_Source\PSoC5/BLE_UART_PM.c **** }
  60:.\Generated_Source\PSoC5/BLE_UART_PM.c **** 
  61:.\Generated_Source\PSoC5/BLE_UART_PM.c **** 
  62:.\Generated_Source\PSoC5/BLE_UART_PM.c **** /*******************************************************************************
  63:.\Generated_Source\PSoC5/BLE_UART_PM.c **** * Function Name: BLE_UART_RestoreConfig
  64:.\Generated_Source\PSoC5/BLE_UART_PM.c **** ********************************************************************************
  65:.\Generated_Source\PSoC5/BLE_UART_PM.c **** *
  66:.\Generated_Source\PSoC5/BLE_UART_PM.c **** * Summary:
  67:.\Generated_Source\PSoC5/BLE_UART_PM.c **** *  Restores the nonretention control register except FIFO.
  68:.\Generated_Source\PSoC5/BLE_UART_PM.c **** *  Does not restore the FIFO which is a set of nonretention registers.
  69:.\Generated_Source\PSoC5/BLE_UART_PM.c **** *
  70:.\Generated_Source\PSoC5/BLE_UART_PM.c **** * Parameters:
  71:.\Generated_Source\PSoC5/BLE_UART_PM.c **** *  None.
ARM GAS  C:\Users\student\AppData\Local\Temp\cc98OhOt.s 			page 3


  72:.\Generated_Source\PSoC5/BLE_UART_PM.c **** *
  73:.\Generated_Source\PSoC5/BLE_UART_PM.c **** * Return:
  74:.\Generated_Source\PSoC5/BLE_UART_PM.c **** *  None.
  75:.\Generated_Source\PSoC5/BLE_UART_PM.c **** *
  76:.\Generated_Source\PSoC5/BLE_UART_PM.c **** * Global Variables:
  77:.\Generated_Source\PSoC5/BLE_UART_PM.c **** *  BLE_UART_backup - used when non-retention registers are restored.
  78:.\Generated_Source\PSoC5/BLE_UART_PM.c **** *
  79:.\Generated_Source\PSoC5/BLE_UART_PM.c **** * Reentrant:
  80:.\Generated_Source\PSoC5/BLE_UART_PM.c **** *  No.
  81:.\Generated_Source\PSoC5/BLE_UART_PM.c **** *
  82:.\Generated_Source\PSoC5/BLE_UART_PM.c **** * Notes:
  83:.\Generated_Source\PSoC5/BLE_UART_PM.c **** *  If this function is called without calling BLE_UART_SaveConfig() 
  84:.\Generated_Source\PSoC5/BLE_UART_PM.c **** *  first, the data loaded may be incorrect.
  85:.\Generated_Source\PSoC5/BLE_UART_PM.c **** *
  86:.\Generated_Source\PSoC5/BLE_UART_PM.c **** *******************************************************************************/
  87:.\Generated_Source\PSoC5/BLE_UART_PM.c **** void BLE_UART_RestoreConfig(void)
  88:.\Generated_Source\PSoC5/BLE_UART_PM.c **** {
  44              		.loc 1 88 0
  45              		.cfi_startproc
  46              		@ args = 0, pretend = 0, frame = 0
  47              		@ frame_needed = 0, uses_anonymous_args = 0
  48              		@ link register save eliminated.
  49 0000 7047     		bx	lr
  50              		.cfi_endproc
  51              	.LFE1:
  52              		.size	BLE_UART_RestoreConfig, .-BLE_UART_RestoreConfig
  53 0002 00BF     		.section	.text.BLE_UART_Sleep,"ax",%progbits
  54              		.align	2
  55              		.global	BLE_UART_Sleep
  56              		.thumb
  57              		.thumb_func
  58              		.type	BLE_UART_Sleep, %function
  59              	BLE_UART_Sleep:
  60              	.LFB2:
  89:.\Generated_Source\PSoC5/BLE_UART_PM.c ****     #if(BLE_UART_CONTROL_REG_REMOVED == 0u)
  90:.\Generated_Source\PSoC5/BLE_UART_PM.c ****         BLE_UART_CONTROL_REG = BLE_UART_backup.cr;
  91:.\Generated_Source\PSoC5/BLE_UART_PM.c ****     #endif /* End BLE_UART_CONTROL_REG_REMOVED */
  92:.\Generated_Source\PSoC5/BLE_UART_PM.c **** }
  93:.\Generated_Source\PSoC5/BLE_UART_PM.c **** 
  94:.\Generated_Source\PSoC5/BLE_UART_PM.c **** 
  95:.\Generated_Source\PSoC5/BLE_UART_PM.c **** /*******************************************************************************
  96:.\Generated_Source\PSoC5/BLE_UART_PM.c **** * Function Name: BLE_UART_Sleep
  97:.\Generated_Source\PSoC5/BLE_UART_PM.c **** ********************************************************************************
  98:.\Generated_Source\PSoC5/BLE_UART_PM.c **** *
  99:.\Generated_Source\PSoC5/BLE_UART_PM.c **** * Summary:
 100:.\Generated_Source\PSoC5/BLE_UART_PM.c **** *  This is the preferred API to prepare the component for sleep. 
 101:.\Generated_Source\PSoC5/BLE_UART_PM.c **** *  The BLE_UART_Sleep() API saves the current component state. Then it
 102:.\Generated_Source\PSoC5/BLE_UART_PM.c **** *  calls the BLE_UART_Stop() function and calls 
 103:.\Generated_Source\PSoC5/BLE_UART_PM.c **** *  BLE_UART_SaveConfig() to save the hardware configuration.
 104:.\Generated_Source\PSoC5/BLE_UART_PM.c **** *  Call the BLE_UART_Sleep() function before calling the CyPmSleep() 
 105:.\Generated_Source\PSoC5/BLE_UART_PM.c **** *  or the CyPmHibernate() function. 
 106:.\Generated_Source\PSoC5/BLE_UART_PM.c **** *
 107:.\Generated_Source\PSoC5/BLE_UART_PM.c **** * Parameters:
 108:.\Generated_Source\PSoC5/BLE_UART_PM.c **** *  None.
 109:.\Generated_Source\PSoC5/BLE_UART_PM.c **** *
 110:.\Generated_Source\PSoC5/BLE_UART_PM.c **** * Return:
 111:.\Generated_Source\PSoC5/BLE_UART_PM.c **** *  None.
ARM GAS  C:\Users\student\AppData\Local\Temp\cc98OhOt.s 			page 4


 112:.\Generated_Source\PSoC5/BLE_UART_PM.c **** *
 113:.\Generated_Source\PSoC5/BLE_UART_PM.c **** * Global Variables:
 114:.\Generated_Source\PSoC5/BLE_UART_PM.c **** *  BLE_UART_backup - modified when non-retention registers are saved.
 115:.\Generated_Source\PSoC5/BLE_UART_PM.c **** *
 116:.\Generated_Source\PSoC5/BLE_UART_PM.c **** * Reentrant:
 117:.\Generated_Source\PSoC5/BLE_UART_PM.c **** *  No.
 118:.\Generated_Source\PSoC5/BLE_UART_PM.c **** *
 119:.\Generated_Source\PSoC5/BLE_UART_PM.c **** *******************************************************************************/
 120:.\Generated_Source\PSoC5/BLE_UART_PM.c **** void BLE_UART_Sleep(void)
 121:.\Generated_Source\PSoC5/BLE_UART_PM.c **** {
  61              		.loc 1 121 0
  62              		.cfi_startproc
  63              		@ args = 0, pretend = 0, frame = 0
  64              		@ frame_needed = 0, uses_anonymous_args = 0
  65              		.loc 1 121 0
  66 0000 08B5     		push	{r3, lr}
  67              		.cfi_def_cfa_offset 8
  68              		.cfi_offset 3, -8
  69              		.cfi_offset 14, -4
 122:.\Generated_Source\PSoC5/BLE_UART_PM.c ****     #if(BLE_UART_RX_ENABLED || BLE_UART_HD_ENABLED)
 123:.\Generated_Source\PSoC5/BLE_UART_PM.c ****         if((BLE_UART_RXSTATUS_ACTL_REG  & BLE_UART_INT_ENABLE) != 0u)
  70              		.loc 1 123 0
  71 0002 074B     		ldr	r3, .L7
  72 0004 1B78     		ldrb	r3, [r3]	@ zero_extendqisi2
  73 0006 13F0100F 		tst	r3, #16
  74 000a 03D0     		beq	.L4
 124:.\Generated_Source\PSoC5/BLE_UART_PM.c ****         {
 125:.\Generated_Source\PSoC5/BLE_UART_PM.c ****             BLE_UART_backup.enableState = 1u;
  75              		.loc 1 125 0
  76 000c 0122     		movs	r2, #1
  77 000e 054B     		ldr	r3, .L7+4
  78 0010 1A70     		strb	r2, [r3]
  79 0012 02E0     		b	.L5
  80              	.L4:
 126:.\Generated_Source\PSoC5/BLE_UART_PM.c ****         }
 127:.\Generated_Source\PSoC5/BLE_UART_PM.c ****         else
 128:.\Generated_Source\PSoC5/BLE_UART_PM.c ****         {
 129:.\Generated_Source\PSoC5/BLE_UART_PM.c ****             BLE_UART_backup.enableState = 0u;
  81              		.loc 1 129 0
  82 0014 0022     		movs	r2, #0
  83 0016 034B     		ldr	r3, .L7+4
  84 0018 1A70     		strb	r2, [r3]
  85              	.L5:
 130:.\Generated_Source\PSoC5/BLE_UART_PM.c ****         }
 131:.\Generated_Source\PSoC5/BLE_UART_PM.c ****     #else
 132:.\Generated_Source\PSoC5/BLE_UART_PM.c ****         if((BLE_UART_TXSTATUS_ACTL_REG  & BLE_UART_INT_ENABLE) !=0u)
 133:.\Generated_Source\PSoC5/BLE_UART_PM.c ****         {
 134:.\Generated_Source\PSoC5/BLE_UART_PM.c ****             BLE_UART_backup.enableState = 1u;
 135:.\Generated_Source\PSoC5/BLE_UART_PM.c ****         }
 136:.\Generated_Source\PSoC5/BLE_UART_PM.c ****         else
 137:.\Generated_Source\PSoC5/BLE_UART_PM.c ****         {
 138:.\Generated_Source\PSoC5/BLE_UART_PM.c ****             BLE_UART_backup.enableState = 0u;
 139:.\Generated_Source\PSoC5/BLE_UART_PM.c ****         }
 140:.\Generated_Source\PSoC5/BLE_UART_PM.c ****     #endif /* End BLE_UART_RX_ENABLED || BLE_UART_HD_ENABLED*/
 141:.\Generated_Source\PSoC5/BLE_UART_PM.c **** 
 142:.\Generated_Source\PSoC5/BLE_UART_PM.c ****     BLE_UART_Stop();
  86              		.loc 1 142 0
ARM GAS  C:\Users\student\AppData\Local\Temp\cc98OhOt.s 			page 5


  87 001a FFF7FEFF 		bl	BLE_UART_Stop
  88              	.LVL0:
  89 001e 08BD     		pop	{r3, pc}
  90              	.L8:
  91              		.align	2
  92              	.L7:
  93 0020 9D640040 		.word	1073767581
  94 0024 00000000 		.word	.LANCHOR0
  95              		.cfi_endproc
  96              	.LFE2:
  97              		.size	BLE_UART_Sleep, .-BLE_UART_Sleep
  98              		.section	.text.BLE_UART_Wakeup,"ax",%progbits
  99              		.align	2
 100              		.global	BLE_UART_Wakeup
 101              		.thumb
 102              		.thumb_func
 103              		.type	BLE_UART_Wakeup, %function
 104              	BLE_UART_Wakeup:
 105              	.LFB3:
 143:.\Generated_Source\PSoC5/BLE_UART_PM.c ****     BLE_UART_SaveConfig();
 144:.\Generated_Source\PSoC5/BLE_UART_PM.c **** }
 145:.\Generated_Source\PSoC5/BLE_UART_PM.c **** 
 146:.\Generated_Source\PSoC5/BLE_UART_PM.c **** 
 147:.\Generated_Source\PSoC5/BLE_UART_PM.c **** /*******************************************************************************
 148:.\Generated_Source\PSoC5/BLE_UART_PM.c **** * Function Name: BLE_UART_Wakeup
 149:.\Generated_Source\PSoC5/BLE_UART_PM.c **** ********************************************************************************
 150:.\Generated_Source\PSoC5/BLE_UART_PM.c **** *
 151:.\Generated_Source\PSoC5/BLE_UART_PM.c **** * Summary:
 152:.\Generated_Source\PSoC5/BLE_UART_PM.c **** *  This is the preferred API to restore the component to the state when 
 153:.\Generated_Source\PSoC5/BLE_UART_PM.c **** *  BLE_UART_Sleep() was called. The BLE_UART_Wakeup() function
 154:.\Generated_Source\PSoC5/BLE_UART_PM.c **** *  calls the BLE_UART_RestoreConfig() function to restore the 
 155:.\Generated_Source\PSoC5/BLE_UART_PM.c **** *  configuration. If the component was enabled before the 
 156:.\Generated_Source\PSoC5/BLE_UART_PM.c **** *  BLE_UART_Sleep() function was called, the BLE_UART_Wakeup()
 157:.\Generated_Source\PSoC5/BLE_UART_PM.c **** *  function will also re-enable the component.
 158:.\Generated_Source\PSoC5/BLE_UART_PM.c **** *
 159:.\Generated_Source\PSoC5/BLE_UART_PM.c **** * Parameters:
 160:.\Generated_Source\PSoC5/BLE_UART_PM.c **** *  None.
 161:.\Generated_Source\PSoC5/BLE_UART_PM.c **** *
 162:.\Generated_Source\PSoC5/BLE_UART_PM.c **** * Return:
 163:.\Generated_Source\PSoC5/BLE_UART_PM.c **** *  None.
 164:.\Generated_Source\PSoC5/BLE_UART_PM.c **** *
 165:.\Generated_Source\PSoC5/BLE_UART_PM.c **** * Global Variables:
 166:.\Generated_Source\PSoC5/BLE_UART_PM.c **** *  BLE_UART_backup - used when non-retention registers are restored.
 167:.\Generated_Source\PSoC5/BLE_UART_PM.c **** *
 168:.\Generated_Source\PSoC5/BLE_UART_PM.c **** * Reentrant:
 169:.\Generated_Source\PSoC5/BLE_UART_PM.c **** *  No.
 170:.\Generated_Source\PSoC5/BLE_UART_PM.c **** *
 171:.\Generated_Source\PSoC5/BLE_UART_PM.c **** *******************************************************************************/
 172:.\Generated_Source\PSoC5/BLE_UART_PM.c **** void BLE_UART_Wakeup(void)
 173:.\Generated_Source\PSoC5/BLE_UART_PM.c **** {
 106              		.loc 1 173 0
 107              		.cfi_startproc
 108              		@ args = 0, pretend = 0, frame = 0
 109              		@ frame_needed = 0, uses_anonymous_args = 0
 110 0000 08B5     		push	{r3, lr}
 111              		.cfi_def_cfa_offset 8
 112              		.cfi_offset 3, -8
ARM GAS  C:\Users\student\AppData\Local\Temp\cc98OhOt.s 			page 6


 113              		.cfi_offset 14, -4
 174:.\Generated_Source\PSoC5/BLE_UART_PM.c ****     BLE_UART_RestoreConfig();
 175:.\Generated_Source\PSoC5/BLE_UART_PM.c ****     #if( (BLE_UART_RX_ENABLED) || (BLE_UART_HD_ENABLED) )
 176:.\Generated_Source\PSoC5/BLE_UART_PM.c ****         BLE_UART_ClearRxBuffer();
 114              		.loc 1 176 0
 115 0002 FFF7FEFF 		bl	BLE_UART_ClearRxBuffer
 116              	.LVL1:
 177:.\Generated_Source\PSoC5/BLE_UART_PM.c ****     #endif /* End (BLE_UART_RX_ENABLED) || (BLE_UART_HD_ENABLED) */
 178:.\Generated_Source\PSoC5/BLE_UART_PM.c ****     #if(BLE_UART_TX_ENABLED || BLE_UART_HD_ENABLED)
 179:.\Generated_Source\PSoC5/BLE_UART_PM.c ****         BLE_UART_ClearTxBuffer();
 180:.\Generated_Source\PSoC5/BLE_UART_PM.c ****     #endif /* End BLE_UART_TX_ENABLED || BLE_UART_HD_ENABLED */
 181:.\Generated_Source\PSoC5/BLE_UART_PM.c **** 
 182:.\Generated_Source\PSoC5/BLE_UART_PM.c ****     if(BLE_UART_backup.enableState != 0u)
 117              		.loc 1 182 0
 118 0006 034B     		ldr	r3, .L12
 119 0008 1B78     		ldrb	r3, [r3]	@ zero_extendqisi2
 120 000a 0BB1     		cbz	r3, .L9
 183:.\Generated_Source\PSoC5/BLE_UART_PM.c ****     {
 184:.\Generated_Source\PSoC5/BLE_UART_PM.c ****         BLE_UART_Enable();
 121              		.loc 1 184 0
 122 000c FFF7FEFF 		bl	BLE_UART_Enable
 123              	.LVL2:
 124              	.L9:
 125 0010 08BD     		pop	{r3, pc}
 126              	.L13:
 127 0012 00BF     		.align	2
 128              	.L12:
 129 0014 00000000 		.word	.LANCHOR0
 130              		.cfi_endproc
 131              	.LFE3:
 132              		.size	BLE_UART_Wakeup, .-BLE_UART_Wakeup
 133              		.bss
 134              		.align	2
 135              		.set	.LANCHOR0,. + 0
 136              		.type	BLE_UART_backup, %object
 137              		.size	BLE_UART_backup, 1
 138              	BLE_UART_backup:
 139 0000 00       		.space	1
 140 0001 000000   		.text
 141              	.Letext0:
 142              		.file 2 ".\\Generated_Source\\PSoC5\\cytypes.h"
 143              		.file 3 ".\\Generated_Source\\PSoC5\\BLE_UART.h"
 144              		.section	.debug_info,"",%progbits
 145              	.Ldebug_info0:
 146 0000 5B010000 		.4byte	0x15b
 147 0004 0400     		.2byte	0x4
 148 0006 00000000 		.4byte	.Ldebug_abbrev0
 149 000a 04       		.byte	0x4
 150 000b 01       		.uleb128 0x1
 151 000c 00000000 		.4byte	.LASF24
 152 0010 01       		.byte	0x1
 153 0011 AC000000 		.4byte	.LASF25
 154 0015 2F020000 		.4byte	.LASF26
 155 0019 00000000 		.4byte	.Ldebug_ranges0+0
 156 001d 00000000 		.4byte	0
 157 0021 00000000 		.4byte	.Ldebug_line0
 158 0025 02       		.uleb128 0x2
ARM GAS  C:\Users\student\AppData\Local\Temp\cc98OhOt.s 			page 7


 159 0026 01       		.byte	0x1
 160 0027 06       		.byte	0x6
 161 0028 23020000 		.4byte	.LASF0
 162 002c 02       		.uleb128 0x2
 163 002d 01       		.byte	0x1
 164 002e 08       		.byte	0x8
 165 002f ED000000 		.4byte	.LASF1
 166 0033 02       		.uleb128 0x2
 167 0034 02       		.byte	0x2
 168 0035 05       		.byte	0x5
 169 0036 E5010000 		.4byte	.LASF2
 170 003a 02       		.uleb128 0x2
 171 003b 02       		.byte	0x2
 172 003c 07       		.byte	0x7
 173 003d 99000000 		.4byte	.LASF3
 174 0041 02       		.uleb128 0x2
 175 0042 04       		.byte	0x4
 176 0043 05       		.byte	0x5
 177 0044 06020000 		.4byte	.LASF4
 178 0048 02       		.uleb128 0x2
 179 0049 04       		.byte	0x4
 180 004a 07       		.byte	0x7
 181 004b 00010000 		.4byte	.LASF5
 182 004f 02       		.uleb128 0x2
 183 0050 08       		.byte	0x8
 184 0051 05       		.byte	0x5
 185 0052 C7010000 		.4byte	.LASF6
 186 0056 02       		.uleb128 0x2
 187 0057 08       		.byte	0x8
 188 0058 07       		.byte	0x7
 189 0059 6D010000 		.4byte	.LASF7
 190 005d 03       		.uleb128 0x3
 191 005e 04       		.byte	0x4
 192 005f 05       		.byte	0x5
 193 0060 696E7400 		.ascii	"int\000"
 194 0064 02       		.uleb128 0x2
 195 0065 04       		.byte	0x4
 196 0066 07       		.byte	0x7
 197 0067 60010000 		.4byte	.LASF8
 198 006b 04       		.uleb128 0x4
 199 006c 12010000 		.4byte	.LASF12
 200 0070 02       		.byte	0x2
 201 0071 9201     		.2byte	0x192
 202 0073 2C000000 		.4byte	0x2c
 203 0077 02       		.uleb128 0x2
 204 0078 04       		.byte	0x4
 205 0079 04       		.byte	0x4
 206 007a E7000000 		.4byte	.LASF9
 207 007e 02       		.uleb128 0x2
 208 007f 08       		.byte	0x8
 209 0080 04       		.byte	0x4
 210 0081 4D010000 		.4byte	.LASF10
 211 0085 02       		.uleb128 0x2
 212 0086 01       		.byte	0x1
 213 0087 08       		.byte	0x8
 214 0088 0F020000 		.4byte	.LASF11
 215 008c 04       		.uleb128 0x4
ARM GAS  C:\Users\student\AppData\Local\Temp\cc98OhOt.s 			page 8


 216 008d FB000000 		.4byte	.LASF13
 217 0091 02       		.byte	0x2
 218 0092 3C02     		.2byte	0x23c
 219 0094 98000000 		.4byte	0x98
 220 0098 05       		.uleb128 0x5
 221 0099 6B000000 		.4byte	0x6b
 222 009d 02       		.uleb128 0x2
 223 009e 08       		.byte	0x8
 224 009f 04       		.byte	0x4
 225 00a0 9B010000 		.4byte	.LASF14
 226 00a4 02       		.uleb128 0x2
 227 00a5 04       		.byte	0x4
 228 00a6 07       		.byte	0x7
 229 00a7 BE010000 		.4byte	.LASF15
 230 00ab 06       		.uleb128 0x6
 231 00ac 84010000 		.4byte	.LASF27
 232 00b0 01       		.byte	0x1
 233 00b1 03       		.byte	0x3
 234 00b2 45       		.byte	0x45
 235 00b3 C4000000 		.4byte	0xc4
 236 00b7 07       		.uleb128 0x7
 237 00b8 54010000 		.4byte	.LASF28
 238 00bc 03       		.byte	0x3
 239 00bd 47       		.byte	0x47
 240 00be 6B000000 		.4byte	0x6b
 241 00c2 00       		.byte	0
 242 00c3 00       		.byte	0
 243 00c4 08       		.uleb128 0x8
 244 00c5 A7010000 		.4byte	.LASF16
 245 00c9 03       		.byte	0x3
 246 00ca 4D       		.byte	0x4d
 247 00cb AB000000 		.4byte	0xab
 248 00cf 09       		.uleb128 0x9
 249 00d0 D3000000 		.4byte	.LASF17
 250 00d4 01       		.byte	0x1
 251 00d5 36       		.byte	0x36
 252 00d6 00000000 		.4byte	.LFB0
 253 00da 02000000 		.4byte	.LFE0-.LFB0
 254 00de 01       		.uleb128 0x1
 255 00df 9C       		.byte	0x9c
 256 00e0 09       		.uleb128 0x9
 257 00e1 EF010000 		.4byte	.LASF18
 258 00e5 01       		.byte	0x1
 259 00e6 57       		.byte	0x57
 260 00e7 00000000 		.4byte	.LFB1
 261 00eb 02000000 		.4byte	.LFE1-.LFB1
 262 00ef 01       		.uleb128 0x1
 263 00f0 9C       		.byte	0x9c
 264 00f1 0A       		.uleb128 0xa
 265 00f2 14020000 		.4byte	.LASF19
 266 00f6 01       		.byte	0x1
 267 00f7 78       		.byte	0x78
 268 00f8 00000000 		.4byte	.LFB2
 269 00fc 28000000 		.4byte	.LFE2-.LFB2
 270 0100 01       		.uleb128 0x1
 271 0101 9C       		.byte	0x9c
 272 0102 10010000 		.4byte	0x110
ARM GAS  C:\Users\student\AppData\Local\Temp\cc98OhOt.s 			page 9


 273 0106 0B       		.uleb128 0xb
 274 0107 1E000000 		.4byte	.LVL0
 275 010b 49010000 		.4byte	0x149
 276 010f 00       		.byte	0
 277 0110 0A       		.uleb128 0xa
 278 0111 73020000 		.4byte	.LASF20
 279 0115 01       		.byte	0x1
 280 0116 AC       		.byte	0xac
 281 0117 00000000 		.4byte	.LFB3
 282 011b 18000000 		.4byte	.LFE3-.LFB3
 283 011f 01       		.uleb128 0x1
 284 0120 9C       		.byte	0x9c
 285 0121 38010000 		.4byte	0x138
 286 0125 0B       		.uleb128 0xb
 287 0126 06000000 		.4byte	.LVL1
 288 012a 50010000 		.4byte	0x150
 289 012e 0B       		.uleb128 0xb
 290 012f 10000000 		.4byte	.LVL2
 291 0133 57010000 		.4byte	0x157
 292 0137 00       		.byte	0
 293 0138 0C       		.uleb128 0xc
 294 0139 D5010000 		.4byte	.LASF29
 295 013d 01       		.byte	0x1
 296 013e 18       		.byte	0x18
 297 013f C4000000 		.4byte	0xc4
 298 0143 05       		.uleb128 0x5
 299 0144 03       		.byte	0x3
 300 0145 00000000 		.4byte	BLE_UART_backup
 301 0149 0D       		.uleb128 0xd
 302 014a 3F010000 		.4byte	.LASF21
 303 014e 03       		.byte	0x3
 304 014f 55       		.byte	0x55
 305 0150 0D       		.uleb128 0xd
 306 0151 18010000 		.4byte	.LASF22
 307 0155 03       		.byte	0x3
 308 0156 75       		.byte	0x75
 309 0157 0D       		.uleb128 0xd
 310 0158 2F010000 		.4byte	.LASF23
 311 015c 03       		.byte	0x3
 312 015d 5A       		.byte	0x5a
 313 015e 00       		.byte	0
 314              		.section	.debug_abbrev,"",%progbits
 315              	.Ldebug_abbrev0:
 316 0000 01       		.uleb128 0x1
 317 0001 11       		.uleb128 0x11
 318 0002 01       		.byte	0x1
 319 0003 25       		.uleb128 0x25
 320 0004 0E       		.uleb128 0xe
 321 0005 13       		.uleb128 0x13
 322 0006 0B       		.uleb128 0xb
 323 0007 03       		.uleb128 0x3
 324 0008 0E       		.uleb128 0xe
 325 0009 1B       		.uleb128 0x1b
 326 000a 0E       		.uleb128 0xe
 327 000b 55       		.uleb128 0x55
 328 000c 17       		.uleb128 0x17
 329 000d 11       		.uleb128 0x11
ARM GAS  C:\Users\student\AppData\Local\Temp\cc98OhOt.s 			page 10


 330 000e 01       		.uleb128 0x1
 331 000f 10       		.uleb128 0x10
 332 0010 17       		.uleb128 0x17
 333 0011 00       		.byte	0
 334 0012 00       		.byte	0
 335 0013 02       		.uleb128 0x2
 336 0014 24       		.uleb128 0x24
 337 0015 00       		.byte	0
 338 0016 0B       		.uleb128 0xb
 339 0017 0B       		.uleb128 0xb
 340 0018 3E       		.uleb128 0x3e
 341 0019 0B       		.uleb128 0xb
 342 001a 03       		.uleb128 0x3
 343 001b 0E       		.uleb128 0xe
 344 001c 00       		.byte	0
 345 001d 00       		.byte	0
 346 001e 03       		.uleb128 0x3
 347 001f 24       		.uleb128 0x24
 348 0020 00       		.byte	0
 349 0021 0B       		.uleb128 0xb
 350 0022 0B       		.uleb128 0xb
 351 0023 3E       		.uleb128 0x3e
 352 0024 0B       		.uleb128 0xb
 353 0025 03       		.uleb128 0x3
 354 0026 08       		.uleb128 0x8
 355 0027 00       		.byte	0
 356 0028 00       		.byte	0
 357 0029 04       		.uleb128 0x4
 358 002a 16       		.uleb128 0x16
 359 002b 00       		.byte	0
 360 002c 03       		.uleb128 0x3
 361 002d 0E       		.uleb128 0xe
 362 002e 3A       		.uleb128 0x3a
 363 002f 0B       		.uleb128 0xb
 364 0030 3B       		.uleb128 0x3b
 365 0031 05       		.uleb128 0x5
 366 0032 49       		.uleb128 0x49
 367 0033 13       		.uleb128 0x13
 368 0034 00       		.byte	0
 369 0035 00       		.byte	0
 370 0036 05       		.uleb128 0x5
 371 0037 35       		.uleb128 0x35
 372 0038 00       		.byte	0
 373 0039 49       		.uleb128 0x49
 374 003a 13       		.uleb128 0x13
 375 003b 00       		.byte	0
 376 003c 00       		.byte	0
 377 003d 06       		.uleb128 0x6
 378 003e 13       		.uleb128 0x13
 379 003f 01       		.byte	0x1
 380 0040 03       		.uleb128 0x3
 381 0041 0E       		.uleb128 0xe
 382 0042 0B       		.uleb128 0xb
 383 0043 0B       		.uleb128 0xb
 384 0044 3A       		.uleb128 0x3a
 385 0045 0B       		.uleb128 0xb
 386 0046 3B       		.uleb128 0x3b
ARM GAS  C:\Users\student\AppData\Local\Temp\cc98OhOt.s 			page 11


 387 0047 0B       		.uleb128 0xb
 388 0048 01       		.uleb128 0x1
 389 0049 13       		.uleb128 0x13
 390 004a 00       		.byte	0
 391 004b 00       		.byte	0
 392 004c 07       		.uleb128 0x7
 393 004d 0D       		.uleb128 0xd
 394 004e 00       		.byte	0
 395 004f 03       		.uleb128 0x3
 396 0050 0E       		.uleb128 0xe
 397 0051 3A       		.uleb128 0x3a
 398 0052 0B       		.uleb128 0xb
 399 0053 3B       		.uleb128 0x3b
 400 0054 0B       		.uleb128 0xb
 401 0055 49       		.uleb128 0x49
 402 0056 13       		.uleb128 0x13
 403 0057 38       		.uleb128 0x38
 404 0058 0B       		.uleb128 0xb
 405 0059 00       		.byte	0
 406 005a 00       		.byte	0
 407 005b 08       		.uleb128 0x8
 408 005c 16       		.uleb128 0x16
 409 005d 00       		.byte	0
 410 005e 03       		.uleb128 0x3
 411 005f 0E       		.uleb128 0xe
 412 0060 3A       		.uleb128 0x3a
 413 0061 0B       		.uleb128 0xb
 414 0062 3B       		.uleb128 0x3b
 415 0063 0B       		.uleb128 0xb
 416 0064 49       		.uleb128 0x49
 417 0065 13       		.uleb128 0x13
 418 0066 00       		.byte	0
 419 0067 00       		.byte	0
 420 0068 09       		.uleb128 0x9
 421 0069 2E       		.uleb128 0x2e
 422 006a 00       		.byte	0
 423 006b 3F       		.uleb128 0x3f
 424 006c 19       		.uleb128 0x19
 425 006d 03       		.uleb128 0x3
 426 006e 0E       		.uleb128 0xe
 427 006f 3A       		.uleb128 0x3a
 428 0070 0B       		.uleb128 0xb
 429 0071 3B       		.uleb128 0x3b
 430 0072 0B       		.uleb128 0xb
 431 0073 27       		.uleb128 0x27
 432 0074 19       		.uleb128 0x19
 433 0075 11       		.uleb128 0x11
 434 0076 01       		.uleb128 0x1
 435 0077 12       		.uleb128 0x12
 436 0078 06       		.uleb128 0x6
 437 0079 40       		.uleb128 0x40
 438 007a 18       		.uleb128 0x18
 439 007b 9742     		.uleb128 0x2117
 440 007d 19       		.uleb128 0x19
 441 007e 00       		.byte	0
 442 007f 00       		.byte	0
 443 0080 0A       		.uleb128 0xa
ARM GAS  C:\Users\student\AppData\Local\Temp\cc98OhOt.s 			page 12


 444 0081 2E       		.uleb128 0x2e
 445 0082 01       		.byte	0x1
 446 0083 3F       		.uleb128 0x3f
 447 0084 19       		.uleb128 0x19
 448 0085 03       		.uleb128 0x3
 449 0086 0E       		.uleb128 0xe
 450 0087 3A       		.uleb128 0x3a
 451 0088 0B       		.uleb128 0xb
 452 0089 3B       		.uleb128 0x3b
 453 008a 0B       		.uleb128 0xb
 454 008b 27       		.uleb128 0x27
 455 008c 19       		.uleb128 0x19
 456 008d 11       		.uleb128 0x11
 457 008e 01       		.uleb128 0x1
 458 008f 12       		.uleb128 0x12
 459 0090 06       		.uleb128 0x6
 460 0091 40       		.uleb128 0x40
 461 0092 18       		.uleb128 0x18
 462 0093 9742     		.uleb128 0x2117
 463 0095 19       		.uleb128 0x19
 464 0096 01       		.uleb128 0x1
 465 0097 13       		.uleb128 0x13
 466 0098 00       		.byte	0
 467 0099 00       		.byte	0
 468 009a 0B       		.uleb128 0xb
 469 009b 898201   		.uleb128 0x4109
 470 009e 00       		.byte	0
 471 009f 11       		.uleb128 0x11
 472 00a0 01       		.uleb128 0x1
 473 00a1 31       		.uleb128 0x31
 474 00a2 13       		.uleb128 0x13
 475 00a3 00       		.byte	0
 476 00a4 00       		.byte	0
 477 00a5 0C       		.uleb128 0xc
 478 00a6 34       		.uleb128 0x34
 479 00a7 00       		.byte	0
 480 00a8 03       		.uleb128 0x3
 481 00a9 0E       		.uleb128 0xe
 482 00aa 3A       		.uleb128 0x3a
 483 00ab 0B       		.uleb128 0xb
 484 00ac 3B       		.uleb128 0x3b
 485 00ad 0B       		.uleb128 0xb
 486 00ae 49       		.uleb128 0x49
 487 00af 13       		.uleb128 0x13
 488 00b0 02       		.uleb128 0x2
 489 00b1 18       		.uleb128 0x18
 490 00b2 00       		.byte	0
 491 00b3 00       		.byte	0
 492 00b4 0D       		.uleb128 0xd
 493 00b5 2E       		.uleb128 0x2e
 494 00b6 00       		.byte	0
 495 00b7 3F       		.uleb128 0x3f
 496 00b8 19       		.uleb128 0x19
 497 00b9 03       		.uleb128 0x3
 498 00ba 0E       		.uleb128 0xe
 499 00bb 3A       		.uleb128 0x3a
 500 00bc 0B       		.uleb128 0xb
ARM GAS  C:\Users\student\AppData\Local\Temp\cc98OhOt.s 			page 13


 501 00bd 3B       		.uleb128 0x3b
 502 00be 0B       		.uleb128 0xb
 503 00bf 27       		.uleb128 0x27
 504 00c0 19       		.uleb128 0x19
 505 00c1 3C       		.uleb128 0x3c
 506 00c2 19       		.uleb128 0x19
 507 00c3 00       		.byte	0
 508 00c4 00       		.byte	0
 509 00c5 00       		.byte	0
 510              		.section	.debug_aranges,"",%progbits
 511 0000 34000000 		.4byte	0x34
 512 0004 0200     		.2byte	0x2
 513 0006 00000000 		.4byte	.Ldebug_info0
 514 000a 04       		.byte	0x4
 515 000b 00       		.byte	0
 516 000c 0000     		.2byte	0
 517 000e 0000     		.2byte	0
 518 0010 00000000 		.4byte	.LFB0
 519 0014 02000000 		.4byte	.LFE0-.LFB0
 520 0018 00000000 		.4byte	.LFB1
 521 001c 02000000 		.4byte	.LFE1-.LFB1
 522 0020 00000000 		.4byte	.LFB2
 523 0024 28000000 		.4byte	.LFE2-.LFB2
 524 0028 00000000 		.4byte	.LFB3
 525 002c 18000000 		.4byte	.LFE3-.LFB3
 526 0030 00000000 		.4byte	0
 527 0034 00000000 		.4byte	0
 528              		.section	.debug_ranges,"",%progbits
 529              	.Ldebug_ranges0:
 530 0000 00000000 		.4byte	.LFB0
 531 0004 02000000 		.4byte	.LFE0
 532 0008 00000000 		.4byte	.LFB1
 533 000c 02000000 		.4byte	.LFE1
 534 0010 00000000 		.4byte	.LFB2
 535 0014 28000000 		.4byte	.LFE2
 536 0018 00000000 		.4byte	.LFB3
 537 001c 18000000 		.4byte	.LFE3
 538 0020 00000000 		.4byte	0
 539 0024 00000000 		.4byte	0
 540              		.section	.debug_line,"",%progbits
 541              	.Ldebug_line0:
 542 0000 A7000000 		.section	.debug_str,"MS",%progbits,1
 542      02005800 
 542      00000201 
 542      FB0E0D00 
 542      01010101 
 543              	.LASF24:
 544 0000 474E5520 		.ascii	"GNU C 4.9.3 20150303 (release) [ARM/embedded-4_9-br"
 544      4320342E 
 544      392E3320 
 544      32303135 
 544      30333033 
 545 0033 616E6368 		.ascii	"anch revision 221220] -mcpu=cortex-m3 -mthumb -g -O"
 545      20726576 
 545      6973696F 
 545      6E203232 
 545      31323230 
ARM GAS  C:\Users\student\AppData\Local\Temp\cc98OhOt.s 			page 14


 546 0066 67202D73 		.ascii	"g -std=gnu11 -ffunction-sections -ffat-lto-objects\000"
 546      74643D67 
 546      6E753131 
 546      202D6666 
 546      756E6374 
 547              	.LASF3:
 548 0099 73686F72 		.ascii	"short unsigned int\000"
 548      7420756E 
 548      7369676E 
 548      65642069 
 548      6E7400
 549              	.LASF25:
 550 00ac 2E5C4765 		.ascii	".\\Generated_Source\\PSoC5\\BLE_UART_PM.c\000"
 550      6E657261 
 550      7465645F 
 550      536F7572 
 550      63655C50 
 551              	.LASF17:
 552 00d3 424C455F 		.ascii	"BLE_UART_SaveConfig\000"
 552      55415254 
 552      5F536176 
 552      65436F6E 
 552      66696700 
 553              	.LASF9:
 554 00e7 666C6F61 		.ascii	"float\000"
 554      7400
 555              	.LASF1:
 556 00ed 756E7369 		.ascii	"unsigned char\000"
 556      676E6564 
 556      20636861 
 556      7200
 557              	.LASF13:
 558 00fb 72656738 		.ascii	"reg8\000"
 558      00
 559              	.LASF5:
 560 0100 6C6F6E67 		.ascii	"long unsigned int\000"
 560      20756E73 
 560      69676E65 
 560      6420696E 
 560      7400
 561              	.LASF12:
 562 0112 75696E74 		.ascii	"uint8\000"
 562      3800
 563              	.LASF22:
 564 0118 424C455F 		.ascii	"BLE_UART_ClearRxBuffer\000"
 564      55415254 
 564      5F436C65 
 564      61725278 
 564      42756666 
 565              	.LASF23:
 566 012f 424C455F 		.ascii	"BLE_UART_Enable\000"
 566      55415254 
 566      5F456E61 
 566      626C6500 
 567              	.LASF21:
 568 013f 424C455F 		.ascii	"BLE_UART_Stop\000"
 568      55415254 
ARM GAS  C:\Users\student\AppData\Local\Temp\cc98OhOt.s 			page 15


 568      5F53746F 
 568      7000
 569              	.LASF10:
 570 014d 646F7562 		.ascii	"double\000"
 570      6C6500
 571              	.LASF28:
 572 0154 656E6162 		.ascii	"enableState\000"
 572      6C655374 
 572      61746500 
 573              	.LASF8:
 574 0160 756E7369 		.ascii	"unsigned int\000"
 574      676E6564 
 574      20696E74 
 574      00
 575              	.LASF7:
 576 016d 6C6F6E67 		.ascii	"long long unsigned int\000"
 576      206C6F6E 
 576      6720756E 
 576      7369676E 
 576      65642069 
 577              	.LASF27:
 578 0184 424C455F 		.ascii	"BLE_UART_backupStruct_\000"
 578      55415254 
 578      5F626163 
 578      6B757053 
 578      74727563 
 579              	.LASF14:
 580 019b 6C6F6E67 		.ascii	"long double\000"
 580      20646F75 
 580      626C6500 
 581              	.LASF16:
 582 01a7 424C455F 		.ascii	"BLE_UART_BACKUP_STRUCT\000"
 582      55415254 
 582      5F424143 
 582      4B55505F 
 582      53545255 
 583              	.LASF15:
 584 01be 73697A65 		.ascii	"sizetype\000"
 584      74797065 
 584      00
 585              	.LASF6:
 586 01c7 6C6F6E67 		.ascii	"long long int\000"
 586      206C6F6E 
 586      6720696E 
 586      7400
 587              	.LASF29:
 588 01d5 424C455F 		.ascii	"BLE_UART_backup\000"
 588      55415254 
 588      5F626163 
 588      6B757000 
 589              	.LASF2:
 590 01e5 73686F72 		.ascii	"short int\000"
 590      7420696E 
 590      7400
 591              	.LASF18:
 592 01ef 424C455F 		.ascii	"BLE_UART_RestoreConfig\000"
 592      55415254 
ARM GAS  C:\Users\student\AppData\Local\Temp\cc98OhOt.s 			page 16


 592      5F526573 
 592      746F7265 
 592      436F6E66 
 593              	.LASF4:
 594 0206 6C6F6E67 		.ascii	"long int\000"
 594      20696E74 
 594      00
 595              	.LASF11:
 596 020f 63686172 		.ascii	"char\000"
 596      00
 597              	.LASF19:
 598 0214 424C455F 		.ascii	"BLE_UART_Sleep\000"
 598      55415254 
 598      5F536C65 
 598      657000
 599              	.LASF0:
 600 0223 7369676E 		.ascii	"signed char\000"
 600      65642063 
 600      68617200 
 601              	.LASF26:
 602 022f 433A5C55 		.ascii	"C:\\Users\\student\\Desktop\\finalproject\\finalpro"
 602      73657273 
 602      5C737475 
 602      64656E74 
 602      5C446573 
 603 025d 6A656374 		.ascii	"ject\\GuitarHero.cydsn\000"
 603      5C477569 
 603      74617248 
 603      65726F2E 
 603      63796473 
 604              	.LASF20:
 605 0273 424C455F 		.ascii	"BLE_UART_Wakeup\000"
 605      55415254 
 605      5F57616B 
 605      65757000 
 606              		.ident	"GCC: (GNU Tools for ARM Embedded Processors) 4.9.3 20150303 (release) [ARM/embedded-4_9-br
