--------------- Build Started: 05/04/2024 14:27:11 Project: GuitarHero, Configuration: ARM GCC 4.9-2015-q1-update Debug ---------------
cydsfit.exe -.appdatapath "C:\Users\User\AppData\Local\Cypress Semiconductor\PSoC Creator\3.3" -.fdsnotice -.fdswarpdepfile=warp_dependencies.txt -.fdselabdepfile=elab_dependencies.txt -.fdsbldfile=generated_files.txt -p "C:\Users\User\Documents\MIT 6.115\finalproject\finalproject\GuitarHero.cydsn\GuitarHero.cyprj" -d CY8C5868AXI-LP035 -s "C:\Users\User\Documents\MIT 6.115\finalproject\finalproject\GuitarHero.cydsn\Generated_Source\PSoC5" -- -yv2 -q10 -ygs -o2 -v3 -.fftcfgtype=LE
Elaborating Design...
ADD: pft.M0028: warning: Clock Warning: (FPS_Clock's accuracy range '20  Hz -50% +100%, (10  Hz - 40  Hz)' is not within the specified tolerance range '20  Hz +/- 5%, (19  Hz - 21  Hz)'.).
 * C:\Users\User\Documents\MIT 6.115\finalproject\finalproject\GuitarHero.cydsn\GuitarHero.cydwr (FPS_Clock)
 * C:\Users\User\Documents\MIT 6.115\finalproject\finalproject\GuitarHero.cydsn\TopDesign\TopDesign.cysch (Instance:FPS_Clock)
HDL Generation ...
Synthesis ...
Place and Route ...
Tech mapping ...
Analog Placement ...
Log: apr.M0058: The analog placement iterative improvement is 36% done. (App=cydsfit)
Log: apr.M0058: The analog placement iterative improvement is 71% done. (App=cydsfit)
Log: apr.M0058: The analog placement iterative improvement is 100% done. (App=cydsfit)
Analog Routing ...
Analog Code Generation ...
Digital Placement ...
Digital Routing ...
Bitstream Generation ...
Static timing analysis ...
API Generation ...
Dependency Generation ...
Clean Temporary Files ...
arm-none-eabi-gcc.exe -mcpu=cortex-m3 -mthumb -Wno-main -I..\emFile_V322c\Code\Include\PSoC5 -I..\emFile_V322c\Code\Include\PSoC5\emf32nOS -I. -IGenerated_Source\PSoC5 -Wa,-alh=.\CortexM3\ARM_GCC_493\Debug/cyfitter_cfg.lst -g -D DEBUG -Wall -ffunction-sections -Og -ffat-lto-objects -std=gnu11 -c .\Generated_Source\PSoC5\cyfitter_cfg.c -o .\CortexM3\ARM_GCC_493\Debug\cyfitter_cfg.o
arm-none-eabi-ar.exe -rs .\CortexM3\ARM_GCC_493\Debug\GuitarHero.a .\CortexM3\ARM_GCC_493\Debug\cyfitter_cfg.o .\CortexM3\ARM_GCC_493\Debug\x_out.o .\CortexM3\ARM_GCC_493\Debug\x_DAC.o .\CortexM3\ARM_GCC_493\Debug\x_DAC_PM.o .\CortexM3\ARM_GCC_493\Debug\y_out.o .\CortexM3\ARM_GCC_493\Debug\y_DAC.o .\CortexM3\ARM_GCC_493\Debug\y_DAC_PM.o .\CortexM3\ARM_GCC_493\Debug\CyBootAsmGnu.o .\CortexM3\ARM_GCC_493\Debug\CyDmac.o .\CortexM3\ARM_GCC_493\Debug\CyFlash.o .\CortexM3\ARM_GCC_493\Debug\CyLib.o .\CortexM3\ARM_GCC_493\Debug\cyPm.o .\CortexM3\ARM_GCC_493\Debug\CySpc.o .\CortexM3\ARM_GCC_493\Debug\cyutils.o .\CortexM3\ARM_GCC_493\Debug\FPS_Clock.o .\CortexM3\ARM_GCC_493\Debug\FPS_isr.o .\CortexM3\ARM_GCC_493\Debug\BLE_UART.o .\CortexM3\ARM_GCC_493\Debug\BLE_UART_PM.o .\CortexM3\ARM_GCC_493\Debug\BLE_UART_INT.o .\CortexM3\ARM_GCC_493\Debug\BLE_UART_BOOT.o .\CortexM3\ARM_GCC_493\Debug\BLE_Rx_isr.o .\CortexM3\ARM_GCC_493\Debug\LCD.o .\CortexM3\ARM_GCC_493\Debug\LCD_PM.o .\CortexM3\ARM_GCC_493\Debug\BLE_UART_IntClock.o .\CortexM3\ARM_GCC_493\Debug\LCD_LCDPort.o .\CortexM3\ARM_GCC_493\Debug\Audio_DAC.o .\CortexM3\ARM_GCC_493\Debug\Audio_DAC_PM.o .\CortexM3\ARM_GCC_493\Debug\Audio_out.o .\CortexM3\ARM_GCC_493\Debug\Audio_isr.o .\CortexM3\ARM_GCC_493\Debug\Audio_Clock.o .\CortexM3\ARM_GCC_493\Debug\SD_FS_ConfigMMC_SPI.o .\CortexM3\ARM_GCC_493\Debug\SD_FS_MMC_HW_SPI.o .\CortexM3\ARM_GCC_493\Debug\SD_FS_PM.o .\CortexM3\ARM_GCC_493\Debug\SD_FS_SPI0.o .\CortexM3\ARM_GCC_493\Debug\SD_FS_SPI0_PM.o .\CortexM3\ARM_GCC_493\Debug\SD_FS_SPI0_INT.o .\CortexM3\ARM_GCC_493\Debug\SD_FS_mosi0.o .\CortexM3\ARM_GCC_493\Debug\SD_FS_Clock_1.o .\CortexM3\ARM_GCC_493\Debug\SD_FS_miso0.o .\CortexM3\ARM_GCC_493\Debug\SD_FS_sclk0.o .\CortexM3\ARM_GCC_493\Debug\SD_FS_SPI0_CS.o
arm-none-eabi-ar.exe: creating .\CortexM3\ARM_GCC_493\Debug\GuitarHero.a
arm-none-eabi-gcc.exe -Wl,--start-group -o .\CortexM3\ARM_GCC_493\Debug\GuitarHero.elf .\CortexM3\ARM_GCC_493\Debug\main.o .\CortexM3\ARM_GCC_493\Debug\sprites.o .\CortexM3\ARM_GCC_493\Debug\game_manager.o .\CortexM3\ARM_GCC_493\Debug\cymetadata.o .\CortexM3\ARM_GCC_493\Debug\Cm3Start.o .\CortexM3\ARM_GCC_493\Debug\GuitarHero.a "C:\Program Files (x86)\Cypress\PSoC Creator\3.3\PSoC Creator\psoc\content\cycomponentlibrary\CyComponentLibrary.cylib\CortexM3\ARM_GCC_493\Debug\CyComponentLibrary.a" -mcpu=cortex-m3 -mthumb -g -ffunction-sections -Og -ffat-lto-objects -l emf32nosnlfn -l m -L Generated_Source\PSoC5 -L ..\emFile_V322c\LinkLibrary\PSoC5\GCC -Wl,-Map,.\CortexM3\ARM_GCC_493\Debug/GuitarHero.map -T Generated_Source\PSoC5\cm3gcc.ld -specs=nano.specs -Wl,--gc-sections -Wl,--end-group
cyelftool.exe -C "C:\Users\User\Documents\MIT 6.115\finalproject\finalproject\GuitarHero.cydsn\CortexM3\ARM_GCC_493\Debug\GuitarHero.elf" --flash_row_size 256 --flash_size 262144
cyelftool.exe -S "C:\Users\User\Documents\MIT 6.115\finalproject\finalproject\GuitarHero.cydsn\CortexM3\ARM_GCC_493\Debug\GuitarHero.elf"
Flash used: 27904 of 262144 bytes (10.6%).
SRAM used: 45021 of 65536 bytes (68.7%). Stack: 2048 bytes. Heap: 128 bytes.
--------------- Build Succeeded: 05/04/2024 14:27:18 ---------------
