--------------- Clean Started: 05/04/2024 01:12:54 Project: GuitarHero, Configuration: ARM GCC 4.9-2015-q1-update Debug ---------------
Deleting file ".\CortexM3\ARM_GCC_493\Debug\main.o"
Deleting file ".\CortexM3\ARM_GCC_493\Debug\sprites.o"
Deleting file ".\CortexM3\ARM_GCC_493\Debug\game_manager.o"
Deleting file ".\CortexM3\ARM_GCC_493\Debug\cyfitter_cfg.o"
Deleting file ".\CortexM3\ARM_GCC_493\Debug\cymetadata.o"
Deleting file ".\CortexM3\ARM_GCC_493\Debug\x_out.o"
Deleting file ".\CortexM3\ARM_GCC_493\Debug\x_DAC.o"
Deleting file ".\CortexM3\ARM_GCC_493\Debug\x_DAC_PM.o"
Deleting file ".\CortexM3\ARM_GCC_493\Debug\y_out.o"
Deleting file ".\CortexM3\ARM_GCC_493\Debug\y_DAC.o"
Deleting file ".\CortexM3\ARM_GCC_493\Debug\y_DAC_PM.o"
Deleting file ".\CortexM3\ARM_GCC_493\Debug\Cm3Start.o"
Deleting file ".\CortexM3\ARM_GCC_493\Debug\CyBootAsmGnu.o"
Deleting file ".\CortexM3\ARM_GCC_493\Debug\CyDmac.o"
Deleting file ".\CortexM3\ARM_GCC_493\Debug\CyFlash.o"
Deleting file ".\CortexM3\ARM_GCC_493\Debug\CyLib.o"
Deleting file ".\CortexM3\ARM_GCC_493\Debug\cyPm.o"
Deleting file ".\CortexM3\ARM_GCC_493\Debug\CySpc.o"
Deleting file ".\CortexM3\ARM_GCC_493\Debug\cyutils.o"
Deleting file ".\CortexM3\ARM_GCC_493\Debug\FPS_Clock.o"
Deleting file ".\CortexM3\ARM_GCC_493\Debug\FPS_isr.o"
Deleting file ".\CortexM3\ARM_GCC_493\Debug\BLE_UART.o"
Deleting file ".\CortexM3\ARM_GCC_493\Debug\BLE_UART_PM.o"
Deleting file ".\CortexM3\ARM_GCC_493\Debug\BLE_UART_INT.o"
Deleting file ".\CortexM3\ARM_GCC_493\Debug\BLE_UART_BOOT.o"
Deleting file ".\CortexM3\ARM_GCC_493\Debug\BLE_Rx_isr.o"
Deleting file ".\CortexM3\ARM_GCC_493\Debug\LCD.o"
Deleting file ".\CortexM3\ARM_GCC_493\Debug\LCD_PM.o"
Deleting file ".\CortexM3\ARM_GCC_493\Debug\BLE_UART_IntClock.o"
Deleting file ".\CortexM3\ARM_GCC_493\Debug\LCD_LCDPort.o"
Deleting file ".\CortexM3\ARM_GCC_493\Debug\Audio_DAC.o"
Deleting file ".\CortexM3\ARM_GCC_493\Debug\Audio_DAC_PM.o"
Deleting file ".\CortexM3\ARM_GCC_493\Debug\Audio_out.o"
Deleting file ".\CortexM3\ARM_GCC_493\Debug\Audio_DAC_VDAC8.o"
Deleting file ".\CortexM3\ARM_GCC_493\Debug\Audio_DAC_VDAC8_PM.o"
Deleting file ".\CortexM3\ARM_GCC_493\Debug\Audio_isr.o"
Deleting file ".\CortexM3\ARM_GCC_493\Debug\Audio_Clock.o"
Deleting file ".\CortexM3\ARM_GCC_493\Debug\Audio_DAC_DMA_dma.o"
Deleting file ".\CortexM3\ARM_GCC_493\Debug\Audio_DAC_IntClock.o"
Deleting file ".\GuitarHero.cycdx"
Deleting file ".\GuitarHero.svd"
Deleting file ".\GuitarHero.rpt"
Deleting file ".\GuitarHero_timing.html"
--------------- Clean Succeeded: 05/04/2024 01:12:54 ---------------
