ARM GAS  C:\Users\User\AppData\Local\Temp\ccOJFdx9.s 			page 1


   1              		.syntax unified
   2              		.cpu cortex-m3
   3              		.fpu softvfp
   4              		.eabi_attribute 20, 1
   5              		.eabi_attribute 21, 1
   6              		.eabi_attribute 23, 3
   7              		.eabi_attribute 24, 1
   8              		.eabi_attribute 25, 1
   9              		.eabi_attribute 26, 1
  10              		.eabi_attribute 30, 1
  11              		.eabi_attribute 34, 1
  12              		.eabi_attribute 18, 4
  13              		.thumb
  14              		.file	"cymetadata.c"
  15              		.text
  16              	.Ltext0:
  17              		.cfi_sections	.debug_frame
  18              		.global	cy_metadata
  19              		.global	cy_meta_flashprotect
  20              		.global	cy_meta_wonvl
  21              		.global	cy_meta_custnvl
  22              		.global	cy_meta_configecc
  23              		.section	.cyconfigecc,"a",%progbits
  24              		.align	2
  25              		.type	cy_meta_configecc, %object
  26              		.size	cy_meta_configecc, 1432
  27              	cy_meta_configecc:
  28 0000 02       		.byte	2
  29 0001 4F       		.byte	79
  30 0002 00       		.byte	0
  31 0003 40       		.byte	64
  32 0004 02       		.byte	2
  33 0005 52       		.byte	82
  34 0006 00       		.byte	0
  35 0007 40       		.byte	64
  36 0008 03       		.byte	3
  37 0009 64       		.byte	100
  38 000a 00       		.byte	0
  39 000b 40       		.byte	64
  40 000c 01       		.byte	1
  41 000d 03       		.byte	3
  42 000e 01       		.byte	1
  43 000f 40       		.byte	64
  44 0010 11       		.byte	17
  45 0011 04       		.byte	4
  46 0012 01       		.byte	1
  47 0013 40       		.byte	64
  48 0014 2F       		.byte	47
  49 0015 05       		.byte	5
  50 0016 01       		.byte	1
  51 0017 40       		.byte	64
  52 0018 14       		.byte	20
  53 0019 07       		.byte	7
  54 001a 01       		.byte	1
  55 001b 40       		.byte	64
  56 001c 07       		.byte	7
  57 001d 09       		.byte	9
ARM GAS  C:\Users\User\AppData\Local\Temp\ccOJFdx9.s 			page 2


  58 001e 01       		.byte	1
  59 001f 40       		.byte	64
  60 0020 41       		.byte	65
  61 0021 0A       		.byte	10
  62 0022 01       		.byte	1
  63 0023 40       		.byte	64
  64 0024 42       		.byte	66
  65 0025 0B       		.byte	11
  66 0026 01       		.byte	1
  67 0027 40       		.byte	64
  68 0028 52       		.byte	82
  69 0029 0C       		.byte	12
  70 002a 01       		.byte	1
  71 002b 40       		.byte	64
  72 002c 35       		.byte	53
  73 002d 0D       		.byte	13
  74 002e 01       		.byte	1
  75 002f 40       		.byte	64
  76 0030 07       		.byte	7
  77 0031 15       		.byte	21
  78 0032 01       		.byte	1
  79 0033 40       		.byte	64
  80 0034 55       		.byte	85
  81 0035 16       		.byte	22
  82 0036 01       		.byte	1
  83 0037 40       		.byte	64
  84 0038 45       		.byte	69
  85 0039 17       		.byte	23
  86 003a 01       		.byte	1
  87 003b 40       		.byte	64
  88 003c 01       		.byte	1
  89 003d 19       		.byte	25
  90 003e 01       		.byte	1
  91 003f 40       		.byte	64
  92 0040 02       		.byte	2
  93 0041 1B       		.byte	27
  94 0042 01       		.byte	1
  95 0043 40       		.byte	64
  96 0044 04       		.byte	4
  97 0045 40       		.byte	64
  98 0046 01       		.byte	1
  99 0047 40       		.byte	64
 100 0048 05       		.byte	5
 101 0049 41       		.byte	65
 102 004a 01       		.byte	1
 103 004b 40       		.byte	64
 104 004c 0A       		.byte	10
 105 004d 42       		.byte	66
 106 004e 01       		.byte	1
 107 004f 40       		.byte	64
 108 0050 03       		.byte	3
 109 0051 43       		.byte	67
 110 0052 01       		.byte	1
 111 0053 40       		.byte	64
 112 0054 02       		.byte	2
 113 0055 44       		.byte	68
 114 0056 01       		.byte	1
ARM GAS  C:\Users\User\AppData\Local\Temp\ccOJFdx9.s 			page 3


 115 0057 40       		.byte	64
 116 0058 02       		.byte	2
 117 0059 45       		.byte	69
 118 005a 01       		.byte	1
 119 005b 40       		.byte	64
 120 005c 02       		.byte	2
 121 005d 48       		.byte	72
 122 005e 01       		.byte	1
 123 005f 40       		.byte	64
 124 0060 0E       		.byte	14
 125 0061 49       		.byte	73
 126 0062 01       		.byte	1
 127 0063 40       		.byte	64
 128 0064 06       		.byte	6
 129 0065 50       		.byte	80
 130 0066 01       		.byte	1
 131 0067 40       		.byte	64
 132 0068 01       		.byte	1
 133 0069 51       		.byte	81
 134 006a 01       		.byte	1
 135 006b 40       		.byte	64
 136 006c 01       		.byte	1
 137 006d 10       		.byte	16
 138 006e 0A       		.byte	10
 139 006f 4B       		.byte	75
 140 0070 18       		.byte	24
 141 0071 28       		.byte	40
 142 0072 34       		.byte	52
 143 0073 40       		.byte	64
 144 0074 84       		.byte	-124
 145 0075 0F       		.byte	15
 146 0076 8B       		.byte	-117
 147 0077 72       		.byte	114
 148 0078 8D       		.byte	-115
 149 0079 38       		.byte	56
 150 007a E6       		.byte	-26
 151 007b 02       		.byte	2
 152 007c 10       		.byte	16
 153 007d 04       		.byte	4
 154 007e 12       		.byte	18
 155 007f 03       		.byte	3
 156 0080 14       		.byte	20
 157 0081 01       		.byte	1
 158 0082 16       		.byte	22
 159 0083 1E       		.byte	30
 160 0084 1E       		.byte	30
 161 0085 08       		.byte	8
 162 0086 20       		.byte	32
 163 0087 03       		.byte	3
 164 0088 22       		.byte	34
 165 0089 2C       		.byte	44
 166 008a 28       		.byte	40
 167 008b 35       		.byte	53
 168 008c 2A       		.byte	42
 169 008d 02       		.byte	2
 170 008e 30       		.byte	48
 171 008f 07       		.byte	7
ARM GAS  C:\Users\User\AppData\Local\Temp\ccOJFdx9.s 			page 4


 172 0090 36       		.byte	54
 173 0091 38       		.byte	56
 174 0092 3A       		.byte	58
 175 0093 02       		.byte	2
 176 0094 56       		.byte	86
 177 0095 02       		.byte	2
 178 0096 57       		.byte	87
 179 0097 2C       		.byte	44
 180 0098 58       		.byte	88
 181 0099 04       		.byte	4
 182 009a 5B       		.byte	91
 183 009b 04       		.byte	4
 184 009c 5F       		.byte	95
 185 009d 01       		.byte	1
 186 009e 05       		.byte	5
 187 009f 10       		.byte	16
 188 00a0 06       		.byte	6
 189 00a1 82       		.byte	-126
 190 00a2 07       		.byte	7
 191 00a3 10       		.byte	16
 192 00a4 09       		.byte	9
 193 00a5 08       		.byte	8
 194 00a6 0A       		.byte	10
 195 00a7 81       		.byte	-127
 196 00a8 0C       		.byte	12
 197 00a9 02       		.byte	2
 198 00aa 0D       		.byte	13
 199 00ab 08       		.byte	8
 200 00ac 0E       		.byte	14
 201 00ad 06       		.byte	6
 202 00ae 12       		.byte	18
 203 00af 88       		.byte	-120
 204 00b0 15       		.byte	21
 205 00b1 21       		.byte	33
 206 00b2 17       		.byte	23
 207 00b3 08       		.byte	8
 208 00b4 19       		.byte	25
 209 00b5 01       		.byte	1
 210 00b6 1A       		.byte	26
 211 00b7 81       		.byte	-127
 212 00b8 1F       		.byte	31
 213 00b9 10       		.byte	16
 214 00ba 24       		.byte	36
 215 00bb 08       		.byte	8
 216 00bc 25       		.byte	37
 217 00bd 24       		.byte	36
 218 00be 26       		.byte	38
 219 00bf 89       		.byte	-119
 220 00c0 27       		.byte	39
 221 00c1 18       		.byte	24
 222 00c2 2D       		.byte	45
 223 00c3 41       		.byte	65
 224 00c4 2F       		.byte	47
 225 00c5 18       		.byte	24
 226 00c6 35       		.byte	53
 227 00c7 12       		.byte	18
 228 00c8 36       		.byte	54
ARM GAS  C:\Users\User\AppData\Local\Temp\ccOJFdx9.s 			page 5


 229 00c9 84       		.byte	-124
 230 00ca 3E       		.byte	62
 231 00cb 16       		.byte	22
 232 00cc 3F       		.byte	63
 233 00cd 80       		.byte	-128
 234 00ce 45       		.byte	69
 235 00cf 09       		.byte	9
 236 00d0 47       		.byte	71
 237 00d1 10       		.byte	16
 238 00d2 4C       		.byte	76
 239 00d3 05       		.byte	5
 240 00d4 4D       		.byte	77
 241 00d5 0A       		.byte	10
 242 00d6 4F       		.byte	79
 243 00d7 02       		.byte	2
 244 00d8 56       		.byte	86
 245 00d9 98       		.byte	-104
 246 00da 61       		.byte	97
 247 00db 01       		.byte	1
 248 00dc 68       		.byte	104
 249 00dd 42       		.byte	66
 250 00de 69       		.byte	105
 251 00df 61       		.byte	97
 252 00e0 6A       		.byte	106
 253 00e1 14       		.byte	20
 254 00e2 72       		.byte	114
 255 00e3 02       		.byte	2
 256 00e4 8A       		.byte	-118
 257 00e5 01       		.byte	1
 258 00e6 C0       		.byte	-64
 259 00e7 F0       		.byte	-16
 260 00e8 C2       		.byte	-62
 261 00e9 FD       		.byte	-3
 262 00ea C4       		.byte	-60
 263 00eb 7A       		.byte	122
 264 00ec CA       		.byte	-54
 265 00ed F0       		.byte	-16
 266 00ee CC       		.byte	-52
 267 00ef F0       		.byte	-16
 268 00f0 CE       		.byte	-50
 269 00f1 F0       		.byte	-16
 270 00f2 D0       		.byte	-48
 271 00f3 E0       		.byte	-32
 272 00f4 D2       		.byte	-46
 273 00f5 30       		.byte	48
 274 00f6 D8       		.byte	-40
 275 00f7 01       		.byte	1
 276 00f8 E6       		.byte	-26
 277 00f9 80       		.byte	-128
 278 00fa EA       		.byte	-22
 279 00fb 02       		.byte	2
 280 00fc 90       		.byte	-112
 281 00fd 08       		.byte	8
 282 00fe 91       		.byte	-111
 283 00ff 41       		.byte	65
 284 0100 92       		.byte	-110
 285 0101 14       		.byte	20
ARM GAS  C:\Users\User\AppData\Local\Temp\ccOJFdx9.s 			page 6


 286 0102 94       		.byte	-108
 287 0103 02       		.byte	2
 288 0104 98       		.byte	-104
 289 0105 80       		.byte	-128
 290 0106 99       		.byte	-103
 291 0107 08       		.byte	8
 292 0108 9A       		.byte	-102
 293 0109 9A       		.byte	-102
 294 010a 9D       		.byte	-99
 295 010b 10       		.byte	16
 296 010c A0       		.byte	-96
 297 010d 40       		.byte	64
 298 010e A2       		.byte	-94
 299 010f 89       		.byte	-119
 300 0110 A3       		.byte	-93
 301 0111 01       		.byte	1
 302 0112 A5       		.byte	-91
 303 0113 09       		.byte	9
 304 0114 A6       		.byte	-90
 305 0115 04       		.byte	4
 306 0116 A7       		.byte	-89
 307 0117 08       		.byte	8
 308 0118 A8       		.byte	-88
 309 0119 80       		.byte	-128
 310 011a A9       		.byte	-87
 311 011b 04       		.byte	4
 312 011c AB       		.byte	-85
 313 011d 40       		.byte	64
 314 011e B1       		.byte	-79
 315 011f 20       		.byte	32
 316 0120 B6       		.byte	-74
 317 0121 08       		.byte	8
 318 0122 EE       		.byte	-18
 319 0123 01       		.byte	1
 320 0124 9F       		.byte	-97
 321 0125 20       		.byte	32
 322 0126 AB       		.byte	-85
 323 0127 08       		.byte	8
 324 0128 B1       		.byte	-79
 325 0129 90       		.byte	-112
 326 012a B2       		.byte	-78
 327 012b 90       		.byte	-112
 328 012c B3       		.byte	-77
 329 012d 80       		.byte	-128
 330 012e B7       		.byte	-73
 331 012f 08       		.byte	8
 332 0130 EC       		.byte	-20
 333 0131 C0       		.byte	-64
 334 0132 00       		.byte	0
 335 0133 3C       		.byte	60
 336 0134 02       		.byte	2
 337 0135 03       		.byte	3
 338 0136 04       		.byte	4
 339 0137 0F       		.byte	15
 340 0138 06       		.byte	6
 341 0139 30       		.byte	48
 342 013a 08       		.byte	8
ARM GAS  C:\Users\User\AppData\Local\Temp\ccOJFdx9.s 			page 7


 343 013b 10       		.byte	16
 344 013c 09       		.byte	9
 345 013d 01       		.byte	1
 346 013e 0C       		.byte	12
 347 013f 05       		.byte	5
 348 0140 0E       		.byte	14
 349 0141 40       		.byte	64
 350 0142 10       		.byte	16
 351 0143 0A       		.byte	10
 352 0144 17       		.byte	23
 353 0145 01       		.byte	1
 354 0146 18       		.byte	24
 355 0147 3F       		.byte	63
 356 0148 1E       		.byte	30
 357 0149 0F       		.byte	15
 358 014a 1F       		.byte	31
 359 014b 01       		.byte	1
 360 014c 20       		.byte	32
 361 014d 20       		.byte	32
 362 014e 24       		.byte	36
 363 014f 30       		.byte	48
 364 0150 26       		.byte	38
 365 0151 0F       		.byte	15
 366 0152 28       		.byte	40
 367 0153 30       		.byte	48
 368 0154 2C       		.byte	44
 369 0155 0F       		.byte	15
 370 0156 2D       		.byte	45
 371 0157 01       		.byte	1
 372 0158 30       		.byte	48
 373 0159 03       		.byte	3
 374 015a 31       		.byte	49
 375 015b 01       		.byte	1
 376 015c 32       		.byte	50
 377 015d 3C       		.byte	60
 378 015e 36       		.byte	54
 379 015f 40       		.byte	64
 380 0160 39       		.byte	57
 381 0161 02       		.byte	2
 382 0162 3A       		.byte	58
 383 0163 08       		.byte	8
 384 0164 3B       		.byte	59
 385 0165 20       		.byte	32
 386 0166 58       		.byte	88
 387 0167 04       		.byte	4
 388 0168 59       		.byte	89
 389 0169 04       		.byte	4
 390 016a 5C       		.byte	92
 391 016b 22       		.byte	34
 392 016c 5F       		.byte	95
 393 016d 01       		.byte	1
 394 016e 85       		.byte	-123
 395 016f 08       		.byte	8
 396 0170 86       		.byte	-122
 397 0171 01       		.byte	1
 398 0172 88       		.byte	-120
 399 0173 02       		.byte	2
ARM GAS  C:\Users\User\AppData\Local\Temp\ccOJFdx9.s 			page 8


 400 0174 89       		.byte	-119
 401 0175 08       		.byte	8
 402 0176 8C       		.byte	-116
 403 0177 01       		.byte	1
 404 0178 8F       		.byte	-113
 405 0179 01       		.byte	1
 406 017a 91       		.byte	-111
 407 017b 08       		.byte	8
 408 017c 94       		.byte	-108
 409 017d 02       		.byte	2
 410 017e 95       		.byte	-107
 411 017f 01       		.byte	1
 412 0180 97       		.byte	-105
 413 0181 06       		.byte	6
 414 0182 98       		.byte	-104
 415 0183 02       		.byte	2
 416 0184 99       		.byte	-103
 417 0185 06       		.byte	6
 418 0186 9B       		.byte	-101
 419 0187 01       		.byte	1
 420 0188 9D       		.byte	-99
 421 0189 06       		.byte	6
 422 018a 9F       		.byte	-97
 423 018b 01       		.byte	1
 424 018c A1       		.byte	-95
 425 018d 04       		.byte	4
 426 018e A5       		.byte	-91
 427 018f 02       		.byte	2
 428 0190 A6       		.byte	-90
 429 0191 01       		.byte	1
 430 0192 A8       		.byte	-88
 431 0193 02       		.byte	2
 432 0194 A9       		.byte	-87
 433 0195 06       		.byte	6
 434 0196 AD       		.byte	-83
 435 0197 07       		.byte	7
 436 0198 B0       		.byte	-80
 437 0199 02       		.byte	2
 438 019a B2       		.byte	-78
 439 019b 01       		.byte	1
 440 019c B3       		.byte	-77
 441 019d 08       		.byte	8
 442 019e B5       		.byte	-75
 443 019f 07       		.byte	7
 444 01a0 BB       		.byte	-69
 445 01a1 20       		.byte	32
 446 01a2 BE       		.byte	-66
 447 01a3 05       		.byte	5
 448 01a4 D6       		.byte	-42
 449 01a5 02       		.byte	2
 450 01a6 D7       		.byte	-41
 451 01a7 10       		.byte	16
 452 01a8 D8       		.byte	-40
 453 01a9 04       		.byte	4
 454 01aa D9       		.byte	-39
 455 01ab 04       		.byte	4
 456 01ac DB       		.byte	-37
ARM GAS  C:\Users\User\AppData\Local\Temp\ccOJFdx9.s 			page 9


 457 01ad 04       		.byte	4
 458 01ae DC       		.byte	-36
 459 01af 20       		.byte	32
 460 01b0 DD       		.byte	-35
 461 01b1 20       		.byte	32
 462 01b2 DF       		.byte	-33
 463 01b3 01       		.byte	1
 464 01b4 00       		.byte	0
 465 01b5 80       		.byte	-128
 466 01b6 01       		.byte	1
 467 01b7 28       		.byte	40
 468 01b8 03       		.byte	3
 469 01b9 80       		.byte	-128
 470 01ba 04       		.byte	4
 471 01bb 20       		.byte	32
 472 01bc 05       		.byte	5
 473 01bd 90       		.byte	-112
 474 01be 07       		.byte	7
 475 01bf 20       		.byte	32
 476 01c0 09       		.byte	9
 477 01c1 60       		.byte	96
 478 01c2 0A       		.byte	10
 479 01c3 80       		.byte	-128
 480 01c4 0E       		.byte	14
 481 01c5 28       		.byte	40
 482 01c6 0F       		.byte	15
 483 01c7 04       		.byte	4
 484 01c8 10       		.byte	16
 485 01c9 88       		.byte	-120
 486 01ca 12       		.byte	18
 487 01cb 02       		.byte	2
 488 01cc 13       		.byte	19
 489 01cd 04       		.byte	4
 490 01ce 15       		.byte	21
 491 01cf 20       		.byte	32
 492 01d0 17       		.byte	23
 493 01d1 08       		.byte	8
 494 01d2 18       		.byte	24
 495 01d3 20       		.byte	32
 496 01d4 19       		.byte	25
 497 01d5 09       		.byte	9
 498 01d6 1A       		.byte	26
 499 01d7 01       		.byte	1
 500 01d8 1E       		.byte	30
 501 01d9 40       		.byte	64
 502 01da 1F       		.byte	31
 503 01db 08       		.byte	8
 504 01dc 21       		.byte	33
 505 01dd 30       		.byte	48
 506 01de 22       		.byte	34
 507 01df 01       		.byte	1
 508 01e0 25       		.byte	37
 509 01e1 08       		.byte	8
 510 01e2 26       		.byte	38
 511 01e3 10       		.byte	16
 512 01e4 27       		.byte	39
 513 01e5 04       		.byte	4
ARM GAS  C:\Users\User\AppData\Local\Temp\ccOJFdx9.s 			page 10


 514 01e6 2A       		.byte	42
 515 01e7 80       		.byte	-128
 516 01e8 2C       		.byte	44
 517 01e9 A8       		.byte	-88
 518 01ea 2E       		.byte	46
 519 01eb 80       		.byte	-128
 520 01ec 32       		.byte	50
 521 01ed 80       		.byte	-128
 522 01ee 33       		.byte	51
 523 01ef 04       		.byte	4
 524 01f0 35       		.byte	53
 525 01f1 08       		.byte	8
 526 01f2 36       		.byte	54
 527 01f3 90       		.byte	-112
 528 01f4 37       		.byte	55
 529 01f5 01       		.byte	1
 530 01f6 38       		.byte	56
 531 01f7 20       		.byte	32
 532 01f8 3D       		.byte	61
 533 01f9 A0       		.byte	-96
 534 01fa 3E       		.byte	62
 535 01fb 04       		.byte	4
 536 01fc 5E       		.byte	94
 537 01fd 40       		.byte	64
 538 01fe 6D       		.byte	109
 539 01ff 20       		.byte	32
 540 0200 6E       		.byte	110
 541 0201 04       		.byte	4
 542 0202 6F       		.byte	111
 543 0203 21       		.byte	33
 544 0204 74       		.byte	116
 545 0205 A8       		.byte	-88
 546 0206 75       		.byte	117
 547 0207 24       		.byte	36
 548 0208 76       		.byte	118
 549 0209 01       		.byte	1
 550 020a 89       		.byte	-119
 551 020b 48       		.byte	72
 552 020c 92       		.byte	-110
 553 020d 80       		.byte	-128
 554 020e 95       		.byte	-107
 555 020f 20       		.byte	32
 556 0210 96       		.byte	-106
 557 0211 03       		.byte	3
 558 0212 9D       		.byte	-99
 559 0213 35       		.byte	53
 560 0214 9E       		.byte	-98
 561 0215 01       		.byte	1
 562 0216 9F       		.byte	-97
 563 0217 04       		.byte	4
 564 0218 A0       		.byte	-96
 565 0219 40       		.byte	64
 566 021a A2       		.byte	-94
 567 021b 86       		.byte	-122
 568 021c A5       		.byte	-91
 569 021d 18       		.byte	24
 570 021e A6       		.byte	-90
ARM GAS  C:\Users\User\AppData\Local\Temp\ccOJFdx9.s 			page 11


 571 021f 10       		.byte	16
 572 0220 A7       		.byte	-89
 573 0221 20       		.byte	32
 574 0222 AF       		.byte	-81
 575 0223 20       		.byte	32
 576 0224 B1       		.byte	-79
 577 0225 20       		.byte	32
 578 0226 B2       		.byte	-78
 579 0227 40       		.byte	64
 580 0228 B6       		.byte	-74
 581 0229 96       		.byte	-106
 582 022a C0       		.byte	-64
 583 022b EF       		.byte	-17
 584 022c C2       		.byte	-62
 585 022d 6B       		.byte	107
 586 022e C4       		.byte	-60
 587 022f 6F       		.byte	111
 588 0230 CA       		.byte	-54
 589 0231 F8       		.byte	-8
 590 0232 CC       		.byte	-52
 591 0233 FA       		.byte	-6
 592 0234 CE       		.byte	-50
 593 0235 74       		.byte	116
 594 0236 D6       		.byte	-42
 595 0237 10       		.byte	16
 596 0238 00       		.byte	0
 597 0239 07       		.byte	7
 598 023a 02       		.byte	2
 599 023b 18       		.byte	24
 600 023c 04       		.byte	4
 601 023d 18       		.byte	24
 602 023e 08       		.byte	8
 603 023f 08       		.byte	8
 604 0240 14       		.byte	20
 605 0241 1C       		.byte	28
 606 0242 16       		.byte	22
 607 0243 01       		.byte	1
 608 0244 18       		.byte	24
 609 0245 1C       		.byte	28
 610 0246 1A       		.byte	26
 611 0247 02       		.byte	2
 612 0248 1E       		.byte	30
 613 0249 04       		.byte	4
 614 024a 20       		.byte	32
 615 024b 04       		.byte	4
 616 024c 26       		.byte	38
 617 024d 03       		.byte	3
 618 024e 28       		.byte	40
 619 024f 1F       		.byte	31
 620 0250 2C       		.byte	44
 621 0251 10       		.byte	16
 622 0252 34       		.byte	52
 623 0253 1F       		.byte	31
 624 0254 3A       		.byte	58
 625 0255 20       		.byte	32
 626 0256 3F       		.byte	63
 627 0257 04       		.byte	4
ARM GAS  C:\Users\User\AppData\Local\Temp\ccOJFdx9.s 			page 12


 628 0258 58       		.byte	88
 629 0259 04       		.byte	4
 630 025a 59       		.byte	89
 631 025b 04       		.byte	4
 632 025c 5C       		.byte	92
 633 025d 02       		.byte	2
 634 025e 5F       		.byte	95
 635 025f 01       		.byte	1
 636 0260 83       		.byte	-125
 637 0261 08       		.byte	8
 638 0262 84       		.byte	-124
 639 0263 67       		.byte	103
 640 0264 85       		.byte	-123
 641 0265 07       		.byte	7
 642 0266 8B       		.byte	-117
 643 0267 01       		.byte	1
 644 0268 8C       		.byte	-116
 645 0269 44       		.byte	68
 646 026a 8E       		.byte	-114
 647 026b 31       		.byte	49
 648 026c 8F       		.byte	-113
 649 026d 08       		.byte	8
 650 026e 94       		.byte	-108
 651 026f 01       		.byte	1
 652 0270 95       		.byte	-107
 653 0271 06       		.byte	6
 654 0272 96       		.byte	-106
 655 0273 0E       		.byte	14
 656 0274 97       		.byte	-105
 657 0275 01       		.byte	1
 658 0276 98       		.byte	-104
 659 0277 67       		.byte	103
 660 0278 99       		.byte	-103
 661 0279 01       		.byte	1
 662 027a 9B       		.byte	-101
 663 027b 06       		.byte	6
 664 027c 9D       		.byte	-99
 665 027d 07       		.byte	7
 666 027e 9E       		.byte	-98
 667 027f 80       		.byte	-128
 668 0280 A1       		.byte	-95
 669 0281 04       		.byte	4
 670 0282 A5       		.byte	-91
 671 0283 06       		.byte	6
 672 0284 A6       		.byte	-90
 673 0285 80       		.byte	-128
 674 0286 A8       		.byte	-88
 675 0287 22       		.byte	34
 676 0288 A9       		.byte	-87
 677 0289 02       		.byte	2
 678 028a AA       		.byte	-86
 679 028b 51       		.byte	81
 680 028c B0       		.byte	-80
 681 028d 60       		.byte	96
 682 028e B1       		.byte	-79
 683 028f 07       		.byte	7
 684 0290 B2       		.byte	-78
ARM GAS  C:\Users\User\AppData\Local\Temp\ccOJFdx9.s 			page 13


 685 0291 07       		.byte	7
 686 0292 B4       		.byte	-76
 687 0293 80       		.byte	-128
 688 0294 B5       		.byte	-75
 689 0295 08       		.byte	8
 690 0296 B6       		.byte	-74
 691 0297 18       		.byte	24
 692 0298 BE       		.byte	-66
 693 0299 50       		.byte	80
 694 029a BF       		.byte	-65
 695 029b 10       		.byte	16
 696 029c C0       		.byte	-64
 697 029d 63       		.byte	99
 698 029e C1       		.byte	-63
 699 029f 02       		.byte	2
 700 02a0 C2       		.byte	-62
 701 02a1 04       		.byte	4
 702 02a2 C4       		.byte	-60
 703 02a3 05       		.byte	5
 704 02a4 C5       		.byte	-59
 705 02a5 C0       		.byte	-64
 706 02a6 C6       		.byte	-58
 707 02a7 E0       		.byte	-32
 708 02a8 C8       		.byte	-56
 709 02a9 0A       		.byte	10
 710 02aa C9       		.byte	-55
 711 02ab FF       		.byte	-1
 712 02ac CA       		.byte	-54
 713 02ad FF       		.byte	-1
 714 02ae CB       		.byte	-53
 715 02af FF       		.byte	-1
 716 02b0 CC       		.byte	-52
 717 02b1 62       		.byte	98
 718 02b2 CD       		.byte	-51
 719 02b3 A0       		.byte	-96
 720 02b4 CE       		.byte	-50
 721 02b5 F0       		.byte	-16
 722 02b6 CF       		.byte	-49
 723 02b7 41       		.byte	65
 724 02b8 D0       		.byte	-48
 725 02b9 0C       		.byte	12
 726 02ba D4       		.byte	-44
 727 02bb 18       		.byte	24
 728 02bc D6       		.byte	-42
 729 02bd 04       		.byte	4
 730 02be D8       		.byte	-40
 731 02bf 04       		.byte	4
 732 02c0 D9       		.byte	-39
 733 02c1 04       		.byte	4
 734 02c2 DA       		.byte	-38
 735 02c3 04       		.byte	4
 736 02c4 DB       		.byte	-37
 737 02c5 04       		.byte	4
 738 02c6 DC       		.byte	-36
 739 02c7 22       		.byte	34
 740 02c8 DD       		.byte	-35
 741 02c9 22       		.byte	34
ARM GAS  C:\Users\User\AppData\Local\Temp\ccOJFdx9.s 			page 14


 742 02ca DF       		.byte	-33
 743 02cb 01       		.byte	1
 744 02cc E6       		.byte	-26
 745 02cd 40       		.byte	64
 746 02ce E7       		.byte	-25
 747 02cf 02       		.byte	2
 748 02d0 E9       		.byte	-23
 749 02d1 10       		.byte	16
 750 02d2 EA       		.byte	-22
 751 02d3 30       		.byte	48
 752 02d4 EB       		.byte	-21
 753 02d5 10       		.byte	16
 754 02d6 ED       		.byte	-19
 755 02d7 10       		.byte	16
 756 02d8 EE       		.byte	-18
 757 02d9 10       		.byte	16
 758 02da EF       		.byte	-17
 759 02db 12       		.byte	18
 760 02dc 03       		.byte	3
 761 02dd 22       		.byte	34
 762 02de 05       		.byte	5
 763 02df 26       		.byte	38
 764 02e0 09       		.byte	9
 765 02e1 10       		.byte	16
 766 02e2 0A       		.byte	10
 767 02e3 12       		.byte	18
 768 02e4 0E       		.byte	14
 769 02e5 29       		.byte	41
 770 02e6 10       		.byte	16
 771 02e7 08       		.byte	8
 772 02e8 12       		.byte	18
 773 02e9 10       		.byte	16
 774 02ea 14       		.byte	20
 775 02eb 20       		.byte	32
 776 02ec 15       		.byte	21
 777 02ed 20       		.byte	32
 778 02ee 16       		.byte	22
 779 02ef 01       		.byte	1
 780 02f0 17       		.byte	23
 781 02f1 01       		.byte	1
 782 02f2 18       		.byte	24
 783 02f3 04       		.byte	4
 784 02f4 19       		.byte	25
 785 02f5 80       		.byte	-128
 786 02f6 1A       		.byte	26
 787 02f7 90       		.byte	-112
 788 02f8 1B       		.byte	27
 789 02f9 02       		.byte	2
 790 02fa 1E       		.byte	30
 791 02fb 08       		.byte	8
 792 02fc 20       		.byte	32
 793 02fd 40       		.byte	64
 794 02fe 21       		.byte	33
 795 02ff 20       		.byte	32
 796 0300 27       		.byte	39
 797 0301 20       		.byte	32
 798 0302 29       		.byte	41
ARM GAS  C:\Users\User\AppData\Local\Temp\ccOJFdx9.s 			page 15


 799 0303 24       		.byte	36
 800 0304 2A       		.byte	42
 801 0305 01       		.byte	1
 802 0306 31       		.byte	49
 803 0307 10       		.byte	16
 804 0308 32       		.byte	50
 805 0309 80       		.byte	-128
 806 030a 33       		.byte	51
 807 030b 04       		.byte	4
 808 030c 38       		.byte	56
 809 030d 40       		.byte	64
 810 030e 3A       		.byte	58
 811 030f 28       		.byte	40
 812 0310 3B       		.byte	59
 813 0311 02       		.byte	2
 814 0312 40       		.byte	64
 815 0313 60       		.byte	96
 816 0314 41       		.byte	65
 817 0315 18       		.byte	24
 818 0316 42       		.byte	66
 819 0317 28       		.byte	40
 820 0318 49       		.byte	73
 821 0319 90       		.byte	-112
 822 031a 4B       		.byte	75
 823 031b 02       		.byte	2
 824 031c 52       		.byte	82
 825 031d 10       		.byte	16
 826 031e 59       		.byte	89
 827 031f 01       		.byte	1
 828 0320 60       		.byte	96
 829 0321 04       		.byte	4
 830 0322 62       		.byte	98
 831 0323 40       		.byte	64
 832 0324 63       		.byte	99
 833 0325 40       		.byte	64
 834 0326 81       		.byte	-127
 835 0327 12       		.byte	18
 836 0328 87       		.byte	-121
 837 0329 40       		.byte	64
 838 032a 9B       		.byte	-101
 839 032b 01       		.byte	1
 840 032c A0       		.byte	-96
 841 032d 48       		.byte	72
 842 032e B0       		.byte	-80
 843 032f 48       		.byte	72
 844 0330 B3       		.byte	-77
 845 0331 01       		.byte	1
 846 0332 C0       		.byte	-64
 847 0333 75       		.byte	117
 848 0334 C2       		.byte	-62
 849 0335 E7       		.byte	-25
 850 0336 C4       		.byte	-60
 851 0337 F6       		.byte	-10
 852 0338 CA       		.byte	-54
 853 0339 07       		.byte	7
 854 033a CC       		.byte	-52
 855 033b 0E       		.byte	14
ARM GAS  C:\Users\User\AppData\Local\Temp\ccOJFdx9.s 			page 16


 856 033c CE       		.byte	-50
 857 033d 0F       		.byte	15
 858 033e D0       		.byte	-48
 859 033f 07       		.byte	7
 860 0340 D2       		.byte	-46
 861 0341 0C       		.byte	12
 862 0342 D6       		.byte	-42
 863 0343 01       		.byte	1
 864 0344 D8       		.byte	-40
 865 0345 0D       		.byte	13
 866 0346 81       		.byte	-127
 867 0347 01       		.byte	1
 868 0348 84       		.byte	-124
 869 0349 10       		.byte	16
 870 034a A0       		.byte	-96
 871 034b 10       		.byte	16
 872 034c A5       		.byte	-91
 873 034d 01       		.byte	1
 874 034e B4       		.byte	-76
 875 034f A0       		.byte	-96
 876 0350 B5       		.byte	-75
 877 0351 08       		.byte	8
 878 0352 B7       		.byte	-73
 879 0353 31       		.byte	49
 880 0354 01       		.byte	1
 881 0355 C1       		.byte	-63
 882 0356 04       		.byte	4
 883 0357 21       		.byte	33
 884 0358 05       		.byte	5
 885 0359 C1       		.byte	-63
 886 035a 06       		.byte	6
 887 035b 1E       		.byte	30
 888 035c 08       		.byte	8
 889 035d 24       		.byte	36
 890 035e 09       		.byte	9
 891 035f C0       		.byte	-64
 892 0360 0A       		.byte	10
 893 0361 10       		.byte	16
 894 0362 0C       		.byte	12
 895 0363 1C       		.byte	28
 896 0364 0D       		.byte	13
 897 0365 10       		.byte	16
 898 0366 10       		.byte	16
 899 0367 0C       		.byte	12
 900 0368 11       		.byte	17
 901 0369 04       		.byte	4
 902 036a 12       		.byte	18
 903 036b 10       		.byte	16
 904 036c 14       		.byte	20
 905 036d 10       		.byte	16
 906 036e 15       		.byte	21
 907 036f 22       		.byte	34
 908 0370 16       		.byte	22
 909 0371 0C       		.byte	12
 910 0372 17       		.byte	23
 911 0373 08       		.byte	8
 912 0374 18       		.byte	24
ARM GAS  C:\Users\User\AppData\Local\Temp\ccOJFdx9.s 			page 17


 913 0375 14       		.byte	20
 914 0376 19       		.byte	25
 915 0377 01       		.byte	1
 916 0378 1A       		.byte	26
 917 0379 08       		.byte	8
 918 037a 1C       		.byte	28
 919 037b 08       		.byte	8
 920 037c 1D       		.byte	29
 921 037d 08       		.byte	8
 922 037e 1F       		.byte	31
 923 037f 21       		.byte	33
 924 0380 20       		.byte	32
 925 0381 1C       		.byte	28
 926 0382 21       		.byte	33
 927 0383 C1       		.byte	-63
 928 0384 24       		.byte	36
 929 0385 11       		.byte	17
 930 0386 26       		.byte	38
 931 0387 22       		.byte	34
 932 0388 27       		.byte	39
 933 0389 80       		.byte	-128
 934 038a 28       		.byte	40
 935 038b 30       		.byte	48
 936 038c 29       		.byte	41
 937 038d 07       		.byte	7
 938 038e 2A       		.byte	42
 939 038f 0F       		.byte	15
 940 0390 2B       		.byte	43
 941 0391 18       		.byte	24
 942 0392 2D       		.byte	45
 943 0393 01       		.byte	1
 944 0394 2F       		.byte	47
 945 0395 C0       		.byte	-64
 946 0396 32       		.byte	50
 947 0397 0F       		.byte	15
 948 0398 33       		.byte	51
 949 0399 3F       		.byte	63
 950 039a 34       		.byte	52
 951 039b 30       		.byte	48
 952 039c 35       		.byte	53
 953 039d 80       		.byte	-128
 954 039e 37       		.byte	55
 955 039f 40       		.byte	64
 956 03a0 39       		.byte	57
 957 03a1 08       		.byte	8
 958 03a2 3A       		.byte	58
 959 03a3 20       		.byte	32
 960 03a4 3F       		.byte	63
 961 03a5 54       		.byte	84
 962 03a6 54       		.byte	84
 963 03a7 40       		.byte	64
 964 03a8 58       		.byte	88
 965 03a9 04       		.byte	4
 966 03aa 59       		.byte	89
 967 03ab 04       		.byte	4
 968 03ac 5B       		.byte	91
 969 03ad 04       		.byte	4
ARM GAS  C:\Users\User\AppData\Local\Temp\ccOJFdx9.s 			page 18


 970 03ae 5F       		.byte	95
 971 03af 01       		.byte	1
 972 03b0 80       		.byte	-128
 973 03b1 60       		.byte	96
 974 03b2 83       		.byte	-125
 975 03b3 01       		.byte	1
 976 03b4 88       		.byte	-120
 977 03b5 02       		.byte	2
 978 03b6 8A       		.byte	-118
 979 03b7 0D       		.byte	13
 980 03b8 8B       		.byte	-117
 981 03b9 EC       		.byte	-20
 982 03ba 8C       		.byte	-116
 983 03bb 0D       		.byte	13
 984 03bc 90       		.byte	-112
 985 03bd 0D       		.byte	13
 986 03be 94       		.byte	-108
 987 03bf 0D       		.byte	13
 988 03c0 95       		.byte	-107
 989 03c1 88       		.byte	-120
 990 03c2 97       		.byte	-105
 991 03c3 03       		.byte	3
 992 03c4 98       		.byte	-104
 993 03c5 0D       		.byte	13
 994 03c6 9D       		.byte	-99
 995 03c7 04       		.byte	4
 996 03c8 9F       		.byte	-97
 997 03c9 43       		.byte	67
 998 03ca A0       		.byte	-96
 999 03cb 92       		.byte	-110
 1000 03cc A1       		.byte	-95
 1001 03cd E0       		.byte	-32
 1002 03ce A2       		.byte	-94
 1003 03cf 44       		.byte	68
 1004 03d0 A4       		.byte	-92
 1005 03d1 91       		.byte	-111
 1006 03d2 A6       		.byte	-90
 1007 03d3 22       		.byte	34
 1008 03d4 A8       		.byte	-88
 1009 03d5 A2       		.byte	-94
 1010 03d6 A9       		.byte	-87
 1011 03d7 21       		.byte	33
 1012 03d8 AA       		.byte	-86
 1013 03d9 18       		.byte	24
 1014 03da AB       		.byte	-85
 1015 03db 02       		.byte	2
 1016 03dc AC       		.byte	-84
 1017 03dd 0D       		.byte	13
 1018 03de AF       		.byte	-81
 1019 03df 12       		.byte	18
 1020 03e0 B0       		.byte	-80
 1021 03e1 70       		.byte	112
 1022 03e2 B3       		.byte	-77
 1023 03e3 E0       		.byte	-32
 1024 03e4 B4       		.byte	-76
 1025 03e5 0F       		.byte	15
 1026 03e6 B5       		.byte	-75
ARM GAS  C:\Users\User\AppData\Local\Temp\ccOJFdx9.s 			page 19


 1027 03e7 0F       		.byte	15
 1028 03e8 B6       		.byte	-74
 1029 03e9 80       		.byte	-128
 1030 03ea B7       		.byte	-73
 1031 03eb 10       		.byte	16
 1032 03ec B8       		.byte	-72
 1033 03ed 02       		.byte	2
 1034 03ee BA       		.byte	-70
 1035 03ef 20       		.byte	32
 1036 03f0 BE       		.byte	-66
 1037 03f1 40       		.byte	64
 1038 03f2 BF       		.byte	-65
 1039 03f3 04       		.byte	4
 1040 03f4 D4       		.byte	-44
 1041 03f5 09       		.byte	9
 1042 03f6 D8       		.byte	-40
 1043 03f7 04       		.byte	4
 1044 03f8 D9       		.byte	-39
 1045 03f9 04       		.byte	4
 1046 03fa DB       		.byte	-37
 1047 03fb 04       		.byte	4
 1048 03fc DF       		.byte	-33
 1049 03fd 01       		.byte	1
 1050 03fe 00       		.byte	0
 1051 03ff 80       		.byte	-128
 1052 0400 01       		.byte	1
 1053 0401 22       		.byte	34
 1054 0402 04       		.byte	4
 1055 0403 08       		.byte	8
 1056 0404 05       		.byte	5
 1057 0405 10       		.byte	16
 1058 0406 06       		.byte	6
 1059 0407 03       		.byte	3
 1060 0408 08       		.byte	8
 1061 0409 01       		.byte	1
 1062 040a 0A       		.byte	10
 1063 040b 14       		.byte	20
 1064 040c 0C       		.byte	12
 1065 040d 81       		.byte	-127
 1066 040e 0E       		.byte	14
 1067 040f 14       		.byte	20
 1068 0410 0F       		.byte	15
 1069 0411 02       		.byte	2
 1070 0412 10       		.byte	16
 1071 0413 20       		.byte	32
 1072 0414 12       		.byte	18
 1073 0415 89       		.byte	-119
 1074 0416 14       		.byte	20
 1075 0417 08       		.byte	8
 1076 0418 15       		.byte	21
 1077 0419 01       		.byte	1
 1078 041a 16       		.byte	22
 1079 041b 20       		.byte	32
 1080 041c 18       		.byte	24
 1081 041d 01       		.byte	1
 1082 041e 19       		.byte	25
 1083 041f 22       		.byte	34
ARM GAS  C:\Users\User\AppData\Local\Temp\ccOJFdx9.s 			page 20


 1084 0420 1D       		.byte	29
 1085 0421 18       		.byte	24
 1086 0422 1F       		.byte	31
 1087 0423 08       		.byte	8
 1088 0424 20       		.byte	32
 1089 0425 20       		.byte	32
 1090 0426 21       		.byte	33
 1091 0427 10       		.byte	16
 1092 0428 23       		.byte	35
 1093 0429 01       		.byte	1
 1094 042a 24       		.byte	36
 1095 042b 02       		.byte	2
 1096 042c 26       		.byte	38
 1097 042d 14       		.byte	20
 1098 042e 27       		.byte	39
 1099 042f 01       		.byte	1
 1100 0430 29       		.byte	41
 1101 0431 02       		.byte	2
 1102 0432 2A       		.byte	42
 1103 0433 80       		.byte	-128
 1104 0434 2B       		.byte	43
 1105 0435 08       		.byte	8
 1106 0436 2C       		.byte	44
 1107 0437 01       		.byte	1
 1108 0438 2D       		.byte	45
 1109 0439 41       		.byte	65
 1110 043a 2E       		.byte	46
 1111 043b 28       		.byte	40
 1112 043c 2F       		.byte	47
 1113 043d 28       		.byte	40
 1114 043e 32       		.byte	50
 1115 043f 88       		.byte	-120
 1116 0440 34       		.byte	52
 1117 0441 08       		.byte	8
 1118 0442 35       		.byte	53
 1119 0443 10       		.byte	16
 1120 0444 36       		.byte	54
 1121 0445 89       		.byte	-119
 1122 0446 39       		.byte	57
 1123 0447 20       		.byte	32
 1124 0448 3B       		.byte	59
 1125 0449 01       		.byte	1
 1126 044a 3E       		.byte	62
 1127 044b 96       		.byte	-106
 1128 044c 58       		.byte	88
 1129 044d 80       		.byte	-128
 1130 044e 59       		.byte	89
 1131 044f 08       		.byte	8
 1132 0450 5B       		.byte	91
 1133 0451 11       		.byte	17
 1134 0452 5E       		.byte	94
 1135 0453 20       		.byte	32
 1136 0454 5F       		.byte	95
 1137 0455 10       		.byte	16
 1138 0456 60       		.byte	96
 1139 0457 01       		.byte	1
 1140 0458 66       		.byte	102
ARM GAS  C:\Users\User\AppData\Local\Temp\ccOJFdx9.s 			page 21


 1141 0459 10       		.byte	16
 1142 045a 67       		.byte	103
 1143 045b 12       		.byte	18
 1144 045c 90       		.byte	-112
 1145 045d 08       		.byte	8
 1146 045e 91       		.byte	-111
 1147 045f 41       		.byte	65
 1148 0460 92       		.byte	-110
 1149 0461 14       		.byte	20
 1150 0462 94       		.byte	-108
 1151 0463 02       		.byte	2
 1152 0464 98       		.byte	-104
 1153 0465 80       		.byte	-128
 1154 0466 99       		.byte	-103
 1155 0467 08       		.byte	8
 1156 0468 9A       		.byte	-102
 1157 0469 9A       		.byte	-102
 1158 046a 9D       		.byte	-99
 1159 046b 10       		.byte	16
 1160 046c A0       		.byte	-96
 1161 046d 40       		.byte	64
 1162 046e A2       		.byte	-94
 1163 046f 89       		.byte	-119
 1164 0470 A3       		.byte	-93
 1165 0471 01       		.byte	1
 1166 0472 A5       		.byte	-91
 1167 0473 09       		.byte	9
 1168 0474 A6       		.byte	-90
 1169 0475 04       		.byte	4
 1170 0476 A7       		.byte	-89
 1171 0477 08       		.byte	8
 1172 0478 C0       		.byte	-64
 1173 0479 EB       		.byte	-21
 1174 047a C2       		.byte	-62
 1175 047b FE       		.byte	-2
 1176 047c C4       		.byte	-60
 1177 047d 7F       		.byte	127
 1178 047e CA       		.byte	-54
 1179 047f FD       		.byte	-3
 1180 0480 CC       		.byte	-52
 1181 0481 FA       		.byte	-6
 1182 0482 CE       		.byte	-50
 1183 0483 F5       		.byte	-11
 1184 0484 D6       		.byte	-42
 1185 0485 0F       		.byte	15
 1186 0486 D8       		.byte	-40
 1187 0487 78       		.byte	120
 1188 0488 9F       		.byte	-97
 1189 0489 20       		.byte	32
 1190 048a B7       		.byte	-73
 1191 048b 20       		.byte	32
 1192 048c EC       		.byte	-20
 1193 048d 10       		.byte	16
 1194 048e 32       		.byte	50
 1195 048f 04       		.byte	4
 1196 0490 33       		.byte	51
 1197 0491 80       		.byte	-128
ARM GAS  C:\Users\User\AppData\Local\Temp\ccOJFdx9.s 			page 22


 1198 0492 36       		.byte	54
 1199 0493 20       		.byte	32
 1200 0494 CC       		.byte	-52
 1201 0495 70       		.byte	112
 1202 0496 86       		.byte	-122
 1203 0497 20       		.byte	32
 1204 0498 96       		.byte	-106
 1205 0499 08       		.byte	8
 1206 049a A6       		.byte	-90
 1207 049b 20       		.byte	32
 1208 049c A7       		.byte	-89
 1209 049d 80       		.byte	-128
 1210 049e E6       		.byte	-26
 1211 049f 40       		.byte	64
 1212 04a0 12       		.byte	18
 1213 04a1 80       		.byte	-128
 1214 04a2 5B       		.byte	91
 1215 04a3 01       		.byte	1
 1216 04a4 8A       		.byte	-118
 1217 04a5 40       		.byte	64
 1218 04a6 96       		.byte	-106
 1219 04a7 08       		.byte	8
 1220 04a8 9B       		.byte	-101
 1221 04a9 01       		.byte	1
 1222 04aa A7       		.byte	-89
 1223 04ab 80       		.byte	-128
 1224 04ac AF       		.byte	-81
 1225 04ad 01       		.byte	1
 1226 04ae C4       		.byte	-60
 1227 04af 10       		.byte	16
 1228 04b0 D6       		.byte	-42
 1229 04b1 40       		.byte	64
 1230 04b2 EA       		.byte	-22
 1231 04b3 40       		.byte	64
 1232 04b4 9A       		.byte	-102
 1233 04b5 40       		.byte	64
 1234 04b6 A7       		.byte	-89
 1235 04b7 80       		.byte	-128
 1236 04b8 AE       		.byte	-82
 1237 04b9 84       		.byte	-124
 1238 04ba 09       		.byte	9
 1239 04bb 40       		.byte	64
 1240 04bc C2       		.byte	-62
 1241 04bd 02       		.byte	2
 1242 04be B1       		.byte	-79
 1243 04bf 40       		.byte	64
 1244 04c0 EE       		.byte	-18
 1245 04c1 04       		.byte	4
 1246 04c2 9A       		.byte	-102
 1247 04c3 40       		.byte	64
 1248 04c4 A7       		.byte	-89
 1249 04c5 80       		.byte	-128
 1250 04c6 08       		.byte	8
 1251 04c7 02       		.byte	2
 1252 04c8 1B       		.byte	27
 1253 04c9 80       		.byte	-128
 1254 04ca 56       		.byte	86
ARM GAS  C:\Users\User\AppData\Local\Temp\ccOJFdx9.s 			page 23


 1255 04cb 40       		.byte	64
 1256 04cc 5D       		.byte	93
 1257 04cd 01       		.byte	1
 1258 04ce 80       		.byte	-128
 1259 04cf 02       		.byte	2
 1260 04d0 85       		.byte	-123
 1261 04d1 01       		.byte	1
 1262 04d2 9A       		.byte	-102
 1263 04d3 40       		.byte	64
 1264 04d4 A7       		.byte	-89
 1265 04d5 80       		.byte	-128
 1266 04d6 C2       		.byte	-62
 1267 04d7 10       		.byte	16
 1268 04d8 C6       		.byte	-58
 1269 04d9 40       		.byte	64
 1270 04da D4       		.byte	-44
 1271 04db 40       		.byte	64
 1272 04dc D6       		.byte	-42
 1273 04dd 80       		.byte	-128
 1274 04de E2       		.byte	-30
 1275 04df 10       		.byte	16
 1276 04e0 E4       		.byte	-28
 1277 04e1 80       		.byte	-128
 1278 04e2 00       		.byte	0
 1279 04e3 05       		.byte	5
 1280 04e4 0A       		.byte	10
 1281 04e5 01       		.byte	1
 1282 04e6 0C       		.byte	12
 1283 04e7 04       		.byte	4
 1284 04e8 0E       		.byte	14
 1285 04e9 04       		.byte	4
 1286 04ea 10       		.byte	16
 1287 04eb 01       		.byte	1
 1288 04ec 1A       		.byte	26
 1289 04ed 01       		.byte	1
 1290 04ee 00       		.byte	0
 1291 04ef 2F       		.byte	47
 1292 04f0 00       		.byte	0
 1293 04f1 64       		.byte	100
 1294 04f2 9F       		.byte	-97
 1295 04f3 00       		.byte	0
 1296 04f4 7F       		.byte	127
 1297 04f5 24       		.byte	36
 1298 04f6 80       		.byte	-128
 1299 04f7 40       		.byte	64
 1300 04f8 80       		.byte	-128
 1301 04f9 00       		.byte	0
 1302 04fa 00       		.byte	0
 1303 04fb 64       		.byte	100
 1304 04fc C0       		.byte	-64
 1305 04fd 10       		.byte	16
 1306 04fe 01       		.byte	1
 1307 04ff E5       		.byte	-27
 1308 0500 90       		.byte	-112
 1309 0501 40       		.byte	64
 1310 0502 40       		.byte	64
 1311 0503 02       		.byte	2
ARM GAS  C:\Users\User\AppData\Local\Temp\ccOJFdx9.s 			page 24


 1312 0504 1F       		.byte	31
 1313 0505 08       		.byte	8
 1314 0506 20       		.byte	32
 1315 0507 00       		.byte	0
 1316 0508 C0       		.byte	-64
 1317 0509 24       		.byte	36
 1318 050a 04       		.byte	4
 1319 050b 00       		.byte	0
 1320 050c 00       		.byte	0
 1321 050d 93       		.byte	-109
 1322 050e 60       		.byte	96
 1323 050f 60       		.byte	96
 1324 0510 C0       		.byte	-64
 1325 0511 64       		.byte	100
 1326 0512 02       		.byte	2
 1327 0513 00       		.byte	0
 1328 0514 00       		.byte	0
 1329 0515 08       		.byte	8
 1330 0516 FF       		.byte	-1
 1331 0517 00       		.byte	0
 1332 0518 C0       		.byte	-64
 1333 0519 77       		.byte	119
 1334 051a 08       		.byte	8
 1335 051b 80       		.byte	-128
 1336 051c 00       		.byte	0
 1337 051d 64       		.byte	100
 1338 051e 00       		.byte	0
 1339 051f 00       		.byte	0
 1340 0520 00       		.byte	0
 1341 0521 08       		.byte	8
 1342 0522 00       		.byte	0
 1343 0523 07       		.byte	7
 1344 0524 FF       		.byte	-1
 1345 0525 F0       		.byte	-16
 1346 0526 00       		.byte	0
 1347 0527 F0       		.byte	-16
 1348 0528 00       		.byte	0
 1349 0529 A2       		.byte	-94
 1350 052a 00       		.byte	0
 1351 052b 0C       		.byte	12
 1352 052c 00       		.byte	0
 1353 052d 00       		.byte	0
 1354 052e 10       		.byte	16
 1355 052f 00       		.byte	0
 1356 0530 62       		.byte	98
 1357 0531 03       		.byte	3
 1358 0532 50       		.byte	80
 1359 0533 00       		.byte	0
 1360 0534 04       		.byte	4
 1361 0535 CE       		.byte	-50
 1362 0536 FB       		.byte	-5
 1363 0537 0D       		.byte	13
 1364 0538 1F       		.byte	31
 1365 0539 FF       		.byte	-1
 1366 053a FF       		.byte	-1
 1367 053b FF       		.byte	-1
 1368 053c 22       		.byte	34
ARM GAS  C:\Users\User\AppData\Local\Temp\ccOJFdx9.s 			page 25


 1369 053d 00       		.byte	0
 1370 053e F0       		.byte	-16
 1371 053f 08       		.byte	8
 1372 0540 04       		.byte	4
 1373 0541 00       		.byte	0
 1374 0542 00       		.byte	0
 1375 0543 00       		.byte	0
 1376 0544 00       		.byte	0
 1377 0545 00       		.byte	0
 1378 0546 00       		.byte	0
 1379 0547 00       		.byte	0
 1380 0548 04       		.byte	4
 1381 0549 04       		.byte	4
 1382 054a 04       		.byte	4
 1383 054b 00       		.byte	0
 1384 054c 00       		.byte	0
 1385 054d 00       		.byte	0
 1386 054e 00       		.byte	0
 1387 054f 01       		.byte	1
 1388 0550 00       		.byte	0
 1389 0551 00       		.byte	0
 1390 0552 C0       		.byte	-64
 1391 0553 00       		.byte	0
 1392 0554 40       		.byte	64
 1393 0555 01       		.byte	1
 1394 0556 10       		.byte	16
 1395 0557 11       		.byte	17
 1396 0558 C0       		.byte	-64
 1397 0559 01       		.byte	1
 1398 055a 00       		.byte	0
 1399 055b 11       		.byte	17
 1400 055c 40       		.byte	64
 1401 055d 01       		.byte	1
 1402 055e 40       		.byte	64
 1403 055f 01       		.byte	1
 1404 0560 00       		.byte	0
 1405 0561 00       		.byte	0
 1406 0562 00       		.byte	0
 1407 0563 00       		.byte	0
 1408 0564 00       		.byte	0
 1409 0565 00       		.byte	0
 1410 0566 00       		.byte	0
 1411 0567 00       		.byte	0
 1412 0568 00       		.byte	0
 1413 0569 00       		.byte	0
 1414 056a 00       		.byte	0
 1415 056b 00       		.byte	0
 1416 056c 00       		.byte	0
 1417 056d 00       		.byte	0
 1418 056e 00       		.byte	0
 1419 056f 00       		.byte	0
 1420 0570 00       		.byte	0
 1421 0571 00       		.byte	0
 1422 0572 00       		.byte	0
 1423 0573 00       		.byte	0
 1424 0574 00       		.byte	0
 1425 0575 00       		.byte	0
ARM GAS  C:\Users\User\AppData\Local\Temp\ccOJFdx9.s 			page 26


 1426 0576 80       		.byte	-128
 1427 0577 00       		.byte	0
 1428 0578 00       		.byte	0
 1429 0579 7F       		.byte	127
 1430 057a 7F       		.byte	127
 1431 057b 00       		.byte	0
 1432 057c 00       		.byte	0
 1433 057d 00       		.byte	0
 1434 057e 00       		.byte	0
 1435 057f 00       		.byte	0
 1436 0580 10       		.byte	16
 1437 0581 68       		.byte	104
 1438 0582 68       		.byte	104
 1439 0583 00       		.byte	0
 1440 0584 28       		.byte	40
 1441 0585 00       		.byte	0
 1442 0586 00       		.byte	0
 1443 0587 00       		.byte	0
 1444 0588 00       		.byte	0
 1445 0589 00       		.byte	0
 1446 058a 00       		.byte	0
 1447 058b 00       		.byte	0
 1448 058c 00       		.byte	0
 1449 058d 00       		.byte	0
 1450 058e 03       		.byte	3
 1451 058f 00       		.byte	0
 1452 0590 40       		.byte	64
 1453 0591 00       		.byte	0
 1454 0592 00       		.byte	0
 1455 0593 00       		.byte	0
 1456 0594 00       		.byte	0
 1457 0595 00       		.byte	0
 1458 0596 00       		.byte	0
 1459 0597 00       		.byte	0
 1460              		.section	.cywolatch,"a",%progbits
 1461              		.align	2
 1462              		.type	cy_meta_wonvl, %object
 1463              		.size	cy_meta_wonvl, 4
 1464              	cy_meta_wonvl:
 1465 0000 BC       		.byte	-68
 1466 0001 90       		.byte	-112
 1467 0002 AC       		.byte	-84
 1468 0003 AF       		.byte	-81
 1469              		.section	.cycustnvl,"a",%progbits
 1470              		.align	2
 1471              		.type	cy_meta_custnvl, %object
 1472              		.size	cy_meta_custnvl, 4
 1473              	cy_meta_custnvl:
 1474 0000 00       		.byte	0
 1475 0001 00       		.byte	0
 1476 0002 40       		.byte	64
 1477 0003 05       		.byte	5
 1478              		.section	.cymeta,"a",%progbits
 1479              		.align	2
 1480              		.type	cy_metadata, %object
 1481              		.size	cy_metadata, 12
 1482              	cy_metadata:
ARM GAS  C:\Users\User\AppData\Local\Temp\ccOJFdx9.s 			page 27


 1483 0000 00       		.byte	0
 1484 0001 01       		.byte	1
 1485 0002 2E       		.byte	46
 1486 0003 12       		.byte	18
 1487 0004 30       		.byte	48
 1488 0005 69       		.byte	105
 1489 0006 00       		.byte	0
 1490 0007 01       		.byte	1
 1491 0008 00       		.byte	0
 1492 0009 00       		.byte	0
 1493 000a 00       		.byte	0
 1494 000b 00       		.byte	0
 1495              		.section	.cyflashprotect,"a",%progbits
 1496              		.align	2
 1497              		.type	cy_meta_flashprotect, %object
 1498              		.size	cy_meta_flashprotect, 256
 1499              	cy_meta_flashprotect:
 1500 0000 00000000 		.space	256
 1500      00000000 
 1500      00000000 
 1500      00000000 
 1500      00000000 
 1501              		.text
 1502              	.Letext0:
 1503              		.file 1 ".\\Generated_Source\\PSoC5\\cymetadata.c"
 1504              		.file 2 ".\\Generated_Source\\PSoC5\\cytypes.h"
 1505              		.section	.debug_info,"",%progbits
 1506              	.Ldebug_info0:
 1507 0000 38010000 		.4byte	0x138
 1508 0004 0400     		.2byte	0x4
 1509 0006 00000000 		.4byte	.Ldebug_abbrev0
 1510 000a 04       		.byte	0x4
 1511 000b 01       		.uleb128 0x1
 1512 000c 00000000 		.4byte	.LASF18
 1513 0010 01       		.byte	0x1
 1514 0011 99000000 		.4byte	.LASF19
 1515 0015 B5010000 		.4byte	.LASF20
 1516 0019 00000000 		.4byte	.Ldebug_line0
 1517 001d 02       		.uleb128 0x2
 1518 001e 01       		.byte	0x1
 1519 001f 06       		.byte	0x6
 1520 0020 A9010000 		.4byte	.LASF0
 1521 0024 02       		.uleb128 0x2
 1522 0025 01       		.byte	0x1
 1523 0026 08       		.byte	0x8
 1524 0027 D1000000 		.4byte	.LASF1
 1525 002b 02       		.uleb128 0x2
 1526 002c 02       		.byte	0x2
 1527 002d 05       		.byte	0x5
 1528 002e 90010000 		.4byte	.LASF2
 1529 0032 02       		.uleb128 0x2
 1530 0033 02       		.byte	0x2
 1531 0034 07       		.byte	0x7
 1532 0035 F1000000 		.4byte	.LASF3
 1533 0039 02       		.uleb128 0x2
 1534 003a 04       		.byte	0x4
 1535 003b 05       		.byte	0x5
ARM GAS  C:\Users\User\AppData\Local\Temp\ccOJFdx9.s 			page 28


 1536 003c A0010000 		.4byte	.LASF4
 1537 0040 02       		.uleb128 0x2
 1538 0041 04       		.byte	0x4
 1539 0042 07       		.byte	0x7
 1540 0043 DF000000 		.4byte	.LASF5
 1541 0047 02       		.uleb128 0x2
 1542 0048 08       		.byte	0x8
 1543 0049 05       		.byte	0x5
 1544 004a 7D010000 		.4byte	.LASF6
 1545 004e 02       		.uleb128 0x2
 1546 004f 08       		.byte	0x8
 1547 0050 07       		.byte	0x7
 1548 0051 3A010000 		.4byte	.LASF7
 1549 0055 03       		.uleb128 0x3
 1550 0056 04       		.byte	0x4
 1551 0057 05       		.byte	0x5
 1552 0058 696E7400 		.ascii	"int\000"
 1553 005c 02       		.uleb128 0x2
 1554 005d 04       		.byte	0x4
 1555 005e 07       		.byte	0x7
 1556 005f 2D010000 		.4byte	.LASF8
 1557 0063 04       		.uleb128 0x4
 1558 0064 9A010000 		.4byte	.LASF21
 1559 0068 02       		.byte	0x2
 1560 0069 9201     		.2byte	0x192
 1561 006b 24000000 		.4byte	0x24
 1562 006f 02       		.uleb128 0x2
 1563 0070 04       		.byte	0x4
 1564 0071 04       		.byte	0x4
 1565 0072 CB000000 		.4byte	.LASF9
 1566 0076 02       		.uleb128 0x2
 1567 0077 08       		.byte	0x8
 1568 0078 04       		.byte	0x4
 1569 0079 04010000 		.4byte	.LASF10
 1570 007d 02       		.uleb128 0x2
 1571 007e 01       		.byte	0x1
 1572 007f 08       		.byte	0x8
 1573 0080 8B010000 		.4byte	.LASF11
 1574 0084 05       		.uleb128 0x5
 1575 0085 63000000 		.4byte	0x63
 1576 0089 95000000 		.4byte	0x95
 1577 008d 06       		.uleb128 0x6
 1578 008e 95000000 		.4byte	0x95
 1579 0092 9705     		.2byte	0x597
 1580 0094 00       		.byte	0
 1581 0095 02       		.uleb128 0x2
 1582 0096 04       		.byte	0x4
 1583 0097 07       		.byte	0x7
 1584 0098 74010000 		.4byte	.LASF12
 1585 009c 07       		.uleb128 0x7
 1586 009d 1B010000 		.4byte	.LASF13
 1587 00a1 01       		.byte	0x1
 1588 00a2 1F       		.byte	0x1f
 1589 00a3 AD000000 		.4byte	0xad
 1590 00a7 05       		.uleb128 0x5
 1591 00a8 03       		.byte	0x3
 1592 00a9 00000000 		.4byte	cy_meta_configecc
ARM GAS  C:\Users\User\AppData\Local\Temp\ccOJFdx9.s 			page 29


 1593 00ad 08       		.uleb128 0x8
 1594 00ae 84000000 		.4byte	0x84
 1595 00b2 05       		.uleb128 0x5
 1596 00b3 63000000 		.4byte	0x63
 1597 00b7 C2000000 		.4byte	0xc2
 1598 00bb 09       		.uleb128 0x9
 1599 00bc 95000000 		.4byte	0x95
 1600 00c0 03       		.byte	0x3
 1601 00c1 00       		.byte	0
 1602 00c2 07       		.uleb128 0x7
 1603 00c3 0B010000 		.4byte	.LASF14
 1604 00c7 01       		.byte	0x1
 1605 00c8 DF       		.byte	0xdf
 1606 00c9 D3000000 		.4byte	0xd3
 1607 00cd 05       		.uleb128 0x5
 1608 00ce 03       		.byte	0x3
 1609 00cf 00000000 		.4byte	cy_meta_custnvl
 1610 00d3 08       		.uleb128 0x8
 1611 00d4 B2000000 		.4byte	0xb2
 1612 00d8 07       		.uleb128 0x7
 1613 00d9 66010000 		.4byte	.LASF15
 1614 00dd 01       		.byte	0x1
 1615 00de ED       		.byte	0xed
 1616 00df E9000000 		.4byte	0xe9
 1617 00e3 05       		.uleb128 0x5
 1618 00e4 03       		.byte	0x3
 1619 00e5 00000000 		.4byte	cy_meta_wonvl
 1620 00e9 08       		.uleb128 0x8
 1621 00ea B2000000 		.4byte	0xb2
 1622 00ee 05       		.uleb128 0x5
 1623 00ef 63000000 		.4byte	0x63
 1624 00f3 FE000000 		.4byte	0xfe
 1625 00f7 09       		.uleb128 0x9
 1626 00f8 95000000 		.4byte	0x95
 1627 00fc FF       		.byte	0xff
 1628 00fd 00       		.byte	0
 1629 00fe 07       		.uleb128 0x7
 1630 00ff 51010000 		.4byte	.LASF16
 1631 0103 01       		.byte	0x1
 1632 0104 FB       		.byte	0xfb
 1633 0105 0F010000 		.4byte	0x10f
 1634 0109 05       		.uleb128 0x5
 1635 010a 03       		.byte	0x3
 1636 010b 00000000 		.4byte	cy_meta_flashprotect
 1637 010f 08       		.uleb128 0x8
 1638 0110 EE000000 		.4byte	0xee
 1639 0114 05       		.uleb128 0x5
 1640 0115 63000000 		.4byte	0x63
 1641 0119 24010000 		.4byte	0x124
 1642 011d 09       		.uleb128 0x9
 1643 011e 95000000 		.4byte	0x95
 1644 0122 0B       		.byte	0xb
 1645 0123 00       		.byte	0
 1646 0124 0A       		.uleb128 0xa
 1647 0125 BF000000 		.4byte	.LASF17
 1648 0129 01       		.byte	0x1
 1649 012a 2801     		.2byte	0x128
ARM GAS  C:\Users\User\AppData\Local\Temp\ccOJFdx9.s 			page 30


 1650 012c 36010000 		.4byte	0x136
 1651 0130 05       		.uleb128 0x5
 1652 0131 03       		.byte	0x3
 1653 0132 00000000 		.4byte	cy_metadata
 1654 0136 08       		.uleb128 0x8
 1655 0137 14010000 		.4byte	0x114
 1656 013b 00       		.byte	0
 1657              		.section	.debug_abbrev,"",%progbits
 1658              	.Ldebug_abbrev0:
 1659 0000 01       		.uleb128 0x1
 1660 0001 11       		.uleb128 0x11
 1661 0002 01       		.byte	0x1
 1662 0003 25       		.uleb128 0x25
 1663 0004 0E       		.uleb128 0xe
 1664 0005 13       		.uleb128 0x13
 1665 0006 0B       		.uleb128 0xb
 1666 0007 03       		.uleb128 0x3
 1667 0008 0E       		.uleb128 0xe
 1668 0009 1B       		.uleb128 0x1b
 1669 000a 0E       		.uleb128 0xe
 1670 000b 10       		.uleb128 0x10
 1671 000c 17       		.uleb128 0x17
 1672 000d 00       		.byte	0
 1673 000e 00       		.byte	0
 1674 000f 02       		.uleb128 0x2
 1675 0010 24       		.uleb128 0x24
 1676 0011 00       		.byte	0
 1677 0012 0B       		.uleb128 0xb
 1678 0013 0B       		.uleb128 0xb
 1679 0014 3E       		.uleb128 0x3e
 1680 0015 0B       		.uleb128 0xb
 1681 0016 03       		.uleb128 0x3
 1682 0017 0E       		.uleb128 0xe
 1683 0018 00       		.byte	0
 1684 0019 00       		.byte	0
 1685 001a 03       		.uleb128 0x3
 1686 001b 24       		.uleb128 0x24
 1687 001c 00       		.byte	0
 1688 001d 0B       		.uleb128 0xb
 1689 001e 0B       		.uleb128 0xb
 1690 001f 3E       		.uleb128 0x3e
 1691 0020 0B       		.uleb128 0xb
 1692 0021 03       		.uleb128 0x3
 1693 0022 08       		.uleb128 0x8
 1694 0023 00       		.byte	0
 1695 0024 00       		.byte	0
 1696 0025 04       		.uleb128 0x4
 1697 0026 16       		.uleb128 0x16
 1698 0027 00       		.byte	0
 1699 0028 03       		.uleb128 0x3
 1700 0029 0E       		.uleb128 0xe
 1701 002a 3A       		.uleb128 0x3a
 1702 002b 0B       		.uleb128 0xb
 1703 002c 3B       		.uleb128 0x3b
 1704 002d 05       		.uleb128 0x5
 1705 002e 49       		.uleb128 0x49
 1706 002f 13       		.uleb128 0x13
ARM GAS  C:\Users\User\AppData\Local\Temp\ccOJFdx9.s 			page 31


 1707 0030 00       		.byte	0
 1708 0031 00       		.byte	0
 1709 0032 05       		.uleb128 0x5
 1710 0033 01       		.uleb128 0x1
 1711 0034 01       		.byte	0x1
 1712 0035 49       		.uleb128 0x49
 1713 0036 13       		.uleb128 0x13
 1714 0037 01       		.uleb128 0x1
 1715 0038 13       		.uleb128 0x13
 1716 0039 00       		.byte	0
 1717 003a 00       		.byte	0
 1718 003b 06       		.uleb128 0x6
 1719 003c 21       		.uleb128 0x21
 1720 003d 00       		.byte	0
 1721 003e 49       		.uleb128 0x49
 1722 003f 13       		.uleb128 0x13
 1723 0040 2F       		.uleb128 0x2f
 1724 0041 05       		.uleb128 0x5
 1725 0042 00       		.byte	0
 1726 0043 00       		.byte	0
 1727 0044 07       		.uleb128 0x7
 1728 0045 34       		.uleb128 0x34
 1729 0046 00       		.byte	0
 1730 0047 03       		.uleb128 0x3
 1731 0048 0E       		.uleb128 0xe
 1732 0049 3A       		.uleb128 0x3a
 1733 004a 0B       		.uleb128 0xb
 1734 004b 3B       		.uleb128 0x3b
 1735 004c 0B       		.uleb128 0xb
 1736 004d 49       		.uleb128 0x49
 1737 004e 13       		.uleb128 0x13
 1738 004f 3F       		.uleb128 0x3f
 1739 0050 19       		.uleb128 0x19
 1740 0051 02       		.uleb128 0x2
 1741 0052 18       		.uleb128 0x18
 1742 0053 00       		.byte	0
 1743 0054 00       		.byte	0
 1744 0055 08       		.uleb128 0x8
 1745 0056 26       		.uleb128 0x26
 1746 0057 00       		.byte	0
 1747 0058 49       		.uleb128 0x49
 1748 0059 13       		.uleb128 0x13
 1749 005a 00       		.byte	0
 1750 005b 00       		.byte	0
 1751 005c 09       		.uleb128 0x9
 1752 005d 21       		.uleb128 0x21
 1753 005e 00       		.byte	0
 1754 005f 49       		.uleb128 0x49
 1755 0060 13       		.uleb128 0x13
 1756 0061 2F       		.uleb128 0x2f
 1757 0062 0B       		.uleb128 0xb
 1758 0063 00       		.byte	0
 1759 0064 00       		.byte	0
 1760 0065 0A       		.uleb128 0xa
 1761 0066 34       		.uleb128 0x34
 1762 0067 00       		.byte	0
 1763 0068 03       		.uleb128 0x3
ARM GAS  C:\Users\User\AppData\Local\Temp\ccOJFdx9.s 			page 32


 1764 0069 0E       		.uleb128 0xe
 1765 006a 3A       		.uleb128 0x3a
 1766 006b 0B       		.uleb128 0xb
 1767 006c 3B       		.uleb128 0x3b
 1768 006d 05       		.uleb128 0x5
 1769 006e 49       		.uleb128 0x49
 1770 006f 13       		.uleb128 0x13
 1771 0070 3F       		.uleb128 0x3f
 1772 0071 19       		.uleb128 0x19
 1773 0072 02       		.uleb128 0x2
 1774 0073 18       		.uleb128 0x18
 1775 0074 00       		.byte	0
 1776 0075 00       		.byte	0
 1777 0076 00       		.byte	0
 1778              		.section	.debug_aranges,"",%progbits
 1779 0000 14000000 		.4byte	0x14
 1780 0004 0200     		.2byte	0x2
 1781 0006 00000000 		.4byte	.Ldebug_info0
 1782 000a 04       		.byte	0x4
 1783 000b 00       		.byte	0
 1784 000c 0000     		.2byte	0
 1785 000e 0000     		.2byte	0
 1786 0010 00000000 		.4byte	0
 1787 0014 00000000 		.4byte	0
 1788              		.section	.debug_line,"",%progbits
 1789              	.Ldebug_line0:
 1790 0000 4F000000 		.section	.debug_str,"MS",%progbits,1
 1790      02004900 
 1790      00000201 
 1790      FB0E0D00 
 1790      01010101 
 1791              	.LASF18:
 1792 0000 474E5520 		.ascii	"GNU C 4.9.3 20150303 (release) [ARM/embedded-4_9-br"
 1792      4320342E 
 1792      392E3320 
 1792      32303135 
 1792      30333033 
 1793 0033 616E6368 		.ascii	"anch revision 221220] -mcpu=cortex-m3 -mthumb -g -O"
 1793      20726576 
 1793      6973696F 
 1793      6E203232 
 1793      31323230 
 1794 0066 67202D73 		.ascii	"g -std=gnu11 -ffunction-sections -ffat-lto-objects\000"
 1794      74643D67 
 1794      6E753131 
 1794      202D6666 
 1794      756E6374 
 1795              	.LASF19:
 1796 0099 2E5C4765 		.ascii	".\\Generated_Source\\PSoC5\\cymetadata.c\000"
 1796      6E657261 
 1796      7465645F 
 1796      536F7572 
 1796      63655C50 
 1797              	.LASF17:
 1798 00bf 63795F6D 		.ascii	"cy_metadata\000"
 1798      65746164 
 1798      61746100 
ARM GAS  C:\Users\User\AppData\Local\Temp\ccOJFdx9.s 			page 33


 1799              	.LASF9:
 1800 00cb 666C6F61 		.ascii	"float\000"
 1800      7400
 1801              	.LASF1:
 1802 00d1 756E7369 		.ascii	"unsigned char\000"
 1802      676E6564 
 1802      20636861 
 1802      7200
 1803              	.LASF5:
 1804 00df 6C6F6E67 		.ascii	"long unsigned int\000"
 1804      20756E73 
 1804      69676E65 
 1804      6420696E 
 1804      7400
 1805              	.LASF3:
 1806 00f1 73686F72 		.ascii	"short unsigned int\000"
 1806      7420756E 
 1806      7369676E 
 1806      65642069 
 1806      6E7400
 1807              	.LASF10:
 1808 0104 646F7562 		.ascii	"double\000"
 1808      6C6500
 1809              	.LASF14:
 1810 010b 63795F6D 		.ascii	"cy_meta_custnvl\000"
 1810      6574615F 
 1810      63757374 
 1810      6E766C00 
 1811              	.LASF13:
 1812 011b 63795F6D 		.ascii	"cy_meta_configecc\000"
 1812      6574615F 
 1812      636F6E66 
 1812      69676563 
 1812      6300
 1813              	.LASF8:
 1814 012d 756E7369 		.ascii	"unsigned int\000"
 1814      676E6564 
 1814      20696E74 
 1814      00
 1815              	.LASF7:
 1816 013a 6C6F6E67 		.ascii	"long long unsigned int\000"
 1816      206C6F6E 
 1816      6720756E 
 1816      7369676E 
 1816      65642069 
 1817              	.LASF16:
 1818 0151 63795F6D 		.ascii	"cy_meta_flashprotect\000"
 1818      6574615F 
 1818      666C6173 
 1818      6870726F 
 1818      74656374 
 1819              	.LASF15:
 1820 0166 63795F6D 		.ascii	"cy_meta_wonvl\000"
 1820      6574615F 
 1820      776F6E76 
 1820      6C00
 1821              	.LASF12:
ARM GAS  C:\Users\User\AppData\Local\Temp\ccOJFdx9.s 			page 34


 1822 0174 73697A65 		.ascii	"sizetype\000"
 1822      74797065 
 1822      00
 1823              	.LASF6:
 1824 017d 6C6F6E67 		.ascii	"long long int\000"
 1824      206C6F6E 
 1824      6720696E 
 1824      7400
 1825              	.LASF11:
 1826 018b 63686172 		.ascii	"char\000"
 1826      00
 1827              	.LASF2:
 1828 0190 73686F72 		.ascii	"short int\000"
 1828      7420696E 
 1828      7400
 1829              	.LASF21:
 1830 019a 75696E74 		.ascii	"uint8\000"
 1830      3800
 1831              	.LASF4:
 1832 01a0 6C6F6E67 		.ascii	"long int\000"
 1832      20696E74 
 1832      00
 1833              	.LASF0:
 1834 01a9 7369676E 		.ascii	"signed char\000"
 1834      65642063 
 1834      68617200 
 1835              	.LASF20:
 1836 01b5 433A5C55 		.ascii	"C:\\Users\\User\\Documents\\MIT 6.115\\finalproject"
 1836      73657273 
 1836      5C557365 
 1836      725C446F 
 1836      63756D65 
 1837 01e3 5C66696E 		.ascii	"\\finalproject\\GuitarHero.cydsn\000"
 1837      616C7072 
 1837      6F6A6563 
 1837      745C4775 
 1837      69746172 
 1838              		.ident	"GCC: (GNU Tools for ARM Embedded Processors) 4.9.3 20150303 (release) [ARM/embedded-4_9-br
