ARM GAS  C:\Users\User\AppData\Local\Temp\ccwyksEQ.s 			page 1


   1              		.syntax unified
   2              		.cpu cortex-m3
   3              		.fpu softvfp
   4              		.eabi_attribute 20, 1
   5              		.eabi_attribute 21, 1
   6              		.eabi_attribute 23, 3
   7              		.eabi_attribute 24, 1
   8              		.eabi_attribute 25, 1
   9              		.eabi_attribute 26, 1
  10              		.eabi_attribute 30, 1
  11              		.eabi_attribute 34, 1
  12              		.eabi_attribute 18, 4
  13              		.thumb
  14              		.file	"FPS_Counter_PM.c"
  15              		.text
  16              	.Ltext0:
  17              		.cfi_sections	.debug_frame
  18              		.section	.text.FPS_Counter_SaveConfig,"ax",%progbits
  19              		.align	2
  20              		.global	FPS_Counter_SaveConfig
  21              		.thumb
  22              		.thumb_func
  23              		.type	FPS_Counter_SaveConfig, %function
  24              	FPS_Counter_SaveConfig:
  25              	.LFB0:
  26              		.file 1 ".\\Generated_Source\\PSoC5\\FPS_Counter_PM.c"
   1:.\Generated_Source\PSoC5/FPS_Counter_PM.c **** /*******************************************************************************
   2:.\Generated_Source\PSoC5/FPS_Counter_PM.c **** * File Name: FPS_Counter_PM.c  
   3:.\Generated_Source\PSoC5/FPS_Counter_PM.c **** * Version 3.0
   4:.\Generated_Source\PSoC5/FPS_Counter_PM.c **** *
   5:.\Generated_Source\PSoC5/FPS_Counter_PM.c **** *  Description:
   6:.\Generated_Source\PSoC5/FPS_Counter_PM.c **** *    This file provides the power management source code to API for the
   7:.\Generated_Source\PSoC5/FPS_Counter_PM.c **** *    Counter.  
   8:.\Generated_Source\PSoC5/FPS_Counter_PM.c **** *
   9:.\Generated_Source\PSoC5/FPS_Counter_PM.c **** *   Note:
  10:.\Generated_Source\PSoC5/FPS_Counter_PM.c **** *     None
  11:.\Generated_Source\PSoC5/FPS_Counter_PM.c **** *
  12:.\Generated_Source\PSoC5/FPS_Counter_PM.c **** ********************************************************************************
  13:.\Generated_Source\PSoC5/FPS_Counter_PM.c **** * Copyright 2008-2012, Cypress Semiconductor Corporation.  All rights reserved.
  14:.\Generated_Source\PSoC5/FPS_Counter_PM.c **** * You may use this file only in accordance with the license, terms, conditions, 
  15:.\Generated_Source\PSoC5/FPS_Counter_PM.c **** * disclaimers, and limitations in the end user license agreement accompanying 
  16:.\Generated_Source\PSoC5/FPS_Counter_PM.c **** * the software package with which this file was provided.
  17:.\Generated_Source\PSoC5/FPS_Counter_PM.c **** *******************************************************************************/
  18:.\Generated_Source\PSoC5/FPS_Counter_PM.c **** 
  19:.\Generated_Source\PSoC5/FPS_Counter_PM.c **** #include "FPS_Counter.h"
  20:.\Generated_Source\PSoC5/FPS_Counter_PM.c **** 
  21:.\Generated_Source\PSoC5/FPS_Counter_PM.c **** static FPS_Counter_backupStruct FPS_Counter_backup;
  22:.\Generated_Source\PSoC5/FPS_Counter_PM.c **** 
  23:.\Generated_Source\PSoC5/FPS_Counter_PM.c **** 
  24:.\Generated_Source\PSoC5/FPS_Counter_PM.c **** /*******************************************************************************
  25:.\Generated_Source\PSoC5/FPS_Counter_PM.c **** * Function Name: FPS_Counter_SaveConfig
  26:.\Generated_Source\PSoC5/FPS_Counter_PM.c **** ********************************************************************************
  27:.\Generated_Source\PSoC5/FPS_Counter_PM.c **** * Summary:
  28:.\Generated_Source\PSoC5/FPS_Counter_PM.c **** *     Save the current user configuration
  29:.\Generated_Source\PSoC5/FPS_Counter_PM.c **** *
  30:.\Generated_Source\PSoC5/FPS_Counter_PM.c **** * Parameters:  
  31:.\Generated_Source\PSoC5/FPS_Counter_PM.c **** *  void
ARM GAS  C:\Users\User\AppData\Local\Temp\ccwyksEQ.s 			page 2


  32:.\Generated_Source\PSoC5/FPS_Counter_PM.c **** *
  33:.\Generated_Source\PSoC5/FPS_Counter_PM.c **** * Return: 
  34:.\Generated_Source\PSoC5/FPS_Counter_PM.c **** *  void
  35:.\Generated_Source\PSoC5/FPS_Counter_PM.c **** *
  36:.\Generated_Source\PSoC5/FPS_Counter_PM.c **** * Global variables:
  37:.\Generated_Source\PSoC5/FPS_Counter_PM.c **** *  FPS_Counter_backup:  Variables of this global structure are modified to 
  38:.\Generated_Source\PSoC5/FPS_Counter_PM.c **** *  store the values of non retention configuration registers when Sleep() API is 
  39:.\Generated_Source\PSoC5/FPS_Counter_PM.c **** *  called.
  40:.\Generated_Source\PSoC5/FPS_Counter_PM.c **** *
  41:.\Generated_Source\PSoC5/FPS_Counter_PM.c **** *******************************************************************************/
  42:.\Generated_Source\PSoC5/FPS_Counter_PM.c **** void FPS_Counter_SaveConfig(void) 
  43:.\Generated_Source\PSoC5/FPS_Counter_PM.c **** {
  27              		.loc 1 43 0
  28              		.cfi_startproc
  29              		@ args = 0, pretend = 0, frame = 0
  30              		@ frame_needed = 0, uses_anonymous_args = 0
  31              		@ link register save eliminated.
  32 0000 7047     		bx	lr
  33              		.cfi_endproc
  34              	.LFE0:
  35              		.size	FPS_Counter_SaveConfig, .-FPS_Counter_SaveConfig
  36 0002 00BF     		.section	.text.FPS_Counter_RestoreConfig,"ax",%progbits
  37              		.align	2
  38              		.global	FPS_Counter_RestoreConfig
  39              		.thumb
  40              		.thumb_func
  41              		.type	FPS_Counter_RestoreConfig, %function
  42              	FPS_Counter_RestoreConfig:
  43              	.LFB1:
  44:.\Generated_Source\PSoC5/FPS_Counter_PM.c ****     #if (!FPS_Counter_UsingFixedFunction)
  45:.\Generated_Source\PSoC5/FPS_Counter_PM.c **** 
  46:.\Generated_Source\PSoC5/FPS_Counter_PM.c ****         FPS_Counter_backup.CounterUdb = FPS_Counter_ReadCounter();
  47:.\Generated_Source\PSoC5/FPS_Counter_PM.c **** 
  48:.\Generated_Source\PSoC5/FPS_Counter_PM.c ****         #if(!FPS_Counter_ControlRegRemoved)
  49:.\Generated_Source\PSoC5/FPS_Counter_PM.c ****             FPS_Counter_backup.CounterControlRegister = FPS_Counter_ReadControlRegister();
  50:.\Generated_Source\PSoC5/FPS_Counter_PM.c ****         #endif /* (!FPS_Counter_ControlRegRemoved) */
  51:.\Generated_Source\PSoC5/FPS_Counter_PM.c **** 
  52:.\Generated_Source\PSoC5/FPS_Counter_PM.c ****     #endif /* (!FPS_Counter_UsingFixedFunction) */
  53:.\Generated_Source\PSoC5/FPS_Counter_PM.c **** }
  54:.\Generated_Source\PSoC5/FPS_Counter_PM.c **** 
  55:.\Generated_Source\PSoC5/FPS_Counter_PM.c **** 
  56:.\Generated_Source\PSoC5/FPS_Counter_PM.c **** /*******************************************************************************
  57:.\Generated_Source\PSoC5/FPS_Counter_PM.c **** * Function Name: FPS_Counter_RestoreConfig
  58:.\Generated_Source\PSoC5/FPS_Counter_PM.c **** ********************************************************************************
  59:.\Generated_Source\PSoC5/FPS_Counter_PM.c **** *
  60:.\Generated_Source\PSoC5/FPS_Counter_PM.c **** * Summary:
  61:.\Generated_Source\PSoC5/FPS_Counter_PM.c **** *  Restores the current user configuration.
  62:.\Generated_Source\PSoC5/FPS_Counter_PM.c **** *
  63:.\Generated_Source\PSoC5/FPS_Counter_PM.c **** * Parameters:  
  64:.\Generated_Source\PSoC5/FPS_Counter_PM.c **** *  void
  65:.\Generated_Source\PSoC5/FPS_Counter_PM.c **** *
  66:.\Generated_Source\PSoC5/FPS_Counter_PM.c **** * Return: 
  67:.\Generated_Source\PSoC5/FPS_Counter_PM.c **** *  void
  68:.\Generated_Source\PSoC5/FPS_Counter_PM.c **** *
  69:.\Generated_Source\PSoC5/FPS_Counter_PM.c **** * Global variables:
  70:.\Generated_Source\PSoC5/FPS_Counter_PM.c **** *  FPS_Counter_backup:  Variables of this global structure are used to 
  71:.\Generated_Source\PSoC5/FPS_Counter_PM.c **** *  restore the values of non retention registers on wakeup from sleep mode.
ARM GAS  C:\Users\User\AppData\Local\Temp\ccwyksEQ.s 			page 3


  72:.\Generated_Source\PSoC5/FPS_Counter_PM.c **** *
  73:.\Generated_Source\PSoC5/FPS_Counter_PM.c **** *******************************************************************************/
  74:.\Generated_Source\PSoC5/FPS_Counter_PM.c **** void FPS_Counter_RestoreConfig(void) 
  75:.\Generated_Source\PSoC5/FPS_Counter_PM.c **** {      
  44              		.loc 1 75 0
  45              		.cfi_startproc
  46              		@ args = 0, pretend = 0, frame = 0
  47              		@ frame_needed = 0, uses_anonymous_args = 0
  48              		@ link register save eliminated.
  49 0000 7047     		bx	lr
  50              		.cfi_endproc
  51              	.LFE1:
  52              		.size	FPS_Counter_RestoreConfig, .-FPS_Counter_RestoreConfig
  53 0002 00BF     		.section	.text.FPS_Counter_Sleep,"ax",%progbits
  54              		.align	2
  55              		.global	FPS_Counter_Sleep
  56              		.thumb
  57              		.thumb_func
  58              		.type	FPS_Counter_Sleep, %function
  59              	FPS_Counter_Sleep:
  60              	.LFB2:
  76:.\Generated_Source\PSoC5/FPS_Counter_PM.c ****     #if (!FPS_Counter_UsingFixedFunction)
  77:.\Generated_Source\PSoC5/FPS_Counter_PM.c **** 
  78:.\Generated_Source\PSoC5/FPS_Counter_PM.c ****        FPS_Counter_WriteCounter(FPS_Counter_backup.CounterUdb);
  79:.\Generated_Source\PSoC5/FPS_Counter_PM.c **** 
  80:.\Generated_Source\PSoC5/FPS_Counter_PM.c ****         #if(!FPS_Counter_ControlRegRemoved)
  81:.\Generated_Source\PSoC5/FPS_Counter_PM.c ****             FPS_Counter_WriteControlRegister(FPS_Counter_backup.CounterControlRegister);
  82:.\Generated_Source\PSoC5/FPS_Counter_PM.c ****         #endif /* (!FPS_Counter_ControlRegRemoved) */
  83:.\Generated_Source\PSoC5/FPS_Counter_PM.c **** 
  84:.\Generated_Source\PSoC5/FPS_Counter_PM.c ****     #endif /* (!FPS_Counter_UsingFixedFunction) */
  85:.\Generated_Source\PSoC5/FPS_Counter_PM.c **** }
  86:.\Generated_Source\PSoC5/FPS_Counter_PM.c **** 
  87:.\Generated_Source\PSoC5/FPS_Counter_PM.c **** 
  88:.\Generated_Source\PSoC5/FPS_Counter_PM.c **** /*******************************************************************************
  89:.\Generated_Source\PSoC5/FPS_Counter_PM.c **** * Function Name: FPS_Counter_Sleep
  90:.\Generated_Source\PSoC5/FPS_Counter_PM.c **** ********************************************************************************
  91:.\Generated_Source\PSoC5/FPS_Counter_PM.c **** * Summary:
  92:.\Generated_Source\PSoC5/FPS_Counter_PM.c **** *     Stop and Save the user configuration
  93:.\Generated_Source\PSoC5/FPS_Counter_PM.c **** *
  94:.\Generated_Source\PSoC5/FPS_Counter_PM.c **** * Parameters:  
  95:.\Generated_Source\PSoC5/FPS_Counter_PM.c **** *  void
  96:.\Generated_Source\PSoC5/FPS_Counter_PM.c **** *
  97:.\Generated_Source\PSoC5/FPS_Counter_PM.c **** * Return: 
  98:.\Generated_Source\PSoC5/FPS_Counter_PM.c **** *  void
  99:.\Generated_Source\PSoC5/FPS_Counter_PM.c **** *
 100:.\Generated_Source\PSoC5/FPS_Counter_PM.c **** * Global variables:
 101:.\Generated_Source\PSoC5/FPS_Counter_PM.c **** *  FPS_Counter_backup.enableState:  Is modified depending on the enable 
 102:.\Generated_Source\PSoC5/FPS_Counter_PM.c **** *  state of the block before entering sleep mode.
 103:.\Generated_Source\PSoC5/FPS_Counter_PM.c **** *
 104:.\Generated_Source\PSoC5/FPS_Counter_PM.c **** *******************************************************************************/
 105:.\Generated_Source\PSoC5/FPS_Counter_PM.c **** void FPS_Counter_Sleep(void) 
 106:.\Generated_Source\PSoC5/FPS_Counter_PM.c **** {
  61              		.loc 1 106 0
  62              		.cfi_startproc
  63              		@ args = 0, pretend = 0, frame = 0
  64              		@ frame_needed = 0, uses_anonymous_args = 0
  65              		.loc 1 106 0
ARM GAS  C:\Users\User\AppData\Local\Temp\ccwyksEQ.s 			page 4


  66 0000 08B5     		push	{r3, lr}
  67              		.cfi_def_cfa_offset 8
  68              		.cfi_offset 3, -8
  69              		.cfi_offset 14, -4
 107:.\Generated_Source\PSoC5/FPS_Counter_PM.c ****     #if(!FPS_Counter_ControlRegRemoved)
 108:.\Generated_Source\PSoC5/FPS_Counter_PM.c ****         /* Save Counter's enable state */
 109:.\Generated_Source\PSoC5/FPS_Counter_PM.c ****         if(FPS_Counter_CTRL_ENABLE == (FPS_Counter_CONTROL & FPS_Counter_CTRL_ENABLE))
  70              		.loc 1 109 0
  71 0002 074B     		ldr	r3, .L7
  72 0004 1B78     		ldrb	r3, [r3]	@ zero_extendqisi2
  73 0006 13F0010F 		tst	r3, #1
  74 000a 03D0     		beq	.L4
 110:.\Generated_Source\PSoC5/FPS_Counter_PM.c ****         {
 111:.\Generated_Source\PSoC5/FPS_Counter_PM.c ****             /* Counter is enabled */
 112:.\Generated_Source\PSoC5/FPS_Counter_PM.c ****             FPS_Counter_backup.CounterEnableState = 1u;
  75              		.loc 1 112 0
  76 000c 0122     		movs	r2, #1
  77 000e 054B     		ldr	r3, .L7+4
  78 0010 1A70     		strb	r2, [r3]
  79 0012 02E0     		b	.L5
  80              	.L4:
 113:.\Generated_Source\PSoC5/FPS_Counter_PM.c ****         }
 114:.\Generated_Source\PSoC5/FPS_Counter_PM.c ****         else
 115:.\Generated_Source\PSoC5/FPS_Counter_PM.c ****         {
 116:.\Generated_Source\PSoC5/FPS_Counter_PM.c ****             /* Counter is disabled */
 117:.\Generated_Source\PSoC5/FPS_Counter_PM.c ****             FPS_Counter_backup.CounterEnableState = 0u;
  81              		.loc 1 117 0
  82 0014 0022     		movs	r2, #0
  83 0016 034B     		ldr	r3, .L7+4
  84 0018 1A70     		strb	r2, [r3]
  85              	.L5:
 118:.\Generated_Source\PSoC5/FPS_Counter_PM.c ****         }
 119:.\Generated_Source\PSoC5/FPS_Counter_PM.c ****     #else
 120:.\Generated_Source\PSoC5/FPS_Counter_PM.c ****         FPS_Counter_backup.CounterEnableState = 1u;
 121:.\Generated_Source\PSoC5/FPS_Counter_PM.c ****         if(FPS_Counter_backup.CounterEnableState != 0u)
 122:.\Generated_Source\PSoC5/FPS_Counter_PM.c ****         {
 123:.\Generated_Source\PSoC5/FPS_Counter_PM.c ****             FPS_Counter_backup.CounterEnableState = 0u;
 124:.\Generated_Source\PSoC5/FPS_Counter_PM.c ****         }
 125:.\Generated_Source\PSoC5/FPS_Counter_PM.c ****     #endif /* (!FPS_Counter_ControlRegRemoved) */
 126:.\Generated_Source\PSoC5/FPS_Counter_PM.c ****     
 127:.\Generated_Source\PSoC5/FPS_Counter_PM.c ****     FPS_Counter_Stop();
  86              		.loc 1 127 0
  87 001a FFF7FEFF 		bl	FPS_Counter_Stop
  88              	.LVL0:
  89 001e 08BD     		pop	{r3, pc}
  90              	.L8:
  91              		.align	2
  92              	.L7:
  93 0020 004F0040 		.word	1073762048
  94 0024 00000000 		.word	.LANCHOR0
  95              		.cfi_endproc
  96              	.LFE2:
  97              		.size	FPS_Counter_Sleep, .-FPS_Counter_Sleep
  98              		.section	.text.FPS_Counter_Wakeup,"ax",%progbits
  99              		.align	2
 100              		.global	FPS_Counter_Wakeup
 101              		.thumb
ARM GAS  C:\Users\User\AppData\Local\Temp\ccwyksEQ.s 			page 5


 102              		.thumb_func
 103              		.type	FPS_Counter_Wakeup, %function
 104              	FPS_Counter_Wakeup:
 105              	.LFB3:
 128:.\Generated_Source\PSoC5/FPS_Counter_PM.c ****     FPS_Counter_SaveConfig();
 129:.\Generated_Source\PSoC5/FPS_Counter_PM.c **** }
 130:.\Generated_Source\PSoC5/FPS_Counter_PM.c **** 
 131:.\Generated_Source\PSoC5/FPS_Counter_PM.c **** 
 132:.\Generated_Source\PSoC5/FPS_Counter_PM.c **** /*******************************************************************************
 133:.\Generated_Source\PSoC5/FPS_Counter_PM.c **** * Function Name: FPS_Counter_Wakeup
 134:.\Generated_Source\PSoC5/FPS_Counter_PM.c **** ********************************************************************************
 135:.\Generated_Source\PSoC5/FPS_Counter_PM.c **** *
 136:.\Generated_Source\PSoC5/FPS_Counter_PM.c **** * Summary:
 137:.\Generated_Source\PSoC5/FPS_Counter_PM.c **** *  Restores and enables the user configuration
 138:.\Generated_Source\PSoC5/FPS_Counter_PM.c **** *  
 139:.\Generated_Source\PSoC5/FPS_Counter_PM.c **** * Parameters:  
 140:.\Generated_Source\PSoC5/FPS_Counter_PM.c **** *  void
 141:.\Generated_Source\PSoC5/FPS_Counter_PM.c **** *
 142:.\Generated_Source\PSoC5/FPS_Counter_PM.c **** * Return: 
 143:.\Generated_Source\PSoC5/FPS_Counter_PM.c **** *  void
 144:.\Generated_Source\PSoC5/FPS_Counter_PM.c **** *
 145:.\Generated_Source\PSoC5/FPS_Counter_PM.c **** * Global variables:
 146:.\Generated_Source\PSoC5/FPS_Counter_PM.c **** *  FPS_Counter_backup.enableState:  Is used to restore the enable state of 
 147:.\Generated_Source\PSoC5/FPS_Counter_PM.c **** *  block on wakeup from sleep mode.
 148:.\Generated_Source\PSoC5/FPS_Counter_PM.c **** *
 149:.\Generated_Source\PSoC5/FPS_Counter_PM.c **** *******************************************************************************/
 150:.\Generated_Source\PSoC5/FPS_Counter_PM.c **** void FPS_Counter_Wakeup(void) 
 151:.\Generated_Source\PSoC5/FPS_Counter_PM.c **** {
 106              		.loc 1 151 0
 107              		.cfi_startproc
 108              		@ args = 0, pretend = 0, frame = 0
 109              		@ frame_needed = 0, uses_anonymous_args = 0
 110 0000 08B5     		push	{r3, lr}
 111              		.cfi_def_cfa_offset 8
 112              		.cfi_offset 3, -8
 113              		.cfi_offset 14, -4
 152:.\Generated_Source\PSoC5/FPS_Counter_PM.c ****     FPS_Counter_RestoreConfig();
 153:.\Generated_Source\PSoC5/FPS_Counter_PM.c ****     #if(!FPS_Counter_ControlRegRemoved)
 154:.\Generated_Source\PSoC5/FPS_Counter_PM.c ****         if(FPS_Counter_backup.CounterEnableState == 1u)
 114              		.loc 1 154 0
 115 0002 034B     		ldr	r3, .L12
 116 0004 1B78     		ldrb	r3, [r3]	@ zero_extendqisi2
 117 0006 012B     		cmp	r3, #1
 118 0008 01D1     		bne	.L9
 155:.\Generated_Source\PSoC5/FPS_Counter_PM.c ****         {
 156:.\Generated_Source\PSoC5/FPS_Counter_PM.c ****             /* Enable Counter's operation */
 157:.\Generated_Source\PSoC5/FPS_Counter_PM.c ****             FPS_Counter_Enable();
 119              		.loc 1 157 0
 120 000a FFF7FEFF 		bl	FPS_Counter_Enable
 121              	.LVL1:
 122              	.L9:
 123 000e 08BD     		pop	{r3, pc}
 124              	.L13:
 125              		.align	2
 126              	.L12:
 127 0010 00000000 		.word	.LANCHOR0
 128              		.cfi_endproc
ARM GAS  C:\Users\User\AppData\Local\Temp\ccwyksEQ.s 			page 6


 129              	.LFE3:
 130              		.size	FPS_Counter_Wakeup, .-FPS_Counter_Wakeup
 131              		.bss
 132              		.align	2
 133              		.set	.LANCHOR0,. + 0
 134              		.type	FPS_Counter_backup, %object
 135              		.size	FPS_Counter_backup, 6
 136              	FPS_Counter_backup:
 137 0000 00000000 		.space	6
 137      0000
 138 0006 0000     		.text
 139              	.Letext0:
 140              		.file 2 ".\\Generated_Source\\PSoC5\\cytypes.h"
 141              		.file 3 ".\\Generated_Source\\PSoC5\\FPS_Counter.h"
 142              		.section	.debug_info,"",%progbits
 143              	.Ldebug_info0:
 144 0000 6B010000 		.4byte	0x16b
 145 0004 0400     		.2byte	0x4
 146 0006 00000000 		.4byte	.Ldebug_abbrev0
 147 000a 04       		.byte	0x4
 148 000b 01       		.uleb128 0x1
 149 000c 7E010000 		.4byte	.LASF27
 150 0010 01       		.byte	0x1
 151 0011 54010000 		.4byte	.LASF28
 152 0015 5B020000 		.4byte	.LASF29
 153 0019 00000000 		.4byte	.Ldebug_ranges0+0
 154 001d 00000000 		.4byte	0
 155 0021 00000000 		.4byte	.Ldebug_line0
 156 0025 02       		.uleb128 0x2
 157 0026 01       		.byte	0x1
 158 0027 06       		.byte	0x6
 159 0028 3C020000 		.4byte	.LASF0
 160 002c 02       		.uleb128 0x2
 161 002d 01       		.byte	0x1
 162 002e 08       		.byte	0x8
 163 002f AB000000 		.4byte	.LASF1
 164 0033 02       		.uleb128 0x2
 165 0034 02       		.byte	0x2
 166 0035 05       		.byte	0x5
 167 0036 DD000000 		.4byte	.LASF2
 168 003a 02       		.uleb128 0x2
 169 003b 02       		.byte	0x2
 170 003c 07       		.byte	0x7
 171 003d 59000000 		.4byte	.LASF3
 172 0041 02       		.uleb128 0x2
 173 0042 04       		.byte	0x4
 174 0043 05       		.byte	0x5
 175 0044 50000000 		.4byte	.LASF4
 176 0048 02       		.uleb128 0x2
 177 0049 04       		.byte	0x4
 178 004a 07       		.byte	0x7
 179 004b BE000000 		.4byte	.LASF5
 180 004f 02       		.uleb128 0x2
 181 0050 08       		.byte	0x8
 182 0051 05       		.byte	0x5
 183 0052 41010000 		.4byte	.LASF6
 184 0056 02       		.uleb128 0x2
ARM GAS  C:\Users\User\AppData\Local\Temp\ccwyksEQ.s 			page 7


 185 0057 08       		.byte	0x8
 186 0058 07       		.byte	0x7
 187 0059 FB000000 		.4byte	.LASF7
 188 005d 03       		.uleb128 0x3
 189 005e 04       		.byte	0x4
 190 005f 05       		.byte	0x5
 191 0060 696E7400 		.ascii	"int\000"
 192 0064 02       		.uleb128 0x2
 193 0065 04       		.byte	0x4
 194 0066 07       		.byte	0x7
 195 0067 EE000000 		.4byte	.LASF8
 196 006b 04       		.uleb128 0x4
 197 006c D0000000 		.4byte	.LASF9
 198 0070 02       		.byte	0x2
 199 0071 9201     		.2byte	0x192
 200 0073 2C000000 		.4byte	0x2c
 201 0077 04       		.uleb128 0x4
 202 0078 E7000000 		.4byte	.LASF10
 203 007c 02       		.byte	0x2
 204 007d 9301     		.2byte	0x193
 205 007f 3A000000 		.4byte	0x3a
 206 0083 02       		.uleb128 0x2
 207 0084 04       		.byte	0x4
 208 0085 04       		.byte	0x4
 209 0086 A5000000 		.4byte	.LASF11
 210 008a 02       		.uleb128 0x2
 211 008b 08       		.byte	0x8
 212 008c 04       		.byte	0x4
 213 008d D6000000 		.4byte	.LASF12
 214 0091 02       		.uleb128 0x2
 215 0092 01       		.byte	0x1
 216 0093 08       		.byte	0x8
 217 0094 4F010000 		.4byte	.LASF13
 218 0098 04       		.uleb128 0x4
 219 0099 B9000000 		.4byte	.LASF14
 220 009d 02       		.byte	0x2
 221 009e 3C02     		.2byte	0x23c
 222 00a0 A4000000 		.4byte	0xa4
 223 00a4 05       		.uleb128 0x5
 224 00a5 6B000000 		.4byte	0x6b
 225 00a9 02       		.uleb128 0x2
 226 00aa 08       		.byte	0x8
 227 00ab 04       		.byte	0x4
 228 00ac 30020000 		.4byte	.LASF15
 229 00b0 02       		.uleb128 0x2
 230 00b1 04       		.byte	0x4
 231 00b2 07       		.byte	0x7
 232 00b3 25010000 		.4byte	.LASF16
 233 00b7 06       		.uleb128 0x6
 234 00b8 06       		.byte	0x6
 235 00b9 03       		.byte	0x3
 236 00ba 40       		.byte	0x40
 237 00bb E4000000 		.4byte	0xe4
 238 00bf 07       		.uleb128 0x7
 239 00c0 2E010000 		.4byte	.LASF17
 240 00c4 03       		.byte	0x3
 241 00c5 42       		.byte	0x42
ARM GAS  C:\Users\User\AppData\Local\Temp\ccwyksEQ.s 			page 8


 242 00c6 6B000000 		.4byte	0x6b
 243 00ca 00       		.byte	0
 244 00cb 07       		.uleb128 0x7
 245 00cc 6C000000 		.4byte	.LASF18
 246 00d0 03       		.byte	0x3
 247 00d1 43       		.byte	0x43
 248 00d2 77000000 		.4byte	0x77
 249 00d6 02       		.byte	0x2
 250 00d7 07       		.uleb128 0x7
 251 00d8 8E000000 		.4byte	.LASF19
 252 00dc 03       		.byte	0x3
 253 00dd 46       		.byte	0x46
 254 00de 6B000000 		.4byte	0x6b
 255 00e2 04       		.byte	0x4
 256 00e3 00       		.byte	0
 257 00e4 08       		.uleb128 0x8
 258 00e5 17020000 		.4byte	.LASF20
 259 00e9 03       		.byte	0x3
 260 00ea 49       		.byte	0x49
 261 00eb B7000000 		.4byte	0xb7
 262 00ef 09       		.uleb128 0x9
 263 00f0 77000000 		.4byte	.LASF21
 264 00f4 01       		.byte	0x1
 265 00f5 2A       		.byte	0x2a
 266 00f6 00000000 		.4byte	.LFB0
 267 00fa 02000000 		.4byte	.LFE0-.LFB0
 268 00fe 01       		.uleb128 0x1
 269 00ff 9C       		.byte	0x9c
 270 0100 09       		.uleb128 0x9
 271 0101 36000000 		.4byte	.LASF22
 272 0105 01       		.byte	0x1
 273 0106 4A       		.byte	0x4a
 274 0107 00000000 		.4byte	.LFB1
 275 010b 02000000 		.4byte	.LFE1-.LFB1
 276 010f 01       		.uleb128 0x1
 277 0110 9C       		.byte	0x9c
 278 0111 0A       		.uleb128 0xa
 279 0112 11000000 		.4byte	.LASF23
 280 0116 01       		.byte	0x1
 281 0117 69       		.byte	0x69
 282 0118 00000000 		.4byte	.LFB2
 283 011c 28000000 		.4byte	.LFE2-.LFB2
 284 0120 01       		.uleb128 0x1
 285 0121 9C       		.byte	0x9c
 286 0122 30010000 		.4byte	0x130
 287 0126 0B       		.uleb128 0xb
 288 0127 1E000000 		.4byte	.LVL0
 289 012b 60010000 		.4byte	0x160
 290 012f 00       		.byte	0
 291 0130 0A       		.uleb128 0xa
 292 0131 23000000 		.4byte	.LASF24
 293 0135 01       		.byte	0x1
 294 0136 96       		.byte	0x96
 295 0137 00000000 		.4byte	.LFB3
 296 013b 14000000 		.4byte	.LFE3-.LFB3
 297 013f 01       		.uleb128 0x1
 298 0140 9C       		.byte	0x9c
ARM GAS  C:\Users\User\AppData\Local\Temp\ccwyksEQ.s 			page 9


 299 0141 4F010000 		.4byte	0x14f
 300 0145 0B       		.uleb128 0xb
 301 0146 0E000000 		.4byte	.LVL1
 302 014a 67010000 		.4byte	0x167
 303 014e 00       		.byte	0
 304 014f 0C       		.uleb128 0xc
 305 0150 48020000 		.4byte	.LASF30
 306 0154 01       		.byte	0x1
 307 0155 15       		.byte	0x15
 308 0156 E4000000 		.4byte	0xe4
 309 015a 05       		.uleb128 0x5
 310 015b 03       		.byte	0x3
 311 015c 00000000 		.4byte	FPS_Counter_backup
 312 0160 0D       		.uleb128 0xd
 313 0161 00000000 		.4byte	.LASF25
 314 0165 03       		.byte	0x3
 315 0166 50       		.byte	0x50
 316 0167 0D       		.uleb128 0xd
 317 0168 12010000 		.4byte	.LASF26
 318 016c 03       		.byte	0x3
 319 016d 71       		.byte	0x71
 320 016e 00       		.byte	0
 321              		.section	.debug_abbrev,"",%progbits
 322              	.Ldebug_abbrev0:
 323 0000 01       		.uleb128 0x1
 324 0001 11       		.uleb128 0x11
 325 0002 01       		.byte	0x1
 326 0003 25       		.uleb128 0x25
 327 0004 0E       		.uleb128 0xe
 328 0005 13       		.uleb128 0x13
 329 0006 0B       		.uleb128 0xb
 330 0007 03       		.uleb128 0x3
 331 0008 0E       		.uleb128 0xe
 332 0009 1B       		.uleb128 0x1b
 333 000a 0E       		.uleb128 0xe
 334 000b 55       		.uleb128 0x55
 335 000c 17       		.uleb128 0x17
 336 000d 11       		.uleb128 0x11
 337 000e 01       		.uleb128 0x1
 338 000f 10       		.uleb128 0x10
 339 0010 17       		.uleb128 0x17
 340 0011 00       		.byte	0
 341 0012 00       		.byte	0
 342 0013 02       		.uleb128 0x2
 343 0014 24       		.uleb128 0x24
 344 0015 00       		.byte	0
 345 0016 0B       		.uleb128 0xb
 346 0017 0B       		.uleb128 0xb
 347 0018 3E       		.uleb128 0x3e
 348 0019 0B       		.uleb128 0xb
 349 001a 03       		.uleb128 0x3
 350 001b 0E       		.uleb128 0xe
 351 001c 00       		.byte	0
 352 001d 00       		.byte	0
 353 001e 03       		.uleb128 0x3
 354 001f 24       		.uleb128 0x24
 355 0020 00       		.byte	0
ARM GAS  C:\Users\User\AppData\Local\Temp\ccwyksEQ.s 			page 10


 356 0021 0B       		.uleb128 0xb
 357 0022 0B       		.uleb128 0xb
 358 0023 3E       		.uleb128 0x3e
 359 0024 0B       		.uleb128 0xb
 360 0025 03       		.uleb128 0x3
 361 0026 08       		.uleb128 0x8
 362 0027 00       		.byte	0
 363 0028 00       		.byte	0
 364 0029 04       		.uleb128 0x4
 365 002a 16       		.uleb128 0x16
 366 002b 00       		.byte	0
 367 002c 03       		.uleb128 0x3
 368 002d 0E       		.uleb128 0xe
 369 002e 3A       		.uleb128 0x3a
 370 002f 0B       		.uleb128 0xb
 371 0030 3B       		.uleb128 0x3b
 372 0031 05       		.uleb128 0x5
 373 0032 49       		.uleb128 0x49
 374 0033 13       		.uleb128 0x13
 375 0034 00       		.byte	0
 376 0035 00       		.byte	0
 377 0036 05       		.uleb128 0x5
 378 0037 35       		.uleb128 0x35
 379 0038 00       		.byte	0
 380 0039 49       		.uleb128 0x49
 381 003a 13       		.uleb128 0x13
 382 003b 00       		.byte	0
 383 003c 00       		.byte	0
 384 003d 06       		.uleb128 0x6
 385 003e 13       		.uleb128 0x13
 386 003f 01       		.byte	0x1
 387 0040 0B       		.uleb128 0xb
 388 0041 0B       		.uleb128 0xb
 389 0042 3A       		.uleb128 0x3a
 390 0043 0B       		.uleb128 0xb
 391 0044 3B       		.uleb128 0x3b
 392 0045 0B       		.uleb128 0xb
 393 0046 01       		.uleb128 0x1
 394 0047 13       		.uleb128 0x13
 395 0048 00       		.byte	0
 396 0049 00       		.byte	0
 397 004a 07       		.uleb128 0x7
 398 004b 0D       		.uleb128 0xd
 399 004c 00       		.byte	0
 400 004d 03       		.uleb128 0x3
 401 004e 0E       		.uleb128 0xe
 402 004f 3A       		.uleb128 0x3a
 403 0050 0B       		.uleb128 0xb
 404 0051 3B       		.uleb128 0x3b
 405 0052 0B       		.uleb128 0xb
 406 0053 49       		.uleb128 0x49
 407 0054 13       		.uleb128 0x13
 408 0055 38       		.uleb128 0x38
 409 0056 0B       		.uleb128 0xb
 410 0057 00       		.byte	0
 411 0058 00       		.byte	0
 412 0059 08       		.uleb128 0x8
ARM GAS  C:\Users\User\AppData\Local\Temp\ccwyksEQ.s 			page 11


 413 005a 16       		.uleb128 0x16
 414 005b 00       		.byte	0
 415 005c 03       		.uleb128 0x3
 416 005d 0E       		.uleb128 0xe
 417 005e 3A       		.uleb128 0x3a
 418 005f 0B       		.uleb128 0xb
 419 0060 3B       		.uleb128 0x3b
 420 0061 0B       		.uleb128 0xb
 421 0062 49       		.uleb128 0x49
 422 0063 13       		.uleb128 0x13
 423 0064 00       		.byte	0
 424 0065 00       		.byte	0
 425 0066 09       		.uleb128 0x9
 426 0067 2E       		.uleb128 0x2e
 427 0068 00       		.byte	0
 428 0069 3F       		.uleb128 0x3f
 429 006a 19       		.uleb128 0x19
 430 006b 03       		.uleb128 0x3
 431 006c 0E       		.uleb128 0xe
 432 006d 3A       		.uleb128 0x3a
 433 006e 0B       		.uleb128 0xb
 434 006f 3B       		.uleb128 0x3b
 435 0070 0B       		.uleb128 0xb
 436 0071 27       		.uleb128 0x27
 437 0072 19       		.uleb128 0x19
 438 0073 11       		.uleb128 0x11
 439 0074 01       		.uleb128 0x1
 440 0075 12       		.uleb128 0x12
 441 0076 06       		.uleb128 0x6
 442 0077 40       		.uleb128 0x40
 443 0078 18       		.uleb128 0x18
 444 0079 9742     		.uleb128 0x2117
 445 007b 19       		.uleb128 0x19
 446 007c 00       		.byte	0
 447 007d 00       		.byte	0
 448 007e 0A       		.uleb128 0xa
 449 007f 2E       		.uleb128 0x2e
 450 0080 01       		.byte	0x1
 451 0081 3F       		.uleb128 0x3f
 452 0082 19       		.uleb128 0x19
 453 0083 03       		.uleb128 0x3
 454 0084 0E       		.uleb128 0xe
 455 0085 3A       		.uleb128 0x3a
 456 0086 0B       		.uleb128 0xb
 457 0087 3B       		.uleb128 0x3b
 458 0088 0B       		.uleb128 0xb
 459 0089 27       		.uleb128 0x27
 460 008a 19       		.uleb128 0x19
 461 008b 11       		.uleb128 0x11
 462 008c 01       		.uleb128 0x1
 463 008d 12       		.uleb128 0x12
 464 008e 06       		.uleb128 0x6
 465 008f 40       		.uleb128 0x40
 466 0090 18       		.uleb128 0x18
 467 0091 9742     		.uleb128 0x2117
 468 0093 19       		.uleb128 0x19
 469 0094 01       		.uleb128 0x1
ARM GAS  C:\Users\User\AppData\Local\Temp\ccwyksEQ.s 			page 12


 470 0095 13       		.uleb128 0x13
 471 0096 00       		.byte	0
 472 0097 00       		.byte	0
 473 0098 0B       		.uleb128 0xb
 474 0099 898201   		.uleb128 0x4109
 475 009c 00       		.byte	0
 476 009d 11       		.uleb128 0x11
 477 009e 01       		.uleb128 0x1
 478 009f 31       		.uleb128 0x31
 479 00a0 13       		.uleb128 0x13
 480 00a1 00       		.byte	0
 481 00a2 00       		.byte	0
 482 00a3 0C       		.uleb128 0xc
 483 00a4 34       		.uleb128 0x34
 484 00a5 00       		.byte	0
 485 00a6 03       		.uleb128 0x3
 486 00a7 0E       		.uleb128 0xe
 487 00a8 3A       		.uleb128 0x3a
 488 00a9 0B       		.uleb128 0xb
 489 00aa 3B       		.uleb128 0x3b
 490 00ab 0B       		.uleb128 0xb
 491 00ac 49       		.uleb128 0x49
 492 00ad 13       		.uleb128 0x13
 493 00ae 02       		.uleb128 0x2
 494 00af 18       		.uleb128 0x18
 495 00b0 00       		.byte	0
 496 00b1 00       		.byte	0
 497 00b2 0D       		.uleb128 0xd
 498 00b3 2E       		.uleb128 0x2e
 499 00b4 00       		.byte	0
 500 00b5 3F       		.uleb128 0x3f
 501 00b6 19       		.uleb128 0x19
 502 00b7 03       		.uleb128 0x3
 503 00b8 0E       		.uleb128 0xe
 504 00b9 3A       		.uleb128 0x3a
 505 00ba 0B       		.uleb128 0xb
 506 00bb 3B       		.uleb128 0x3b
 507 00bc 0B       		.uleb128 0xb
 508 00bd 27       		.uleb128 0x27
 509 00be 19       		.uleb128 0x19
 510 00bf 3C       		.uleb128 0x3c
 511 00c0 19       		.uleb128 0x19
 512 00c1 00       		.byte	0
 513 00c2 00       		.byte	0
 514 00c3 00       		.byte	0
 515              		.section	.debug_aranges,"",%progbits
 516 0000 34000000 		.4byte	0x34
 517 0004 0200     		.2byte	0x2
 518 0006 00000000 		.4byte	.Ldebug_info0
 519 000a 04       		.byte	0x4
 520 000b 00       		.byte	0
 521 000c 0000     		.2byte	0
 522 000e 0000     		.2byte	0
 523 0010 00000000 		.4byte	.LFB0
 524 0014 02000000 		.4byte	.LFE0-.LFB0
 525 0018 00000000 		.4byte	.LFB1
 526 001c 02000000 		.4byte	.LFE1-.LFB1
ARM GAS  C:\Users\User\AppData\Local\Temp\ccwyksEQ.s 			page 13


 527 0020 00000000 		.4byte	.LFB2
 528 0024 28000000 		.4byte	.LFE2-.LFB2
 529 0028 00000000 		.4byte	.LFB3
 530 002c 14000000 		.4byte	.LFE3-.LFB3
 531 0030 00000000 		.4byte	0
 532 0034 00000000 		.4byte	0
 533              		.section	.debug_ranges,"",%progbits
 534              	.Ldebug_ranges0:
 535 0000 00000000 		.4byte	.LFB0
 536 0004 02000000 		.4byte	.LFE0
 537 0008 00000000 		.4byte	.LFB1
 538 000c 02000000 		.4byte	.LFE1
 539 0010 00000000 		.4byte	.LFB2
 540 0014 28000000 		.4byte	.LFE2
 541 0018 00000000 		.4byte	.LFB3
 542 001c 14000000 		.4byte	.LFE3
 543 0020 00000000 		.4byte	0
 544 0024 00000000 		.4byte	0
 545              		.section	.debug_line,"",%progbits
 546              	.Ldebug_line0:
 547 0000 AC000000 		.section	.debug_str,"MS",%progbits,1
 547      02005E00 
 547      00000201 
 547      FB0E0D00 
 547      01010101 
 548              	.LASF25:
 549 0000 4650535F 		.ascii	"FPS_Counter_Stop\000"
 549      436F756E 
 549      7465725F 
 549      53746F70 
 549      00
 550              	.LASF23:
 551 0011 4650535F 		.ascii	"FPS_Counter_Sleep\000"
 551      436F756E 
 551      7465725F 
 551      536C6565 
 551      7000
 552              	.LASF24:
 553 0023 4650535F 		.ascii	"FPS_Counter_Wakeup\000"
 553      436F756E 
 553      7465725F 
 553      57616B65 
 553      757000
 554              	.LASF22:
 555 0036 4650535F 		.ascii	"FPS_Counter_RestoreConfig\000"
 555      436F756E 
 555      7465725F 
 555      52657374 
 555      6F726543 
 556              	.LASF4:
 557 0050 6C6F6E67 		.ascii	"long int\000"
 557      20696E74 
 557      00
 558              	.LASF3:
 559 0059 73686F72 		.ascii	"short unsigned int\000"
 559      7420756E 
 559      7369676E 
ARM GAS  C:\Users\User\AppData\Local\Temp\ccwyksEQ.s 			page 14


 559      65642069 
 559      6E7400
 560              	.LASF18:
 561 006c 436F756E 		.ascii	"CounterUdb\000"
 561      74657255 
 561      646200
 562              	.LASF21:
 563 0077 4650535F 		.ascii	"FPS_Counter_SaveConfig\000"
 563      436F756E 
 563      7465725F 
 563      53617665 
 563      436F6E66 
 564              	.LASF19:
 565 008e 436F756E 		.ascii	"CounterControlRegister\000"
 565      74657243 
 565      6F6E7472 
 565      6F6C5265 
 565      67697374 
 566              	.LASF11:
 567 00a5 666C6F61 		.ascii	"float\000"
 567      7400
 568              	.LASF1:
 569 00ab 756E7369 		.ascii	"unsigned char\000"
 569      676E6564 
 569      20636861 
 569      7200
 570              	.LASF14:
 571 00b9 72656738 		.ascii	"reg8\000"
 571      00
 572              	.LASF5:
 573 00be 6C6F6E67 		.ascii	"long unsigned int\000"
 573      20756E73 
 573      69676E65 
 573      6420696E 
 573      7400
 574              	.LASF9:
 575 00d0 75696E74 		.ascii	"uint8\000"
 575      3800
 576              	.LASF12:
 577 00d6 646F7562 		.ascii	"double\000"
 577      6C6500
 578              	.LASF2:
 579 00dd 73686F72 		.ascii	"short int\000"
 579      7420696E 
 579      7400
 580              	.LASF10:
 581 00e7 75696E74 		.ascii	"uint16\000"
 581      313600
 582              	.LASF8:
 583 00ee 756E7369 		.ascii	"unsigned int\000"
 583      676E6564 
 583      20696E74 
 583      00
 584              	.LASF7:
 585 00fb 6C6F6E67 		.ascii	"long long unsigned int\000"
 585      206C6F6E 
 585      6720756E 
ARM GAS  C:\Users\User\AppData\Local\Temp\ccwyksEQ.s 			page 15


 585      7369676E 
 585      65642069 
 586              	.LASF26:
 587 0112 4650535F 		.ascii	"FPS_Counter_Enable\000"
 587      436F756E 
 587      7465725F 
 587      456E6162 
 587      6C6500
 588              	.LASF16:
 589 0125 73697A65 		.ascii	"sizetype\000"
 589      74797065 
 589      00
 590              	.LASF17:
 591 012e 436F756E 		.ascii	"CounterEnableState\000"
 591      74657245 
 591      6E61626C 
 591      65537461 
 591      746500
 592              	.LASF6:
 593 0141 6C6F6E67 		.ascii	"long long int\000"
 593      206C6F6E 
 593      6720696E 
 593      7400
 594              	.LASF13:
 595 014f 63686172 		.ascii	"char\000"
 595      00
 596              	.LASF28:
 597 0154 2E5C4765 		.ascii	".\\Generated_Source\\PSoC5\\FPS_Counter_PM.c\000"
 597      6E657261 
 597      7465645F 
 597      536F7572 
 597      63655C50 
 598              	.LASF27:
 599 017e 474E5520 		.ascii	"GNU C 4.9.3 20150303 (release) [ARM/embedded-4_9-br"
 599      4320342E 
 599      392E3320 
 599      32303135 
 599      30333033 
 600 01b1 616E6368 		.ascii	"anch revision 221220] -mcpu=cortex-m3 -mthumb -g -O"
 600      20726576 
 600      6973696F 
 600      6E203232 
 600      31323230 
 601 01e4 67202D73 		.ascii	"g -std=gnu11 -ffunction-sections -ffat-lto-objects\000"
 601      74643D67 
 601      6E753131 
 601      202D6666 
 601      756E6374 
 602              	.LASF20:
 603 0217 4650535F 		.ascii	"FPS_Counter_backupStruct\000"
 603      436F756E 
 603      7465725F 
 603      6261636B 
 603      75705374 
 604              	.LASF15:
 605 0230 6C6F6E67 		.ascii	"long double\000"
 605      20646F75 
ARM GAS  C:\Users\User\AppData\Local\Temp\ccwyksEQ.s 			page 16


 605      626C6500 
 606              	.LASF0:
 607 023c 7369676E 		.ascii	"signed char\000"
 607      65642063 
 607      68617200 
 608              	.LASF30:
 609 0248 4650535F 		.ascii	"FPS_Counter_backup\000"
 609      436F756E 
 609      7465725F 
 609      6261636B 
 609      757000
 610              	.LASF29:
 611 025b 433A5C55 		.ascii	"C:\\Users\\User\\Documents\\MIT 6.115\\finalproject"
 611      73657273 
 611      5C557365 
 611      725C446F 
 611      63756D65 
 612 0289 5C66696E 		.ascii	"\\finalproject\\GuitarHero.cydsn\000"
 612      616C7072 
 612      6F6A6563 
 612      745C4775 
 612      69746172 
 613              		.ident	"GCC: (GNU Tools for ARM Embedded Processors) 4.9.3 20150303 (release) [ARM/embedded-4_9-br
