ARM GAS  C:\Users\User\AppData\Local\Temp\cckCL1WM.s 			page 1


   1              		.syntax unified
   2              		.cpu cortex-m3
   3              		.fpu softvfp
   4              		.eabi_attribute 20, 1
   5              		.eabi_attribute 21, 1
   6              		.eabi_attribute 23, 3
   7              		.eabi_attribute 24, 1
   8              		.eabi_attribute 25, 1
   9              		.eabi_attribute 26, 1
  10              		.eabi_attribute 30, 1
  11              		.eabi_attribute 34, 1
  12              		.eabi_attribute 18, 4
  13              		.thumb
  14              		.file	"FPS_Counter.c"
  15              		.text
  16              	.Ltext0:
  17              		.cfi_sections	.debug_frame
  18              		.section	.text.FPS_Counter_Enable,"ax",%progbits
  19              		.align	2
  20              		.global	FPS_Counter_Enable
  21              		.thumb
  22              		.thumb_func
  23              		.type	FPS_Counter_Enable, %function
  24              	FPS_Counter_Enable:
  25              	.LFB1:
  26              		.file 1 ".\\Generated_Source\\PSoC5\\FPS_Counter.c"
   1:.\Generated_Source\PSoC5/FPS_Counter.c **** /*******************************************************************************
   2:.\Generated_Source\PSoC5/FPS_Counter.c **** * File Name: FPS_Counter.c  
   3:.\Generated_Source\PSoC5/FPS_Counter.c **** * Version 3.0
   4:.\Generated_Source\PSoC5/FPS_Counter.c **** *
   5:.\Generated_Source\PSoC5/FPS_Counter.c **** *  Description:
   6:.\Generated_Source\PSoC5/FPS_Counter.c **** *     The Counter component consists of a 8, 16, 24 or 32-bit counter with
   7:.\Generated_Source\PSoC5/FPS_Counter.c **** *     a selectable period between 2 and 2^Width - 1.  
   8:.\Generated_Source\PSoC5/FPS_Counter.c **** *
   9:.\Generated_Source\PSoC5/FPS_Counter.c **** *   Note:
  10:.\Generated_Source\PSoC5/FPS_Counter.c **** *     None
  11:.\Generated_Source\PSoC5/FPS_Counter.c **** *
  12:.\Generated_Source\PSoC5/FPS_Counter.c **** ********************************************************************************
  13:.\Generated_Source\PSoC5/FPS_Counter.c **** * Copyright 2008-2012, Cypress Semiconductor Corporation.  All rights reserved.
  14:.\Generated_Source\PSoC5/FPS_Counter.c **** * You may use this file only in accordance with the license, terms, conditions, 
  15:.\Generated_Source\PSoC5/FPS_Counter.c **** * disclaimers, and limitations in the end user license agreement accompanying 
  16:.\Generated_Source\PSoC5/FPS_Counter.c **** * the software package with which this file was provided.
  17:.\Generated_Source\PSoC5/FPS_Counter.c **** *******************************************************************************/
  18:.\Generated_Source\PSoC5/FPS_Counter.c **** 
  19:.\Generated_Source\PSoC5/FPS_Counter.c **** #include "FPS_Counter.h"
  20:.\Generated_Source\PSoC5/FPS_Counter.c **** 
  21:.\Generated_Source\PSoC5/FPS_Counter.c **** uint8 FPS_Counter_initVar = 0u;
  22:.\Generated_Source\PSoC5/FPS_Counter.c **** 
  23:.\Generated_Source\PSoC5/FPS_Counter.c **** 
  24:.\Generated_Source\PSoC5/FPS_Counter.c **** /*******************************************************************************
  25:.\Generated_Source\PSoC5/FPS_Counter.c **** * Function Name: FPS_Counter_Init
  26:.\Generated_Source\PSoC5/FPS_Counter.c **** ********************************************************************************
  27:.\Generated_Source\PSoC5/FPS_Counter.c **** * Summary:
  28:.\Generated_Source\PSoC5/FPS_Counter.c **** *     Initialize to the schematic state
  29:.\Generated_Source\PSoC5/FPS_Counter.c **** * 
  30:.\Generated_Source\PSoC5/FPS_Counter.c **** * Parameters:  
  31:.\Generated_Source\PSoC5/FPS_Counter.c **** *  void  
ARM GAS  C:\Users\User\AppData\Local\Temp\cckCL1WM.s 			page 2


  32:.\Generated_Source\PSoC5/FPS_Counter.c **** *
  33:.\Generated_Source\PSoC5/FPS_Counter.c **** * Return: 
  34:.\Generated_Source\PSoC5/FPS_Counter.c **** *  void
  35:.\Generated_Source\PSoC5/FPS_Counter.c **** *
  36:.\Generated_Source\PSoC5/FPS_Counter.c **** *******************************************************************************/
  37:.\Generated_Source\PSoC5/FPS_Counter.c **** void FPS_Counter_Init(void) 
  38:.\Generated_Source\PSoC5/FPS_Counter.c **** {
  39:.\Generated_Source\PSoC5/FPS_Counter.c ****         #if (!FPS_Counter_UsingFixedFunction && !FPS_Counter_ControlRegRemoved)
  40:.\Generated_Source\PSoC5/FPS_Counter.c ****             uint8 ctrl;
  41:.\Generated_Source\PSoC5/FPS_Counter.c ****         #endif /* (!FPS_Counter_UsingFixedFunction && !FPS_Counter_ControlRegRemoved) */
  42:.\Generated_Source\PSoC5/FPS_Counter.c ****         
  43:.\Generated_Source\PSoC5/FPS_Counter.c ****         #if(!FPS_Counter_UsingFixedFunction) 
  44:.\Generated_Source\PSoC5/FPS_Counter.c ****             /* Interrupt State Backup for Critical Region*/
  45:.\Generated_Source\PSoC5/FPS_Counter.c ****             uint8 FPS_Counter_interruptState;
  46:.\Generated_Source\PSoC5/FPS_Counter.c ****         #endif /* (!FPS_Counter_UsingFixedFunction) */
  47:.\Generated_Source\PSoC5/FPS_Counter.c ****         
  48:.\Generated_Source\PSoC5/FPS_Counter.c ****         #if (FPS_Counter_UsingFixedFunction)
  49:.\Generated_Source\PSoC5/FPS_Counter.c ****             /* Clear all bits but the enable bit (if it's already set for Timer operation */
  50:.\Generated_Source\PSoC5/FPS_Counter.c ****             FPS_Counter_CONTROL &= FPS_Counter_CTRL_ENABLE;
  51:.\Generated_Source\PSoC5/FPS_Counter.c ****             
  52:.\Generated_Source\PSoC5/FPS_Counter.c ****             /* Clear the mode bits for continuous run mode */
  53:.\Generated_Source\PSoC5/FPS_Counter.c ****             #if (CY_PSOC5A)
  54:.\Generated_Source\PSoC5/FPS_Counter.c ****                 FPS_Counter_CONTROL2 &= ((uint8)(~FPS_Counter_CTRL_MODE_MASK));
  55:.\Generated_Source\PSoC5/FPS_Counter.c ****             #endif /* (CY_PSOC5A) */
  56:.\Generated_Source\PSoC5/FPS_Counter.c ****             #if (CY_PSOC3 || CY_PSOC5LP)
  57:.\Generated_Source\PSoC5/FPS_Counter.c ****                 FPS_Counter_CONTROL3 &= ((uint8)(~FPS_Counter_CTRL_MODE_MASK));                
  58:.\Generated_Source\PSoC5/FPS_Counter.c ****             #endif /* (CY_PSOC3 || CY_PSOC5LP) */
  59:.\Generated_Source\PSoC5/FPS_Counter.c ****             /* Check if One Shot mode is enabled i.e. RunMode !=0*/
  60:.\Generated_Source\PSoC5/FPS_Counter.c ****             #if (FPS_Counter_RunModeUsed != 0x0u)
  61:.\Generated_Source\PSoC5/FPS_Counter.c ****                 /* Set 3rd bit of Control register to enable one shot mode */
  62:.\Generated_Source\PSoC5/FPS_Counter.c ****                 FPS_Counter_CONTROL |= FPS_Counter_ONESHOT;
  63:.\Generated_Source\PSoC5/FPS_Counter.c ****             #endif /* (FPS_Counter_RunModeUsed != 0x0u) */
  64:.\Generated_Source\PSoC5/FPS_Counter.c ****             
  65:.\Generated_Source\PSoC5/FPS_Counter.c ****             /* Set the IRQ to use the status register interrupts */
  66:.\Generated_Source\PSoC5/FPS_Counter.c ****             FPS_Counter_CONTROL2 |= FPS_Counter_CTRL2_IRQ_SEL;
  67:.\Generated_Source\PSoC5/FPS_Counter.c ****             
  68:.\Generated_Source\PSoC5/FPS_Counter.c ****             /* Clear and Set SYNCTC and SYNCCMP bits of RT1 register */
  69:.\Generated_Source\PSoC5/FPS_Counter.c ****             FPS_Counter_RT1 &= ((uint8)(~FPS_Counter_RT1_MASK));
  70:.\Generated_Source\PSoC5/FPS_Counter.c ****             FPS_Counter_RT1 |= FPS_Counter_SYNC;     
  71:.\Generated_Source\PSoC5/FPS_Counter.c ****                     
  72:.\Generated_Source\PSoC5/FPS_Counter.c ****             /*Enable DSI Sync all all inputs of the Timer*/
  73:.\Generated_Source\PSoC5/FPS_Counter.c ****             FPS_Counter_RT1 &= ((uint8)(~FPS_Counter_SYNCDSI_MASK));
  74:.\Generated_Source\PSoC5/FPS_Counter.c ****             FPS_Counter_RT1 |= FPS_Counter_SYNCDSI_EN;
  75:.\Generated_Source\PSoC5/FPS_Counter.c **** 
  76:.\Generated_Source\PSoC5/FPS_Counter.c ****         #else
  77:.\Generated_Source\PSoC5/FPS_Counter.c ****             #if(!FPS_Counter_ControlRegRemoved)
  78:.\Generated_Source\PSoC5/FPS_Counter.c ****             /* Set the default compare mode defined in the parameter */
  79:.\Generated_Source\PSoC5/FPS_Counter.c ****             ctrl = FPS_Counter_CONTROL & ((uint8)(~FPS_Counter_CTRL_CMPMODE_MASK));
  80:.\Generated_Source\PSoC5/FPS_Counter.c ****             FPS_Counter_CONTROL = ctrl | FPS_Counter_DEFAULT_COMPARE_MODE;
  81:.\Generated_Source\PSoC5/FPS_Counter.c ****             
  82:.\Generated_Source\PSoC5/FPS_Counter.c ****             /* Set the default capture mode defined in the parameter */
  83:.\Generated_Source\PSoC5/FPS_Counter.c ****             ctrl = FPS_Counter_CONTROL & ((uint8)(~FPS_Counter_CTRL_CAPMODE_MASK));
  84:.\Generated_Source\PSoC5/FPS_Counter.c ****             
  85:.\Generated_Source\PSoC5/FPS_Counter.c ****             #if( 0 != FPS_Counter_CAPTURE_MODE_CONF)
  86:.\Generated_Source\PSoC5/FPS_Counter.c ****                 FPS_Counter_CONTROL = ctrl | FPS_Counter_DEFAULT_CAPTURE_MODE;
  87:.\Generated_Source\PSoC5/FPS_Counter.c ****             #else
  88:.\Generated_Source\PSoC5/FPS_Counter.c ****                 FPS_Counter_CONTROL = ctrl;
ARM GAS  C:\Users\User\AppData\Local\Temp\cckCL1WM.s 			page 3


  89:.\Generated_Source\PSoC5/FPS_Counter.c ****             #endif /* 0 != FPS_Counter_CAPTURE_MODE */ 
  90:.\Generated_Source\PSoC5/FPS_Counter.c ****             
  91:.\Generated_Source\PSoC5/FPS_Counter.c ****             #endif /* (!FPS_Counter_ControlRegRemoved) */
  92:.\Generated_Source\PSoC5/FPS_Counter.c ****         #endif /* (FPS_Counter_UsingFixedFunction) */
  93:.\Generated_Source\PSoC5/FPS_Counter.c ****         
  94:.\Generated_Source\PSoC5/FPS_Counter.c ****         /* Clear all data in the FIFO's */
  95:.\Generated_Source\PSoC5/FPS_Counter.c ****         #if (!FPS_Counter_UsingFixedFunction)
  96:.\Generated_Source\PSoC5/FPS_Counter.c ****             FPS_Counter_ClearFIFO();
  97:.\Generated_Source\PSoC5/FPS_Counter.c ****         #endif /* (!FPS_Counter_UsingFixedFunction) */
  98:.\Generated_Source\PSoC5/FPS_Counter.c ****         
  99:.\Generated_Source\PSoC5/FPS_Counter.c ****         /* Set Initial values from Configuration */
 100:.\Generated_Source\PSoC5/FPS_Counter.c ****         FPS_Counter_WritePeriod(FPS_Counter_INIT_PERIOD_VALUE);
 101:.\Generated_Source\PSoC5/FPS_Counter.c ****         #if (!(FPS_Counter_UsingFixedFunction && (CY_PSOC5A)))
 102:.\Generated_Source\PSoC5/FPS_Counter.c ****             FPS_Counter_WriteCounter(FPS_Counter_INIT_COUNTER_VALUE);
 103:.\Generated_Source\PSoC5/FPS_Counter.c ****         #endif /* (!(FPS_Counter_UsingFixedFunction && (CY_PSOC5A))) */
 104:.\Generated_Source\PSoC5/FPS_Counter.c ****         FPS_Counter_SetInterruptMode(FPS_Counter_INIT_INTERRUPTS_MASK);
 105:.\Generated_Source\PSoC5/FPS_Counter.c ****         
 106:.\Generated_Source\PSoC5/FPS_Counter.c ****         #if (!FPS_Counter_UsingFixedFunction)
 107:.\Generated_Source\PSoC5/FPS_Counter.c ****             /* Read the status register to clear the unwanted interrupts */
 108:.\Generated_Source\PSoC5/FPS_Counter.c ****             (void)FPS_Counter_ReadStatusRegister();
 109:.\Generated_Source\PSoC5/FPS_Counter.c ****             /* Set the compare value (only available to non-fixed function implementation */
 110:.\Generated_Source\PSoC5/FPS_Counter.c ****             FPS_Counter_WriteCompare(FPS_Counter_INIT_COMPARE_VALUE);
 111:.\Generated_Source\PSoC5/FPS_Counter.c ****             /* Use the interrupt output of the status register for IRQ output */
 112:.\Generated_Source\PSoC5/FPS_Counter.c ****             
 113:.\Generated_Source\PSoC5/FPS_Counter.c ****             /* CyEnterCriticalRegion and CyExitCriticalRegion are used to mark following region cri
 114:.\Generated_Source\PSoC5/FPS_Counter.c ****             /* Enter Critical Region*/
 115:.\Generated_Source\PSoC5/FPS_Counter.c ****             FPS_Counter_interruptState = CyEnterCriticalSection();
 116:.\Generated_Source\PSoC5/FPS_Counter.c ****             
 117:.\Generated_Source\PSoC5/FPS_Counter.c ****             FPS_Counter_STATUS_AUX_CTRL |= FPS_Counter_STATUS_ACTL_INT_EN_MASK;
 118:.\Generated_Source\PSoC5/FPS_Counter.c ****             
 119:.\Generated_Source\PSoC5/FPS_Counter.c ****             /* Exit Critical Region*/
 120:.\Generated_Source\PSoC5/FPS_Counter.c ****             CyExitCriticalSection(FPS_Counter_interruptState);
 121:.\Generated_Source\PSoC5/FPS_Counter.c ****             
 122:.\Generated_Source\PSoC5/FPS_Counter.c ****         #endif /* (!FPS_Counter_UsingFixedFunction) */
 123:.\Generated_Source\PSoC5/FPS_Counter.c **** }
 124:.\Generated_Source\PSoC5/FPS_Counter.c **** 
 125:.\Generated_Source\PSoC5/FPS_Counter.c **** 
 126:.\Generated_Source\PSoC5/FPS_Counter.c **** /*******************************************************************************
 127:.\Generated_Source\PSoC5/FPS_Counter.c **** * Function Name: FPS_Counter_Enable
 128:.\Generated_Source\PSoC5/FPS_Counter.c **** ********************************************************************************
 129:.\Generated_Source\PSoC5/FPS_Counter.c **** * Summary:
 130:.\Generated_Source\PSoC5/FPS_Counter.c **** *     Enable the Counter
 131:.\Generated_Source\PSoC5/FPS_Counter.c **** * 
 132:.\Generated_Source\PSoC5/FPS_Counter.c **** * Parameters:  
 133:.\Generated_Source\PSoC5/FPS_Counter.c **** *  void  
 134:.\Generated_Source\PSoC5/FPS_Counter.c **** *
 135:.\Generated_Source\PSoC5/FPS_Counter.c **** * Return: 
 136:.\Generated_Source\PSoC5/FPS_Counter.c **** *  void
 137:.\Generated_Source\PSoC5/FPS_Counter.c **** *
 138:.\Generated_Source\PSoC5/FPS_Counter.c **** * Side Effects: 
 139:.\Generated_Source\PSoC5/FPS_Counter.c **** *   If the Enable mode is set to Hardware only then this function has no effect 
 140:.\Generated_Source\PSoC5/FPS_Counter.c **** *   on the operation of the counter.
 141:.\Generated_Source\PSoC5/FPS_Counter.c **** *
 142:.\Generated_Source\PSoC5/FPS_Counter.c **** *******************************************************************************/
 143:.\Generated_Source\PSoC5/FPS_Counter.c **** void FPS_Counter_Enable(void) 
 144:.\Generated_Source\PSoC5/FPS_Counter.c **** {
  27              		.loc 1 144 0
ARM GAS  C:\Users\User\AppData\Local\Temp\cckCL1WM.s 			page 4


  28              		.cfi_startproc
  29              		@ args = 0, pretend = 0, frame = 0
  30              		@ frame_needed = 0, uses_anonymous_args = 0
  31              		@ link register save eliminated.
 145:.\Generated_Source\PSoC5/FPS_Counter.c ****     /* Globally Enable the Fixed Function Block chosen */
 146:.\Generated_Source\PSoC5/FPS_Counter.c ****     #if (FPS_Counter_UsingFixedFunction)
 147:.\Generated_Source\PSoC5/FPS_Counter.c ****         FPS_Counter_GLOBAL_ENABLE |= FPS_Counter_BLOCK_EN_MASK;
  32              		.loc 1 147 0
  33 0000 084A     		ldr	r2, .L2
  34 0002 1378     		ldrb	r3, [r2]	@ zero_extendqisi2
  35 0004 43F00103 		orr	r3, r3, #1
  36 0008 1370     		strb	r3, [r2]
 148:.\Generated_Source\PSoC5/FPS_Counter.c ****         FPS_Counter_GLOBAL_STBY_ENABLE |= FPS_Counter_BLOCK_STBY_EN_MASK;
  37              		.loc 1 148 0
  38 000a 1032     		adds	r2, r2, #16
  39 000c 1378     		ldrb	r3, [r2]	@ zero_extendqisi2
  40 000e 43F00103 		orr	r3, r3, #1
  41 0012 1370     		strb	r3, [r2]
 149:.\Generated_Source\PSoC5/FPS_Counter.c ****     #endif /* (FPS_Counter_UsingFixedFunction) */  
 150:.\Generated_Source\PSoC5/FPS_Counter.c ****         
 151:.\Generated_Source\PSoC5/FPS_Counter.c ****     /* Enable the counter from the control register  */
 152:.\Generated_Source\PSoC5/FPS_Counter.c ****     /* If Fixed Function then make sure Mode is set correctly */
 153:.\Generated_Source\PSoC5/FPS_Counter.c ****     /* else make sure reset is clear */
 154:.\Generated_Source\PSoC5/FPS_Counter.c ****     #if(!FPS_Counter_ControlRegRemoved || FPS_Counter_UsingFixedFunction)
 155:.\Generated_Source\PSoC5/FPS_Counter.c ****         FPS_Counter_CONTROL |= FPS_Counter_CTRL_ENABLE;                
  42              		.loc 1 155 0
  43 0014 02F64D32 		addw	r2, r2, #2893
  44 0018 1378     		ldrb	r3, [r2]	@ zero_extendqisi2
  45 001a 43F00103 		orr	r3, r3, #1
  46 001e 1370     		strb	r3, [r2]
  47 0020 7047     		bx	lr
  48              	.L3:
  49 0022 00BF     		.align	2
  50              	.L2:
  51 0024 A3430040 		.word	1073759139
  52              		.cfi_endproc
  53              	.LFE1:
  54              		.size	FPS_Counter_Enable, .-FPS_Counter_Enable
  55              		.section	.text.FPS_Counter_Stop,"ax",%progbits
  56              		.align	2
  57              		.global	FPS_Counter_Stop
  58              		.thumb
  59              		.thumb_func
  60              		.type	FPS_Counter_Stop, %function
  61              	FPS_Counter_Stop:
  62              	.LFB3:
 156:.\Generated_Source\PSoC5/FPS_Counter.c ****     #endif /* (!FPS_Counter_ControlRegRemoved || FPS_Counter_UsingFixedFunction) */
 157:.\Generated_Source\PSoC5/FPS_Counter.c ****     
 158:.\Generated_Source\PSoC5/FPS_Counter.c **** }
 159:.\Generated_Source\PSoC5/FPS_Counter.c **** 
 160:.\Generated_Source\PSoC5/FPS_Counter.c **** 
 161:.\Generated_Source\PSoC5/FPS_Counter.c **** /*******************************************************************************
 162:.\Generated_Source\PSoC5/FPS_Counter.c **** * Function Name: FPS_Counter_Start
 163:.\Generated_Source\PSoC5/FPS_Counter.c **** ********************************************************************************
 164:.\Generated_Source\PSoC5/FPS_Counter.c **** * Summary:
 165:.\Generated_Source\PSoC5/FPS_Counter.c **** *  Enables the counter for operation 
 166:.\Generated_Source\PSoC5/FPS_Counter.c **** *
ARM GAS  C:\Users\User\AppData\Local\Temp\cckCL1WM.s 			page 5


 167:.\Generated_Source\PSoC5/FPS_Counter.c **** * Parameters:  
 168:.\Generated_Source\PSoC5/FPS_Counter.c **** *  void  
 169:.\Generated_Source\PSoC5/FPS_Counter.c **** *
 170:.\Generated_Source\PSoC5/FPS_Counter.c **** * Return: 
 171:.\Generated_Source\PSoC5/FPS_Counter.c **** *  void
 172:.\Generated_Source\PSoC5/FPS_Counter.c **** *
 173:.\Generated_Source\PSoC5/FPS_Counter.c **** * Global variables:
 174:.\Generated_Source\PSoC5/FPS_Counter.c **** *  FPS_Counter_initVar: Is modified when this function is called for the  
 175:.\Generated_Source\PSoC5/FPS_Counter.c **** *   first time. Is used to ensure that initialization happens only once.
 176:.\Generated_Source\PSoC5/FPS_Counter.c **** *
 177:.\Generated_Source\PSoC5/FPS_Counter.c **** *******************************************************************************/
 178:.\Generated_Source\PSoC5/FPS_Counter.c **** void FPS_Counter_Start(void) 
 179:.\Generated_Source\PSoC5/FPS_Counter.c **** {
 180:.\Generated_Source\PSoC5/FPS_Counter.c ****     if(FPS_Counter_initVar == 0u)
 181:.\Generated_Source\PSoC5/FPS_Counter.c ****     {
 182:.\Generated_Source\PSoC5/FPS_Counter.c ****         FPS_Counter_Init();
 183:.\Generated_Source\PSoC5/FPS_Counter.c ****         
 184:.\Generated_Source\PSoC5/FPS_Counter.c ****         FPS_Counter_initVar = 1u; /* Clear this bit for Initialization */        
 185:.\Generated_Source\PSoC5/FPS_Counter.c ****     }
 186:.\Generated_Source\PSoC5/FPS_Counter.c ****     
 187:.\Generated_Source\PSoC5/FPS_Counter.c ****     /* Enable the Counter */
 188:.\Generated_Source\PSoC5/FPS_Counter.c ****     FPS_Counter_Enable();        
 189:.\Generated_Source\PSoC5/FPS_Counter.c **** }
 190:.\Generated_Source\PSoC5/FPS_Counter.c **** 
 191:.\Generated_Source\PSoC5/FPS_Counter.c **** 
 192:.\Generated_Source\PSoC5/FPS_Counter.c **** /*******************************************************************************
 193:.\Generated_Source\PSoC5/FPS_Counter.c **** * Function Name: FPS_Counter_Stop
 194:.\Generated_Source\PSoC5/FPS_Counter.c **** ********************************************************************************
 195:.\Generated_Source\PSoC5/FPS_Counter.c **** * Summary:
 196:.\Generated_Source\PSoC5/FPS_Counter.c **** * Halts the counter, but does not change any modes or disable interrupts.
 197:.\Generated_Source\PSoC5/FPS_Counter.c **** *
 198:.\Generated_Source\PSoC5/FPS_Counter.c **** * Parameters:  
 199:.\Generated_Source\PSoC5/FPS_Counter.c **** *  void  
 200:.\Generated_Source\PSoC5/FPS_Counter.c **** *
 201:.\Generated_Source\PSoC5/FPS_Counter.c **** * Return: 
 202:.\Generated_Source\PSoC5/FPS_Counter.c **** *  void
 203:.\Generated_Source\PSoC5/FPS_Counter.c **** *
 204:.\Generated_Source\PSoC5/FPS_Counter.c **** * Side Effects: If the Enable mode is set to Hardware only then this function
 205:.\Generated_Source\PSoC5/FPS_Counter.c **** *               has no effect on the operation of the counter.
 206:.\Generated_Source\PSoC5/FPS_Counter.c **** *
 207:.\Generated_Source\PSoC5/FPS_Counter.c **** *******************************************************************************/
 208:.\Generated_Source\PSoC5/FPS_Counter.c **** void FPS_Counter_Stop(void) 
 209:.\Generated_Source\PSoC5/FPS_Counter.c **** {
  63              		.loc 1 209 0
  64              		.cfi_startproc
  65              		@ args = 0, pretend = 0, frame = 0
  66              		@ frame_needed = 0, uses_anonymous_args = 0
  67              		@ link register save eliminated.
 210:.\Generated_Source\PSoC5/FPS_Counter.c ****     /* Disable Counter */
 211:.\Generated_Source\PSoC5/FPS_Counter.c ****     #if(!FPS_Counter_ControlRegRemoved || FPS_Counter_UsingFixedFunction)
 212:.\Generated_Source\PSoC5/FPS_Counter.c ****         FPS_Counter_CONTROL &= ((uint8)(~FPS_Counter_CTRL_ENABLE));        
  68              		.loc 1 212 0
  69 0000 084A     		ldr	r2, .L5
  70 0002 1378     		ldrb	r3, [r2]	@ zero_extendqisi2
  71 0004 03F0FE03 		and	r3, r3, #254
  72 0008 1370     		strb	r3, [r2]
 213:.\Generated_Source\PSoC5/FPS_Counter.c ****     #endif /* (!FPS_Counter_ControlRegRemoved || FPS_Counter_UsingFixedFunction) */
ARM GAS  C:\Users\User\AppData\Local\Temp\cckCL1WM.s 			page 6


 214:.\Generated_Source\PSoC5/FPS_Counter.c ****     
 215:.\Generated_Source\PSoC5/FPS_Counter.c ****     /* Globally disable the Fixed Function Block chosen */
 216:.\Generated_Source\PSoC5/FPS_Counter.c ****     #if (FPS_Counter_UsingFixedFunction)
 217:.\Generated_Source\PSoC5/FPS_Counter.c ****         FPS_Counter_GLOBAL_ENABLE &= ((uint8)(~FPS_Counter_BLOCK_EN_MASK));
  73              		.loc 1 217 0
  74 000a A2F65D32 		subw	r2, r2, #2909
  75 000e 1378     		ldrb	r3, [r2]	@ zero_extendqisi2
  76 0010 03F0FE03 		and	r3, r3, #254
  77 0014 1370     		strb	r3, [r2]
 218:.\Generated_Source\PSoC5/FPS_Counter.c ****         FPS_Counter_GLOBAL_STBY_ENABLE &= ((uint8)(~FPS_Counter_BLOCK_STBY_EN_MASK));
  78              		.loc 1 218 0
  79 0016 1032     		adds	r2, r2, #16
  80 0018 1378     		ldrb	r3, [r2]	@ zero_extendqisi2
  81 001a 03F0FE03 		and	r3, r3, #254
  82 001e 1370     		strb	r3, [r2]
  83 0020 7047     		bx	lr
  84              	.L6:
  85 0022 00BF     		.align	2
  86              	.L5:
  87 0024 004F0040 		.word	1073762048
  88              		.cfi_endproc
  89              	.LFE3:
  90              		.size	FPS_Counter_Stop, .-FPS_Counter_Stop
  91              		.section	.text.FPS_Counter_SetInterruptMode,"ax",%progbits
  92              		.align	2
  93              		.global	FPS_Counter_SetInterruptMode
  94              		.thumb
  95              		.thumb_func
  96              		.type	FPS_Counter_SetInterruptMode, %function
  97              	FPS_Counter_SetInterruptMode:
  98              	.LFB4:
 219:.\Generated_Source\PSoC5/FPS_Counter.c ****     #endif /* (FPS_Counter_UsingFixedFunction) */
 220:.\Generated_Source\PSoC5/FPS_Counter.c **** }
 221:.\Generated_Source\PSoC5/FPS_Counter.c **** 
 222:.\Generated_Source\PSoC5/FPS_Counter.c **** 
 223:.\Generated_Source\PSoC5/FPS_Counter.c **** /*******************************************************************************
 224:.\Generated_Source\PSoC5/FPS_Counter.c **** * Function Name: FPS_Counter_SetInterruptMode
 225:.\Generated_Source\PSoC5/FPS_Counter.c **** ********************************************************************************
 226:.\Generated_Source\PSoC5/FPS_Counter.c **** * Summary:
 227:.\Generated_Source\PSoC5/FPS_Counter.c **** * Configures which interrupt sources are enabled to generate the final interrupt
 228:.\Generated_Source\PSoC5/FPS_Counter.c **** *
 229:.\Generated_Source\PSoC5/FPS_Counter.c **** * Parameters:  
 230:.\Generated_Source\PSoC5/FPS_Counter.c **** *  InterruptsMask: This parameter is an or'd collection of the status bits
 231:.\Generated_Source\PSoC5/FPS_Counter.c **** *                   which will be allowed to generate the counters interrupt.   
 232:.\Generated_Source\PSoC5/FPS_Counter.c **** *
 233:.\Generated_Source\PSoC5/FPS_Counter.c **** * Return: 
 234:.\Generated_Source\PSoC5/FPS_Counter.c **** *  void
 235:.\Generated_Source\PSoC5/FPS_Counter.c **** *
 236:.\Generated_Source\PSoC5/FPS_Counter.c **** *******************************************************************************/
 237:.\Generated_Source\PSoC5/FPS_Counter.c **** void FPS_Counter_SetInterruptMode(uint8 interruptsMask) 
 238:.\Generated_Source\PSoC5/FPS_Counter.c **** {
  99              		.loc 1 238 0
 100              		.cfi_startproc
 101              		@ args = 0, pretend = 0, frame = 0
 102              		@ frame_needed = 0, uses_anonymous_args = 0
 103              		@ link register save eliminated.
 104              	.LVL0:
ARM GAS  C:\Users\User\AppData\Local\Temp\cckCL1WM.s 			page 7


 239:.\Generated_Source\PSoC5/FPS_Counter.c ****     FPS_Counter_STATUS_MASK = interruptsMask;
 105              		.loc 1 239 0
 106 0000 014B     		ldr	r3, .L8
 107 0002 1870     		strb	r0, [r3]
 108 0004 7047     		bx	lr
 109              	.L9:
 110 0006 00BF     		.align	2
 111              	.L8:
 112 0008 034F0040 		.word	1073762051
 113              		.cfi_endproc
 114              	.LFE4:
 115              		.size	FPS_Counter_SetInterruptMode, .-FPS_Counter_SetInterruptMode
 116              		.section	.text.FPS_Counter_ReadStatusRegister,"ax",%progbits
 117              		.align	2
 118              		.global	FPS_Counter_ReadStatusRegister
 119              		.thumb
 120              		.thumb_func
 121              		.type	FPS_Counter_ReadStatusRegister, %function
 122              	FPS_Counter_ReadStatusRegister:
 123              	.LFB5:
 240:.\Generated_Source\PSoC5/FPS_Counter.c **** }
 241:.\Generated_Source\PSoC5/FPS_Counter.c **** 
 242:.\Generated_Source\PSoC5/FPS_Counter.c **** 
 243:.\Generated_Source\PSoC5/FPS_Counter.c **** /*******************************************************************************
 244:.\Generated_Source\PSoC5/FPS_Counter.c **** * Function Name: FPS_Counter_ReadStatusRegister
 245:.\Generated_Source\PSoC5/FPS_Counter.c **** ********************************************************************************
 246:.\Generated_Source\PSoC5/FPS_Counter.c **** * Summary:
 247:.\Generated_Source\PSoC5/FPS_Counter.c **** *   Reads the status register and returns it's state. This function should use
 248:.\Generated_Source\PSoC5/FPS_Counter.c **** *       defined types for the bit-field information as the bits in this
 249:.\Generated_Source\PSoC5/FPS_Counter.c **** *       register may be permuteable.
 250:.\Generated_Source\PSoC5/FPS_Counter.c **** *
 251:.\Generated_Source\PSoC5/FPS_Counter.c **** * Parameters:  
 252:.\Generated_Source\PSoC5/FPS_Counter.c **** *  void
 253:.\Generated_Source\PSoC5/FPS_Counter.c **** *
 254:.\Generated_Source\PSoC5/FPS_Counter.c **** * Return: 
 255:.\Generated_Source\PSoC5/FPS_Counter.c **** *  (uint8) The contents of the status register
 256:.\Generated_Source\PSoC5/FPS_Counter.c **** *
 257:.\Generated_Source\PSoC5/FPS_Counter.c **** * Side Effects:
 258:.\Generated_Source\PSoC5/FPS_Counter.c **** *   Status register bits may be clear on read. 
 259:.\Generated_Source\PSoC5/FPS_Counter.c **** *
 260:.\Generated_Source\PSoC5/FPS_Counter.c **** *******************************************************************************/
 261:.\Generated_Source\PSoC5/FPS_Counter.c **** uint8   FPS_Counter_ReadStatusRegister(void) 
 262:.\Generated_Source\PSoC5/FPS_Counter.c **** {
 124              		.loc 1 262 0
 125              		.cfi_startproc
 126              		@ args = 0, pretend = 0, frame = 0
 127              		@ frame_needed = 0, uses_anonymous_args = 0
 128              		@ link register save eliminated.
 263:.\Generated_Source\PSoC5/FPS_Counter.c ****     return FPS_Counter_STATUS;
 129              		.loc 1 263 0
 130 0000 014B     		ldr	r3, .L11
 131 0002 1878     		ldrb	r0, [r3]	@ zero_extendqisi2
 264:.\Generated_Source\PSoC5/FPS_Counter.c **** }
 132              		.loc 1 264 0
 133 0004 7047     		bx	lr
 134              	.L12:
 135 0006 00BF     		.align	2
ARM GAS  C:\Users\User\AppData\Local\Temp\cckCL1WM.s 			page 8


 136              	.L11:
 137 0008 034F0040 		.word	1073762051
 138              		.cfi_endproc
 139              	.LFE5:
 140              		.size	FPS_Counter_ReadStatusRegister, .-FPS_Counter_ReadStatusRegister
 141              		.section	.text.FPS_Counter_ReadControlRegister,"ax",%progbits
 142              		.align	2
 143              		.global	FPS_Counter_ReadControlRegister
 144              		.thumb
 145              		.thumb_func
 146              		.type	FPS_Counter_ReadControlRegister, %function
 147              	FPS_Counter_ReadControlRegister:
 148              	.LFB6:
 265:.\Generated_Source\PSoC5/FPS_Counter.c **** 
 266:.\Generated_Source\PSoC5/FPS_Counter.c **** 
 267:.\Generated_Source\PSoC5/FPS_Counter.c **** #if(!FPS_Counter_ControlRegRemoved)
 268:.\Generated_Source\PSoC5/FPS_Counter.c **** /*******************************************************************************
 269:.\Generated_Source\PSoC5/FPS_Counter.c **** * Function Name: FPS_Counter_ReadControlRegister
 270:.\Generated_Source\PSoC5/FPS_Counter.c **** ********************************************************************************
 271:.\Generated_Source\PSoC5/FPS_Counter.c **** * Summary:
 272:.\Generated_Source\PSoC5/FPS_Counter.c **** *   Reads the control register and returns it's state. This function should use
 273:.\Generated_Source\PSoC5/FPS_Counter.c **** *       defined types for the bit-field information as the bits in this
 274:.\Generated_Source\PSoC5/FPS_Counter.c **** *       register may be permuteable.
 275:.\Generated_Source\PSoC5/FPS_Counter.c **** *
 276:.\Generated_Source\PSoC5/FPS_Counter.c **** * Parameters:  
 277:.\Generated_Source\PSoC5/FPS_Counter.c **** *  void
 278:.\Generated_Source\PSoC5/FPS_Counter.c **** *
 279:.\Generated_Source\PSoC5/FPS_Counter.c **** * Return: 
 280:.\Generated_Source\PSoC5/FPS_Counter.c **** *  (uint8) The contents of the control register
 281:.\Generated_Source\PSoC5/FPS_Counter.c **** *
 282:.\Generated_Source\PSoC5/FPS_Counter.c **** *******************************************************************************/
 283:.\Generated_Source\PSoC5/FPS_Counter.c **** uint8   FPS_Counter_ReadControlRegister(void) 
 284:.\Generated_Source\PSoC5/FPS_Counter.c **** {
 149              		.loc 1 284 0
 150              		.cfi_startproc
 151              		@ args = 0, pretend = 0, frame = 0
 152              		@ frame_needed = 0, uses_anonymous_args = 0
 153              		@ link register save eliminated.
 285:.\Generated_Source\PSoC5/FPS_Counter.c ****     return FPS_Counter_CONTROL;
 154              		.loc 1 285 0
 155 0000 014B     		ldr	r3, .L14
 156 0002 1878     		ldrb	r0, [r3]	@ zero_extendqisi2
 286:.\Generated_Source\PSoC5/FPS_Counter.c **** }
 157              		.loc 1 286 0
 158 0004 7047     		bx	lr
 159              	.L15:
 160 0006 00BF     		.align	2
 161              	.L14:
 162 0008 004F0040 		.word	1073762048
 163              		.cfi_endproc
 164              	.LFE6:
 165              		.size	FPS_Counter_ReadControlRegister, .-FPS_Counter_ReadControlRegister
 166              		.section	.text.FPS_Counter_WriteControlRegister,"ax",%progbits
 167              		.align	2
 168              		.global	FPS_Counter_WriteControlRegister
 169              		.thumb
 170              		.thumb_func
ARM GAS  C:\Users\User\AppData\Local\Temp\cckCL1WM.s 			page 9


 171              		.type	FPS_Counter_WriteControlRegister, %function
 172              	FPS_Counter_WriteControlRegister:
 173              	.LFB7:
 287:.\Generated_Source\PSoC5/FPS_Counter.c **** 
 288:.\Generated_Source\PSoC5/FPS_Counter.c **** 
 289:.\Generated_Source\PSoC5/FPS_Counter.c **** /*******************************************************************************
 290:.\Generated_Source\PSoC5/FPS_Counter.c **** * Function Name: FPS_Counter_WriteControlRegister
 291:.\Generated_Source\PSoC5/FPS_Counter.c **** ********************************************************************************
 292:.\Generated_Source\PSoC5/FPS_Counter.c **** * Summary:
 293:.\Generated_Source\PSoC5/FPS_Counter.c **** *   Sets the bit-field of the control register.  This function should use
 294:.\Generated_Source\PSoC5/FPS_Counter.c **** *       defined types for the bit-field information as the bits in this
 295:.\Generated_Source\PSoC5/FPS_Counter.c **** *       register may be permuteable.
 296:.\Generated_Source\PSoC5/FPS_Counter.c **** *
 297:.\Generated_Source\PSoC5/FPS_Counter.c **** * Parameters:  
 298:.\Generated_Source\PSoC5/FPS_Counter.c **** *  void
 299:.\Generated_Source\PSoC5/FPS_Counter.c **** *
 300:.\Generated_Source\PSoC5/FPS_Counter.c **** * Return: 
 301:.\Generated_Source\PSoC5/FPS_Counter.c **** *  (uint8) The contents of the control register
 302:.\Generated_Source\PSoC5/FPS_Counter.c **** *
 303:.\Generated_Source\PSoC5/FPS_Counter.c **** *******************************************************************************/
 304:.\Generated_Source\PSoC5/FPS_Counter.c **** void    FPS_Counter_WriteControlRegister(uint8 control) 
 305:.\Generated_Source\PSoC5/FPS_Counter.c **** {
 174              		.loc 1 305 0
 175              		.cfi_startproc
 176              		@ args = 0, pretend = 0, frame = 0
 177              		@ frame_needed = 0, uses_anonymous_args = 0
 178              		@ link register save eliminated.
 179              	.LVL1:
 306:.\Generated_Source\PSoC5/FPS_Counter.c ****     FPS_Counter_CONTROL = control;
 180              		.loc 1 306 0
 181 0000 014B     		ldr	r3, .L17
 182 0002 1870     		strb	r0, [r3]
 183 0004 7047     		bx	lr
 184              	.L18:
 185 0006 00BF     		.align	2
 186              	.L17:
 187 0008 004F0040 		.word	1073762048
 188              		.cfi_endproc
 189              	.LFE7:
 190              		.size	FPS_Counter_WriteControlRegister, .-FPS_Counter_WriteControlRegister
 191              		.section	.text.FPS_Counter_WriteCounter,"ax",%progbits
 192              		.align	2
 193              		.global	FPS_Counter_WriteCounter
 194              		.thumb
 195              		.thumb_func
 196              		.type	FPS_Counter_WriteCounter, %function
 197              	FPS_Counter_WriteCounter:
 198              	.LFB8:
 307:.\Generated_Source\PSoC5/FPS_Counter.c **** }
 308:.\Generated_Source\PSoC5/FPS_Counter.c **** 
 309:.\Generated_Source\PSoC5/FPS_Counter.c **** #endif  /* (!FPS_Counter_ControlRegRemoved) */
 310:.\Generated_Source\PSoC5/FPS_Counter.c **** 
 311:.\Generated_Source\PSoC5/FPS_Counter.c **** 
 312:.\Generated_Source\PSoC5/FPS_Counter.c **** #if (!(FPS_Counter_UsingFixedFunction && (CY_PSOC5A)))
 313:.\Generated_Source\PSoC5/FPS_Counter.c **** /*******************************************************************************
 314:.\Generated_Source\PSoC5/FPS_Counter.c **** * Function Name: FPS_Counter_WriteCounter
 315:.\Generated_Source\PSoC5/FPS_Counter.c **** ********************************************************************************
ARM GAS  C:\Users\User\AppData\Local\Temp\cckCL1WM.s 			page 10


 316:.\Generated_Source\PSoC5/FPS_Counter.c **** * Summary:
 317:.\Generated_Source\PSoC5/FPS_Counter.c **** *   This funtion is used to set the counter to a specific value
 318:.\Generated_Source\PSoC5/FPS_Counter.c **** *
 319:.\Generated_Source\PSoC5/FPS_Counter.c **** * Parameters:  
 320:.\Generated_Source\PSoC5/FPS_Counter.c **** *  counter:  New counter value. 
 321:.\Generated_Source\PSoC5/FPS_Counter.c **** *
 322:.\Generated_Source\PSoC5/FPS_Counter.c **** * Return: 
 323:.\Generated_Source\PSoC5/FPS_Counter.c **** *  void 
 324:.\Generated_Source\PSoC5/FPS_Counter.c **** *
 325:.\Generated_Source\PSoC5/FPS_Counter.c **** *******************************************************************************/
 326:.\Generated_Source\PSoC5/FPS_Counter.c **** void FPS_Counter_WriteCounter(uint16 counter) \
 327:.\Generated_Source\PSoC5/FPS_Counter.c ****                                    
 328:.\Generated_Source\PSoC5/FPS_Counter.c **** {
 199              		.loc 1 328 0
 200              		.cfi_startproc
 201              		@ args = 0, pretend = 0, frame = 0
 202              		@ frame_needed = 0, uses_anonymous_args = 0
 203              	.LVL2:
 204 0000 10B5     		push	{r4, lr}
 205              		.cfi_def_cfa_offset 8
 206              		.cfi_offset 4, -8
 207              		.cfi_offset 14, -4
 208 0002 0446     		mov	r4, r0
 329:.\Generated_Source\PSoC5/FPS_Counter.c ****     #if(FPS_Counter_UsingFixedFunction)
 330:.\Generated_Source\PSoC5/FPS_Counter.c ****         /* assert if block is already enabled */
 331:.\Generated_Source\PSoC5/FPS_Counter.c ****         CYASSERT (0u == (FPS_Counter_GLOBAL_ENABLE & FPS_Counter_BLOCK_EN_MASK));
 209              		.loc 1 331 0
 210 0004 094B     		ldr	r3, .L22
 211 0006 1B78     		ldrb	r3, [r3]	@ zero_extendqisi2
 212 0008 13F0010F 		tst	r3, #1
 213 000c 02D0     		beq	.L20
 214              		.loc 1 331 0 is_stmt 0 discriminator 1
 215 000e 0020     		movs	r0, #0
 216              	.LVL3:
 217 0010 FFF7FEFF 		bl	CyHalt
 218              	.LVL4:
 219              	.L20:
 332:.\Generated_Source\PSoC5/FPS_Counter.c ****         /* If block is disabled, enable it and then write the counter */
 333:.\Generated_Source\PSoC5/FPS_Counter.c ****         FPS_Counter_GLOBAL_ENABLE |= FPS_Counter_BLOCK_EN_MASK;
 220              		.loc 1 333 0 is_stmt 1
 221 0014 054B     		ldr	r3, .L22
 222 0016 1A78     		ldrb	r2, [r3]	@ zero_extendqisi2
 223 0018 42F00102 		orr	r2, r2, #1
 224 001c 1A70     		strb	r2, [r3]
 334:.\Generated_Source\PSoC5/FPS_Counter.c ****         CY_SET_REG16(FPS_Counter_COUNTER_LSB_PTR, (uint16)counter);
 225              		.loc 1 334 0
 226 001e 044A     		ldr	r2, .L22+4
 227 0020 1480     		strh	r4, [r2]	@ movhi
 335:.\Generated_Source\PSoC5/FPS_Counter.c ****         FPS_Counter_GLOBAL_ENABLE &= ((uint8)(~FPS_Counter_BLOCK_EN_MASK));
 228              		.loc 1 335 0
 229 0022 1A78     		ldrb	r2, [r3]	@ zero_extendqisi2
 230 0024 02F0FE02 		and	r2, r2, #254
 231 0028 1A70     		strb	r2, [r3]
 232 002a 10BD     		pop	{r4, pc}
 233              	.L23:
 234              		.align	2
 235              	.L22:
ARM GAS  C:\Users\User\AppData\Local\Temp\cckCL1WM.s 			page 11


 236 002c A3430040 		.word	1073759139
 237 0030 064F0040 		.word	1073762054
 238              		.cfi_endproc
 239              	.LFE8:
 240              		.size	FPS_Counter_WriteCounter, .-FPS_Counter_WriteCounter
 241              		.section	.text.FPS_Counter_ReadCounter,"ax",%progbits
 242              		.align	2
 243              		.global	FPS_Counter_ReadCounter
 244              		.thumb
 245              		.thumb_func
 246              		.type	FPS_Counter_ReadCounter, %function
 247              	FPS_Counter_ReadCounter:
 248              	.LFB9:
 336:.\Generated_Source\PSoC5/FPS_Counter.c ****     #else
 337:.\Generated_Source\PSoC5/FPS_Counter.c ****         CY_SET_REG16(FPS_Counter_COUNTER_LSB_PTR, counter);
 338:.\Generated_Source\PSoC5/FPS_Counter.c ****     #endif /* (FPS_Counter_UsingFixedFunction) */
 339:.\Generated_Source\PSoC5/FPS_Counter.c **** }
 340:.\Generated_Source\PSoC5/FPS_Counter.c **** #endif /* (!(FPS_Counter_UsingFixedFunction && (CY_PSOC5A))) */
 341:.\Generated_Source\PSoC5/FPS_Counter.c **** 
 342:.\Generated_Source\PSoC5/FPS_Counter.c **** 
 343:.\Generated_Source\PSoC5/FPS_Counter.c **** /*******************************************************************************
 344:.\Generated_Source\PSoC5/FPS_Counter.c **** * Function Name: FPS_Counter_ReadCounter
 345:.\Generated_Source\PSoC5/FPS_Counter.c **** ********************************************************************************
 346:.\Generated_Source\PSoC5/FPS_Counter.c **** * Summary:
 347:.\Generated_Source\PSoC5/FPS_Counter.c **** * Returns the current value of the counter.  It doesn't matter
 348:.\Generated_Source\PSoC5/FPS_Counter.c **** * if the counter is enabled or running.
 349:.\Generated_Source\PSoC5/FPS_Counter.c **** *
 350:.\Generated_Source\PSoC5/FPS_Counter.c **** * Parameters:  
 351:.\Generated_Source\PSoC5/FPS_Counter.c **** *  void:  
 352:.\Generated_Source\PSoC5/FPS_Counter.c **** *
 353:.\Generated_Source\PSoC5/FPS_Counter.c **** * Return: 
 354:.\Generated_Source\PSoC5/FPS_Counter.c **** *  (uint16) The present value of the counter.
 355:.\Generated_Source\PSoC5/FPS_Counter.c **** *
 356:.\Generated_Source\PSoC5/FPS_Counter.c **** *******************************************************************************/
 357:.\Generated_Source\PSoC5/FPS_Counter.c **** uint16 FPS_Counter_ReadCounter(void) 
 358:.\Generated_Source\PSoC5/FPS_Counter.c **** {
 249              		.loc 1 358 0
 250              		.cfi_startproc
 251              		@ args = 0, pretend = 0, frame = 0
 252              		@ frame_needed = 0, uses_anonymous_args = 0
 253              		@ link register save eliminated.
 359:.\Generated_Source\PSoC5/FPS_Counter.c ****     /* Force capture by reading Accumulator */
 360:.\Generated_Source\PSoC5/FPS_Counter.c ****     /* Must first do a software capture to be able to read the counter */
 361:.\Generated_Source\PSoC5/FPS_Counter.c ****     /* It is up to the user code to make sure there isn't already captured data in the FIFO */
 362:.\Generated_Source\PSoC5/FPS_Counter.c ****     #if(FPS_Counter_UsingFixedFunction)
 363:.\Generated_Source\PSoC5/FPS_Counter.c **** 		(void)CY_GET_REG16(FPS_Counter_COUNTER_LSB_PTR);
 254              		.loc 1 363 0
 255 0000 024B     		ldr	r3, .L25
 256 0002 1B88     		ldrh	r3, [r3]
 364:.\Generated_Source\PSoC5/FPS_Counter.c **** 	#else
 365:.\Generated_Source\PSoC5/FPS_Counter.c **** 		(void)CY_GET_REG8(FPS_Counter_COUNTER_LSB_PTR_8BIT);
 366:.\Generated_Source\PSoC5/FPS_Counter.c **** 	#endif/* (FPS_Counter_UsingFixedFunction) */
 367:.\Generated_Source\PSoC5/FPS_Counter.c ****     
 368:.\Generated_Source\PSoC5/FPS_Counter.c ****     /* Read the data from the FIFO (or capture register for Fixed Function)*/
 369:.\Generated_Source\PSoC5/FPS_Counter.c ****     #if(FPS_Counter_UsingFixedFunction)
 370:.\Generated_Source\PSoC5/FPS_Counter.c ****         return ((uint16)CY_GET_REG16(FPS_Counter_STATICCOUNT_LSB_PTR));
 257              		.loc 1 370 0
ARM GAS  C:\Users\User\AppData\Local\Temp\cckCL1WM.s 			page 12


 258 0004 024B     		ldr	r3, .L25+4
 259 0006 1888     		ldrh	r0, [r3]
 371:.\Generated_Source\PSoC5/FPS_Counter.c ****     #else
 372:.\Generated_Source\PSoC5/FPS_Counter.c ****         return (CY_GET_REG16(FPS_Counter_STATICCOUNT_LSB_PTR));
 373:.\Generated_Source\PSoC5/FPS_Counter.c ****     #endif /* (FPS_Counter_UsingFixedFunction) */
 374:.\Generated_Source\PSoC5/FPS_Counter.c **** }
 260              		.loc 1 374 0
 261 0008 80B2     		uxth	r0, r0
 262 000a 7047     		bx	lr
 263              	.L26:
 264              		.align	2
 265              	.L25:
 266 000c 064F0040 		.word	1073762054
 267 0010 084F0040 		.word	1073762056
 268              		.cfi_endproc
 269              	.LFE9:
 270              		.size	FPS_Counter_ReadCounter, .-FPS_Counter_ReadCounter
 271              		.section	.text.FPS_Counter_ReadCapture,"ax",%progbits
 272              		.align	2
 273              		.global	FPS_Counter_ReadCapture
 274              		.thumb
 275              		.thumb_func
 276              		.type	FPS_Counter_ReadCapture, %function
 277              	FPS_Counter_ReadCapture:
 278              	.LFB10:
 375:.\Generated_Source\PSoC5/FPS_Counter.c **** 
 376:.\Generated_Source\PSoC5/FPS_Counter.c **** 
 377:.\Generated_Source\PSoC5/FPS_Counter.c **** /*******************************************************************************
 378:.\Generated_Source\PSoC5/FPS_Counter.c **** * Function Name: FPS_Counter_ReadCapture
 379:.\Generated_Source\PSoC5/FPS_Counter.c **** ********************************************************************************
 380:.\Generated_Source\PSoC5/FPS_Counter.c **** * Summary:
 381:.\Generated_Source\PSoC5/FPS_Counter.c **** *   This function returns the last value captured.
 382:.\Generated_Source\PSoC5/FPS_Counter.c **** *
 383:.\Generated_Source\PSoC5/FPS_Counter.c **** * Parameters:  
 384:.\Generated_Source\PSoC5/FPS_Counter.c **** *  void
 385:.\Generated_Source\PSoC5/FPS_Counter.c **** *
 386:.\Generated_Source\PSoC5/FPS_Counter.c **** * Return: 
 387:.\Generated_Source\PSoC5/FPS_Counter.c **** *  (uint16) Present Capture value.
 388:.\Generated_Source\PSoC5/FPS_Counter.c **** *
 389:.\Generated_Source\PSoC5/FPS_Counter.c **** *******************************************************************************/
 390:.\Generated_Source\PSoC5/FPS_Counter.c **** uint16 FPS_Counter_ReadCapture(void) 
 391:.\Generated_Source\PSoC5/FPS_Counter.c **** {
 279              		.loc 1 391 0
 280              		.cfi_startproc
 281              		@ args = 0, pretend = 0, frame = 0
 282              		@ frame_needed = 0, uses_anonymous_args = 0
 283              		@ link register save eliminated.
 392:.\Generated_Source\PSoC5/FPS_Counter.c ****     #if(FPS_Counter_UsingFixedFunction)
 393:.\Generated_Source\PSoC5/FPS_Counter.c ****         return ((uint16)CY_GET_REG16(FPS_Counter_STATICCOUNT_LSB_PTR));
 284              		.loc 1 393 0
 285 0000 014B     		ldr	r3, .L28
 286 0002 1888     		ldrh	r0, [r3]
 394:.\Generated_Source\PSoC5/FPS_Counter.c ****     #else
 395:.\Generated_Source\PSoC5/FPS_Counter.c ****         return (CY_GET_REG16(FPS_Counter_STATICCOUNT_LSB_PTR));
 396:.\Generated_Source\PSoC5/FPS_Counter.c ****     #endif /* (FPS_Counter_UsingFixedFunction) */
 397:.\Generated_Source\PSoC5/FPS_Counter.c **** }
 287              		.loc 1 397 0
ARM GAS  C:\Users\User\AppData\Local\Temp\cckCL1WM.s 			page 13


 288 0004 80B2     		uxth	r0, r0
 289 0006 7047     		bx	lr
 290              	.L29:
 291              		.align	2
 292              	.L28:
 293 0008 084F0040 		.word	1073762056
 294              		.cfi_endproc
 295              	.LFE10:
 296              		.size	FPS_Counter_ReadCapture, .-FPS_Counter_ReadCapture
 297              		.section	.text.FPS_Counter_WritePeriod,"ax",%progbits
 298              		.align	2
 299              		.global	FPS_Counter_WritePeriod
 300              		.thumb
 301              		.thumb_func
 302              		.type	FPS_Counter_WritePeriod, %function
 303              	FPS_Counter_WritePeriod:
 304              	.LFB11:
 398:.\Generated_Source\PSoC5/FPS_Counter.c **** 
 399:.\Generated_Source\PSoC5/FPS_Counter.c **** 
 400:.\Generated_Source\PSoC5/FPS_Counter.c **** /*******************************************************************************
 401:.\Generated_Source\PSoC5/FPS_Counter.c **** * Function Name: FPS_Counter_WritePeriod
 402:.\Generated_Source\PSoC5/FPS_Counter.c **** ********************************************************************************
 403:.\Generated_Source\PSoC5/FPS_Counter.c **** * Summary:
 404:.\Generated_Source\PSoC5/FPS_Counter.c **** * Changes the period of the counter.  The new period 
 405:.\Generated_Source\PSoC5/FPS_Counter.c **** * will be loaded the next time terminal count is detected.
 406:.\Generated_Source\PSoC5/FPS_Counter.c **** *
 407:.\Generated_Source\PSoC5/FPS_Counter.c **** * Parameters:  
 408:.\Generated_Source\PSoC5/FPS_Counter.c **** *  period: (uint16) A value of 0 will result in
 409:.\Generated_Source\PSoC5/FPS_Counter.c **** *         the counter remaining at zero.  
 410:.\Generated_Source\PSoC5/FPS_Counter.c **** *
 411:.\Generated_Source\PSoC5/FPS_Counter.c **** * Return: 
 412:.\Generated_Source\PSoC5/FPS_Counter.c **** *  void
 413:.\Generated_Source\PSoC5/FPS_Counter.c **** *
 414:.\Generated_Source\PSoC5/FPS_Counter.c **** *******************************************************************************/
 415:.\Generated_Source\PSoC5/FPS_Counter.c **** void FPS_Counter_WritePeriod(uint16 period) 
 416:.\Generated_Source\PSoC5/FPS_Counter.c **** {
 305              		.loc 1 416 0
 306              		.cfi_startproc
 307              		@ args = 0, pretend = 0, frame = 0
 308              		@ frame_needed = 0, uses_anonymous_args = 0
 309              		@ link register save eliminated.
 310              	.LVL5:
 417:.\Generated_Source\PSoC5/FPS_Counter.c ****     #if(FPS_Counter_UsingFixedFunction)
 418:.\Generated_Source\PSoC5/FPS_Counter.c ****         CY_SET_REG16(FPS_Counter_PERIOD_LSB_PTR,(uint16)period);
 311              		.loc 1 418 0
 312 0000 014B     		ldr	r3, .L31
 313 0002 1880     		strh	r0, [r3]	@ movhi
 314 0004 7047     		bx	lr
 315              	.L32:
 316 0006 00BF     		.align	2
 317              	.L31:
 318 0008 044F0040 		.word	1073762052
 319              		.cfi_endproc
 320              	.LFE11:
 321              		.size	FPS_Counter_WritePeriod, .-FPS_Counter_WritePeriod
 322              		.section	.text.FPS_Counter_Init,"ax",%progbits
 323              		.align	2
ARM GAS  C:\Users\User\AppData\Local\Temp\cckCL1WM.s 			page 14


 324              		.global	FPS_Counter_Init
 325              		.thumb
 326              		.thumb_func
 327              		.type	FPS_Counter_Init, %function
 328              	FPS_Counter_Init:
 329              	.LFB0:
  38:.\Generated_Source\PSoC5/FPS_Counter.c ****         #if (!FPS_Counter_UsingFixedFunction && !FPS_Counter_ControlRegRemoved)
 330              		.loc 1 38 0
 331              		.cfi_startproc
 332              		@ args = 0, pretend = 0, frame = 0
 333              		@ frame_needed = 0, uses_anonymous_args = 0
 334 0000 08B5     		push	{r3, lr}
 335              		.cfi_def_cfa_offset 8
 336              		.cfi_offset 3, -8
 337              		.cfi_offset 14, -4
  50:.\Generated_Source\PSoC5/FPS_Counter.c ****             
 338              		.loc 1 50 0
 339 0002 154A     		ldr	r2, .L35
 340 0004 1378     		ldrb	r3, [r2]	@ zero_extendqisi2
 341 0006 03F00103 		and	r3, r3, #1
 342 000a 1370     		strb	r3, [r2]
  57:.\Generated_Source\PSoC5/FPS_Counter.c ****             #endif /* (CY_PSOC3 || CY_PSOC5LP) */
 343              		.loc 1 57 0
 344 000c 0232     		adds	r2, r2, #2
 345 000e 1378     		ldrb	r3, [r2]	@ zero_extendqisi2
 346 0010 03F0FC03 		and	r3, r3, #252
 347 0014 1370     		strb	r3, [r2]
  66:.\Generated_Source\PSoC5/FPS_Counter.c ****             
 348              		.loc 1 66 0
 349 0016 013A     		subs	r2, r2, #1
 350 0018 1378     		ldrb	r3, [r2]	@ zero_extendqisi2
 351 001a 43F00103 		orr	r3, r3, #1
 352 001e 1370     		strb	r3, [r2]
  69:.\Generated_Source\PSoC5/FPS_Counter.c ****             FPS_Counter_RT1 |= FPS_Counter_SYNC;     
 353              		.loc 1 69 0
 354 0020 0E4B     		ldr	r3, .L35+4
 355 0022 1A78     		ldrb	r2, [r3]	@ zero_extendqisi2
 356 0024 02F0CF02 		and	r2, r2, #207
 357 0028 1A70     		strb	r2, [r3]
  70:.\Generated_Source\PSoC5/FPS_Counter.c ****                     
 358              		.loc 1 70 0
 359 002a 1A78     		ldrb	r2, [r3]	@ zero_extendqisi2
 360 002c 42F03002 		orr	r2, r2, #48
 361 0030 1A70     		strb	r2, [r3]
  73:.\Generated_Source\PSoC5/FPS_Counter.c ****             FPS_Counter_RT1 |= FPS_Counter_SYNCDSI_EN;
 362              		.loc 1 73 0
 363 0032 1A78     		ldrb	r2, [r3]	@ zero_extendqisi2
 364 0034 02F0F002 		and	r2, r2, #240
 365 0038 1A70     		strb	r2, [r3]
  74:.\Generated_Source\PSoC5/FPS_Counter.c **** 
 366              		.loc 1 74 0
 367 003a 1A78     		ldrb	r2, [r3]	@ zero_extendqisi2
 368 003c 42F00F02 		orr	r2, r2, #15
 369 0040 1A70     		strb	r2, [r3]
 100:.\Generated_Source\PSoC5/FPS_Counter.c ****         #if (!(FPS_Counter_UsingFixedFunction && (CY_PSOC5A)))
 370              		.loc 1 100 0
 371 0042 4CF25030 		movw	r0, #50000
ARM GAS  C:\Users\User\AppData\Local\Temp\cckCL1WM.s 			page 15


 372 0046 FFF7FEFF 		bl	FPS_Counter_WritePeriod
 373              	.LVL6:
 102:.\Generated_Source\PSoC5/FPS_Counter.c ****         #endif /* (!(FPS_Counter_UsingFixedFunction && (CY_PSOC5A))) */
 374              		.loc 1 102 0
 375 004a 0020     		movs	r0, #0
 376 004c FFF7FEFF 		bl	FPS_Counter_WriteCounter
 377              	.LVL7:
 104:.\Generated_Source\PSoC5/FPS_Counter.c ****         
 378              		.loc 1 104 0
 379 0050 0020     		movs	r0, #0
 380 0052 FFF7FEFF 		bl	FPS_Counter_SetInterruptMode
 381              	.LVL8:
 382 0056 08BD     		pop	{r3, pc}
 383              	.L36:
 384              		.align	2
 385              	.L35:
 386 0058 004F0040 		.word	1073762048
 387 005c 0B4F0040 		.word	1073762059
 388              		.cfi_endproc
 389              	.LFE0:
 390              		.size	FPS_Counter_Init, .-FPS_Counter_Init
 391              		.section	.text.FPS_Counter_Start,"ax",%progbits
 392              		.align	2
 393              		.global	FPS_Counter_Start
 394              		.thumb
 395              		.thumb_func
 396              		.type	FPS_Counter_Start, %function
 397              	FPS_Counter_Start:
 398              	.LFB2:
 179:.\Generated_Source\PSoC5/FPS_Counter.c ****     if(FPS_Counter_initVar == 0u)
 399              		.loc 1 179 0
 400              		.cfi_startproc
 401              		@ args = 0, pretend = 0, frame = 0
 402              		@ frame_needed = 0, uses_anonymous_args = 0
 403 0000 08B5     		push	{r3, lr}
 404              		.cfi_def_cfa_offset 8
 405              		.cfi_offset 3, -8
 406              		.cfi_offset 14, -4
 180:.\Generated_Source\PSoC5/FPS_Counter.c ****     {
 407              		.loc 1 180 0
 408 0002 054B     		ldr	r3, .L40
 409 0004 1B78     		ldrb	r3, [r3]	@ zero_extendqisi2
 410 0006 23B9     		cbnz	r3, .L38
 182:.\Generated_Source\PSoC5/FPS_Counter.c ****         
 411              		.loc 1 182 0
 412 0008 FFF7FEFF 		bl	FPS_Counter_Init
 413              	.LVL9:
 184:.\Generated_Source\PSoC5/FPS_Counter.c ****     }
 414              		.loc 1 184 0
 415 000c 0122     		movs	r2, #1
 416 000e 024B     		ldr	r3, .L40
 417 0010 1A70     		strb	r2, [r3]
 418              	.L38:
 188:.\Generated_Source\PSoC5/FPS_Counter.c **** }
 419              		.loc 1 188 0
 420 0012 FFF7FEFF 		bl	FPS_Counter_Enable
 421              	.LVL10:
ARM GAS  C:\Users\User\AppData\Local\Temp\cckCL1WM.s 			page 16


 422 0016 08BD     		pop	{r3, pc}
 423              	.L41:
 424              		.align	2
 425              	.L40:
 426 0018 00000000 		.word	.LANCHOR0
 427              		.cfi_endproc
 428              	.LFE2:
 429              		.size	FPS_Counter_Start, .-FPS_Counter_Start
 430              		.section	.text.FPS_Counter_ReadPeriod,"ax",%progbits
 431              		.align	2
 432              		.global	FPS_Counter_ReadPeriod
 433              		.thumb
 434              		.thumb_func
 435              		.type	FPS_Counter_ReadPeriod, %function
 436              	FPS_Counter_ReadPeriod:
 437              	.LFB12:
 419:.\Generated_Source\PSoC5/FPS_Counter.c ****     #else
 420:.\Generated_Source\PSoC5/FPS_Counter.c ****         CY_SET_REG16(FPS_Counter_PERIOD_LSB_PTR, period);
 421:.\Generated_Source\PSoC5/FPS_Counter.c ****     #endif /* (FPS_Counter_UsingFixedFunction) */
 422:.\Generated_Source\PSoC5/FPS_Counter.c **** }
 423:.\Generated_Source\PSoC5/FPS_Counter.c **** 
 424:.\Generated_Source\PSoC5/FPS_Counter.c **** 
 425:.\Generated_Source\PSoC5/FPS_Counter.c **** /*******************************************************************************
 426:.\Generated_Source\PSoC5/FPS_Counter.c **** * Function Name: FPS_Counter_ReadPeriod
 427:.\Generated_Source\PSoC5/FPS_Counter.c **** ********************************************************************************
 428:.\Generated_Source\PSoC5/FPS_Counter.c **** * Summary:
 429:.\Generated_Source\PSoC5/FPS_Counter.c **** * Reads the current period value without affecting counter operation.
 430:.\Generated_Source\PSoC5/FPS_Counter.c **** *
 431:.\Generated_Source\PSoC5/FPS_Counter.c **** * Parameters:  
 432:.\Generated_Source\PSoC5/FPS_Counter.c **** *  void:  
 433:.\Generated_Source\PSoC5/FPS_Counter.c **** *
 434:.\Generated_Source\PSoC5/FPS_Counter.c **** * Return: 
 435:.\Generated_Source\PSoC5/FPS_Counter.c **** *  (uint16) Present period value.
 436:.\Generated_Source\PSoC5/FPS_Counter.c **** *
 437:.\Generated_Source\PSoC5/FPS_Counter.c **** *******************************************************************************/
 438:.\Generated_Source\PSoC5/FPS_Counter.c **** uint16 FPS_Counter_ReadPeriod(void) 
 439:.\Generated_Source\PSoC5/FPS_Counter.c **** {
 438              		.loc 1 439 0
 439              		.cfi_startproc
 440              		@ args = 0, pretend = 0, frame = 0
 441              		@ frame_needed = 0, uses_anonymous_args = 0
 442              		@ link register save eliminated.
 440:.\Generated_Source\PSoC5/FPS_Counter.c ****     #if(FPS_Counter_UsingFixedFunction)
 441:.\Generated_Source\PSoC5/FPS_Counter.c ****         return ((uint16)CY_GET_REG16(FPS_Counter_PERIOD_LSB_PTR));
 443              		.loc 1 441 0
 444 0000 014B     		ldr	r3, .L43
 445 0002 1888     		ldrh	r0, [r3]
 442:.\Generated_Source\PSoC5/FPS_Counter.c ****     #else
 443:.\Generated_Source\PSoC5/FPS_Counter.c ****         return (CY_GET_REG16(FPS_Counter_PERIOD_LSB_PTR));
 444:.\Generated_Source\PSoC5/FPS_Counter.c ****     #endif /* (FPS_Counter_UsingFixedFunction) */
 445:.\Generated_Source\PSoC5/FPS_Counter.c **** }
 446              		.loc 1 445 0
 447 0004 80B2     		uxth	r0, r0
 448 0006 7047     		bx	lr
 449              	.L44:
 450              		.align	2
 451              	.L43:
ARM GAS  C:\Users\User\AppData\Local\Temp\cckCL1WM.s 			page 17


 452 0008 044F0040 		.word	1073762052
 453              		.cfi_endproc
 454              	.LFE12:
 455              		.size	FPS_Counter_ReadPeriod, .-FPS_Counter_ReadPeriod
 456              		.global	FPS_Counter_initVar
 457              		.bss
 458              		.set	.LANCHOR0,. + 0
 459              		.type	FPS_Counter_initVar, %object
 460              		.size	FPS_Counter_initVar, 1
 461              	FPS_Counter_initVar:
 462 0000 00       		.space	1
 463              		.text
 464              	.Letext0:
 465              		.file 2 ".\\Generated_Source\\PSoC5\\cytypes.h"
 466              		.file 3 ".\\Generated_Source\\PSoC5\\CyLib.h"
 467              		.section	.debug_info,"",%progbits
 468              	.Ldebug_info0:
 469 0000 8B020000 		.4byte	0x28b
 470 0004 0400     		.2byte	0x4
 471 0006 00000000 		.4byte	.Ldebug_abbrev0
 472 000a 04       		.byte	0x4
 473 000b 01       		.uleb128 0x1
 474 000c 3D000000 		.4byte	.LASF35
 475 0010 01       		.byte	0x1
 476 0011 55010000 		.4byte	.LASF36
 477 0015 00030000 		.4byte	.LASF37
 478 0019 00000000 		.4byte	.Ldebug_ranges0+0
 479 001d 00000000 		.4byte	0
 480 0021 00000000 		.4byte	.Ldebug_line0
 481 0025 02       		.uleb128 0x2
 482 0026 01       		.byte	0x1
 483 0027 06       		.byte	0x6
 484 0028 D3020000 		.4byte	.LASF0
 485 002c 02       		.uleb128 0x2
 486 002d 01       		.byte	0x1
 487 002e 08       		.byte	0x8
 488 002f 1D010000 		.4byte	.LASF1
 489 0033 02       		.uleb128 0x2
 490 0034 02       		.byte	0x2
 491 0035 05       		.byte	0x5
 492 0036 9C020000 		.4byte	.LASF2
 493 003a 02       		.uleb128 0x2
 494 003b 02       		.byte	0x2
 495 003c 07       		.byte	0x7
 496 003d D6000000 		.4byte	.LASF3
 497 0041 02       		.uleb128 0x2
 498 0042 04       		.byte	0x4
 499 0043 05       		.byte	0x5
 500 0044 BE020000 		.4byte	.LASF4
 501 0048 02       		.uleb128 0x2
 502 0049 04       		.byte	0x4
 503 004a 07       		.byte	0x7
 504 004b 43010000 		.4byte	.LASF5
 505 004f 02       		.uleb128 0x2
 506 0050 08       		.byte	0x8
 507 0051 05       		.byte	0x5
 508 0052 89020000 		.4byte	.LASF6
ARM GAS  C:\Users\User\AppData\Local\Temp\cckCL1WM.s 			page 18


 509 0056 02       		.uleb128 0x2
 510 0057 08       		.byte	0x8
 511 0058 07       		.byte	0x7
 512 0059 02020000 		.4byte	.LASF7
 513 005d 03       		.uleb128 0x3
 514 005e 04       		.byte	0x4
 515 005f 05       		.byte	0x5
 516 0060 696E7400 		.ascii	"int\000"
 517 0064 02       		.uleb128 0x2
 518 0065 04       		.byte	0x4
 519 0066 07       		.byte	0x7
 520 0067 F5010000 		.4byte	.LASF8
 521 006b 04       		.uleb128 0x4
 522 006c 7C010000 		.4byte	.LASF9
 523 0070 02       		.byte	0x2
 524 0071 9201     		.2byte	0x192
 525 0073 2C000000 		.4byte	0x2c
 526 0077 04       		.uleb128 0x4
 527 0078 EE010000 		.4byte	.LASF10
 528 007c 02       		.byte	0x2
 529 007d 9301     		.2byte	0x193
 530 007f 3A000000 		.4byte	0x3a
 531 0083 02       		.uleb128 0x2
 532 0084 04       		.byte	0x4
 533 0085 04       		.byte	0x4
 534 0086 0F010000 		.4byte	.LASF11
 535 008a 02       		.uleb128 0x2
 536 008b 08       		.byte	0x8
 537 008c 04       		.byte	0x4
 538 008d B2010000 		.4byte	.LASF12
 539 0091 02       		.uleb128 0x2
 540 0092 01       		.byte	0x1
 541 0093 08       		.byte	0x8
 542 0094 97020000 		.4byte	.LASF13
 543 0098 04       		.uleb128 0x4
 544 0099 4A020000 		.4byte	.LASF14
 545 009d 02       		.byte	0x2
 546 009e 3C02     		.2byte	0x23c
 547 00a0 A4000000 		.4byte	0xa4
 548 00a4 05       		.uleb128 0x5
 549 00a5 6B000000 		.4byte	0x6b
 550 00a9 04       		.uleb128 0x4
 551 00aa 00000000 		.4byte	.LASF15
 552 00ae 02       		.byte	0x2
 553 00af 3D02     		.2byte	0x23d
 554 00b1 B5000000 		.4byte	0xb5
 555 00b5 05       		.uleb128 0x5
 556 00b6 77000000 		.4byte	0x77
 557 00ba 02       		.uleb128 0x2
 558 00bb 08       		.byte	0x8
 559 00bc 04       		.byte	0x4
 560 00bd C7020000 		.4byte	.LASF16
 561 00c1 02       		.uleb128 0x2
 562 00c2 04       		.byte	0x4
 563 00c3 07       		.byte	0x7
 564 00c4 80020000 		.4byte	.LASF17
 565 00c8 06       		.uleb128 0x6
ARM GAS  C:\Users\User\AppData\Local\Temp\cckCL1WM.s 			page 19


 566 00c9 30020000 		.4byte	.LASF18
 567 00cd 01       		.byte	0x1
 568 00ce 8F       		.byte	0x8f
 569 00cf 00000000 		.4byte	.LFB1
 570 00d3 28000000 		.4byte	.LFE1-.LFB1
 571 00d7 01       		.uleb128 0x1
 572 00d8 9C       		.byte	0x9c
 573 00d9 06       		.uleb128 0x6
 574 00da 06000000 		.4byte	.LASF19
 575 00de 01       		.byte	0x1
 576 00df D0       		.byte	0xd0
 577 00e0 00000000 		.4byte	.LFB3
 578 00e4 28000000 		.4byte	.LFE3-.LFB3
 579 00e8 01       		.uleb128 0x1
 580 00e9 9C       		.byte	0x9c
 581 00ea 07       		.uleb128 0x7
 582 00eb B9010000 		.4byte	.LASF22
 583 00ef 01       		.byte	0x1
 584 00f0 ED       		.byte	0xed
 585 00f1 00000000 		.4byte	.LFB4
 586 00f5 0C000000 		.4byte	.LFE4-.LFB4
 587 00f9 01       		.uleb128 0x1
 588 00fa 9C       		.byte	0x9c
 589 00fb 0D010000 		.4byte	0x10d
 590 00ff 08       		.uleb128 0x8
 591 0100 8A010000 		.4byte	.LASF24
 592 0104 01       		.byte	0x1
 593 0105 ED       		.byte	0xed
 594 0106 6B000000 		.4byte	0x6b
 595 010a 01       		.uleb128 0x1
 596 010b 50       		.byte	0x50
 597 010c 00       		.byte	0
 598 010d 09       		.uleb128 0x9
 599 010e 17000000 		.4byte	.LASF20
 600 0112 01       		.byte	0x1
 601 0113 0501     		.2byte	0x105
 602 0115 6B000000 		.4byte	0x6b
 603 0119 00000000 		.4byte	.LFB5
 604 011d 0C000000 		.4byte	.LFE5-.LFB5
 605 0121 01       		.uleb128 0x1
 606 0122 9C       		.byte	0x9c
 607 0123 09       		.uleb128 0x9
 608 0124 60020000 		.4byte	.LASF21
 609 0128 01       		.byte	0x1
 610 0129 1B01     		.2byte	0x11b
 611 012b 6B000000 		.4byte	0x6b
 612 012f 00000000 		.4byte	.LFB6
 613 0133 0C000000 		.4byte	.LFE6-.LFB6
 614 0137 01       		.uleb128 0x1
 615 0138 9C       		.byte	0x9c
 616 0139 0A       		.uleb128 0xa
 617 013a DF020000 		.4byte	.LASF23
 618 013e 01       		.byte	0x1
 619 013f 3001     		.2byte	0x130
 620 0141 00000000 		.4byte	.LFB7
 621 0145 0C000000 		.4byte	.LFE7-.LFB7
 622 0149 01       		.uleb128 0x1
ARM GAS  C:\Users\User\AppData\Local\Temp\cckCL1WM.s 			page 20


 623 014a 9C       		.byte	0x9c
 624 014b 5E010000 		.4byte	0x15e
 625 014f 0B       		.uleb128 0xb
 626 0150 82010000 		.4byte	.LASF25
 627 0154 01       		.byte	0x1
 628 0155 3001     		.2byte	0x130
 629 0157 6B000000 		.4byte	0x6b
 630 015b 01       		.uleb128 0x1
 631 015c 50       		.byte	0x50
 632 015d 00       		.byte	0
 633 015e 0A       		.uleb128 0xa
 634 015f 99010000 		.4byte	.LASF26
 635 0163 01       		.byte	0x1
 636 0164 4601     		.2byte	0x146
 637 0166 00000000 		.4byte	.LFB8
 638 016a 34000000 		.4byte	.LFE8-.LFB8
 639 016e 01       		.uleb128 0x1
 640 016f 9C       		.byte	0x9c
 641 0170 94010000 		.4byte	0x194
 642 0174 0C       		.uleb128 0xc
 643 0175 15010000 		.4byte	.LASF27
 644 0179 01       		.byte	0x1
 645 017a 4601     		.2byte	0x146
 646 017c 77000000 		.4byte	0x77
 647 0180 00000000 		.4byte	.LLST0
 648 0184 0D       		.uleb128 0xd
 649 0185 14000000 		.4byte	.LVL4
 650 0189 81020000 		.4byte	0x281
 651 018d 0E       		.uleb128 0xe
 652 018e 01       		.uleb128 0x1
 653 018f 50       		.byte	0x50
 654 0190 01       		.uleb128 0x1
 655 0191 30       		.byte	0x30
 656 0192 00       		.byte	0
 657 0193 00       		.byte	0
 658 0194 09       		.uleb128 0x9
 659 0195 D6010000 		.4byte	.LASF28
 660 0199 01       		.byte	0x1
 661 019a 6501     		.2byte	0x165
 662 019c 77000000 		.4byte	0x77
 663 01a0 00000000 		.4byte	.LFB9
 664 01a4 14000000 		.4byte	.LFE9-.LFB9
 665 01a8 01       		.uleb128 0x1
 666 01a9 9C       		.byte	0x9c
 667 01aa 09       		.uleb128 0x9
 668 01ab 2B010000 		.4byte	.LASF29
 669 01af 01       		.byte	0x1
 670 01b0 8601     		.2byte	0x186
 671 01b2 77000000 		.4byte	0x77
 672 01b6 00000000 		.4byte	.LFB10
 673 01ba 0C000000 		.4byte	.LFE10-.LFB10
 674 01be 01       		.uleb128 0x1
 675 01bf 9C       		.byte	0x9c
 676 01c0 0A       		.uleb128 0xa
 677 01c1 A6020000 		.4byte	.LASF30
 678 01c5 01       		.byte	0x1
 679 01c6 9F01     		.2byte	0x19f
ARM GAS  C:\Users\User\AppData\Local\Temp\cckCL1WM.s 			page 21


 680 01c8 00000000 		.4byte	.LFB11
 681 01cc 0C000000 		.4byte	.LFE11-.LFB11
 682 01d0 01       		.uleb128 0x1
 683 01d1 9C       		.byte	0x9c
 684 01d2 E5010000 		.4byte	0x1e5
 685 01d6 0B       		.uleb128 0xb
 686 01d7 36000000 		.4byte	.LASF31
 687 01db 01       		.byte	0x1
 688 01dc 9F01     		.2byte	0x19f
 689 01de 77000000 		.4byte	0x77
 690 01e2 01       		.uleb128 0x1
 691 01e3 50       		.byte	0x50
 692 01e4 00       		.byte	0
 693 01e5 07       		.uleb128 0x7
 694 01e6 4F020000 		.4byte	.LASF32
 695 01ea 01       		.byte	0x1
 696 01eb 25       		.byte	0x25
 697 01ec 00000000 		.4byte	.LFB0
 698 01f0 60000000 		.4byte	.LFE0-.LFB0
 699 01f4 01       		.uleb128 0x1
 700 01f5 9C       		.byte	0x9c
 701 01f6 32020000 		.4byte	0x232
 702 01fa 0F       		.uleb128 0xf
 703 01fb 4A000000 		.4byte	.LVL6
 704 01ff C0010000 		.4byte	0x1c0
 705 0203 0F020000 		.4byte	0x20f
 706 0207 0E       		.uleb128 0xe
 707 0208 01       		.uleb128 0x1
 708 0209 50       		.byte	0x50
 709 020a 03       		.uleb128 0x3
 710 020b 0B       		.byte	0xb
 711 020c 50C3     		.2byte	0xc350
 712 020e 00       		.byte	0
 713 020f 0F       		.uleb128 0xf
 714 0210 50000000 		.4byte	.LVL7
 715 0214 5E010000 		.4byte	0x15e
 716 0218 22020000 		.4byte	0x222
 717 021c 0E       		.uleb128 0xe
 718 021d 01       		.uleb128 0x1
 719 021e 50       		.byte	0x50
 720 021f 01       		.uleb128 0x1
 721 0220 30       		.byte	0x30
 722 0221 00       		.byte	0
 723 0222 0D       		.uleb128 0xd
 724 0223 56000000 		.4byte	.LVL8
 725 0227 EA000000 		.4byte	0xea
 726 022b 0E       		.uleb128 0xe
 727 022c 01       		.uleb128 0x1
 728 022d 50       		.byte	0x50
 729 022e 01       		.uleb128 0x1
 730 022f 30       		.byte	0x30
 731 0230 00       		.byte	0
 732 0231 00       		.byte	0
 733 0232 07       		.uleb128 0x7
 734 0233 FD000000 		.4byte	.LASF33
 735 0237 01       		.byte	0x1
 736 0238 B2       		.byte	0xb2
ARM GAS  C:\Users\User\AppData\Local\Temp\cckCL1WM.s 			page 22


 737 0239 00000000 		.4byte	.LFB2
 738 023d 1C000000 		.4byte	.LFE2-.LFB2
 739 0241 01       		.uleb128 0x1
 740 0242 9C       		.byte	0x9c
 741 0243 5A020000 		.4byte	0x25a
 742 0247 10       		.uleb128 0x10
 743 0248 0C000000 		.4byte	.LVL9
 744 024c E5010000 		.4byte	0x1e5
 745 0250 10       		.uleb128 0x10
 746 0251 16000000 		.4byte	.LVL10
 747 0255 C8000000 		.4byte	0xc8
 748 0259 00       		.byte	0
 749 025a 09       		.uleb128 0x9
 750 025b 19020000 		.4byte	.LASF34
 751 025f 01       		.byte	0x1
 752 0260 B601     		.2byte	0x1b6
 753 0262 77000000 		.4byte	0x77
 754 0266 00000000 		.4byte	.LFB12
 755 026a 0C000000 		.4byte	.LFE12-.LFB12
 756 026e 01       		.uleb128 0x1
 757 026f 9C       		.byte	0x9c
 758 0270 11       		.uleb128 0x11
 759 0271 E9000000 		.4byte	.LASF38
 760 0275 01       		.byte	0x1
 761 0276 15       		.byte	0x15
 762 0277 6B000000 		.4byte	0x6b
 763 027b 05       		.uleb128 0x5
 764 027c 03       		.byte	0x3
 765 027d 00000000 		.4byte	FPS_Counter_initVar
 766 0281 12       		.uleb128 0x12
 767 0282 43020000 		.4byte	.LASF39
 768 0286 03       		.byte	0x3
 769 0287 7F       		.byte	0x7f
 770 0288 13       		.uleb128 0x13
 771 0289 6B000000 		.4byte	0x6b
 772 028d 00       		.byte	0
 773 028e 00       		.byte	0
 774              		.section	.debug_abbrev,"",%progbits
 775              	.Ldebug_abbrev0:
 776 0000 01       		.uleb128 0x1
 777 0001 11       		.uleb128 0x11
 778 0002 01       		.byte	0x1
 779 0003 25       		.uleb128 0x25
 780 0004 0E       		.uleb128 0xe
 781 0005 13       		.uleb128 0x13
 782 0006 0B       		.uleb128 0xb
 783 0007 03       		.uleb128 0x3
 784 0008 0E       		.uleb128 0xe
 785 0009 1B       		.uleb128 0x1b
 786 000a 0E       		.uleb128 0xe
 787 000b 55       		.uleb128 0x55
 788 000c 17       		.uleb128 0x17
 789 000d 11       		.uleb128 0x11
 790 000e 01       		.uleb128 0x1
 791 000f 10       		.uleb128 0x10
 792 0010 17       		.uleb128 0x17
 793 0011 00       		.byte	0
ARM GAS  C:\Users\User\AppData\Local\Temp\cckCL1WM.s 			page 23


 794 0012 00       		.byte	0
 795 0013 02       		.uleb128 0x2
 796 0014 24       		.uleb128 0x24
 797 0015 00       		.byte	0
 798 0016 0B       		.uleb128 0xb
 799 0017 0B       		.uleb128 0xb
 800 0018 3E       		.uleb128 0x3e
 801 0019 0B       		.uleb128 0xb
 802 001a 03       		.uleb128 0x3
 803 001b 0E       		.uleb128 0xe
 804 001c 00       		.byte	0
 805 001d 00       		.byte	0
 806 001e 03       		.uleb128 0x3
 807 001f 24       		.uleb128 0x24
 808 0020 00       		.byte	0
 809 0021 0B       		.uleb128 0xb
 810 0022 0B       		.uleb128 0xb
 811 0023 3E       		.uleb128 0x3e
 812 0024 0B       		.uleb128 0xb
 813 0025 03       		.uleb128 0x3
 814 0026 08       		.uleb128 0x8
 815 0027 00       		.byte	0
 816 0028 00       		.byte	0
 817 0029 04       		.uleb128 0x4
 818 002a 16       		.uleb128 0x16
 819 002b 00       		.byte	0
 820 002c 03       		.uleb128 0x3
 821 002d 0E       		.uleb128 0xe
 822 002e 3A       		.uleb128 0x3a
 823 002f 0B       		.uleb128 0xb
 824 0030 3B       		.uleb128 0x3b
 825 0031 05       		.uleb128 0x5
 826 0032 49       		.uleb128 0x49
 827 0033 13       		.uleb128 0x13
 828 0034 00       		.byte	0
 829 0035 00       		.byte	0
 830 0036 05       		.uleb128 0x5
 831 0037 35       		.uleb128 0x35
 832 0038 00       		.byte	0
 833 0039 49       		.uleb128 0x49
 834 003a 13       		.uleb128 0x13
 835 003b 00       		.byte	0
 836 003c 00       		.byte	0
 837 003d 06       		.uleb128 0x6
 838 003e 2E       		.uleb128 0x2e
 839 003f 00       		.byte	0
 840 0040 3F       		.uleb128 0x3f
 841 0041 19       		.uleb128 0x19
 842 0042 03       		.uleb128 0x3
 843 0043 0E       		.uleb128 0xe
 844 0044 3A       		.uleb128 0x3a
 845 0045 0B       		.uleb128 0xb
 846 0046 3B       		.uleb128 0x3b
 847 0047 0B       		.uleb128 0xb
 848 0048 27       		.uleb128 0x27
 849 0049 19       		.uleb128 0x19
 850 004a 11       		.uleb128 0x11
ARM GAS  C:\Users\User\AppData\Local\Temp\cckCL1WM.s 			page 24


 851 004b 01       		.uleb128 0x1
 852 004c 12       		.uleb128 0x12
 853 004d 06       		.uleb128 0x6
 854 004e 40       		.uleb128 0x40
 855 004f 18       		.uleb128 0x18
 856 0050 9742     		.uleb128 0x2117
 857 0052 19       		.uleb128 0x19
 858 0053 00       		.byte	0
 859 0054 00       		.byte	0
 860 0055 07       		.uleb128 0x7
 861 0056 2E       		.uleb128 0x2e
 862 0057 01       		.byte	0x1
 863 0058 3F       		.uleb128 0x3f
 864 0059 19       		.uleb128 0x19
 865 005a 03       		.uleb128 0x3
 866 005b 0E       		.uleb128 0xe
 867 005c 3A       		.uleb128 0x3a
 868 005d 0B       		.uleb128 0xb
 869 005e 3B       		.uleb128 0x3b
 870 005f 0B       		.uleb128 0xb
 871 0060 27       		.uleb128 0x27
 872 0061 19       		.uleb128 0x19
 873 0062 11       		.uleb128 0x11
 874 0063 01       		.uleb128 0x1
 875 0064 12       		.uleb128 0x12
 876 0065 06       		.uleb128 0x6
 877 0066 40       		.uleb128 0x40
 878 0067 18       		.uleb128 0x18
 879 0068 9742     		.uleb128 0x2117
 880 006a 19       		.uleb128 0x19
 881 006b 01       		.uleb128 0x1
 882 006c 13       		.uleb128 0x13
 883 006d 00       		.byte	0
 884 006e 00       		.byte	0
 885 006f 08       		.uleb128 0x8
 886 0070 05       		.uleb128 0x5
 887 0071 00       		.byte	0
 888 0072 03       		.uleb128 0x3
 889 0073 0E       		.uleb128 0xe
 890 0074 3A       		.uleb128 0x3a
 891 0075 0B       		.uleb128 0xb
 892 0076 3B       		.uleb128 0x3b
 893 0077 0B       		.uleb128 0xb
 894 0078 49       		.uleb128 0x49
 895 0079 13       		.uleb128 0x13
 896 007a 02       		.uleb128 0x2
 897 007b 18       		.uleb128 0x18
 898 007c 00       		.byte	0
 899 007d 00       		.byte	0
 900 007e 09       		.uleb128 0x9
 901 007f 2E       		.uleb128 0x2e
 902 0080 00       		.byte	0
 903 0081 3F       		.uleb128 0x3f
 904 0082 19       		.uleb128 0x19
 905 0083 03       		.uleb128 0x3
 906 0084 0E       		.uleb128 0xe
 907 0085 3A       		.uleb128 0x3a
ARM GAS  C:\Users\User\AppData\Local\Temp\cckCL1WM.s 			page 25


 908 0086 0B       		.uleb128 0xb
 909 0087 3B       		.uleb128 0x3b
 910 0088 05       		.uleb128 0x5
 911 0089 27       		.uleb128 0x27
 912 008a 19       		.uleb128 0x19
 913 008b 49       		.uleb128 0x49
 914 008c 13       		.uleb128 0x13
 915 008d 11       		.uleb128 0x11
 916 008e 01       		.uleb128 0x1
 917 008f 12       		.uleb128 0x12
 918 0090 06       		.uleb128 0x6
 919 0091 40       		.uleb128 0x40
 920 0092 18       		.uleb128 0x18
 921 0093 9742     		.uleb128 0x2117
 922 0095 19       		.uleb128 0x19
 923 0096 00       		.byte	0
 924 0097 00       		.byte	0
 925 0098 0A       		.uleb128 0xa
 926 0099 2E       		.uleb128 0x2e
 927 009a 01       		.byte	0x1
 928 009b 3F       		.uleb128 0x3f
 929 009c 19       		.uleb128 0x19
 930 009d 03       		.uleb128 0x3
 931 009e 0E       		.uleb128 0xe
 932 009f 3A       		.uleb128 0x3a
 933 00a0 0B       		.uleb128 0xb
 934 00a1 3B       		.uleb128 0x3b
 935 00a2 05       		.uleb128 0x5
 936 00a3 27       		.uleb128 0x27
 937 00a4 19       		.uleb128 0x19
 938 00a5 11       		.uleb128 0x11
 939 00a6 01       		.uleb128 0x1
 940 00a7 12       		.uleb128 0x12
 941 00a8 06       		.uleb128 0x6
 942 00a9 40       		.uleb128 0x40
 943 00aa 18       		.uleb128 0x18
 944 00ab 9742     		.uleb128 0x2117
 945 00ad 19       		.uleb128 0x19
 946 00ae 01       		.uleb128 0x1
 947 00af 13       		.uleb128 0x13
 948 00b0 00       		.byte	0
 949 00b1 00       		.byte	0
 950 00b2 0B       		.uleb128 0xb
 951 00b3 05       		.uleb128 0x5
 952 00b4 00       		.byte	0
 953 00b5 03       		.uleb128 0x3
 954 00b6 0E       		.uleb128 0xe
 955 00b7 3A       		.uleb128 0x3a
 956 00b8 0B       		.uleb128 0xb
 957 00b9 3B       		.uleb128 0x3b
 958 00ba 05       		.uleb128 0x5
 959 00bb 49       		.uleb128 0x49
 960 00bc 13       		.uleb128 0x13
 961 00bd 02       		.uleb128 0x2
 962 00be 18       		.uleb128 0x18
 963 00bf 00       		.byte	0
 964 00c0 00       		.byte	0
ARM GAS  C:\Users\User\AppData\Local\Temp\cckCL1WM.s 			page 26


 965 00c1 0C       		.uleb128 0xc
 966 00c2 05       		.uleb128 0x5
 967 00c3 00       		.byte	0
 968 00c4 03       		.uleb128 0x3
 969 00c5 0E       		.uleb128 0xe
 970 00c6 3A       		.uleb128 0x3a
 971 00c7 0B       		.uleb128 0xb
 972 00c8 3B       		.uleb128 0x3b
 973 00c9 05       		.uleb128 0x5
 974 00ca 49       		.uleb128 0x49
 975 00cb 13       		.uleb128 0x13
 976 00cc 02       		.uleb128 0x2
 977 00cd 17       		.uleb128 0x17
 978 00ce 00       		.byte	0
 979 00cf 00       		.byte	0
 980 00d0 0D       		.uleb128 0xd
 981 00d1 898201   		.uleb128 0x4109
 982 00d4 01       		.byte	0x1
 983 00d5 11       		.uleb128 0x11
 984 00d6 01       		.uleb128 0x1
 985 00d7 31       		.uleb128 0x31
 986 00d8 13       		.uleb128 0x13
 987 00d9 00       		.byte	0
 988 00da 00       		.byte	0
 989 00db 0E       		.uleb128 0xe
 990 00dc 8A8201   		.uleb128 0x410a
 991 00df 00       		.byte	0
 992 00e0 02       		.uleb128 0x2
 993 00e1 18       		.uleb128 0x18
 994 00e2 9142     		.uleb128 0x2111
 995 00e4 18       		.uleb128 0x18
 996 00e5 00       		.byte	0
 997 00e6 00       		.byte	0
 998 00e7 0F       		.uleb128 0xf
 999 00e8 898201   		.uleb128 0x4109
 1000 00eb 01       		.byte	0x1
 1001 00ec 11       		.uleb128 0x11
 1002 00ed 01       		.uleb128 0x1
 1003 00ee 31       		.uleb128 0x31
 1004 00ef 13       		.uleb128 0x13
 1005 00f0 01       		.uleb128 0x1
 1006 00f1 13       		.uleb128 0x13
 1007 00f2 00       		.byte	0
 1008 00f3 00       		.byte	0
 1009 00f4 10       		.uleb128 0x10
 1010 00f5 898201   		.uleb128 0x4109
 1011 00f8 00       		.byte	0
 1012 00f9 11       		.uleb128 0x11
 1013 00fa 01       		.uleb128 0x1
 1014 00fb 31       		.uleb128 0x31
 1015 00fc 13       		.uleb128 0x13
 1016 00fd 00       		.byte	0
 1017 00fe 00       		.byte	0
 1018 00ff 11       		.uleb128 0x11
 1019 0100 34       		.uleb128 0x34
 1020 0101 00       		.byte	0
 1021 0102 03       		.uleb128 0x3
ARM GAS  C:\Users\User\AppData\Local\Temp\cckCL1WM.s 			page 27


 1022 0103 0E       		.uleb128 0xe
 1023 0104 3A       		.uleb128 0x3a
 1024 0105 0B       		.uleb128 0xb
 1025 0106 3B       		.uleb128 0x3b
 1026 0107 0B       		.uleb128 0xb
 1027 0108 49       		.uleb128 0x49
 1028 0109 13       		.uleb128 0x13
 1029 010a 3F       		.uleb128 0x3f
 1030 010b 19       		.uleb128 0x19
 1031 010c 02       		.uleb128 0x2
 1032 010d 18       		.uleb128 0x18
 1033 010e 00       		.byte	0
 1034 010f 00       		.byte	0
 1035 0110 12       		.uleb128 0x12
 1036 0111 2E       		.uleb128 0x2e
 1037 0112 01       		.byte	0x1
 1038 0113 3F       		.uleb128 0x3f
 1039 0114 19       		.uleb128 0x19
 1040 0115 03       		.uleb128 0x3
 1041 0116 0E       		.uleb128 0xe
 1042 0117 3A       		.uleb128 0x3a
 1043 0118 0B       		.uleb128 0xb
 1044 0119 3B       		.uleb128 0x3b
 1045 011a 0B       		.uleb128 0xb
 1046 011b 27       		.uleb128 0x27
 1047 011c 19       		.uleb128 0x19
 1048 011d 3C       		.uleb128 0x3c
 1049 011e 19       		.uleb128 0x19
 1050 011f 00       		.byte	0
 1051 0120 00       		.byte	0
 1052 0121 13       		.uleb128 0x13
 1053 0122 05       		.uleb128 0x5
 1054 0123 00       		.byte	0
 1055 0124 49       		.uleb128 0x49
 1056 0125 13       		.uleb128 0x13
 1057 0126 00       		.byte	0
 1058 0127 00       		.byte	0
 1059 0128 00       		.byte	0
 1060              		.section	.debug_loc,"",%progbits
 1061              	.Ldebug_loc0:
 1062              	.LLST0:
 1063 0000 00000000 		.4byte	.LVL2
 1064 0004 10000000 		.4byte	.LVL3
 1065 0008 0100     		.2byte	0x1
 1066 000a 50       		.byte	0x50
 1067 000b 10000000 		.4byte	.LVL3
 1068 000f 34000000 		.4byte	.LFE8
 1069 0013 0400     		.2byte	0x4
 1070 0015 F3       		.byte	0xf3
 1071 0016 01       		.uleb128 0x1
 1072 0017 50       		.byte	0x50
 1073 0018 9F       		.byte	0x9f
 1074 0019 00000000 		.4byte	0
 1075 001d 00000000 		.4byte	0
 1076              		.section	.debug_aranges,"",%progbits
 1077 0000 7C000000 		.4byte	0x7c
 1078 0004 0200     		.2byte	0x2
ARM GAS  C:\Users\User\AppData\Local\Temp\cckCL1WM.s 			page 28


 1079 0006 00000000 		.4byte	.Ldebug_info0
 1080 000a 04       		.byte	0x4
 1081 000b 00       		.byte	0
 1082 000c 0000     		.2byte	0
 1083 000e 0000     		.2byte	0
 1084 0010 00000000 		.4byte	.LFB1
 1085 0014 28000000 		.4byte	.LFE1-.LFB1
 1086 0018 00000000 		.4byte	.LFB3
 1087 001c 28000000 		.4byte	.LFE3-.LFB3
 1088 0020 00000000 		.4byte	.LFB4
 1089 0024 0C000000 		.4byte	.LFE4-.LFB4
 1090 0028 00000000 		.4byte	.LFB5
 1091 002c 0C000000 		.4byte	.LFE5-.LFB5
 1092 0030 00000000 		.4byte	.LFB6
 1093 0034 0C000000 		.4byte	.LFE6-.LFB6
 1094 0038 00000000 		.4byte	.LFB7
 1095 003c 0C000000 		.4byte	.LFE7-.LFB7
 1096 0040 00000000 		.4byte	.LFB8
 1097 0044 34000000 		.4byte	.LFE8-.LFB8
 1098 0048 00000000 		.4byte	.LFB9
 1099 004c 14000000 		.4byte	.LFE9-.LFB9
 1100 0050 00000000 		.4byte	.LFB10
 1101 0054 0C000000 		.4byte	.LFE10-.LFB10
 1102 0058 00000000 		.4byte	.LFB11
 1103 005c 0C000000 		.4byte	.LFE11-.LFB11
 1104 0060 00000000 		.4byte	.LFB0
 1105 0064 60000000 		.4byte	.LFE0-.LFB0
 1106 0068 00000000 		.4byte	.LFB2
 1107 006c 1C000000 		.4byte	.LFE2-.LFB2
 1108 0070 00000000 		.4byte	.LFB12
 1109 0074 0C000000 		.4byte	.LFE12-.LFB12
 1110 0078 00000000 		.4byte	0
 1111 007c 00000000 		.4byte	0
 1112              		.section	.debug_ranges,"",%progbits
 1113              	.Ldebug_ranges0:
 1114 0000 00000000 		.4byte	.LFB1
 1115 0004 28000000 		.4byte	.LFE1
 1116 0008 00000000 		.4byte	.LFB3
 1117 000c 28000000 		.4byte	.LFE3
 1118 0010 00000000 		.4byte	.LFB4
 1119 0014 0C000000 		.4byte	.LFE4
 1120 0018 00000000 		.4byte	.LFB5
 1121 001c 0C000000 		.4byte	.LFE5
 1122 0020 00000000 		.4byte	.LFB6
 1123 0024 0C000000 		.4byte	.LFE6
 1124 0028 00000000 		.4byte	.LFB7
 1125 002c 0C000000 		.4byte	.LFE7
 1126 0030 00000000 		.4byte	.LFB8
 1127 0034 34000000 		.4byte	.LFE8
 1128 0038 00000000 		.4byte	.LFB9
 1129 003c 14000000 		.4byte	.LFE9
 1130 0040 00000000 		.4byte	.LFB10
 1131 0044 0C000000 		.4byte	.LFE10
 1132 0048 00000000 		.4byte	.LFB11
 1133 004c 0C000000 		.4byte	.LFE11
 1134 0050 00000000 		.4byte	.LFB0
 1135 0054 60000000 		.4byte	.LFE0
ARM GAS  C:\Users\User\AppData\Local\Temp\cckCL1WM.s 			page 29


 1136 0058 00000000 		.4byte	.LFB2
 1137 005c 1C000000 		.4byte	.LFE2
 1138 0060 00000000 		.4byte	.LFB12
 1139 0064 0C000000 		.4byte	.LFE12
 1140 0068 00000000 		.4byte	0
 1141 006c 00000000 		.4byte	0
 1142              		.section	.debug_line,"",%progbits
 1143              	.Ldebug_line0:
 1144 0000 5D010000 		.section	.debug_str,"MS",%progbits,1
 1144      02005500 
 1144      00000201 
 1144      FB0E0D00 
 1144      01010101 
 1145              	.LASF15:
 1146 0000 72656731 		.ascii	"reg16\000"
 1146      3600
 1147              	.LASF19:
 1148 0006 4650535F 		.ascii	"FPS_Counter_Stop\000"
 1148      436F756E 
 1148      7465725F 
 1148      53746F70 
 1148      00
 1149              	.LASF20:
 1150 0017 4650535F 		.ascii	"FPS_Counter_ReadStatusRegister\000"
 1150      436F756E 
 1150      7465725F 
 1150      52656164 
 1150      53746174 
 1151              	.LASF31:
 1152 0036 70657269 		.ascii	"period\000"
 1152      6F6400
 1153              	.LASF35:
 1154 003d 474E5520 		.ascii	"GNU C 4.9.3 20150303 (release) [ARM/embedded-4_9-br"
 1154      4320342E 
 1154      392E3320 
 1154      32303135 
 1154      30333033 
 1155 0070 616E6368 		.ascii	"anch revision 221220] -mcpu=cortex-m3 -mthumb -g -O"
 1155      20726576 
 1155      6973696F 
 1155      6E203232 
 1155      31323230 
 1156 00a3 67202D73 		.ascii	"g -std=gnu11 -ffunction-sections -ffat-lto-objects\000"
 1156      74643D67 
 1156      6E753131 
 1156      202D6666 
 1156      756E6374 
 1157              	.LASF3:
 1158 00d6 73686F72 		.ascii	"short unsigned int\000"
 1158      7420756E 
 1158      7369676E 
 1158      65642069 
 1158      6E7400
 1159              	.LASF38:
 1160 00e9 4650535F 		.ascii	"FPS_Counter_initVar\000"
 1160      436F756E 
 1160      7465725F 
ARM GAS  C:\Users\User\AppData\Local\Temp\cckCL1WM.s 			page 30


 1160      696E6974 
 1160      56617200 
 1161              	.LASF33:
 1162 00fd 4650535F 		.ascii	"FPS_Counter_Start\000"
 1162      436F756E 
 1162      7465725F 
 1162      53746172 
 1162      7400
 1163              	.LASF11:
 1164 010f 666C6F61 		.ascii	"float\000"
 1164      7400
 1165              	.LASF27:
 1166 0115 636F756E 		.ascii	"counter\000"
 1166      74657200 
 1167              	.LASF1:
 1168 011d 756E7369 		.ascii	"unsigned char\000"
 1168      676E6564 
 1168      20636861 
 1168      7200
 1169              	.LASF29:
 1170 012b 4650535F 		.ascii	"FPS_Counter_ReadCapture\000"
 1170      436F756E 
 1170      7465725F 
 1170      52656164 
 1170      43617074 
 1171              	.LASF5:
 1172 0143 6C6F6E67 		.ascii	"long unsigned int\000"
 1172      20756E73 
 1172      69676E65 
 1172      6420696E 
 1172      7400
 1173              	.LASF36:
 1174 0155 2E5C4765 		.ascii	".\\Generated_Source\\PSoC5\\FPS_Counter.c\000"
 1174      6E657261 
 1174      7465645F 
 1174      536F7572 
 1174      63655C50 
 1175              	.LASF9:
 1176 017c 75696E74 		.ascii	"uint8\000"
 1176      3800
 1177              	.LASF25:
 1178 0182 636F6E74 		.ascii	"control\000"
 1178      726F6C00 
 1179              	.LASF24:
 1180 018a 696E7465 		.ascii	"interruptsMask\000"
 1180      72727570 
 1180      74734D61 
 1180      736B00
 1181              	.LASF26:
 1182 0199 4650535F 		.ascii	"FPS_Counter_WriteCounter\000"
 1182      436F756E 
 1182      7465725F 
 1182      57726974 
 1182      65436F75 
 1183              	.LASF12:
 1184 01b2 646F7562 		.ascii	"double\000"
 1184      6C6500
ARM GAS  C:\Users\User\AppData\Local\Temp\cckCL1WM.s 			page 31


 1185              	.LASF22:
 1186 01b9 4650535F 		.ascii	"FPS_Counter_SetInterruptMode\000"
 1186      436F756E 
 1186      7465725F 
 1186      53657449 
 1186      6E746572 
 1187              	.LASF28:
 1188 01d6 4650535F 		.ascii	"FPS_Counter_ReadCounter\000"
 1188      436F756E 
 1188      7465725F 
 1188      52656164 
 1188      436F756E 
 1189              	.LASF10:
 1190 01ee 75696E74 		.ascii	"uint16\000"
 1190      313600
 1191              	.LASF8:
 1192 01f5 756E7369 		.ascii	"unsigned int\000"
 1192      676E6564 
 1192      20696E74 
 1192      00
 1193              	.LASF7:
 1194 0202 6C6F6E67 		.ascii	"long long unsigned int\000"
 1194      206C6F6E 
 1194      6720756E 
 1194      7369676E 
 1194      65642069 
 1195              	.LASF34:
 1196 0219 4650535F 		.ascii	"FPS_Counter_ReadPeriod\000"
 1196      436F756E 
 1196      7465725F 
 1196      52656164 
 1196      50657269 
 1197              	.LASF18:
 1198 0230 4650535F 		.ascii	"FPS_Counter_Enable\000"
 1198      436F756E 
 1198      7465725F 
 1198      456E6162 
 1198      6C6500
 1199              	.LASF39:
 1200 0243 43794861 		.ascii	"CyHalt\000"
 1200      6C7400
 1201              	.LASF14:
 1202 024a 72656738 		.ascii	"reg8\000"
 1202      00
 1203              	.LASF32:
 1204 024f 4650535F 		.ascii	"FPS_Counter_Init\000"
 1204      436F756E 
 1204      7465725F 
 1204      496E6974 
 1204      00
 1205              	.LASF21:
 1206 0260 4650535F 		.ascii	"FPS_Counter_ReadControlRegister\000"
 1206      436F756E 
 1206      7465725F 
 1206      52656164 
 1206      436F6E74 
 1207              	.LASF17:
ARM GAS  C:\Users\User\AppData\Local\Temp\cckCL1WM.s 			page 32


 1208 0280 73697A65 		.ascii	"sizetype\000"
 1208      74797065 
 1208      00
 1209              	.LASF6:
 1210 0289 6C6F6E67 		.ascii	"long long int\000"
 1210      206C6F6E 
 1210      6720696E 
 1210      7400
 1211              	.LASF13:
 1212 0297 63686172 		.ascii	"char\000"
 1212      00
 1213              	.LASF2:
 1214 029c 73686F72 		.ascii	"short int\000"
 1214      7420696E 
 1214      7400
 1215              	.LASF30:
 1216 02a6 4650535F 		.ascii	"FPS_Counter_WritePeriod\000"
 1216      436F756E 
 1216      7465725F 
 1216      57726974 
 1216      65506572 
 1217              	.LASF4:
 1218 02be 6C6F6E67 		.ascii	"long int\000"
 1218      20696E74 
 1218      00
 1219              	.LASF16:
 1220 02c7 6C6F6E67 		.ascii	"long double\000"
 1220      20646F75 
 1220      626C6500 
 1221              	.LASF0:
 1222 02d3 7369676E 		.ascii	"signed char\000"
 1222      65642063 
 1222      68617200 
 1223              	.LASF23:
 1224 02df 4650535F 		.ascii	"FPS_Counter_WriteControlRegister\000"
 1224      436F756E 
 1224      7465725F 
 1224      57726974 
 1224      65436F6E 
 1225              	.LASF37:
 1226 0300 433A5C55 		.ascii	"C:\\Users\\User\\Documents\\MIT 6.115\\finalproject"
 1226      73657273 
 1226      5C557365 
 1226      725C446F 
 1226      63756D65 
 1227 032e 5C66696E 		.ascii	"\\finalproject\\GuitarHero.cydsn\000"
 1227      616C7072 
 1227      6F6A6563 
 1227      745C4775 
 1227      69746172 
 1228              		.ident	"GCC: (GNU Tools for ARM Embedded Processors) 4.9.3 20150303 (release) [ARM/embedded-4_9-br
