--------------- Rebuild Started: 05/04/2024 01:10:48 Project: GuitarHero, Configuration: ARM GCC 4.9-2015-q1-update Debug ---------------
Deleting file ".\CortexM3\ARM_GCC_493\Debug\main.o"
Deleting file ".\CortexM3\ARM_GCC_493\Debug\sprites.o"
Deleting file ".\CortexM3\ARM_GCC_493\Debug\game_manager.o"
Deleting file ".\CortexM3\ARM_GCC_493\Debug\cyfitter_cfg.o"
Deleting file ".\CortexM3\ARM_GCC_493\Debug\cymetadata.o"
Deleting file ".\CortexM3\ARM_GCC_493\Debug\x_out.o"
Deleting file ".\CortexM3\ARM_GCC_493\Debug\x_DAC.o"
Deleting file ".\CortexM3\ARM_GCC_493\Debug\x_DAC_PM.o"
Deleting file ".\CortexM3\ARM_GCC_493\Debug\y_out.o"
Deleting file ".\CortexM3\ARM_GCC_493\Debug\y_DAC.o"
Deleting file ".\CortexM3\ARM_GCC_493\Debug\y_DAC_PM.o"
Deleting file ".\CortexM3\ARM_GCC_493\Debug\Cm3Start.o"
Deleting file ".\CortexM3\ARM_GCC_493\Debug\CyBootAsmGnu.o"
Deleting file ".\CortexM3\ARM_GCC_493\Debug\CyDmac.o"
Deleting file ".\CortexM3\ARM_GCC_493\Debug\CyFlash.o"
Deleting file ".\CortexM3\ARM_GCC_493\Debug\CyLib.o"
Deleting file ".\CortexM3\ARM_GCC_493\Debug\cyPm.o"
Deleting file ".\CortexM3\ARM_GCC_493\Debug\CySpc.o"
Deleting file ".\CortexM3\ARM_GCC_493\Debug\cyutils.o"
Deleting file ".\CortexM3\ARM_GCC_493\Debug\FPS_Clock.o"
Deleting file ".\CortexM3\ARM_GCC_493\Debug\FPS_isr.o"
Deleting file ".\CortexM3\ARM_GCC_493\Debug\BLE_UART.o"
Deleting file ".\CortexM3\ARM_GCC_493\Debug\BLE_UART_PM.o"
Deleting file ".\CortexM3\ARM_GCC_493\Debug\BLE_UART_INT.o"
Deleting file ".\CortexM3\ARM_GCC_493\Debug\BLE_UART_BOOT.o"
Deleting file ".\CortexM3\ARM_GCC_493\Debug\BLE_Rx_isr.o"
Deleting file ".\CortexM3\ARM_GCC_493\Debug\LCD.o"
Deleting file ".\CortexM3\ARM_GCC_493\Debug\LCD_PM.o"
Deleting file ".\CortexM3\ARM_GCC_493\Debug\BLE_UART_IntClock.o"
Deleting file ".\CortexM3\ARM_GCC_493\Debug\LCD_LCDPort.o"
Deleting file ".\CortexM3\ARM_GCC_493\Debug\Audio_DAC.o"
Deleting file ".\CortexM3\ARM_GCC_493\Debug\Audio_DAC_PM.o"
Deleting file ".\CortexM3\ARM_GCC_493\Debug\Audio_out.o"
Deleting file ".\CortexM3\ARM_GCC_493\Debug\Audio_DAC_VDAC8.o"
Deleting file ".\CortexM3\ARM_GCC_493\Debug\Audio_DAC_VDAC8_PM.o"
Deleting file ".\CortexM3\ARM_GCC_493\Debug\Audio_isr.o"
Deleting file ".\CortexM3\ARM_GCC_493\Debug\Audio_Clock.o"
Deleting file ".\CortexM3\ARM_GCC_493\Debug\Audio_DAC_DMA_dma.o"
Deleting file ".\CortexM3\ARM_GCC_493\Debug\Audio_DAC_IntClock.o"
Deleting file ".\GuitarHero.cycdx"
Deleting file ".\GuitarHero.svd"
Deleting file ".\GuitarHero.rpt"
Deleting file ".\GuitarHero_timing.html"
cydsfit.exe -.appdatapath "C:\Users\User\AppData\Local\Cypress Semiconductor\PSoC Creator\3.3" -.fdsnotice -.fdswarpdepfile=warp_dependencies.txt -.fdselabdepfile=elab_dependencies.txt -.fdsbldfile=generated_files.txt -p "C:\Users\User\Documents\MIT 6.115\finalproject\finalproject\GuitarHero.cydsn\GuitarHero.cyprj" -d CY8C5868AXI-LP035 -s "C:\Users\User\Documents\MIT 6.115\finalproject\finalproject\GuitarHero.cydsn\Generated_Source\PSoC5" -- -yv2 -q10 -ygs -o2 -v3 -.fftcfgtype=LE
Elaborating Design...
ADD: pft.M0028: warning: Clock Warning: (FPS_Clock's accuracy range '20  Hz -50% +100%, (10  Hz - 40  Hz)' is not within the specified tolerance range '20  Hz +/- 5%, (19  Hz - 21  Hz)'.).
 * C:\Users\User\Documents\MIT 6.115\finalproject\finalproject\GuitarHero.cydsn\GuitarHero.cydwr (FPS_Clock)
 * C:\Users\User\Documents\MIT 6.115\finalproject\finalproject\GuitarHero.cydsn\TopDesign\TopDesign.cysch (Instance:FPS_Clock)
HDL Generation ...
Synthesis ...
Place and Route ...
Tech mapping ...
Analog Placement ...
Log: apr.M0058: The analog placement iterative improvement is 36% done. (App=cydsfit)
Log: apr.M0058: The analog placement iterative improvement is 71% done. (App=cydsfit)
Log: apr.M0058: The analog placement iterative improvement is 100% done. (App=cydsfit)
Analog Routing ...
Analog Code Generation ...
Digital Placement ...
Digital Routing ...
Bitstream Generation ...
Static timing analysis ...
API Generation ...
Dependency Generation ...
Clean Temporary Files ...
arm-none-eabi-gcc.exe -mcpu=cortex-m3 -mthumb -Wno-main -IemFile_V322c\Code\Include\PSoC5 -IemFile_V322c\Code\Include\PSoC5\emf32nOS -I. -IGenerated_Source\PSoC5 -Wa,-alh=.\CortexM3\ARM_GCC_493\Debug/main.lst -g -D DEBUG -Wall -ffunction-sections -Og -ffat-lto-objects -std=gnu11 -c .\main.c -o .\CortexM3\ARM_GCC_493\Debug\main.o
arm-none-eabi-gcc.exe -mcpu=cortex-m3 -mthumb -Wno-main -IemFile_V322c\Code\Include\PSoC5 -IemFile_V322c\Code\Include\PSoC5\emf32nOS -I. -IGenerated_Source\PSoC5 -Wa,-alh=.\CortexM3\ARM_GCC_493\Debug/sprites.lst -g -D DEBUG -Wall -ffunction-sections -Og -ffat-lto-objects -std=gnu11 -c .\sprites.c -o .\CortexM3\ARM_GCC_493\Debug\sprites.o
arm-none-eabi-gcc.exe -mcpu=cortex-m3 -mthumb -Wno-main -IemFile_V322c\Code\Include\PSoC5 -IemFile_V322c\Code\Include\PSoC5\emf32nOS -I. -IGenerated_Source\PSoC5 -Wa,-alh=.\CortexM3\ARM_GCC_493\Debug/game_manager.lst -g -D DEBUG -Wall -ffunction-sections -Og -ffat-lto-objects -std=gnu11 -c .\game_manager.c -o .\CortexM3\ARM_GCC_493\Debug\game_manager.o
arm-none-eabi-gcc.exe -mcpu=cortex-m3 -mthumb -Wno-main -IemFile_V322c\Code\Include\PSoC5 -IemFile_V322c\Code\Include\PSoC5\emf32nOS -I. -IGenerated_Source\PSoC5 -Wa,-alh=.\CortexM3\ARM_GCC_493\Debug/cyfitter_cfg.lst -g -D DEBUG -Wall -ffunction-sections -Og -ffat-lto-objects -std=gnu11 -c .\Generated_Source\PSoC5\cyfitter_cfg.c -o .\CortexM3\ARM_GCC_493\Debug\cyfitter_cfg.o
arm-none-eabi-gcc.exe -mcpu=cortex-m3 -mthumb -Wno-main -IemFile_V322c\Code\Include\PSoC5 -IemFile_V322c\Code\Include\PSoC5\emf32nOS -I. -IGenerated_Source\PSoC5 -Wa,-alh=.\CortexM3\ARM_GCC_493\Debug/cymetadata.lst -g -D DEBUG -Wall -ffunction-sections -Og -ffat-lto-objects -std=gnu11 -c .\Generated_Source\PSoC5\cymetadata.c -o .\CortexM3\ARM_GCC_493\Debug\cymetadata.o
arm-none-eabi-gcc.exe -mcpu=cortex-m3 -mthumb -Wno-main -IemFile_V322c\Code\Include\PSoC5 -IemFile_V322c\Code\Include\PSoC5\emf32nOS -I. -IGenerated_Source\PSoC5 -Wa,-alh=.\CortexM3\ARM_GCC_493\Debug/x_out.lst -g -D DEBUG -Wall -ffunction-sections -Og -ffat-lto-objects -std=gnu11 -c .\Generated_Source\PSoC5\x_out.c -o .\CortexM3\ARM_GCC_493\Debug\x_out.o
arm-none-eabi-gcc.exe -mcpu=cortex-m3 -mthumb -Wno-main -IemFile_V322c\Code\Include\PSoC5 -IemFile_V322c\Code\Include\PSoC5\emf32nOS -I. -IGenerated_Source\PSoC5 -Wa,-alh=.\CortexM3\ARM_GCC_493\Debug/x_DAC.lst -g -D DEBUG -Wall -ffunction-sections -Og -ffat-lto-objects -std=gnu11 -c .\Generated_Source\PSoC5\x_DAC.c -o .\CortexM3\ARM_GCC_493\Debug\x_DAC.o
arm-none-eabi-gcc.exe -mcpu=cortex-m3 -mthumb -Wno-main -IemFile_V322c\Code\Include\PSoC5 -IemFile_V322c\Code\Include\PSoC5\emf32nOS -I. -IGenerated_Source\PSoC5 -Wa,-alh=.\CortexM3\ARM_GCC_493\Debug/x_DAC_PM.lst -g -D DEBUG -Wall -ffunction-sections -Og -ffat-lto-objects -std=gnu11 -c .\Generated_Source\PSoC5\x_DAC_PM.c -o .\CortexM3\ARM_GCC_493\Debug\x_DAC_PM.o
arm-none-eabi-gcc.exe -mcpu=cortex-m3 -mthumb -Wno-main -IemFile_V322c\Code\Include\PSoC5 -IemFile_V322c\Code\Include\PSoC5\emf32nOS -I. -IGenerated_Source\PSoC5 -Wa,-alh=.\CortexM3\ARM_GCC_493\Debug/y_out.lst -g -D DEBUG -Wall -ffunction-sections -Og -ffat-lto-objects -std=gnu11 -c .\Generated_Source\PSoC5\y_out.c -o .\CortexM3\ARM_GCC_493\Debug\y_out.o
arm-none-eabi-gcc.exe -mcpu=cortex-m3 -mthumb -Wno-main -IemFile_V322c\Code\Include\PSoC5 -IemFile_V322c\Code\Include\PSoC5\emf32nOS -I. -IGenerated_Source\PSoC5 -Wa,-alh=.\CortexM3\ARM_GCC_493\Debug/y_DAC.lst -g -D DEBUG -Wall -ffunction-sections -Og -ffat-lto-objects -std=gnu11 -c .\Generated_Source\PSoC5\y_DAC.c -o .\CortexM3\ARM_GCC_493\Debug\y_DAC.o
arm-none-eabi-gcc.exe -mcpu=cortex-m3 -mthumb -Wno-main -IemFile_V322c\Code\Include\PSoC5 -IemFile_V322c\Code\Include\PSoC5\emf32nOS -I. -IGenerated_Source\PSoC5 -Wa,-alh=.\CortexM3\ARM_GCC_493\Debug/y_DAC_PM.lst -g -D DEBUG -Wall -ffunction-sections -Og -ffat-lto-objects -std=gnu11 -c .\Generated_Source\PSoC5\y_DAC_PM.c -o .\CortexM3\ARM_GCC_493\Debug\y_DAC_PM.o
arm-none-eabi-gcc.exe -mcpu=cortex-m3 -mthumb -Wno-main -IemFile_V322c\Code\Include\PSoC5 -IemFile_V322c\Code\Include\PSoC5\emf32nOS -I. -IGenerated_Source\PSoC5 -Wa,-alh=.\CortexM3\ARM_GCC_493\Debug/Cm3Start.lst -g -D DEBUG -Wall -ffunction-sections -Og -ffat-lto-objects -std=gnu11 -c .\Generated_Source\PSoC5\Cm3Start.c -o .\CortexM3\ARM_GCC_493\Debug\Cm3Start.o
arm-none-eabi-as.exe -mcpu=cortex-m3 -mthumb -I. -IGenerated_Source\PSoC5 -alh=.\CortexM3\ARM_GCC_493\Debug/CyBootAsmGnu.lst -g -W -o .\CortexM3\ARM_GCC_493\Debug\CyBootAsmGnu.o .\Generated_Source\PSoC5\CyBootAsmGnu.s
arm-none-eabi-gcc.exe -mcpu=cortex-m3 -mthumb -Wno-main -IemFile_V322c\Code\Include\PSoC5 -IemFile_V322c\Code\Include\PSoC5\emf32nOS -I. -IGenerated_Source\PSoC5 -Wa,-alh=.\CortexM3\ARM_GCC_493\Debug/CyDmac.lst -g -D DEBUG -Wall -ffunction-sections -Og -ffat-lto-objects -std=gnu11 -c .\Generated_Source\PSoC5\CyDmac.c -o .\CortexM3\ARM_GCC_493\Debug\CyDmac.o
arm-none-eabi-gcc.exe -mcpu=cortex-m3 -mthumb -Wno-main -IemFile_V322c\Code\Include\PSoC5 -IemFile_V322c\Code\Include\PSoC5\emf32nOS -I. -IGenerated_Source\PSoC5 -Wa,-alh=.\CortexM3\ARM_GCC_493\Debug/CyFlash.lst -g -D DEBUG -Wall -ffunction-sections -Og -ffat-lto-objects -std=gnu11 -c .\Generated_Source\PSoC5\CyFlash.c -o .\CortexM3\ARM_GCC_493\Debug\CyFlash.o
arm-none-eabi-gcc.exe -mcpu=cortex-m3 -mthumb -Wno-main -IemFile_V322c\Code\Include\PSoC5 -IemFile_V322c\Code\Include\PSoC5\emf32nOS -I. -IGenerated_Source\PSoC5 -Wa,-alh=.\CortexM3\ARM_GCC_493\Debug/CyLib.lst -g -D DEBUG -Wall -ffunction-sections -Og -ffat-lto-objects -std=gnu11 -c .\Generated_Source\PSoC5\CyLib.c -o .\CortexM3\ARM_GCC_493\Debug\CyLib.o
arm-none-eabi-gcc.exe -mcpu=cortex-m3 -mthumb -Wno-main -IemFile_V322c\Code\Include\PSoC5 -IemFile_V322c\Code\Include\PSoC5\emf32nOS -I. -IGenerated_Source\PSoC5 -Wa,-alh=.\CortexM3\ARM_GCC_493\Debug/cyPm.lst -g -D DEBUG -Wall -ffunction-sections -Og -ffat-lto-objects -std=gnu11 -c .\Generated_Source\PSoC5\cyPm.c -o .\CortexM3\ARM_GCC_493\Debug\cyPm.o
arm-none-eabi-gcc.exe -mcpu=cortex-m3 -mthumb -Wno-main -IemFile_V322c\Code\Include\PSoC5 -IemFile_V322c\Code\Include\PSoC5\emf32nOS -I. -IGenerated_Source\PSoC5 -Wa,-alh=.\CortexM3\ARM_GCC_493\Debug/CySpc.lst -g -D DEBUG -Wall -ffunction-sections -Og -ffat-lto-objects -std=gnu11 -c .\Generated_Source\PSoC5\CySpc.c -o .\CortexM3\ARM_GCC_493\Debug\CySpc.o
arm-none-eabi-gcc.exe -mcpu=cortex-m3 -mthumb -Wno-main -IemFile_V322c\Code\Include\PSoC5 -IemFile_V322c\Code\Include\PSoC5\emf32nOS -I. -IGenerated_Source\PSoC5 -Wa,-alh=.\CortexM3\ARM_GCC_493\Debug/cyutils.lst -g -D DEBUG -Wall -ffunction-sections -Og -ffat-lto-objects -std=gnu11 -c .\Generated_Source\PSoC5\cyutils.c -o .\CortexM3\ARM_GCC_493\Debug\cyutils.o
arm-none-eabi-gcc.exe -mcpu=cortex-m3 -mthumb -Wno-main -IemFile_V322c\Code\Include\PSoC5 -IemFile_V322c\Code\Include\PSoC5\emf32nOS -I. -IGenerated_Source\PSoC5 -Wa,-alh=.\CortexM3\ARM_GCC_493\Debug/FPS_Clock.lst -g -D DEBUG -Wall -ffunction-sections -Og -ffat-lto-objects -std=gnu11 -c .\Generated_Source\PSoC5\FPS_Clock.c -o .\CortexM3\ARM_GCC_493\Debug\FPS_Clock.o
arm-none-eabi-gcc.exe -mcpu=cortex-m3 -mthumb -Wno-main -IemFile_V322c\Code\Include\PSoC5 -IemFile_V322c\Code\Include\PSoC5\emf32nOS -I. -IGenerated_Source\PSoC5 -Wa,-alh=.\CortexM3\ARM_GCC_493\Debug/FPS_isr.lst -g -D DEBUG -Wall -ffunction-sections -Og -ffat-lto-objects -std=gnu11 -c .\Generated_Source\PSoC5\FPS_isr.c -o .\CortexM3\ARM_GCC_493\Debug\FPS_isr.o
arm-none-eabi-gcc.exe -mcpu=cortex-m3 -mthumb -Wno-main -IemFile_V322c\Code\Include\PSoC5 -IemFile_V322c\Code\Include\PSoC5\emf32nOS -I. -IGenerated_Source\PSoC5 -Wa,-alh=.\CortexM3\ARM_GCC_493\Debug/BLE_UART.lst -g -D DEBUG -Wall -ffunction-sections -Og -ffat-lto-objects -std=gnu11 -c .\Generated_Source\PSoC5\BLE_UART.c -o .\CortexM3\ARM_GCC_493\Debug\BLE_UART.o
arm-none-eabi-gcc.exe -mcpu=cortex-m3 -mthumb -Wno-main -IemFile_V322c\Code\Include\PSoC5 -IemFile_V322c\Code\Include\PSoC5\emf32nOS -I. -IGenerated_Source\PSoC5 -Wa,-alh=.\CortexM3\ARM_GCC_493\Debug/BLE_UART_PM.lst -g -D DEBUG -Wall -ffunction-sections -Og -ffat-lto-objects -std=gnu11 -c .\Generated_Source\PSoC5\BLE_UART_PM.c -o .\CortexM3\ARM_GCC_493\Debug\BLE_UART_PM.o
arm-none-eabi-gcc.exe -mcpu=cortex-m3 -mthumb -Wno-main -IemFile_V322c\Code\Include\PSoC5 -IemFile_V322c\Code\Include\PSoC5\emf32nOS -I. -IGenerated_Source\PSoC5 -Wa,-alh=.\CortexM3\ARM_GCC_493\Debug/BLE_UART_INT.lst -g -D DEBUG -Wall -ffunction-sections -Og -ffat-lto-objects -std=gnu11 -c .\Generated_Source\PSoC5\BLE_UART_INT.c -o .\CortexM3\ARM_GCC_493\Debug\BLE_UART_INT.o
arm-none-eabi-gcc.exe -mcpu=cortex-m3 -mthumb -Wno-main -IemFile_V322c\Code\Include\PSoC5 -IemFile_V322c\Code\Include\PSoC5\emf32nOS -I. -IGenerated_Source\PSoC5 -Wa,-alh=.\CortexM3\ARM_GCC_493\Debug/BLE_UART_BOOT.lst -g -D DEBUG -Wall -ffunction-sections -Og -ffat-lto-objects -std=gnu11 -c .\Generated_Source\PSoC5\BLE_UART_BOOT.c -o .\CortexM3\ARM_GCC_493\Debug\BLE_UART_BOOT.o
arm-none-eabi-gcc.exe -mcpu=cortex-m3 -mthumb -Wno-main -IemFile_V322c\Code\Include\PSoC5 -IemFile_V322c\Code\Include\PSoC5\emf32nOS -I. -IGenerated_Source\PSoC5 -Wa,-alh=.\CortexM3\ARM_GCC_493\Debug/BLE_Rx_isr.lst -g -D DEBUG -Wall -ffunction-sections -Og -ffat-lto-objects -std=gnu11 -c .\Generated_Source\PSoC5\BLE_Rx_isr.c -o .\CortexM3\ARM_GCC_493\Debug\BLE_Rx_isr.o
arm-none-eabi-gcc.exe -mcpu=cortex-m3 -mthumb -Wno-main -IemFile_V322c\Code\Include\PSoC5 -IemFile_V322c\Code\Include\PSoC5\emf32nOS -I. -IGenerated_Source\PSoC5 -Wa,-alh=.\CortexM3\ARM_GCC_493\Debug/LCD.lst -g -D DEBUG -Wall -ffunction-sections -Og -ffat-lto-objects -std=gnu11 -c .\Generated_Source\PSoC5\LCD.c -o .\CortexM3\ARM_GCC_493\Debug\LCD.o
arm-none-eabi-gcc.exe -mcpu=cortex-m3 -mthumb -Wno-main -IemFile_V322c\Code\Include\PSoC5 -IemFile_V322c\Code\Include\PSoC5\emf32nOS -I. -IGenerated_Source\PSoC5 -Wa,-alh=.\CortexM3\ARM_GCC_493\Debug/LCD_PM.lst -g -D DEBUG -Wall -ffunction-sections -Og -ffat-lto-objects -std=gnu11 -c .\Generated_Source\PSoC5\LCD_PM.c -o .\CortexM3\ARM_GCC_493\Debug\LCD_PM.o
arm-none-eabi-gcc.exe -mcpu=cortex-m3 -mthumb -Wno-main -IemFile_V322c\Code\Include\PSoC5 -IemFile_V322c\Code\Include\PSoC5\emf32nOS -I. -IGenerated_Source\PSoC5 -Wa,-alh=.\CortexM3\ARM_GCC_493\Debug/BLE_UART_IntClock.lst -g -D DEBUG -Wall -ffunction-sections -Og -ffat-lto-objects -std=gnu11 -c .\Generated_Source\PSoC5\BLE_UART_IntClock.c -o .\CortexM3\ARM_GCC_493\Debug\BLE_UART_IntClock.o
arm-none-eabi-gcc.exe -mcpu=cortex-m3 -mthumb -Wno-main -IemFile_V322c\Code\Include\PSoC5 -IemFile_V322c\Code\Include\PSoC5\emf32nOS -I. -IGenerated_Source\PSoC5 -Wa,-alh=.\CortexM3\ARM_GCC_493\Debug/LCD_LCDPort.lst -g -D DEBUG -Wall -ffunction-sections -Og -ffat-lto-objects -std=gnu11 -c .\Generated_Source\PSoC5\LCD_LCDPort.c -o .\CortexM3\ARM_GCC_493\Debug\LCD_LCDPort.o
arm-none-eabi-gcc.exe -mcpu=cortex-m3 -mthumb -Wno-main -IemFile_V322c\Code\Include\PSoC5 -IemFile_V322c\Code\Include\PSoC5\emf32nOS -I. -IGenerated_Source\PSoC5 -Wa,-alh=.\CortexM3\ARM_GCC_493\Debug/Audio_DAC.lst -g -D DEBUG -Wall -ffunction-sections -Og -ffat-lto-objects -std=gnu11 -c .\Generated_Source\PSoC5\Audio_DAC.c -o .\CortexM3\ARM_GCC_493\Debug\Audio_DAC.o
arm-none-eabi-gcc.exe -mcpu=cortex-m3 -mthumb -Wno-main -IemFile_V322c\Code\Include\PSoC5 -IemFile_V322c\Code\Include\PSoC5\emf32nOS -I. -IGenerated_Source\PSoC5 -Wa,-alh=.\CortexM3\ARM_GCC_493\Debug/Audio_DAC_PM.lst -g -D DEBUG -Wall -ffunction-sections -Og -ffat-lto-objects -std=gnu11 -c .\Generated_Source\PSoC5\Audio_DAC_PM.c -o .\CortexM3\ARM_GCC_493\Debug\Audio_DAC_PM.o
arm-none-eabi-gcc.exe -mcpu=cortex-m3 -mthumb -Wno-main -IemFile_V322c\Code\Include\PSoC5 -IemFile_V322c\Code\Include\PSoC5\emf32nOS -I. -IGenerated_Source\PSoC5 -Wa,-alh=.\CortexM3\ARM_GCC_493\Debug/Audio_out.lst -g -D DEBUG -Wall -ffunction-sections -Og -ffat-lto-objects -std=gnu11 -c .\Generated_Source\PSoC5\Audio_out.c -o .\CortexM3\ARM_GCC_493\Debug\Audio_out.o
arm-none-eabi-gcc.exe -mcpu=cortex-m3 -mthumb -Wno-main -IemFile_V322c\Code\Include\PSoC5 -IemFile_V322c\Code\Include\PSoC5\emf32nOS -I. -IGenerated_Source\PSoC5 -Wa,-alh=.\CortexM3\ARM_GCC_493\Debug/Audio_DAC_VDAC8.lst -g -D DEBUG -Wall -ffunction-sections -Og -ffat-lto-objects -std=gnu11 -c .\Generated_Source\PSoC5\Audio_DAC_VDAC8.c -o .\CortexM3\ARM_GCC_493\Debug\Audio_DAC_VDAC8.o
arm-none-eabi-gcc.exe -mcpu=cortex-m3 -mthumb -Wno-main -IemFile_V322c\Code\Include\PSoC5 -IemFile_V322c\Code\Include\PSoC5\emf32nOS -I. -IGenerated_Source\PSoC5 -Wa,-alh=.\CortexM3\ARM_GCC_493\Debug/Audio_DAC_VDAC8_PM.lst -g -D DEBUG -Wall -ffunction-sections -Og -ffat-lto-objects -std=gnu11 -c .\Generated_Source\PSoC5\Audio_DAC_VDAC8_PM.c -o .\CortexM3\ARM_GCC_493\Debug\Audio_DAC_VDAC8_PM.o
arm-none-eabi-gcc.exe -mcpu=cortex-m3 -mthumb -Wno-main -IemFile_V322c\Code\Include\PSoC5 -IemFile_V322c\Code\Include\PSoC5\emf32nOS -I. -IGenerated_Source\PSoC5 -Wa,-alh=.\CortexM3\ARM_GCC_493\Debug/Audio_isr.lst -g -D DEBUG -Wall -ffunction-sections -Og -ffat-lto-objects -std=gnu11 -c .\Generated_Source\PSoC5\Audio_isr.c -o .\CortexM3\ARM_GCC_493\Debug\Audio_isr.o
arm-none-eabi-gcc.exe -mcpu=cortex-m3 -mthumb -Wno-main -IemFile_V322c\Code\Include\PSoC5 -IemFile_V322c\Code\Include\PSoC5\emf32nOS -I. -IGenerated_Source\PSoC5 -Wa,-alh=.\CortexM3\ARM_GCC_493\Debug/Audio_Clock.lst -g -D DEBUG -Wall -ffunction-sections -Og -ffat-lto-objects -std=gnu11 -c .\Generated_Source\PSoC5\Audio_Clock.c -o .\CortexM3\ARM_GCC_493\Debug\Audio_Clock.o
arm-none-eabi-gcc.exe -mcpu=cortex-m3 -mthumb -Wno-main -IemFile_V322c\Code\Include\PSoC5 -IemFile_V322c\Code\Include\PSoC5\emf32nOS -I. -IGenerated_Source\PSoC5 -Wa,-alh=.\CortexM3\ARM_GCC_493\Debug/Audio_DAC_DMA_dma.lst -g -D DEBUG -Wall -ffunction-sections -Og -ffat-lto-objects -std=gnu11 -c .\Generated_Source\PSoC5\Audio_DAC_DMA_dma.c -o .\CortexM3\ARM_GCC_493\Debug\Audio_DAC_DMA_dma.o
arm-none-eabi-gcc.exe -mcpu=cortex-m3 -mthumb -Wno-main -IemFile_V322c\Code\Include\PSoC5 -IemFile_V322c\Code\Include\PSoC5\emf32nOS -I. -IGenerated_Source\PSoC5 -Wa,-alh=.\CortexM3\ARM_GCC_493\Debug/Audio_DAC_IntClock.lst -g -D DEBUG -Wall -ffunction-sections -Og -ffat-lto-objects -std=gnu11 -c .\Generated_Source\PSoC5\Audio_DAC_IntClock.c -o .\CortexM3\ARM_GCC_493\Debug\Audio_DAC_IntClock.o
arm-none-eabi-gcc.exe -mcpu=cortex-m3 -mthumb -Wno-main -IemFile_V322c\Code\Include\PSoC5 -IemFile_V322c\Code\Include\PSoC5\emf32nOS -I. -IGenerated_Source\PSoC5 -Wa,-alh=.\CortexM3\ARM_GCC_493\Debug/SD_FS_ConfigMMC_SPI.lst -g -D DEBUG -Wall -ffunction-sections -Og -ffat-lto-objects -std=gnu11 -c .\Generated_Source\PSoC5\SD_FS_ConfigMMC_SPI.c -o .\CortexM3\ARM_GCC_493\Debug\SD_FS_ConfigMMC_SPI.o
.\Generated_Source\PSoC5\SD_FS_ConfigMMC_SPI.c: In function 'FS_X_AddDevices':
.\Generated_Source\PSoC5\SD_FS_ConfigMMC_SPI.c:88:9: warning: implicit declaration of function 'FS_AssignMemory' [-Wimplicit-function-declaration]
         FS_AssignMemory(&_aMemBlock[0u], sizeof(_aMemBlock));
         ^
.\Generated_Source\PSoC5\SD_FS_ConfigMMC_SPI.c:106:9: warning: implicit declaration of function 'FS_AddDevice' [-Wimplicit-function-declaration]
         FS_AddDevice(&FS_MMC_SPI_Driver);
         ^
.\Generated_Source\PSoC5\SD_FS_ConfigMMC_SPI.c:106:23: error: 'FS_MMC_SPI_Driver' undeclared (first use in this function)
         FS_AddDevice(&FS_MMC_SPI_Driver);
                       ^
.\Generated_Source\PSoC5\SD_FS_ConfigMMC_SPI.c:106:23: note: each undeclared identifier is reported only once for each function it appears in
The command 'arm-none-eabi-gcc.exe' failed with exit code '1'.
--------------- Rebuild Failed: 05/04/2024 01:10:59 ---------------
