ARM GAS  C:\Users\User\AppData\Local\Temp\cch1QDLK.s 			page 1


   1              		.syntax unified
   2              		.cpu cortex-m3
   3              		.fpu softvfp
   4              		.eabi_attribute 20, 1
   5              		.eabi_attribute 21, 1
   6              		.eabi_attribute 23, 3
   7              		.eabi_attribute 24, 1
   8              		.eabi_attribute 25, 1
   9              		.eabi_attribute 26, 1
  10              		.eabi_attribute 30, 1
  11              		.eabi_attribute 34, 1
  12              		.eabi_attribute 18, 4
  13              		.thumb
  14              		.file	"SD_FS_ConfigMMC_SPI.c"
  15              		.text
  16              	.Ltext0:
  17              		.cfi_sections	.debug_frame
  18              		.section	.text.FS_X_AddDevices,"ax",%progbits
  19              		.align	2
  20              		.global	FS_X_AddDevices
  21              		.thumb
  22              		.thumb_func
  23              		.type	FS_X_AddDevices, %function
  24              	FS_X_AddDevices:
  25              	.LFB0:
  26              		.file 1 ".\\Generated_Source\\PSoC5\\SD_FS_ConfigMMC_SPI.c"
   1:.\Generated_Source\PSoC5/SD_FS_ConfigMMC_SPI.c **** /*******************************************************************************
   2:.\Generated_Source\PSoC5/SD_FS_ConfigMMC_SPI.c **** * File Name: SD_FS_MMC_HW_SPI.c
   3:.\Generated_Source\PSoC5/SD_FS_ConfigMMC_SPI.c **** * Version 1.20
   4:.\Generated_Source\PSoC5/SD_FS_ConfigMMC_SPI.c **** *
   5:.\Generated_Source\PSoC5/SD_FS_ConfigMMC_SPI.c **** * Description:
   6:.\Generated_Source\PSoC5/SD_FS_ConfigMMC_SPI.c **** *  Contains a set of File System APIs that implement SPI mode driver operation.
   7:.\Generated_Source\PSoC5/SD_FS_ConfigMMC_SPI.c **** *
   8:.\Generated_Source\PSoC5/SD_FS_ConfigMMC_SPI.c **** * Note:
   9:.\Generated_Source\PSoC5/SD_FS_ConfigMMC_SPI.c **** *
  10:.\Generated_Source\PSoC5/SD_FS_ConfigMMC_SPI.c **** ********************************************************************************
  11:.\Generated_Source\PSoC5/SD_FS_ConfigMMC_SPI.c **** * Copyright 2011-2012, Cypress Semiconductor Corporation.  All rights reserved.
  12:.\Generated_Source\PSoC5/SD_FS_ConfigMMC_SPI.c **** * You may use this file only in accordance with the license, terms, conditions,
  13:.\Generated_Source\PSoC5/SD_FS_ConfigMMC_SPI.c **** * disclaimers, and limitations in the end user license agreement accompanying
  14:.\Generated_Source\PSoC5/SD_FS_ConfigMMC_SPI.c **** * the software package with which this file was provided.
  15:.\Generated_Source\PSoC5/SD_FS_ConfigMMC_SPI.c **** *******************************************************************************/
  16:.\Generated_Source\PSoC5/SD_FS_ConfigMMC_SPI.c **** 
  17:.\Generated_Source\PSoC5/SD_FS_ConfigMMC_SPI.c **** 
  18:.\Generated_Source\PSoC5/SD_FS_ConfigMMC_SPI.c **** /*********************************************************************
  19:.\Generated_Source\PSoC5/SD_FS_ConfigMMC_SPI.c **** *                SEGGER MICROCONTROLLER GmbH & Co. KG                *
  20:.\Generated_Source\PSoC5/SD_FS_ConfigMMC_SPI.c **** *        Solutions for real time microcontroller applications        *
  21:.\Generated_Source\PSoC5/SD_FS_ConfigMMC_SPI.c **** **********************************************************************
  22:.\Generated_Source\PSoC5/SD_FS_ConfigMMC_SPI.c **** *                                                                    *
  23:.\Generated_Source\PSoC5/SD_FS_ConfigMMC_SPI.c **** *        (c) 2003-2010     SEGGER Microcontroller GmbH & Co KG       *
  24:.\Generated_Source\PSoC5/SD_FS_ConfigMMC_SPI.c **** *                                                                    *
  25:.\Generated_Source\PSoC5/SD_FS_ConfigMMC_SPI.c **** *        Internet: www.segger.com    Support:  support@segger.com    *
  26:.\Generated_Source\PSoC5/SD_FS_ConfigMMC_SPI.c **** *                                                                    *
  27:.\Generated_Source\PSoC5/SD_FS_ConfigMMC_SPI.c **** **********************************************************************
  28:.\Generated_Source\PSoC5/SD_FS_ConfigMMC_SPI.c **** 
  29:.\Generated_Source\PSoC5/SD_FS_ConfigMMC_SPI.c **** **** emFile file system for embedded applications ****
  30:.\Generated_Source\PSoC5/SD_FS_ConfigMMC_SPI.c **** emFile is protected by international copyright laws. Knowledge of the
  31:.\Generated_Source\PSoC5/SD_FS_ConfigMMC_SPI.c **** source code may not be used to write a similar product. This file may
ARM GAS  C:\Users\User\AppData\Local\Temp\cch1QDLK.s 			page 2


  32:.\Generated_Source\PSoC5/SD_FS_ConfigMMC_SPI.c **** only be used in accordance with a license and should not be re-
  33:.\Generated_Source\PSoC5/SD_FS_ConfigMMC_SPI.c **** distributed in any way. We appreciate your understanding and fairness.
  34:.\Generated_Source\PSoC5/SD_FS_ConfigMMC_SPI.c **** ----------------------------------------------------------------------
  35:.\Generated_Source\PSoC5/SD_FS_ConfigMMC_SPI.c **** ----------------------------------------------------------------------
  36:.\Generated_Source\PSoC5/SD_FS_ConfigMMC_SPI.c **** File        : ConfigMMC_SPI.c
  37:.\Generated_Source\PSoC5/SD_FS_ConfigMMC_SPI.c **** Purpose     : Configuration file for FS with MMC SPI mode driver
  38:.\Generated_Source\PSoC5/SD_FS_ConfigMMC_SPI.c **** ---------------------------END-OF-HEADER------------------------------
  39:.\Generated_Source\PSoC5/SD_FS_ConfigMMC_SPI.c **** */
  40:.\Generated_Source\PSoC5/SD_FS_ConfigMMC_SPI.c **** 
  41:.\Generated_Source\PSoC5/SD_FS_ConfigMMC_SPI.c **** #include "FS.h"
  42:.\Generated_Source\PSoC5/SD_FS_ConfigMMC_SPI.c **** #include "SD_FS.h"
  43:.\Generated_Source\PSoC5/SD_FS_ConfigMMC_SPI.c **** 
  44:.\Generated_Source\PSoC5/SD_FS_ConfigMMC_SPI.c **** /*********************************************************************
  45:.\Generated_Source\PSoC5/SD_FS_ConfigMMC_SPI.c **** *
  46:.\Generated_Source\PSoC5/SD_FS_ConfigMMC_SPI.c **** *       Defines, configurable
  47:.\Generated_Source\PSoC5/SD_FS_ConfigMMC_SPI.c **** *
  48:.\Generated_Source\PSoC5/SD_FS_ConfigMMC_SPI.c **** *       This section is the only section which requires changes
  49:.\Generated_Source\PSoC5/SD_FS_ConfigMMC_SPI.c **** *       using the MMC/SD card mode disk driver as a single device.
  50:.\Generated_Source\PSoC5/SD_FS_ConfigMMC_SPI.c **** *
  51:.\Generated_Source\PSoC5/SD_FS_ConfigMMC_SPI.c **** **********************************************************************
  52:.\Generated_Source\PSoC5/SD_FS_ConfigMMC_SPI.c **** */
  53:.\Generated_Source\PSoC5/SD_FS_ConfigMMC_SPI.c **** #define ALLOC_SIZE                 (0x1000)      /* Size defined in bytes */
  54:.\Generated_Source\PSoC5/SD_FS_ConfigMMC_SPI.c **** 
  55:.\Generated_Source\PSoC5/SD_FS_ConfigMMC_SPI.c **** /*********************************************************************
  56:.\Generated_Source\PSoC5/SD_FS_ConfigMMC_SPI.c **** *
  57:.\Generated_Source\PSoC5/SD_FS_ConfigMMC_SPI.c **** *       Static data
  58:.\Generated_Source\PSoC5/SD_FS_ConfigMMC_SPI.c **** *
  59:.\Generated_Source\PSoC5/SD_FS_ConfigMMC_SPI.c **** **********************************************************************
  60:.\Generated_Source\PSoC5/SD_FS_ConfigMMC_SPI.c **** */
  61:.\Generated_Source\PSoC5/SD_FS_ConfigMMC_SPI.c **** static U32   _aMemBlock[ALLOC_SIZE / 4u];      /* Memory pool used for semi-dynamic allocation. */
  62:.\Generated_Source\PSoC5/SD_FS_ConfigMMC_SPI.c **** 
  63:.\Generated_Source\PSoC5/SD_FS_ConfigMMC_SPI.c **** /*********************************************************************
  64:.\Generated_Source\PSoC5/SD_FS_ConfigMMC_SPI.c **** *
  65:.\Generated_Source\PSoC5/SD_FS_ConfigMMC_SPI.c **** *       Public code
  66:.\Generated_Source\PSoC5/SD_FS_ConfigMMC_SPI.c **** *
  67:.\Generated_Source\PSoC5/SD_FS_ConfigMMC_SPI.c **** *       This section does not require modifications in most systems.
  68:.\Generated_Source\PSoC5/SD_FS_ConfigMMC_SPI.c **** *
  69:.\Generated_Source\PSoC5/SD_FS_ConfigMMC_SPI.c **** **********************************************************************
  70:.\Generated_Source\PSoC5/SD_FS_ConfigMMC_SPI.c **** */
  71:.\Generated_Source\PSoC5/SD_FS_ConfigMMC_SPI.c **** 
  72:.\Generated_Source\PSoC5/SD_FS_ConfigMMC_SPI.c **** /*********************************************************************
  73:.\Generated_Source\PSoC5/SD_FS_ConfigMMC_SPI.c **** *
  74:.\Generated_Source\PSoC5/SD_FS_ConfigMMC_SPI.c **** *       FS_X_AddDevices
  75:.\Generated_Source\PSoC5/SD_FS_ConfigMMC_SPI.c **** *
  76:.\Generated_Source\PSoC5/SD_FS_ConfigMMC_SPI.c **** *  Function description
  77:.\Generated_Source\PSoC5/SD_FS_ConfigMMC_SPI.c **** *    This function is called by the FS during FS_Init().
  78:.\Generated_Source\PSoC5/SD_FS_ConfigMMC_SPI.c **** *    It is supposed to add all devices, using primarily FS_AddDevice().
  79:.\Generated_Source\PSoC5/SD_FS_ConfigMMC_SPI.c **** *
  80:.\Generated_Source\PSoC5/SD_FS_ConfigMMC_SPI.c **** *  Note
  81:.\Generated_Source\PSoC5/SD_FS_ConfigMMC_SPI.c **** *    (1) Other API functions
  82:.\Generated_Source\PSoC5/SD_FS_ConfigMMC_SPI.c **** *        Other API functions may NOT be called, since this function is called
  83:.\Generated_Source\PSoC5/SD_FS_ConfigMMC_SPI.c **** *        during initialization. The devices are not yet ready at this point.
  84:.\Generated_Source\PSoC5/SD_FS_ConfigMMC_SPI.c **** */
  85:.\Generated_Source\PSoC5/SD_FS_ConfigMMC_SPI.c **** void FS_X_AddDevices(void)
  86:.\Generated_Source\PSoC5/SD_FS_ConfigMMC_SPI.c **** {
  27              		.loc 1 86 0
  28              		.cfi_startproc
ARM GAS  C:\Users\User\AppData\Local\Temp\cch1QDLK.s 			page 3


  29              		@ args = 0, pretend = 0, frame = 0
  30              		@ frame_needed = 0, uses_anonymous_args = 0
  31 0000 08B5     		push	{r3, lr}
  32              		.cfi_def_cfa_offset 8
  33              		.cfi_offset 3, -8
  34              		.cfi_offset 14, -4
  87:.\Generated_Source\PSoC5/SD_FS_ConfigMMC_SPI.c ****     #if(CY_PSOC5)
  88:.\Generated_Source\PSoC5/SD_FS_ConfigMMC_SPI.c ****         FS_AssignMemory(&_aMemBlock[0u], sizeof(_aMemBlock));
  35              		.loc 1 88 0
  36 0002 0448     		ldr	r0, .L3
  37 0004 4FF48051 		mov	r1, #4096
  38 0008 FFF7FEFF 		bl	FS_AssignMemory
  39              	.LVL0:
  89:.\Generated_Source\PSoC5/SD_FS_ConfigMMC_SPI.c ****     #else
  90:.\Generated_Source\PSoC5/SD_FS_ConfigMMC_SPI.c ****         FS_AssignMemory(&_aMemBlock[1u], sizeof(_aMemBlock));
  91:.\Generated_Source\PSoC5/SD_FS_ConfigMMC_SPI.c ****     #endif/* (CY_PSOC5) */
  92:.\Generated_Source\PSoC5/SD_FS_ConfigMMC_SPI.c **** 
  93:.\Generated_Source\PSoC5/SD_FS_ConfigMMC_SPI.c ****     #if (SD_FS_NUMBER_SD_CARDS == 4u)
  94:.\Generated_Source\PSoC5/SD_FS_ConfigMMC_SPI.c ****         FS_AddDevice(&FS_MMC_SPI_Driver);
  95:.\Generated_Source\PSoC5/SD_FS_ConfigMMC_SPI.c ****         FS_AddDevice(&FS_MMC_SPI_Driver);
  96:.\Generated_Source\PSoC5/SD_FS_ConfigMMC_SPI.c ****         FS_AddDevice(&FS_MMC_SPI_Driver);
  97:.\Generated_Source\PSoC5/SD_FS_ConfigMMC_SPI.c ****         FS_AddDevice(&FS_MMC_SPI_Driver);
  98:.\Generated_Source\PSoC5/SD_FS_ConfigMMC_SPI.c ****     #elif (SD_FS_NUMBER_SD_CARDS == 3u)
  99:.\Generated_Source\PSoC5/SD_FS_ConfigMMC_SPI.c ****         FS_AddDevice(&FS_MMC_SPI_Driver);
 100:.\Generated_Source\PSoC5/SD_FS_ConfigMMC_SPI.c ****         FS_AddDevice(&FS_MMC_SPI_Driver);
 101:.\Generated_Source\PSoC5/SD_FS_ConfigMMC_SPI.c ****         FS_AddDevice(&FS_MMC_SPI_Driver);
 102:.\Generated_Source\PSoC5/SD_FS_ConfigMMC_SPI.c ****     #elif (SD_FS_NUMBER_SD_CARDS == 2u)
 103:.\Generated_Source\PSoC5/SD_FS_ConfigMMC_SPI.c ****         FS_AddDevice(&FS_MMC_SPI_Driver);
 104:.\Generated_Source\PSoC5/SD_FS_ConfigMMC_SPI.c ****         FS_AddDevice(&FS_MMC_SPI_Driver);
 105:.\Generated_Source\PSoC5/SD_FS_ConfigMMC_SPI.c ****     #else
 106:.\Generated_Source\PSoC5/SD_FS_ConfigMMC_SPI.c ****         FS_AddDevice(&FS_MMC_SPI_Driver);
  40              		.loc 1 106 0
  41 000c 0248     		ldr	r0, .L3+4
  42 000e FFF7FEFF 		bl	FS_AddDevice
  43              	.LVL1:
  44 0012 08BD     		pop	{r3, pc}
  45              	.L4:
  46              		.align	2
  47              	.L3:
  48 0014 00000000 		.word	.LANCHOR0
  49 0018 00000000 		.word	FS_MMC_SPI_Driver
  50              		.cfi_endproc
  51              	.LFE0:
  52              		.size	FS_X_AddDevices, .-FS_X_AddDevices
  53              		.section	.text.FS_X_GetTimeDate,"ax",%progbits
  54              		.align	2
  55              		.global	FS_X_GetTimeDate
  56              		.thumb
  57              		.thumb_func
  58              		.type	FS_X_GetTimeDate, %function
  59              	FS_X_GetTimeDate:
  60              	.LFB1:
 107:.\Generated_Source\PSoC5/SD_FS_ConfigMMC_SPI.c ****     #endif /* (SD_FS_NUMBER_SD_CARDS == 4u) */
 108:.\Generated_Source\PSoC5/SD_FS_ConfigMMC_SPI.c **** }
 109:.\Generated_Source\PSoC5/SD_FS_ConfigMMC_SPI.c **** 
 110:.\Generated_Source\PSoC5/SD_FS_ConfigMMC_SPI.c **** /*********************************************************************
 111:.\Generated_Source\PSoC5/SD_FS_ConfigMMC_SPI.c **** *
ARM GAS  C:\Users\User\AppData\Local\Temp\cch1QDLK.s 			page 4


 112:.\Generated_Source\PSoC5/SD_FS_ConfigMMC_SPI.c **** *       FS_X_GetTimeDate
 113:.\Generated_Source\PSoC5/SD_FS_ConfigMMC_SPI.c **** *
 114:.\Generated_Source\PSoC5/SD_FS_ConfigMMC_SPI.c **** *  Description:
 115:.\Generated_Source\PSoC5/SD_FS_ConfigMMC_SPI.c **** *    Current time and date in a format suitable for the file system.
 116:.\Generated_Source\PSoC5/SD_FS_ConfigMMC_SPI.c **** *
 117:.\Generated_Source\PSoC5/SD_FS_ConfigMMC_SPI.c **** *    Bit 0-4:   2-second count (0-29)
 118:.\Generated_Source\PSoC5/SD_FS_ConfigMMC_SPI.c **** *    Bit 5-10:  Minutes (0-59)
 119:.\Generated_Source\PSoC5/SD_FS_ConfigMMC_SPI.c **** *    Bit 11-15: Hours (0-23)
 120:.\Generated_Source\PSoC5/SD_FS_ConfigMMC_SPI.c **** *    Bit 16-20: Day of month (1-31)
 121:.\Generated_Source\PSoC5/SD_FS_ConfigMMC_SPI.c **** *    Bit 21-24: Month of year (1-12)
 122:.\Generated_Source\PSoC5/SD_FS_ConfigMMC_SPI.c **** *    Bit 25-31: Count of years from 1980 (0-127)
 123:.\Generated_Source\PSoC5/SD_FS_ConfigMMC_SPI.c **** *
 124:.\Generated_Source\PSoC5/SD_FS_ConfigMMC_SPI.c **** */
 125:.\Generated_Source\PSoC5/SD_FS_ConfigMMC_SPI.c **** U32 FS_X_GetTimeDate(void)
 126:.\Generated_Source\PSoC5/SD_FS_ConfigMMC_SPI.c **** {
  61              		.loc 1 126 0
  62              		.cfi_startproc
  63              		@ args = 0, pretend = 0, frame = 0
  64              		@ frame_needed = 0, uses_anonymous_args = 0
  65              		@ link register save eliminated.
  66              	.LVL2:
 127:.\Generated_Source\PSoC5/SD_FS_ConfigMMC_SPI.c ****   U32 r;
 128:.\Generated_Source\PSoC5/SD_FS_ConfigMMC_SPI.c ****   U16 Sec, Min, Hour;
 129:.\Generated_Source\PSoC5/SD_FS_ConfigMMC_SPI.c ****   U16 Day, Month, Year;
 130:.\Generated_Source\PSoC5/SD_FS_ConfigMMC_SPI.c **** 
 131:.\Generated_Source\PSoC5/SD_FS_ConfigMMC_SPI.c ****   Sec   = 0;        /* 0 based.  Valid range: 0..59 */
 132:.\Generated_Source\PSoC5/SD_FS_ConfigMMC_SPI.c ****   Min   = 0;        /* 0 based.  Valid range: 0..59 */
 133:.\Generated_Source\PSoC5/SD_FS_ConfigMMC_SPI.c ****   Hour  = 0;        /* 0 based.  Valid range: 0..23 */
 134:.\Generated_Source\PSoC5/SD_FS_ConfigMMC_SPI.c ****   Day   = 1;        /* 1 based.    Means that 1 is 1. Valid range is 1..31 (depending on month) */
 135:.\Generated_Source\PSoC5/SD_FS_ConfigMMC_SPI.c ****   Month = 1;        /* 1 based.    Means that January is 1. Valid range is 1..12. */
 136:.\Generated_Source\PSoC5/SD_FS_ConfigMMC_SPI.c ****   Year  = 0;        /* 1980 based. Means that 2007 would be 27. */
 137:.\Generated_Source\PSoC5/SD_FS_ConfigMMC_SPI.c ****   r   = Sec / 2 + (Min << 5) + (Hour  << 11);
 138:.\Generated_Source\PSoC5/SD_FS_ConfigMMC_SPI.c ****   r  |= (U32)(Day + (Month << 5) + (Year  << 9)) << 16;
 139:.\Generated_Source\PSoC5/SD_FS_ConfigMMC_SPI.c ****   return r;
 140:.\Generated_Source\PSoC5/SD_FS_ConfigMMC_SPI.c **** }
  67              		.loc 1 140 0
  68 0000 4FF40410 		mov	r0, #2162688
  69 0004 7047     		bx	lr
  70              		.cfi_endproc
  71              	.LFE1:
  72              		.size	FS_X_GetTimeDate, .-FS_X_GetTimeDate
  73 0006 00BF     		.bss
  74              		.align	2
  75              		.set	.LANCHOR0,. + 0
  76              		.type	_aMemBlock, %object
  77              		.size	_aMemBlock, 4096
  78              	_aMemBlock:
  79 0000 00000000 		.space	4096
  79      00000000 
  79      00000000 
  79      00000000 
  79      00000000 
  80              		.text
  81              	.Letext0:
  82              		.file 2 "..\\emFile_V322c\\Code\\Include\\PSoC5/FS_Types.h"
  83              		.file 3 "..\\emFile_V322c\\Code\\Include\\PSoC5/FS.h"
  84              		.section	.debug_info,"",%progbits
ARM GAS  C:\Users\User\AppData\Local\Temp\cch1QDLK.s 			page 5


  85              	.Ldebug_info0:
  86 0000 ED020000 		.4byte	0x2ed
  87 0004 0400     		.2byte	0x4
  88 0006 00000000 		.4byte	.Ldebug_abbrev0
  89 000a 04       		.byte	0x4
  90 000b 01       		.uleb128 0x1
  91 000c 17000000 		.4byte	.LASF27
  92 0010 01       		.byte	0x1
  93 0011 C1010000 		.4byte	.LASF28
  94 0015 2D020000 		.4byte	.LASF29
  95 0019 00000000 		.4byte	.Ldebug_ranges0+0
  96 001d 00000000 		.4byte	0
  97 0021 00000000 		.4byte	.Ldebug_line0
  98 0025 02       		.uleb128 0x2
  99 0026 FE010000 		.4byte	.LASF0
 100 002a 02       		.byte	0x2
 101 002b 80       		.byte	0x80
 102 002c 30000000 		.4byte	0x30
 103 0030 03       		.uleb128 0x3
 104 0031 FE010000 		.4byte	.LASF0
 105 0035 02       		.uleb128 0x2
 106 0036 08000000 		.4byte	.LASF1
 107 003a 02       		.byte	0x2
 108 003b 81       		.byte	0x81
 109 003c 40000000 		.4byte	0x40
 110 0040 04       		.uleb128 0x4
 111 0041 08000000 		.4byte	.LASF1
 112 0045 20       		.byte	0x20
 113 0046 03       		.byte	0x3
 114 0047 2B02     		.2byte	0x22b
 115 0049 B6000000 		.4byte	0xb6
 116 004d 05       		.uleb128 0x5
 117 004e B7010000 		.4byte	.LASF2
 118 0052 03       		.byte	0x3
 119 0053 2C02     		.2byte	0x22c
 120 0055 10010000 		.4byte	0x110
 121 0059 00       		.byte	0
 122 005a 05       		.uleb128 0x5
 123 005b 3A010000 		.4byte	.LASF3
 124 005f 03       		.byte	0x3
 125 0060 2D02     		.2byte	0x22d
 126 0062 1B010000 		.4byte	0x11b
 127 0066 04       		.byte	0x4
 128 0067 05       		.uleb128 0x5
 129 0068 A1010000 		.4byte	.LASF4
 130 006c 03       		.byte	0x3
 131 006d 2E02     		.2byte	0x22e
 132 006f 3F010000 		.4byte	0x13f
 133 0073 08       		.byte	0x8
 134 0074 05       		.uleb128 0x5
 135 0075 00000000 		.4byte	.LASF5
 136 0079 03       		.byte	0x3
 137 007a 2F02     		.2byte	0x22f
 138 007c 6F010000 		.4byte	0x16f
 139 0080 0C       		.byte	0xc
 140 0081 05       		.uleb128 0x5
 141 0082 25020000 		.4byte	.LASF6
ARM GAS  C:\Users\User\AppData\Local\Temp\cch1QDLK.s 			page 6


 142 0086 03       		.byte	0x3
 143 0087 3002     		.2byte	0x230
 144 0089 9A010000 		.4byte	0x19a
 145 008d 10       		.byte	0x10
 146 008e 05       		.uleb128 0x5
 147 008f 21010000 		.4byte	.LASF7
 148 0093 03       		.byte	0x3
 149 0094 3102     		.2byte	0x231
 150 0096 AF010000 		.4byte	0x1af
 151 009a 14       		.byte	0x14
 152 009b 05       		.uleb128 0x5
 153 009c BB000000 		.4byte	.LASF8
 154 00a0 03       		.byte	0x3
 155 00a1 3202     		.2byte	0x232
 156 00a3 AF010000 		.4byte	0x1af
 157 00a7 18       		.byte	0x18
 158 00a8 05       		.uleb128 0x5
 159 00a9 DA000000 		.4byte	.LASF9
 160 00ad 03       		.byte	0x3
 161 00ae 3302     		.2byte	0x233
 162 00b0 1B010000 		.4byte	0x11b
 163 00b4 1C       		.byte	0x1c
 164 00b5 00       		.byte	0
 165 00b6 06       		.uleb128 0x6
 166 00b7 02       		.byte	0x2
 167 00b8 07       		.byte	0x7
 168 00b9 08010000 		.4byte	.LASF10
 169 00bd 06       		.uleb128 0x6
 170 00be 04       		.byte	0x4
 171 00bf 07       		.byte	0x7
 172 00c0 F6000000 		.4byte	.LASF11
 173 00c4 06       		.uleb128 0x6
 174 00c5 04       		.byte	0x4
 175 00c6 07       		.byte	0x7
 176 00c7 46010000 		.4byte	.LASF12
 177 00cb 07       		.uleb128 0x7
 178 00cc 04       		.byte	0x4
 179 00cd 05       		.byte	0x5
 180 00ce 696E7400 		.ascii	"int\000"
 181 00d2 06       		.uleb128 0x6
 182 00d3 01       		.byte	0x1
 183 00d4 08       		.byte	0x8
 184 00d5 E8000000 		.4byte	.LASF13
 185 00d9 08       		.uleb128 0x8
 186 00da 04       		.byte	0x4
 187 00db 06       		.uleb128 0x6
 188 00dc 04       		.byte	0x4
 189 00dd 07       		.byte	0x7
 190 00de 6A010000 		.4byte	.LASF14
 191 00e2 06       		.uleb128 0x6
 192 00e3 01       		.byte	0x1
 193 00e4 08       		.byte	0x8
 194 00e5 F9010000 		.4byte	.LASF15
 195 00e9 09       		.uleb128 0x9
 196 00ea 04       		.byte	0x4
 197 00eb 25000000 		.4byte	0x25
 198 00ef 06       		.uleb128 0x6
ARM GAS  C:\Users\User\AppData\Local\Temp\cch1QDLK.s 			page 7


 199 00f0 02       		.byte	0x2
 200 00f1 05       		.byte	0x5
 201 00f2 A8010000 		.4byte	.LASF16
 202 00f6 0A       		.uleb128 0xa
 203 00f7 05010000 		.4byte	0x105
 204 00fb 05010000 		.4byte	0x105
 205 00ff 0B       		.uleb128 0xb
 206 0100 D2000000 		.4byte	0xd2
 207 0104 00       		.byte	0
 208 0105 09       		.uleb128 0x9
 209 0106 04       		.byte	0x4
 210 0107 0B010000 		.4byte	0x10b
 211 010b 0C       		.uleb128 0xc
 212 010c E2000000 		.4byte	0xe2
 213 0110 09       		.uleb128 0x9
 214 0111 04       		.byte	0x4
 215 0112 F6000000 		.4byte	0xf6
 216 0116 0D       		.uleb128 0xd
 217 0117 CB000000 		.4byte	0xcb
 218 011b 09       		.uleb128 0x9
 219 011c 04       		.byte	0x4
 220 011d 16010000 		.4byte	0x116
 221 0121 0A       		.uleb128 0xa
 222 0122 CB000000 		.4byte	0xcb
 223 0126 3F010000 		.4byte	0x13f
 224 012a 0B       		.uleb128 0xb
 225 012b D2000000 		.4byte	0xd2
 226 012f 0B       		.uleb128 0xb
 227 0130 BD000000 		.4byte	0xbd
 228 0134 0B       		.uleb128 0xb
 229 0135 D9000000 		.4byte	0xd9
 230 0139 0B       		.uleb128 0xb
 231 013a BD000000 		.4byte	0xbd
 232 013e 00       		.byte	0
 233 013f 09       		.uleb128 0x9
 234 0140 04       		.byte	0x4
 235 0141 21010000 		.4byte	0x121
 236 0145 0A       		.uleb128 0xa
 237 0146 CB000000 		.4byte	0xcb
 238 014a 68010000 		.4byte	0x168
 239 014e 0B       		.uleb128 0xb
 240 014f D2000000 		.4byte	0xd2
 241 0153 0B       		.uleb128 0xb
 242 0154 BD000000 		.4byte	0xbd
 243 0158 0B       		.uleb128 0xb
 244 0159 68010000 		.4byte	0x168
 245 015d 0B       		.uleb128 0xb
 246 015e BD000000 		.4byte	0xbd
 247 0162 0B       		.uleb128 0xb
 248 0163 D2000000 		.4byte	0xd2
 249 0167 00       		.byte	0
 250 0168 09       		.uleb128 0x9
 251 0169 04       		.byte	0x4
 252 016a 6E010000 		.4byte	0x16e
 253 016e 0E       		.uleb128 0xe
 254 016f 09       		.uleb128 0x9
 255 0170 04       		.byte	0x4
ARM GAS  C:\Users\User\AppData\Local\Temp\cch1QDLK.s 			page 8


 256 0171 45010000 		.4byte	0x145
 257 0175 0A       		.uleb128 0xa
 258 0176 CB000000 		.4byte	0xcb
 259 017a 93010000 		.4byte	0x193
 260 017e 0B       		.uleb128 0xb
 261 017f D2000000 		.4byte	0xd2
 262 0183 0B       		.uleb128 0xb
 263 0184 93010000 		.4byte	0x193
 264 0188 0B       		.uleb128 0xb
 265 0189 93010000 		.4byte	0x193
 266 018d 0B       		.uleb128 0xb
 267 018e D9000000 		.4byte	0xd9
 268 0192 00       		.byte	0
 269 0193 06       		.uleb128 0x6
 270 0194 04       		.byte	0x4
 271 0195 05       		.byte	0x5
 272 0196 F0010000 		.4byte	.LASF17
 273 019a 09       		.uleb128 0x9
 274 019b 04       		.byte	0x4
 275 019c 75010000 		.4byte	0x175
 276 01a0 0A       		.uleb128 0xa
 277 01a1 CB000000 		.4byte	0xcb
 278 01a5 AF010000 		.4byte	0x1af
 279 01a9 0B       		.uleb128 0xb
 280 01aa D2000000 		.4byte	0xd2
 281 01ae 00       		.byte	0
 282 01af 09       		.uleb128 0x9
 283 01b0 04       		.byte	0x4
 284 01b1 A0010000 		.4byte	0x1a0
 285 01b5 09       		.uleb128 0x9
 286 01b6 04       		.byte	0x4
 287 01b7 BD000000 		.4byte	0xbd
 288 01bb 06       		.uleb128 0x6
 289 01bc 01       		.byte	0x1
 290 01bd 06       		.byte	0x6
 291 01be 19020000 		.4byte	.LASF18
 292 01c2 06       		.uleb128 0x6
 293 01c3 08       		.byte	0x8
 294 01c4 05       		.byte	0x5
 295 01c5 73010000 		.4byte	.LASF19
 296 01c9 06       		.uleb128 0x6
 297 01ca 08       		.byte	0x8
 298 01cb 07       		.byte	0x7
 299 01cc 53010000 		.4byte	.LASF20
 300 01d0 06       		.uleb128 0x6
 301 01d1 04       		.byte	0x4
 302 01d2 04       		.byte	0x4
 303 01d3 D4000000 		.4byte	.LASF21
 304 01d7 06       		.uleb128 0x6
 305 01d8 08       		.byte	0x8
 306 01d9 04       		.byte	0x4
 307 01da 33010000 		.4byte	.LASF22
 308 01de 0F       		.uleb128 0xf
 309 01df 91010000 		.4byte	.LASF30
 310 01e3 01       		.byte	0x1
 311 01e4 55       		.byte	0x55
 312 01e5 00000000 		.4byte	.LFB0
ARM GAS  C:\Users\User\AppData\Local\Temp\cch1QDLK.s 			page 9


 313 01e9 1C000000 		.4byte	.LFE0-.LFB0
 314 01ed 01       		.uleb128 0x1
 315 01ee 9C       		.byte	0x9c
 316 01ef 1B020000 		.4byte	0x21b
 317 01f3 10       		.uleb128 0x10
 318 01f4 0C000000 		.4byte	.LVL0
 319 01f8 BD020000 		.4byte	0x2bd
 320 01fc 11020000 		.4byte	0x211
 321 0200 11       		.uleb128 0x11
 322 0201 01       		.uleb128 0x1
 323 0202 51       		.byte	0x51
 324 0203 03       		.uleb128 0x3
 325 0204 0A       		.byte	0xa
 326 0205 0010     		.2byte	0x1000
 327 0207 11       		.uleb128 0x11
 328 0208 01       		.uleb128 0x1
 329 0209 50       		.byte	0x50
 330 020a 05       		.uleb128 0x5
 331 020b 03       		.byte	0x3
 332 020c 00000000 		.4byte	.LANCHOR0
 333 0210 00       		.byte	0
 334 0211 12       		.uleb128 0x12
 335 0212 12000000 		.4byte	.LVL1
 336 0216 D4020000 		.4byte	0x2d4
 337 021a 00       		.byte	0
 338 021b 13       		.uleb128 0x13
 339 021c 08020000 		.4byte	.LASF31
 340 0220 01       		.byte	0x1
 341 0221 7D       		.byte	0x7d
 342 0222 BD000000 		.4byte	0xbd
 343 0226 00000000 		.4byte	.LFB1
 344 022a 06000000 		.4byte	.LFE1-.LFB1
 345 022e 01       		.uleb128 0x1
 346 022f 9C       		.byte	0x9c
 347 0230 8A020000 		.4byte	0x28a
 348 0234 14       		.uleb128 0x14
 349 0235 7200     		.ascii	"r\000"
 350 0237 01       		.byte	0x1
 351 0238 7F       		.byte	0x7f
 352 0239 BD000000 		.4byte	0xbd
 353 023d 00002100 		.4byte	0x210000
 354 0241 15       		.uleb128 0x15
 355 0242 53656300 		.ascii	"Sec\000"
 356 0246 01       		.byte	0x1
 357 0247 80       		.byte	0x80
 358 0248 B6000000 		.4byte	0xb6
 359 024c 00       		.byte	0
 360 024d 15       		.uleb128 0x15
 361 024e 4D696E00 		.ascii	"Min\000"
 362 0252 01       		.byte	0x1
 363 0253 80       		.byte	0x80
 364 0254 B6000000 		.4byte	0xb6
 365 0258 00       		.byte	0
 366 0259 16       		.uleb128 0x16
 367 025a B2010000 		.4byte	.LASF23
 368 025e 01       		.byte	0x1
 369 025f 80       		.byte	0x80
ARM GAS  C:\Users\User\AppData\Local\Temp\cch1QDLK.s 			page 10


 370 0260 B6000000 		.4byte	0xb6
 371 0264 00       		.byte	0
 372 0265 15       		.uleb128 0x15
 373 0266 44617900 		.ascii	"Day\000"
 374 026a 01       		.byte	0x1
 375 026b 81       		.byte	0x81
 376 026c B6000000 		.4byte	0xb6
 377 0270 01       		.byte	0x1
 378 0271 16       		.uleb128 0x16
 379 0272 1B010000 		.4byte	.LASF24
 380 0276 01       		.byte	0x1
 381 0277 81       		.byte	0x81
 382 0278 B6000000 		.4byte	0xb6
 383 027c 01       		.byte	0x1
 384 027d 16       		.uleb128 0x16
 385 027e 2E010000 		.4byte	.LASF25
 386 0282 01       		.byte	0x1
 387 0283 81       		.byte	0x81
 388 0284 B6000000 		.4byte	0xb6
 389 0288 00       		.byte	0
 390 0289 00       		.byte	0
 391 028a 17       		.uleb128 0x17
 392 028b BD000000 		.4byte	0xbd
 393 028f 9B020000 		.4byte	0x29b
 394 0293 18       		.uleb128 0x18
 395 0294 DB000000 		.4byte	0xdb
 396 0298 FF03     		.2byte	0x3ff
 397 029a 00       		.byte	0
 398 029b 19       		.uleb128 0x19
 399 029c B0000000 		.4byte	.LASF26
 400 02a0 01       		.byte	0x1
 401 02a1 3D       		.byte	0x3d
 402 02a2 8A020000 		.4byte	0x28a
 403 02a6 05       		.uleb128 0x5
 404 02a7 03       		.byte	0x3
 405 02a8 00000000 		.4byte	_aMemBlock
 406 02ac 1A       		.uleb128 0x1a
 407 02ad 7A020000 		.4byte	.LASF32
 408 02b1 03       		.byte	0x3
 409 02b2 3902     		.2byte	0x239
 410 02b4 B8020000 		.4byte	0x2b8
 411 02b8 0C       		.uleb128 0xc
 412 02b9 35000000 		.4byte	0x35
 413 02bd 1B       		.uleb128 0x1b
 414 02be 81010000 		.4byte	.LASF33
 415 02c2 03       		.byte	0x3
 416 02c3 4A03     		.2byte	0x34a
 417 02c5 D4020000 		.4byte	0x2d4
 418 02c9 0B       		.uleb128 0xb
 419 02ca B5010000 		.4byte	0x1b5
 420 02ce 0B       		.uleb128 0xb
 421 02cf BD000000 		.4byte	0xbd
 422 02d3 00       		.byte	0
 423 02d4 1C       		.uleb128 0x1c
 424 02d5 C7000000 		.4byte	.LASF34
 425 02d9 03       		.byte	0x3
 426 02da 7601     		.2byte	0x176
ARM GAS  C:\Users\User\AppData\Local\Temp\cch1QDLK.s 			page 11


 427 02dc E9000000 		.4byte	0xe9
 428 02e0 EA020000 		.4byte	0x2ea
 429 02e4 0B       		.uleb128 0xb
 430 02e5 EA020000 		.4byte	0x2ea
 431 02e9 00       		.byte	0
 432 02ea 09       		.uleb128 0x9
 433 02eb 04       		.byte	0x4
 434 02ec B8020000 		.4byte	0x2b8
 435 02f0 00       		.byte	0
 436              		.section	.debug_abbrev,"",%progbits
 437              	.Ldebug_abbrev0:
 438 0000 01       		.uleb128 0x1
 439 0001 11       		.uleb128 0x11
 440 0002 01       		.byte	0x1
 441 0003 25       		.uleb128 0x25
 442 0004 0E       		.uleb128 0xe
 443 0005 13       		.uleb128 0x13
 444 0006 0B       		.uleb128 0xb
 445 0007 03       		.uleb128 0x3
 446 0008 0E       		.uleb128 0xe
 447 0009 1B       		.uleb128 0x1b
 448 000a 0E       		.uleb128 0xe
 449 000b 55       		.uleb128 0x55
 450 000c 17       		.uleb128 0x17
 451 000d 11       		.uleb128 0x11
 452 000e 01       		.uleb128 0x1
 453 000f 10       		.uleb128 0x10
 454 0010 17       		.uleb128 0x17
 455 0011 00       		.byte	0
 456 0012 00       		.byte	0
 457 0013 02       		.uleb128 0x2
 458 0014 16       		.uleb128 0x16
 459 0015 00       		.byte	0
 460 0016 03       		.uleb128 0x3
 461 0017 0E       		.uleb128 0xe
 462 0018 3A       		.uleb128 0x3a
 463 0019 0B       		.uleb128 0xb
 464 001a 3B       		.uleb128 0x3b
 465 001b 0B       		.uleb128 0xb
 466 001c 49       		.uleb128 0x49
 467 001d 13       		.uleb128 0x13
 468 001e 00       		.byte	0
 469 001f 00       		.byte	0
 470 0020 03       		.uleb128 0x3
 471 0021 13       		.uleb128 0x13
 472 0022 00       		.byte	0
 473 0023 03       		.uleb128 0x3
 474 0024 0E       		.uleb128 0xe
 475 0025 3C       		.uleb128 0x3c
 476 0026 19       		.uleb128 0x19
 477 0027 00       		.byte	0
 478 0028 00       		.byte	0
 479 0029 04       		.uleb128 0x4
 480 002a 13       		.uleb128 0x13
 481 002b 01       		.byte	0x1
 482 002c 03       		.uleb128 0x3
 483 002d 0E       		.uleb128 0xe
ARM GAS  C:\Users\User\AppData\Local\Temp\cch1QDLK.s 			page 12


 484 002e 0B       		.uleb128 0xb
 485 002f 0B       		.uleb128 0xb
 486 0030 3A       		.uleb128 0x3a
 487 0031 0B       		.uleb128 0xb
 488 0032 3B       		.uleb128 0x3b
 489 0033 05       		.uleb128 0x5
 490 0034 01       		.uleb128 0x1
 491 0035 13       		.uleb128 0x13
 492 0036 00       		.byte	0
 493 0037 00       		.byte	0
 494 0038 05       		.uleb128 0x5
 495 0039 0D       		.uleb128 0xd
 496 003a 00       		.byte	0
 497 003b 03       		.uleb128 0x3
 498 003c 0E       		.uleb128 0xe
 499 003d 3A       		.uleb128 0x3a
 500 003e 0B       		.uleb128 0xb
 501 003f 3B       		.uleb128 0x3b
 502 0040 05       		.uleb128 0x5
 503 0041 49       		.uleb128 0x49
 504 0042 13       		.uleb128 0x13
 505 0043 38       		.uleb128 0x38
 506 0044 0B       		.uleb128 0xb
 507 0045 00       		.byte	0
 508 0046 00       		.byte	0
 509 0047 06       		.uleb128 0x6
 510 0048 24       		.uleb128 0x24
 511 0049 00       		.byte	0
 512 004a 0B       		.uleb128 0xb
 513 004b 0B       		.uleb128 0xb
 514 004c 3E       		.uleb128 0x3e
 515 004d 0B       		.uleb128 0xb
 516 004e 03       		.uleb128 0x3
 517 004f 0E       		.uleb128 0xe
 518 0050 00       		.byte	0
 519 0051 00       		.byte	0
 520 0052 07       		.uleb128 0x7
 521 0053 24       		.uleb128 0x24
 522 0054 00       		.byte	0
 523 0055 0B       		.uleb128 0xb
 524 0056 0B       		.uleb128 0xb
 525 0057 3E       		.uleb128 0x3e
 526 0058 0B       		.uleb128 0xb
 527 0059 03       		.uleb128 0x3
 528 005a 08       		.uleb128 0x8
 529 005b 00       		.byte	0
 530 005c 00       		.byte	0
 531 005d 08       		.uleb128 0x8
 532 005e 0F       		.uleb128 0xf
 533 005f 00       		.byte	0
 534 0060 0B       		.uleb128 0xb
 535 0061 0B       		.uleb128 0xb
 536 0062 00       		.byte	0
 537 0063 00       		.byte	0
 538 0064 09       		.uleb128 0x9
 539 0065 0F       		.uleb128 0xf
 540 0066 00       		.byte	0
ARM GAS  C:\Users\User\AppData\Local\Temp\cch1QDLK.s 			page 13


 541 0067 0B       		.uleb128 0xb
 542 0068 0B       		.uleb128 0xb
 543 0069 49       		.uleb128 0x49
 544 006a 13       		.uleb128 0x13
 545 006b 00       		.byte	0
 546 006c 00       		.byte	0
 547 006d 0A       		.uleb128 0xa
 548 006e 15       		.uleb128 0x15
 549 006f 01       		.byte	0x1
 550 0070 27       		.uleb128 0x27
 551 0071 19       		.uleb128 0x19
 552 0072 49       		.uleb128 0x49
 553 0073 13       		.uleb128 0x13
 554 0074 01       		.uleb128 0x1
 555 0075 13       		.uleb128 0x13
 556 0076 00       		.byte	0
 557 0077 00       		.byte	0
 558 0078 0B       		.uleb128 0xb
 559 0079 05       		.uleb128 0x5
 560 007a 00       		.byte	0
 561 007b 49       		.uleb128 0x49
 562 007c 13       		.uleb128 0x13
 563 007d 00       		.byte	0
 564 007e 00       		.byte	0
 565 007f 0C       		.uleb128 0xc
 566 0080 26       		.uleb128 0x26
 567 0081 00       		.byte	0
 568 0082 49       		.uleb128 0x49
 569 0083 13       		.uleb128 0x13
 570 0084 00       		.byte	0
 571 0085 00       		.byte	0
 572 0086 0D       		.uleb128 0xd
 573 0087 15       		.uleb128 0x15
 574 0088 00       		.byte	0
 575 0089 27       		.uleb128 0x27
 576 008a 19       		.uleb128 0x19
 577 008b 49       		.uleb128 0x49
 578 008c 13       		.uleb128 0x13
 579 008d 00       		.byte	0
 580 008e 00       		.byte	0
 581 008f 0E       		.uleb128 0xe
 582 0090 26       		.uleb128 0x26
 583 0091 00       		.byte	0
 584 0092 00       		.byte	0
 585 0093 00       		.byte	0
 586 0094 0F       		.uleb128 0xf
 587 0095 2E       		.uleb128 0x2e
 588 0096 01       		.byte	0x1
 589 0097 3F       		.uleb128 0x3f
 590 0098 19       		.uleb128 0x19
 591 0099 03       		.uleb128 0x3
 592 009a 0E       		.uleb128 0xe
 593 009b 3A       		.uleb128 0x3a
 594 009c 0B       		.uleb128 0xb
 595 009d 3B       		.uleb128 0x3b
 596 009e 0B       		.uleb128 0xb
 597 009f 27       		.uleb128 0x27
ARM GAS  C:\Users\User\AppData\Local\Temp\cch1QDLK.s 			page 14


 598 00a0 19       		.uleb128 0x19
 599 00a1 11       		.uleb128 0x11
 600 00a2 01       		.uleb128 0x1
 601 00a3 12       		.uleb128 0x12
 602 00a4 06       		.uleb128 0x6
 603 00a5 40       		.uleb128 0x40
 604 00a6 18       		.uleb128 0x18
 605 00a7 9742     		.uleb128 0x2117
 606 00a9 19       		.uleb128 0x19
 607 00aa 01       		.uleb128 0x1
 608 00ab 13       		.uleb128 0x13
 609 00ac 00       		.byte	0
 610 00ad 00       		.byte	0
 611 00ae 10       		.uleb128 0x10
 612 00af 898201   		.uleb128 0x4109
 613 00b2 01       		.byte	0x1
 614 00b3 11       		.uleb128 0x11
 615 00b4 01       		.uleb128 0x1
 616 00b5 31       		.uleb128 0x31
 617 00b6 13       		.uleb128 0x13
 618 00b7 01       		.uleb128 0x1
 619 00b8 13       		.uleb128 0x13
 620 00b9 00       		.byte	0
 621 00ba 00       		.byte	0
 622 00bb 11       		.uleb128 0x11
 623 00bc 8A8201   		.uleb128 0x410a
 624 00bf 00       		.byte	0
 625 00c0 02       		.uleb128 0x2
 626 00c1 18       		.uleb128 0x18
 627 00c2 9142     		.uleb128 0x2111
 628 00c4 18       		.uleb128 0x18
 629 00c5 00       		.byte	0
 630 00c6 00       		.byte	0
 631 00c7 12       		.uleb128 0x12
 632 00c8 898201   		.uleb128 0x4109
 633 00cb 00       		.byte	0
 634 00cc 11       		.uleb128 0x11
 635 00cd 01       		.uleb128 0x1
 636 00ce 31       		.uleb128 0x31
 637 00cf 13       		.uleb128 0x13
 638 00d0 00       		.byte	0
 639 00d1 00       		.byte	0
 640 00d2 13       		.uleb128 0x13
 641 00d3 2E       		.uleb128 0x2e
 642 00d4 01       		.byte	0x1
 643 00d5 3F       		.uleb128 0x3f
 644 00d6 19       		.uleb128 0x19
 645 00d7 03       		.uleb128 0x3
 646 00d8 0E       		.uleb128 0xe
 647 00d9 3A       		.uleb128 0x3a
 648 00da 0B       		.uleb128 0xb
 649 00db 3B       		.uleb128 0x3b
 650 00dc 0B       		.uleb128 0xb
 651 00dd 27       		.uleb128 0x27
 652 00de 19       		.uleb128 0x19
 653 00df 49       		.uleb128 0x49
 654 00e0 13       		.uleb128 0x13
ARM GAS  C:\Users\User\AppData\Local\Temp\cch1QDLK.s 			page 15


 655 00e1 11       		.uleb128 0x11
 656 00e2 01       		.uleb128 0x1
 657 00e3 12       		.uleb128 0x12
 658 00e4 06       		.uleb128 0x6
 659 00e5 40       		.uleb128 0x40
 660 00e6 18       		.uleb128 0x18
 661 00e7 9742     		.uleb128 0x2117
 662 00e9 19       		.uleb128 0x19
 663 00ea 01       		.uleb128 0x1
 664 00eb 13       		.uleb128 0x13
 665 00ec 00       		.byte	0
 666 00ed 00       		.byte	0
 667 00ee 14       		.uleb128 0x14
 668 00ef 34       		.uleb128 0x34
 669 00f0 00       		.byte	0
 670 00f1 03       		.uleb128 0x3
 671 00f2 08       		.uleb128 0x8
 672 00f3 3A       		.uleb128 0x3a
 673 00f4 0B       		.uleb128 0xb
 674 00f5 3B       		.uleb128 0x3b
 675 00f6 0B       		.uleb128 0xb
 676 00f7 49       		.uleb128 0x49
 677 00f8 13       		.uleb128 0x13
 678 00f9 1C       		.uleb128 0x1c
 679 00fa 06       		.uleb128 0x6
 680 00fb 00       		.byte	0
 681 00fc 00       		.byte	0
 682 00fd 15       		.uleb128 0x15
 683 00fe 34       		.uleb128 0x34
 684 00ff 00       		.byte	0
 685 0100 03       		.uleb128 0x3
 686 0101 08       		.uleb128 0x8
 687 0102 3A       		.uleb128 0x3a
 688 0103 0B       		.uleb128 0xb
 689 0104 3B       		.uleb128 0x3b
 690 0105 0B       		.uleb128 0xb
 691 0106 49       		.uleb128 0x49
 692 0107 13       		.uleb128 0x13
 693 0108 1C       		.uleb128 0x1c
 694 0109 0B       		.uleb128 0xb
 695 010a 00       		.byte	0
 696 010b 00       		.byte	0
 697 010c 16       		.uleb128 0x16
 698 010d 34       		.uleb128 0x34
 699 010e 00       		.byte	0
 700 010f 03       		.uleb128 0x3
 701 0110 0E       		.uleb128 0xe
 702 0111 3A       		.uleb128 0x3a
 703 0112 0B       		.uleb128 0xb
 704 0113 3B       		.uleb128 0x3b
 705 0114 0B       		.uleb128 0xb
 706 0115 49       		.uleb128 0x49
 707 0116 13       		.uleb128 0x13
 708 0117 1C       		.uleb128 0x1c
 709 0118 0B       		.uleb128 0xb
 710 0119 00       		.byte	0
 711 011a 00       		.byte	0
ARM GAS  C:\Users\User\AppData\Local\Temp\cch1QDLK.s 			page 16


 712 011b 17       		.uleb128 0x17
 713 011c 01       		.uleb128 0x1
 714 011d 01       		.byte	0x1
 715 011e 49       		.uleb128 0x49
 716 011f 13       		.uleb128 0x13
 717 0120 01       		.uleb128 0x1
 718 0121 13       		.uleb128 0x13
 719 0122 00       		.byte	0
 720 0123 00       		.byte	0
 721 0124 18       		.uleb128 0x18
 722 0125 21       		.uleb128 0x21
 723 0126 00       		.byte	0
 724 0127 49       		.uleb128 0x49
 725 0128 13       		.uleb128 0x13
 726 0129 2F       		.uleb128 0x2f
 727 012a 05       		.uleb128 0x5
 728 012b 00       		.byte	0
 729 012c 00       		.byte	0
 730 012d 19       		.uleb128 0x19
 731 012e 34       		.uleb128 0x34
 732 012f 00       		.byte	0
 733 0130 03       		.uleb128 0x3
 734 0131 0E       		.uleb128 0xe
 735 0132 3A       		.uleb128 0x3a
 736 0133 0B       		.uleb128 0xb
 737 0134 3B       		.uleb128 0x3b
 738 0135 0B       		.uleb128 0xb
 739 0136 49       		.uleb128 0x49
 740 0137 13       		.uleb128 0x13
 741 0138 02       		.uleb128 0x2
 742 0139 18       		.uleb128 0x18
 743 013a 00       		.byte	0
 744 013b 00       		.byte	0
 745 013c 1A       		.uleb128 0x1a
 746 013d 34       		.uleb128 0x34
 747 013e 00       		.byte	0
 748 013f 03       		.uleb128 0x3
 749 0140 0E       		.uleb128 0xe
 750 0141 3A       		.uleb128 0x3a
 751 0142 0B       		.uleb128 0xb
 752 0143 3B       		.uleb128 0x3b
 753 0144 05       		.uleb128 0x5
 754 0145 49       		.uleb128 0x49
 755 0146 13       		.uleb128 0x13
 756 0147 3F       		.uleb128 0x3f
 757 0148 19       		.uleb128 0x19
 758 0149 3C       		.uleb128 0x3c
 759 014a 19       		.uleb128 0x19
 760 014b 00       		.byte	0
 761 014c 00       		.byte	0
 762 014d 1B       		.uleb128 0x1b
 763 014e 2E       		.uleb128 0x2e
 764 014f 01       		.byte	0x1
 765 0150 3F       		.uleb128 0x3f
 766 0151 19       		.uleb128 0x19
 767 0152 03       		.uleb128 0x3
 768 0153 0E       		.uleb128 0xe
ARM GAS  C:\Users\User\AppData\Local\Temp\cch1QDLK.s 			page 17


 769 0154 3A       		.uleb128 0x3a
 770 0155 0B       		.uleb128 0xb
 771 0156 3B       		.uleb128 0x3b
 772 0157 05       		.uleb128 0x5
 773 0158 27       		.uleb128 0x27
 774 0159 19       		.uleb128 0x19
 775 015a 3C       		.uleb128 0x3c
 776 015b 19       		.uleb128 0x19
 777 015c 01       		.uleb128 0x1
 778 015d 13       		.uleb128 0x13
 779 015e 00       		.byte	0
 780 015f 00       		.byte	0
 781 0160 1C       		.uleb128 0x1c
 782 0161 2E       		.uleb128 0x2e
 783 0162 01       		.byte	0x1
 784 0163 3F       		.uleb128 0x3f
 785 0164 19       		.uleb128 0x19
 786 0165 03       		.uleb128 0x3
 787 0166 0E       		.uleb128 0xe
 788 0167 3A       		.uleb128 0x3a
 789 0168 0B       		.uleb128 0xb
 790 0169 3B       		.uleb128 0x3b
 791 016a 05       		.uleb128 0x5
 792 016b 27       		.uleb128 0x27
 793 016c 19       		.uleb128 0x19
 794 016d 49       		.uleb128 0x49
 795 016e 13       		.uleb128 0x13
 796 016f 3C       		.uleb128 0x3c
 797 0170 19       		.uleb128 0x19
 798 0171 01       		.uleb128 0x1
 799 0172 13       		.uleb128 0x13
 800 0173 00       		.byte	0
 801 0174 00       		.byte	0
 802 0175 00       		.byte	0
 803              		.section	.debug_aranges,"",%progbits
 804 0000 24000000 		.4byte	0x24
 805 0004 0200     		.2byte	0x2
 806 0006 00000000 		.4byte	.Ldebug_info0
 807 000a 04       		.byte	0x4
 808 000b 00       		.byte	0
 809 000c 0000     		.2byte	0
 810 000e 0000     		.2byte	0
 811 0010 00000000 		.4byte	.LFB0
 812 0014 1C000000 		.4byte	.LFE0-.LFB0
 813 0018 00000000 		.4byte	.LFB1
 814 001c 06000000 		.4byte	.LFE1-.LFB1
 815 0020 00000000 		.4byte	0
 816 0024 00000000 		.4byte	0
 817              		.section	.debug_ranges,"",%progbits
 818              	.Ldebug_ranges0:
 819 0000 00000000 		.4byte	.LFB0
 820 0004 1C000000 		.4byte	.LFE0
 821 0008 00000000 		.4byte	.LFB1
 822 000c 06000000 		.4byte	.LFE1
 823 0010 00000000 		.4byte	0
 824 0014 00000000 		.4byte	0
 825              		.section	.debug_line,"",%progbits
ARM GAS  C:\Users\User\AppData\Local\Temp\cch1QDLK.s 			page 18


 826              	.Ldebug_line0:
 827 0000 AB000000 		.section	.debug_str,"MS",%progbits,1
 827      02007E00 
 827      00000201 
 827      FB0E0D00 
 827      01010101 
 828              	.LASF5:
 829 0000 70665772 		.ascii	"pfWrite\000"
 829      69746500 
 830              	.LASF1:
 831 0008 46535F44 		.ascii	"FS_DEVICE_TYPE\000"
 831      45564943 
 831      455F5459 
 831      504500
 832              	.LASF27:
 833 0017 474E5520 		.ascii	"GNU C 4.9.3 20150303 (release) [ARM/embedded-4_9-br"
 833      4320342E 
 833      392E3320 
 833      32303135 
 833      30333033 
 834 004a 616E6368 		.ascii	"anch revision 221220] -mcpu=cortex-m3 -mthumb -g -O"
 834      20726576 
 834      6973696F 
 834      6E203232 
 834      31323230 
 835 007d 67202D73 		.ascii	"g -std=gnu11 -ffunction-sections -ffat-lto-objects\000"
 835      74643D67 
 835      6E753131 
 835      202D6666 
 835      756E6374 
 836              	.LASF26:
 837 00b0 5F614D65 		.ascii	"_aMemBlock\000"
 837      6D426C6F 
 837      636B00
 838              	.LASF8:
 839 00bb 70664765 		.ascii	"pfGetStatus\000"
 839      74537461 
 839      74757300 
 840              	.LASF34:
 841 00c7 46535F41 		.ascii	"FS_AddDevice\000"
 841      64644465 
 841      76696365 
 841      00
 842              	.LASF21:
 843 00d4 666C6F61 		.ascii	"float\000"
 843      7400
 844              	.LASF9:
 845 00da 70664765 		.ascii	"pfGetNumUnits\000"
 845      744E756D 
 845      556E6974 
 845      7300
 846              	.LASF13:
 847 00e8 756E7369 		.ascii	"unsigned char\000"
 847      676E6564 
 847      20636861 
 847      7200
 848              	.LASF11:
ARM GAS  C:\Users\User\AppData\Local\Temp\cch1QDLK.s 			page 19


 849 00f6 6C6F6E67 		.ascii	"long unsigned int\000"
 849      20756E73 
 849      69676E65 
 849      6420696E 
 849      7400
 850              	.LASF10:
 851 0108 73686F72 		.ascii	"short unsigned int\000"
 851      7420756E 
 851      7369676E 
 851      65642069 
 851      6E7400
 852              	.LASF24:
 853 011b 4D6F6E74 		.ascii	"Month\000"
 853      6800
 854              	.LASF7:
 855 0121 7066496E 		.ascii	"pfInitMedium\000"
 855      69744D65 
 855      6469756D 
 855      00
 856              	.LASF25:
 857 012e 59656172 		.ascii	"Year\000"
 857      00
 858              	.LASF22:
 859 0133 646F7562 		.ascii	"double\000"
 859      6C6500
 860              	.LASF3:
 861 013a 70664164 		.ascii	"pfAddDevice\000"
 861      64446576 
 861      69636500 
 862              	.LASF12:
 863 0146 756E7369 		.ascii	"unsigned int\000"
 863      676E6564 
 863      20696E74 
 863      00
 864              	.LASF20:
 865 0153 6C6F6E67 		.ascii	"long long unsigned int\000"
 865      206C6F6E 
 865      6720756E 
 865      7369676E 
 865      65642069 
 866              	.LASF14:
 867 016a 73697A65 		.ascii	"sizetype\000"
 867      74797065 
 867      00
 868              	.LASF19:
 869 0173 6C6F6E67 		.ascii	"long long int\000"
 869      206C6F6E 
 869      6720696E 
 869      7400
 870              	.LASF33:
 871 0181 46535F41 		.ascii	"FS_AssignMemory\000"
 871      73736967 
 871      6E4D656D 
 871      6F727900 
 872              	.LASF30:
 873 0191 46535F58 		.ascii	"FS_X_AddDevices\000"
 873      5F416464 
ARM GAS  C:\Users\User\AppData\Local\Temp\cch1QDLK.s 			page 20


 873      44657669 
 873      63657300 
 874              	.LASF4:
 875 01a1 70665265 		.ascii	"pfRead\000"
 875      616400
 876              	.LASF16:
 877 01a8 73686F72 		.ascii	"short int\000"
 877      7420696E 
 877      7400
 878              	.LASF23:
 879 01b2 486F7572 		.ascii	"Hour\000"
 879      00
 880              	.LASF2:
 881 01b7 70664765 		.ascii	"pfGetName\000"
 881      744E616D 
 881      6500
 882              	.LASF28:
 883 01c1 2E5C4765 		.ascii	".\\Generated_Source\\PSoC5\\SD_FS_ConfigMMC_SPI.c\000"
 883      6E657261 
 883      7465645F 
 883      536F7572 
 883      63655C50 
 884              	.LASF17:
 885 01f0 6C6F6E67 		.ascii	"long int\000"
 885      20696E74 
 885      00
 886              	.LASF15:
 887 01f9 63686172 		.ascii	"char\000"
 887      00
 888              	.LASF0:
 889 01fe 46535F56 		.ascii	"FS_VOLUME\000"
 889      4F4C554D 
 889      4500
 890              	.LASF31:
 891 0208 46535F58 		.ascii	"FS_X_GetTimeDate\000"
 891      5F476574 
 891      54696D65 
 891      44617465 
 891      00
 892              	.LASF18:
 893 0219 7369676E 		.ascii	"signed char\000"
 893      65642063 
 893      68617200 
 894              	.LASF6:
 895 0225 7066496F 		.ascii	"pfIoCtl\000"
 895      43746C00 
 896              	.LASF29:
 897 022d 433A5C55 		.ascii	"C:\\Users\\User\\Documents\\MIT 6.115\\finalproject"
 897      73657273 
 897      5C557365 
 897      725C446F 
 897      63756D65 
 898 025b 5C66696E 		.ascii	"\\finalproject\\GuitarHero.cydsn\000"
 898      616C7072 
 898      6F6A6563 
 898      745C4775 
 898      69746172 
ARM GAS  C:\Users\User\AppData\Local\Temp\cch1QDLK.s 			page 21


 899              	.LASF32:
 900 027a 46535F4D 		.ascii	"FS_MMC_SPI_Driver\000"
 900      4D435F53 
 900      50495F44 
 900      72697665 
 900      7200
 901              		.ident	"GCC: (GNU Tools for ARM Embedded Processors) 4.9.3 20150303 (release) [ARM/embedded-4_9-br
