ARM GAS  C:\Users\User\AppData\Local\Temp\ccObyijO.s 			page 1


   1              		.syntax unified
   2              		.cpu cortex-m3
   3              		.fpu softvfp
   4              		.eabi_attribute 20, 1
   5              		.eabi_attribute 21, 1
   6              		.eabi_attribute 23, 3
   7              		.eabi_attribute 24, 1
   8              		.eabi_attribute 25, 1
   9              		.eabi_attribute 26, 1
  10              		.eabi_attribute 30, 1
  11              		.eabi_attribute 34, 1
  12              		.eabi_attribute 18, 4
  13              		.thumb
  14              		.file	"Timer_1_PM.c"
  15              		.text
  16              	.Ltext0:
  17              		.cfi_sections	.debug_frame
  18              		.section	.text.Timer_1_SaveConfig,"ax",%progbits
  19              		.align	2
  20              		.global	Timer_1_SaveConfig
  21              		.thumb
  22              		.thumb_func
  23              		.type	Timer_1_SaveConfig, %function
  24              	Timer_1_SaveConfig:
  25              	.LFB0:
  26              		.file 1 ".\\Generated_Source\\PSoC5\\Timer_1_PM.c"
   1:.\Generated_Source\PSoC5/Timer_1_PM.c **** /*******************************************************************************
   2:.\Generated_Source\PSoC5/Timer_1_PM.c **** * File Name: Timer_1_PM.c
   3:.\Generated_Source\PSoC5/Timer_1_PM.c **** * Version 2.70
   4:.\Generated_Source\PSoC5/Timer_1_PM.c **** *
   5:.\Generated_Source\PSoC5/Timer_1_PM.c **** *  Description:
   6:.\Generated_Source\PSoC5/Timer_1_PM.c **** *     This file provides the power management source code to API for the
   7:.\Generated_Source\PSoC5/Timer_1_PM.c **** *     Timer.
   8:.\Generated_Source\PSoC5/Timer_1_PM.c **** *
   9:.\Generated_Source\PSoC5/Timer_1_PM.c **** *   Note:
  10:.\Generated_Source\PSoC5/Timer_1_PM.c **** *     None
  11:.\Generated_Source\PSoC5/Timer_1_PM.c **** *
  12:.\Generated_Source\PSoC5/Timer_1_PM.c **** *******************************************************************************
  13:.\Generated_Source\PSoC5/Timer_1_PM.c **** * Copyright 2008-2014, Cypress Semiconductor Corporation.  All rights reserved.
  14:.\Generated_Source\PSoC5/Timer_1_PM.c **** * You may use this file only in accordance with the license, terms, conditions,
  15:.\Generated_Source\PSoC5/Timer_1_PM.c **** * disclaimers, and limitations in the end user license agreement accompanying
  16:.\Generated_Source\PSoC5/Timer_1_PM.c **** * the software package with which this file was provided.
  17:.\Generated_Source\PSoC5/Timer_1_PM.c **** ********************************************************************************/
  18:.\Generated_Source\PSoC5/Timer_1_PM.c **** 
  19:.\Generated_Source\PSoC5/Timer_1_PM.c **** #include "Timer_1.h"
  20:.\Generated_Source\PSoC5/Timer_1_PM.c **** 
  21:.\Generated_Source\PSoC5/Timer_1_PM.c **** static Timer_1_backupStruct Timer_1_backup;
  22:.\Generated_Source\PSoC5/Timer_1_PM.c **** 
  23:.\Generated_Source\PSoC5/Timer_1_PM.c **** 
  24:.\Generated_Source\PSoC5/Timer_1_PM.c **** /*******************************************************************************
  25:.\Generated_Source\PSoC5/Timer_1_PM.c **** * Function Name: Timer_1_SaveConfig
  26:.\Generated_Source\PSoC5/Timer_1_PM.c **** ********************************************************************************
  27:.\Generated_Source\PSoC5/Timer_1_PM.c **** *
  28:.\Generated_Source\PSoC5/Timer_1_PM.c **** * Summary:
  29:.\Generated_Source\PSoC5/Timer_1_PM.c **** *     Save the current user configuration
  30:.\Generated_Source\PSoC5/Timer_1_PM.c **** *
  31:.\Generated_Source\PSoC5/Timer_1_PM.c **** * Parameters:
ARM GAS  C:\Users\User\AppData\Local\Temp\ccObyijO.s 			page 2


  32:.\Generated_Source\PSoC5/Timer_1_PM.c **** *  void
  33:.\Generated_Source\PSoC5/Timer_1_PM.c **** *
  34:.\Generated_Source\PSoC5/Timer_1_PM.c **** * Return:
  35:.\Generated_Source\PSoC5/Timer_1_PM.c **** *  void
  36:.\Generated_Source\PSoC5/Timer_1_PM.c **** *
  37:.\Generated_Source\PSoC5/Timer_1_PM.c **** * Global variables:
  38:.\Generated_Source\PSoC5/Timer_1_PM.c **** *  Timer_1_backup:  Variables of this global structure are modified to
  39:.\Generated_Source\PSoC5/Timer_1_PM.c **** *  store the values of non retention configuration registers when Sleep() API is
  40:.\Generated_Source\PSoC5/Timer_1_PM.c **** *  called.
  41:.\Generated_Source\PSoC5/Timer_1_PM.c **** *
  42:.\Generated_Source\PSoC5/Timer_1_PM.c **** *******************************************************************************/
  43:.\Generated_Source\PSoC5/Timer_1_PM.c **** void Timer_1_SaveConfig(void) 
  44:.\Generated_Source\PSoC5/Timer_1_PM.c **** {
  27              		.loc 1 44 0
  28              		.cfi_startproc
  29              		@ args = 0, pretend = 0, frame = 0
  30              		@ frame_needed = 0, uses_anonymous_args = 0
  31              		@ link register save eliminated.
  32 0000 7047     		bx	lr
  33              		.cfi_endproc
  34              	.LFE0:
  35              		.size	Timer_1_SaveConfig, .-Timer_1_SaveConfig
  36 0002 00BF     		.section	.text.Timer_1_RestoreConfig,"ax",%progbits
  37              		.align	2
  38              		.global	Timer_1_RestoreConfig
  39              		.thumb
  40              		.thumb_func
  41              		.type	Timer_1_RestoreConfig, %function
  42              	Timer_1_RestoreConfig:
  43              	.LFB1:
  45:.\Generated_Source\PSoC5/Timer_1_PM.c ****     #if (!Timer_1_UsingFixedFunction)
  46:.\Generated_Source\PSoC5/Timer_1_PM.c ****         Timer_1_backup.TimerUdb = Timer_1_ReadCounter();
  47:.\Generated_Source\PSoC5/Timer_1_PM.c ****         Timer_1_backup.InterruptMaskValue = Timer_1_STATUS_MASK;
  48:.\Generated_Source\PSoC5/Timer_1_PM.c ****         #if (Timer_1_UsingHWCaptureCounter)
  49:.\Generated_Source\PSoC5/Timer_1_PM.c ****             Timer_1_backup.TimerCaptureCounter = Timer_1_ReadCaptureCount();
  50:.\Generated_Source\PSoC5/Timer_1_PM.c ****         #endif /* Back Up capture counter register  */
  51:.\Generated_Source\PSoC5/Timer_1_PM.c **** 
  52:.\Generated_Source\PSoC5/Timer_1_PM.c ****         #if(!Timer_1_UDB_CONTROL_REG_REMOVED)
  53:.\Generated_Source\PSoC5/Timer_1_PM.c ****             Timer_1_backup.TimerControlRegister = Timer_1_ReadControlRegister();
  54:.\Generated_Source\PSoC5/Timer_1_PM.c ****         #endif /* Backup the enable state of the Timer component */
  55:.\Generated_Source\PSoC5/Timer_1_PM.c ****     #endif /* Backup non retention registers in UDB implementation. All fixed function registers ar
  56:.\Generated_Source\PSoC5/Timer_1_PM.c **** }
  57:.\Generated_Source\PSoC5/Timer_1_PM.c **** 
  58:.\Generated_Source\PSoC5/Timer_1_PM.c **** 
  59:.\Generated_Source\PSoC5/Timer_1_PM.c **** /*******************************************************************************
  60:.\Generated_Source\PSoC5/Timer_1_PM.c **** * Function Name: Timer_1_RestoreConfig
  61:.\Generated_Source\PSoC5/Timer_1_PM.c **** ********************************************************************************
  62:.\Generated_Source\PSoC5/Timer_1_PM.c **** *
  63:.\Generated_Source\PSoC5/Timer_1_PM.c **** * Summary:
  64:.\Generated_Source\PSoC5/Timer_1_PM.c **** *  Restores the current user configuration.
  65:.\Generated_Source\PSoC5/Timer_1_PM.c **** *
  66:.\Generated_Source\PSoC5/Timer_1_PM.c **** * Parameters:
  67:.\Generated_Source\PSoC5/Timer_1_PM.c **** *  void
  68:.\Generated_Source\PSoC5/Timer_1_PM.c **** *
  69:.\Generated_Source\PSoC5/Timer_1_PM.c **** * Return:
  70:.\Generated_Source\PSoC5/Timer_1_PM.c **** *  void
  71:.\Generated_Source\PSoC5/Timer_1_PM.c **** *
ARM GAS  C:\Users\User\AppData\Local\Temp\ccObyijO.s 			page 3


  72:.\Generated_Source\PSoC5/Timer_1_PM.c **** * Global variables:
  73:.\Generated_Source\PSoC5/Timer_1_PM.c **** *  Timer_1_backup:  Variables of this global structure are used to
  74:.\Generated_Source\PSoC5/Timer_1_PM.c **** *  restore the values of non retention registers on wakeup from sleep mode.
  75:.\Generated_Source\PSoC5/Timer_1_PM.c **** *
  76:.\Generated_Source\PSoC5/Timer_1_PM.c **** *******************************************************************************/
  77:.\Generated_Source\PSoC5/Timer_1_PM.c **** void Timer_1_RestoreConfig(void) 
  78:.\Generated_Source\PSoC5/Timer_1_PM.c **** {   
  44              		.loc 1 78 0
  45              		.cfi_startproc
  46              		@ args = 0, pretend = 0, frame = 0
  47              		@ frame_needed = 0, uses_anonymous_args = 0
  48              		@ link register save eliminated.
  49 0000 7047     		bx	lr
  50              		.cfi_endproc
  51              	.LFE1:
  52              		.size	Timer_1_RestoreConfig, .-Timer_1_RestoreConfig
  53 0002 00BF     		.section	.text.Timer_1_Sleep,"ax",%progbits
  54              		.align	2
  55              		.global	Timer_1_Sleep
  56              		.thumb
  57              		.thumb_func
  58              		.type	Timer_1_Sleep, %function
  59              	Timer_1_Sleep:
  60              	.LFB2:
  79:.\Generated_Source\PSoC5/Timer_1_PM.c ****     #if (!Timer_1_UsingFixedFunction)
  80:.\Generated_Source\PSoC5/Timer_1_PM.c **** 
  81:.\Generated_Source\PSoC5/Timer_1_PM.c ****         Timer_1_WriteCounter(Timer_1_backup.TimerUdb);
  82:.\Generated_Source\PSoC5/Timer_1_PM.c ****         Timer_1_STATUS_MASK =Timer_1_backup.InterruptMaskValue;
  83:.\Generated_Source\PSoC5/Timer_1_PM.c ****         #if (Timer_1_UsingHWCaptureCounter)
  84:.\Generated_Source\PSoC5/Timer_1_PM.c ****             Timer_1_SetCaptureCount(Timer_1_backup.TimerCaptureCounter);
  85:.\Generated_Source\PSoC5/Timer_1_PM.c ****         #endif /* Restore Capture counter register*/
  86:.\Generated_Source\PSoC5/Timer_1_PM.c **** 
  87:.\Generated_Source\PSoC5/Timer_1_PM.c ****         #if(!Timer_1_UDB_CONTROL_REG_REMOVED)
  88:.\Generated_Source\PSoC5/Timer_1_PM.c ****             Timer_1_WriteControlRegister(Timer_1_backup.TimerControlRegister);
  89:.\Generated_Source\PSoC5/Timer_1_PM.c ****         #endif /* Restore the enable state of the Timer component */
  90:.\Generated_Source\PSoC5/Timer_1_PM.c ****     #endif /* Restore non retention registers in the UDB implementation only */
  91:.\Generated_Source\PSoC5/Timer_1_PM.c **** }
  92:.\Generated_Source\PSoC5/Timer_1_PM.c **** 
  93:.\Generated_Source\PSoC5/Timer_1_PM.c **** 
  94:.\Generated_Source\PSoC5/Timer_1_PM.c **** /*******************************************************************************
  95:.\Generated_Source\PSoC5/Timer_1_PM.c **** * Function Name: Timer_1_Sleep
  96:.\Generated_Source\PSoC5/Timer_1_PM.c **** ********************************************************************************
  97:.\Generated_Source\PSoC5/Timer_1_PM.c **** *
  98:.\Generated_Source\PSoC5/Timer_1_PM.c **** * Summary:
  99:.\Generated_Source\PSoC5/Timer_1_PM.c **** *     Stop and Save the user configuration
 100:.\Generated_Source\PSoC5/Timer_1_PM.c **** *
 101:.\Generated_Source\PSoC5/Timer_1_PM.c **** * Parameters:
 102:.\Generated_Source\PSoC5/Timer_1_PM.c **** *  void
 103:.\Generated_Source\PSoC5/Timer_1_PM.c **** *
 104:.\Generated_Source\PSoC5/Timer_1_PM.c **** * Return:
 105:.\Generated_Source\PSoC5/Timer_1_PM.c **** *  void
 106:.\Generated_Source\PSoC5/Timer_1_PM.c **** *
 107:.\Generated_Source\PSoC5/Timer_1_PM.c **** * Global variables:
 108:.\Generated_Source\PSoC5/Timer_1_PM.c **** *  Timer_1_backup.TimerEnableState:  Is modified depending on the
 109:.\Generated_Source\PSoC5/Timer_1_PM.c **** *  enable state of the block before entering sleep mode.
 110:.\Generated_Source\PSoC5/Timer_1_PM.c **** *
 111:.\Generated_Source\PSoC5/Timer_1_PM.c **** *******************************************************************************/
ARM GAS  C:\Users\User\AppData\Local\Temp\ccObyijO.s 			page 4


 112:.\Generated_Source\PSoC5/Timer_1_PM.c **** void Timer_1_Sleep(void) 
 113:.\Generated_Source\PSoC5/Timer_1_PM.c **** {
  61              		.loc 1 113 0
  62              		.cfi_startproc
  63              		@ args = 0, pretend = 0, frame = 0
  64              		@ frame_needed = 0, uses_anonymous_args = 0
  65              		.loc 1 113 0
  66 0000 08B5     		push	{r3, lr}
  67              		.cfi_def_cfa_offset 8
  68              		.cfi_offset 3, -8
  69              		.cfi_offset 14, -4
 114:.\Generated_Source\PSoC5/Timer_1_PM.c ****     #if(!Timer_1_UDB_CONTROL_REG_REMOVED)
 115:.\Generated_Source\PSoC5/Timer_1_PM.c ****         /* Save Counter's enable state */
 116:.\Generated_Source\PSoC5/Timer_1_PM.c ****         if(Timer_1_CTRL_ENABLE == (Timer_1_CONTROL & Timer_1_CTRL_ENABLE))
  70              		.loc 1 116 0
  71 0002 074B     		ldr	r3, .L7
  72 0004 1B78     		ldrb	r3, [r3]	@ zero_extendqisi2
  73 0006 13F0010F 		tst	r3, #1
  74 000a 03D0     		beq	.L4
 117:.\Generated_Source\PSoC5/Timer_1_PM.c ****         {
 118:.\Generated_Source\PSoC5/Timer_1_PM.c ****             /* Timer is enabled */
 119:.\Generated_Source\PSoC5/Timer_1_PM.c ****             Timer_1_backup.TimerEnableState = 1u;
  75              		.loc 1 119 0
  76 000c 0122     		movs	r2, #1
  77 000e 054B     		ldr	r3, .L7+4
  78 0010 1A70     		strb	r2, [r3]
  79 0012 02E0     		b	.L5
  80              	.L4:
 120:.\Generated_Source\PSoC5/Timer_1_PM.c ****         }
 121:.\Generated_Source\PSoC5/Timer_1_PM.c ****         else
 122:.\Generated_Source\PSoC5/Timer_1_PM.c ****         {
 123:.\Generated_Source\PSoC5/Timer_1_PM.c ****             /* Timer is disabled */
 124:.\Generated_Source\PSoC5/Timer_1_PM.c ****             Timer_1_backup.TimerEnableState = 0u;
  81              		.loc 1 124 0
  82 0014 0022     		movs	r2, #0
  83 0016 034B     		ldr	r3, .L7+4
  84 0018 1A70     		strb	r2, [r3]
  85              	.L5:
 125:.\Generated_Source\PSoC5/Timer_1_PM.c ****         }
 126:.\Generated_Source\PSoC5/Timer_1_PM.c ****     #endif /* Back up enable state from the Timer control register */
 127:.\Generated_Source\PSoC5/Timer_1_PM.c ****     Timer_1_Stop();
  86              		.loc 1 127 0
  87 001a FFF7FEFF 		bl	Timer_1_Stop
  88              	.LVL0:
  89 001e 08BD     		pop	{r3, pc}
  90              	.L8:
  91              		.align	2
  92              	.L7:
  93 0020 004F0040 		.word	1073762048
  94 0024 00000000 		.word	.LANCHOR0
  95              		.cfi_endproc
  96              	.LFE2:
  97              		.size	Timer_1_Sleep, .-Timer_1_Sleep
  98              		.section	.text.Timer_1_Wakeup,"ax",%progbits
  99              		.align	2
 100              		.global	Timer_1_Wakeup
 101              		.thumb
ARM GAS  C:\Users\User\AppData\Local\Temp\ccObyijO.s 			page 5


 102              		.thumb_func
 103              		.type	Timer_1_Wakeup, %function
 104              	Timer_1_Wakeup:
 105              	.LFB3:
 128:.\Generated_Source\PSoC5/Timer_1_PM.c ****     Timer_1_SaveConfig();
 129:.\Generated_Source\PSoC5/Timer_1_PM.c **** }
 130:.\Generated_Source\PSoC5/Timer_1_PM.c **** 
 131:.\Generated_Source\PSoC5/Timer_1_PM.c **** 
 132:.\Generated_Source\PSoC5/Timer_1_PM.c **** /*******************************************************************************
 133:.\Generated_Source\PSoC5/Timer_1_PM.c **** * Function Name: Timer_1_Wakeup
 134:.\Generated_Source\PSoC5/Timer_1_PM.c **** ********************************************************************************
 135:.\Generated_Source\PSoC5/Timer_1_PM.c **** *
 136:.\Generated_Source\PSoC5/Timer_1_PM.c **** * Summary:
 137:.\Generated_Source\PSoC5/Timer_1_PM.c **** *  Restores and enables the user configuration
 138:.\Generated_Source\PSoC5/Timer_1_PM.c **** *
 139:.\Generated_Source\PSoC5/Timer_1_PM.c **** * Parameters:
 140:.\Generated_Source\PSoC5/Timer_1_PM.c **** *  void
 141:.\Generated_Source\PSoC5/Timer_1_PM.c **** *
 142:.\Generated_Source\PSoC5/Timer_1_PM.c **** * Return:
 143:.\Generated_Source\PSoC5/Timer_1_PM.c **** *  void
 144:.\Generated_Source\PSoC5/Timer_1_PM.c **** *
 145:.\Generated_Source\PSoC5/Timer_1_PM.c **** * Global variables:
 146:.\Generated_Source\PSoC5/Timer_1_PM.c **** *  Timer_1_backup.enableState:  Is used to restore the enable state of
 147:.\Generated_Source\PSoC5/Timer_1_PM.c **** *  block on wakeup from sleep mode.
 148:.\Generated_Source\PSoC5/Timer_1_PM.c **** *
 149:.\Generated_Source\PSoC5/Timer_1_PM.c **** *******************************************************************************/
 150:.\Generated_Source\PSoC5/Timer_1_PM.c **** void Timer_1_Wakeup(void) 
 151:.\Generated_Source\PSoC5/Timer_1_PM.c **** {
 106              		.loc 1 151 0
 107              		.cfi_startproc
 108              		@ args = 0, pretend = 0, frame = 0
 109              		@ frame_needed = 0, uses_anonymous_args = 0
 110 0000 08B5     		push	{r3, lr}
 111              		.cfi_def_cfa_offset 8
 112              		.cfi_offset 3, -8
 113              		.cfi_offset 14, -4
 152:.\Generated_Source\PSoC5/Timer_1_PM.c ****     Timer_1_RestoreConfig();
 153:.\Generated_Source\PSoC5/Timer_1_PM.c ****     #if(!Timer_1_UDB_CONTROL_REG_REMOVED)
 154:.\Generated_Source\PSoC5/Timer_1_PM.c ****         if(Timer_1_backup.TimerEnableState == 1u)
 114              		.loc 1 154 0
 115 0002 034B     		ldr	r3, .L12
 116 0004 1B78     		ldrb	r3, [r3]	@ zero_extendqisi2
 117 0006 012B     		cmp	r3, #1
 118 0008 01D1     		bne	.L9
 155:.\Generated_Source\PSoC5/Timer_1_PM.c ****         {     /* Enable Timer's operation */
 156:.\Generated_Source\PSoC5/Timer_1_PM.c ****                 Timer_1_Enable();
 119              		.loc 1 156 0
 120 000a FFF7FEFF 		bl	Timer_1_Enable
 121              	.LVL1:
 122              	.L9:
 123 000e 08BD     		pop	{r3, pc}
 124              	.L13:
 125              		.align	2
 126              	.L12:
 127 0010 00000000 		.word	.LANCHOR0
 128              		.cfi_endproc
 129              	.LFE3:
ARM GAS  C:\Users\User\AppData\Local\Temp\ccObyijO.s 			page 6


 130              		.size	Timer_1_Wakeup, .-Timer_1_Wakeup
 131              		.bss
 132              		.align	2
 133              		.set	.LANCHOR0,. + 0
 134              		.type	Timer_1_backup, %object
 135              		.size	Timer_1_backup, 1
 136              	Timer_1_backup:
 137 0000 00       		.space	1
 138 0001 000000   		.text
 139              	.Letext0:
 140              		.file 2 ".\\Generated_Source\\PSoC5\\cytypes.h"
 141              		.file 3 ".\\Generated_Source\\PSoC5\\Timer_1.h"
 142              		.section	.debug_info,"",%progbits
 143              	.Ldebug_info0:
 144 0000 47010000 		.4byte	0x147
 145 0004 0400     		.2byte	0x4
 146 0006 00000000 		.4byte	.Ldebug_abbrev0
 147 000a 04       		.byte	0x4
 148 000b 01       		.uleb128 0x1
 149 000c 82000000 		.4byte	.LASF23
 150 0010 01       		.byte	0x1
 151 0011 AC010000 		.4byte	.LASF24
 152 0015 03020000 		.4byte	.LASF25
 153 0019 00000000 		.4byte	.Ldebug_ranges0+0
 154 001d 00000000 		.4byte	0
 155 0021 00000000 		.4byte	.Ldebug_line0
 156 0025 02       		.uleb128 0x2
 157 0026 01       		.byte	0x1
 158 0027 06       		.byte	0x6
 159 0028 92010000 		.4byte	.LASF0
 160 002c 02       		.uleb128 0x2
 161 002d 01       		.byte	0x1
 162 002e 08       		.byte	0x8
 163 002f 9E010000 		.4byte	.LASF1
 164 0033 02       		.uleb128 0x2
 165 0034 02       		.byte	0x2
 166 0035 05       		.byte	0x5
 167 0036 F4010000 		.4byte	.LASF2
 168 003a 02       		.uleb128 0x2
 169 003b 02       		.byte	0x2
 170 003c 07       		.byte	0x7
 171 003d 7F010000 		.4byte	.LASF3
 172 0041 02       		.uleb128 0x2
 173 0042 04       		.byte	0x4
 174 0043 05       		.byte	0x5
 175 0044 60010000 		.4byte	.LASF4
 176 0048 02       		.uleb128 0x2
 177 0049 04       		.byte	0x4
 178 004a 07       		.byte	0x7
 179 004b 53000000 		.4byte	.LASF5
 180 004f 02       		.uleb128 0x2
 181 0050 08       		.byte	0x8
 182 0051 05       		.byte	0x5
 183 0052 00000000 		.4byte	.LASF6
 184 0056 02       		.uleb128 0x2
 185 0057 08       		.byte	0x8
 186 0058 07       		.byte	0x7
ARM GAS  C:\Users\User\AppData\Local\Temp\ccObyijO.s 			page 7


 187 0059 65000000 		.4byte	.LASF7
 188 005d 03       		.uleb128 0x3
 189 005e 04       		.byte	0x4
 190 005f 05       		.byte	0x5
 191 0060 696E7400 		.ascii	"int\000"
 192 0064 02       		.uleb128 0x2
 193 0065 04       		.byte	0x4
 194 0066 07       		.byte	0x7
 195 0067 0E000000 		.4byte	.LASF8
 196 006b 04       		.uleb128 0x4
 197 006c 4D000000 		.4byte	.LASF12
 198 0070 02       		.byte	0x2
 199 0071 9201     		.2byte	0x192
 200 0073 2C000000 		.4byte	0x2c
 201 0077 02       		.uleb128 0x2
 202 0078 04       		.byte	0x4
 203 0079 04       		.byte	0x4
 204 007a 7C000000 		.4byte	.LASF9
 205 007e 02       		.uleb128 0x2
 206 007f 08       		.byte	0x8
 207 0080 04       		.byte	0x4
 208 0081 69010000 		.4byte	.LASF10
 209 0085 02       		.uleb128 0x2
 210 0086 01       		.byte	0x1
 211 0087 08       		.byte	0x8
 212 0088 5B010000 		.4byte	.LASF11
 213 008c 04       		.uleb128 0x4
 214 008d FE010000 		.4byte	.LASF13
 215 0091 02       		.byte	0x2
 216 0092 3C02     		.2byte	0x23c
 217 0094 98000000 		.4byte	0x98
 218 0098 05       		.uleb128 0x5
 219 0099 6B000000 		.4byte	0x6b
 220 009d 02       		.uleb128 0x2
 221 009e 08       		.byte	0x8
 222 009f 04       		.byte	0x4
 223 00a0 D2010000 		.4byte	.LASF14
 224 00a4 02       		.uleb128 0x2
 225 00a5 04       		.byte	0x4
 226 00a6 07       		.byte	0x7
 227 00a7 43020000 		.4byte	.LASF15
 228 00ab 06       		.uleb128 0x6
 229 00ac 01       		.byte	0x1
 230 00ad 03       		.byte	0x3
 231 00ae 43       		.byte	0x43
 232 00af C0000000 		.4byte	0xc0
 233 00b3 07       		.uleb128 0x7
 234 00b4 1B010000 		.4byte	.LASF26
 235 00b8 03       		.byte	0x3
 236 00b9 45       		.byte	0x45
 237 00ba 6B000000 		.4byte	0x6b
 238 00be 00       		.byte	0
 239 00bf 00       		.byte	0
 240 00c0 08       		.uleb128 0x8
 241 00c1 1B000000 		.4byte	.LASF16
 242 00c5 03       		.byte	0x3
 243 00c6 53       		.byte	0x53
ARM GAS  C:\Users\User\AppData\Local\Temp\ccObyijO.s 			page 8


 244 00c7 AB000000 		.4byte	0xab
 245 00cb 09       		.uleb128 0x9
 246 00cc 2C010000 		.4byte	.LASF17
 247 00d0 01       		.byte	0x1
 248 00d1 2B       		.byte	0x2b
 249 00d2 00000000 		.4byte	.LFB0
 250 00d6 02000000 		.4byte	.LFE0-.LFB0
 251 00da 01       		.uleb128 0x1
 252 00db 9C       		.byte	0x9c
 253 00dc 09       		.uleb128 0x9
 254 00dd DE010000 		.4byte	.LASF18
 255 00e1 01       		.byte	0x1
 256 00e2 4D       		.byte	0x4d
 257 00e3 00000000 		.4byte	.LFB1
 258 00e7 02000000 		.4byte	.LFE1-.LFB1
 259 00eb 01       		.uleb128 0x1
 260 00ec 9C       		.byte	0x9c
 261 00ed 0A       		.uleb128 0xa
 262 00ee 30000000 		.4byte	.LASF19
 263 00f2 01       		.byte	0x1
 264 00f3 70       		.byte	0x70
 265 00f4 00000000 		.4byte	.LFB2
 266 00f8 28000000 		.4byte	.LFE2-.LFB2
 267 00fc 01       		.uleb128 0x1
 268 00fd 9C       		.byte	0x9c
 269 00fe 0C010000 		.4byte	0x10c
 270 0102 0B       		.uleb128 0xb
 271 0103 1E000000 		.4byte	.LVL0
 272 0107 3C010000 		.4byte	0x13c
 273 010b 00       		.byte	0
 274 010c 0A       		.uleb128 0xa
 275 010d 3F010000 		.4byte	.LASF20
 276 0111 01       		.byte	0x1
 277 0112 96       		.byte	0x96
 278 0113 00000000 		.4byte	.LFB3
 279 0117 14000000 		.4byte	.LFE3-.LFB3
 280 011b 01       		.uleb128 0x1
 281 011c 9C       		.byte	0x9c
 282 011d 2B010000 		.4byte	0x12b
 283 0121 0B       		.uleb128 0xb
 284 0122 0E000000 		.4byte	.LVL1
 285 0126 43010000 		.4byte	0x143
 286 012a 00       		.byte	0
 287 012b 0C       		.uleb128 0xc
 288 012c 3E000000 		.4byte	.LASF27
 289 0130 01       		.byte	0x1
 290 0131 15       		.byte	0x15
 291 0132 C0000000 		.4byte	0xc0
 292 0136 05       		.uleb128 0x5
 293 0137 03       		.byte	0x3
 294 0138 00000000 		.4byte	Timer_1_backup
 295 013c 0D       		.uleb128 0xd
 296 013d 4E010000 		.4byte	.LASF21
 297 0141 03       		.byte	0x3
 298 0142 5B       		.byte	0x5b
 299 0143 0D       		.uleb128 0xd
 300 0144 70010000 		.4byte	.LASF22
ARM GAS  C:\Users\User\AppData\Local\Temp\ccObyijO.s 			page 9


 301 0148 03       		.byte	0x3
 302 0149 8B       		.byte	0x8b
 303 014a 00       		.byte	0
 304              		.section	.debug_abbrev,"",%progbits
 305              	.Ldebug_abbrev0:
 306 0000 01       		.uleb128 0x1
 307 0001 11       		.uleb128 0x11
 308 0002 01       		.byte	0x1
 309 0003 25       		.uleb128 0x25
 310 0004 0E       		.uleb128 0xe
 311 0005 13       		.uleb128 0x13
 312 0006 0B       		.uleb128 0xb
 313 0007 03       		.uleb128 0x3
 314 0008 0E       		.uleb128 0xe
 315 0009 1B       		.uleb128 0x1b
 316 000a 0E       		.uleb128 0xe
 317 000b 55       		.uleb128 0x55
 318 000c 17       		.uleb128 0x17
 319 000d 11       		.uleb128 0x11
 320 000e 01       		.uleb128 0x1
 321 000f 10       		.uleb128 0x10
 322 0010 17       		.uleb128 0x17
 323 0011 00       		.byte	0
 324 0012 00       		.byte	0
 325 0013 02       		.uleb128 0x2
 326 0014 24       		.uleb128 0x24
 327 0015 00       		.byte	0
 328 0016 0B       		.uleb128 0xb
 329 0017 0B       		.uleb128 0xb
 330 0018 3E       		.uleb128 0x3e
 331 0019 0B       		.uleb128 0xb
 332 001a 03       		.uleb128 0x3
 333 001b 0E       		.uleb128 0xe
 334 001c 00       		.byte	0
 335 001d 00       		.byte	0
 336 001e 03       		.uleb128 0x3
 337 001f 24       		.uleb128 0x24
 338 0020 00       		.byte	0
 339 0021 0B       		.uleb128 0xb
 340 0022 0B       		.uleb128 0xb
 341 0023 3E       		.uleb128 0x3e
 342 0024 0B       		.uleb128 0xb
 343 0025 03       		.uleb128 0x3
 344 0026 08       		.uleb128 0x8
 345 0027 00       		.byte	0
 346 0028 00       		.byte	0
 347 0029 04       		.uleb128 0x4
 348 002a 16       		.uleb128 0x16
 349 002b 00       		.byte	0
 350 002c 03       		.uleb128 0x3
 351 002d 0E       		.uleb128 0xe
 352 002e 3A       		.uleb128 0x3a
 353 002f 0B       		.uleb128 0xb
 354 0030 3B       		.uleb128 0x3b
 355 0031 05       		.uleb128 0x5
 356 0032 49       		.uleb128 0x49
 357 0033 13       		.uleb128 0x13
ARM GAS  C:\Users\User\AppData\Local\Temp\ccObyijO.s 			page 10


 358 0034 00       		.byte	0
 359 0035 00       		.byte	0
 360 0036 05       		.uleb128 0x5
 361 0037 35       		.uleb128 0x35
 362 0038 00       		.byte	0
 363 0039 49       		.uleb128 0x49
 364 003a 13       		.uleb128 0x13
 365 003b 00       		.byte	0
 366 003c 00       		.byte	0
 367 003d 06       		.uleb128 0x6
 368 003e 13       		.uleb128 0x13
 369 003f 01       		.byte	0x1
 370 0040 0B       		.uleb128 0xb
 371 0041 0B       		.uleb128 0xb
 372 0042 3A       		.uleb128 0x3a
 373 0043 0B       		.uleb128 0xb
 374 0044 3B       		.uleb128 0x3b
 375 0045 0B       		.uleb128 0xb
 376 0046 01       		.uleb128 0x1
 377 0047 13       		.uleb128 0x13
 378 0048 00       		.byte	0
 379 0049 00       		.byte	0
 380 004a 07       		.uleb128 0x7
 381 004b 0D       		.uleb128 0xd
 382 004c 00       		.byte	0
 383 004d 03       		.uleb128 0x3
 384 004e 0E       		.uleb128 0xe
 385 004f 3A       		.uleb128 0x3a
 386 0050 0B       		.uleb128 0xb
 387 0051 3B       		.uleb128 0x3b
 388 0052 0B       		.uleb128 0xb
 389 0053 49       		.uleb128 0x49
 390 0054 13       		.uleb128 0x13
 391 0055 38       		.uleb128 0x38
 392 0056 0B       		.uleb128 0xb
 393 0057 00       		.byte	0
 394 0058 00       		.byte	0
 395 0059 08       		.uleb128 0x8
 396 005a 16       		.uleb128 0x16
 397 005b 00       		.byte	0
 398 005c 03       		.uleb128 0x3
 399 005d 0E       		.uleb128 0xe
 400 005e 3A       		.uleb128 0x3a
 401 005f 0B       		.uleb128 0xb
 402 0060 3B       		.uleb128 0x3b
 403 0061 0B       		.uleb128 0xb
 404 0062 49       		.uleb128 0x49
 405 0063 13       		.uleb128 0x13
 406 0064 00       		.byte	0
 407 0065 00       		.byte	0
 408 0066 09       		.uleb128 0x9
 409 0067 2E       		.uleb128 0x2e
 410 0068 00       		.byte	0
 411 0069 3F       		.uleb128 0x3f
 412 006a 19       		.uleb128 0x19
 413 006b 03       		.uleb128 0x3
 414 006c 0E       		.uleb128 0xe
ARM GAS  C:\Users\User\AppData\Local\Temp\ccObyijO.s 			page 11


 415 006d 3A       		.uleb128 0x3a
 416 006e 0B       		.uleb128 0xb
 417 006f 3B       		.uleb128 0x3b
 418 0070 0B       		.uleb128 0xb
 419 0071 27       		.uleb128 0x27
 420 0072 19       		.uleb128 0x19
 421 0073 11       		.uleb128 0x11
 422 0074 01       		.uleb128 0x1
 423 0075 12       		.uleb128 0x12
 424 0076 06       		.uleb128 0x6
 425 0077 40       		.uleb128 0x40
 426 0078 18       		.uleb128 0x18
 427 0079 9742     		.uleb128 0x2117
 428 007b 19       		.uleb128 0x19
 429 007c 00       		.byte	0
 430 007d 00       		.byte	0
 431 007e 0A       		.uleb128 0xa
 432 007f 2E       		.uleb128 0x2e
 433 0080 01       		.byte	0x1
 434 0081 3F       		.uleb128 0x3f
 435 0082 19       		.uleb128 0x19
 436 0083 03       		.uleb128 0x3
 437 0084 0E       		.uleb128 0xe
 438 0085 3A       		.uleb128 0x3a
 439 0086 0B       		.uleb128 0xb
 440 0087 3B       		.uleb128 0x3b
 441 0088 0B       		.uleb128 0xb
 442 0089 27       		.uleb128 0x27
 443 008a 19       		.uleb128 0x19
 444 008b 11       		.uleb128 0x11
 445 008c 01       		.uleb128 0x1
 446 008d 12       		.uleb128 0x12
 447 008e 06       		.uleb128 0x6
 448 008f 40       		.uleb128 0x40
 449 0090 18       		.uleb128 0x18
 450 0091 9742     		.uleb128 0x2117
 451 0093 19       		.uleb128 0x19
 452 0094 01       		.uleb128 0x1
 453 0095 13       		.uleb128 0x13
 454 0096 00       		.byte	0
 455 0097 00       		.byte	0
 456 0098 0B       		.uleb128 0xb
 457 0099 898201   		.uleb128 0x4109
 458 009c 00       		.byte	0
 459 009d 11       		.uleb128 0x11
 460 009e 01       		.uleb128 0x1
 461 009f 31       		.uleb128 0x31
 462 00a0 13       		.uleb128 0x13
 463 00a1 00       		.byte	0
 464 00a2 00       		.byte	0
 465 00a3 0C       		.uleb128 0xc
 466 00a4 34       		.uleb128 0x34
 467 00a5 00       		.byte	0
 468 00a6 03       		.uleb128 0x3
 469 00a7 0E       		.uleb128 0xe
 470 00a8 3A       		.uleb128 0x3a
 471 00a9 0B       		.uleb128 0xb
ARM GAS  C:\Users\User\AppData\Local\Temp\ccObyijO.s 			page 12


 472 00aa 3B       		.uleb128 0x3b
 473 00ab 0B       		.uleb128 0xb
 474 00ac 49       		.uleb128 0x49
 475 00ad 13       		.uleb128 0x13
 476 00ae 02       		.uleb128 0x2
 477 00af 18       		.uleb128 0x18
 478 00b0 00       		.byte	0
 479 00b1 00       		.byte	0
 480 00b2 0D       		.uleb128 0xd
 481 00b3 2E       		.uleb128 0x2e
 482 00b4 00       		.byte	0
 483 00b5 3F       		.uleb128 0x3f
 484 00b6 19       		.uleb128 0x19
 485 00b7 03       		.uleb128 0x3
 486 00b8 0E       		.uleb128 0xe
 487 00b9 3A       		.uleb128 0x3a
 488 00ba 0B       		.uleb128 0xb
 489 00bb 3B       		.uleb128 0x3b
 490 00bc 0B       		.uleb128 0xb
 491 00bd 27       		.uleb128 0x27
 492 00be 19       		.uleb128 0x19
 493 00bf 3C       		.uleb128 0x3c
 494 00c0 19       		.uleb128 0x19
 495 00c1 00       		.byte	0
 496 00c2 00       		.byte	0
 497 00c3 00       		.byte	0
 498              		.section	.debug_aranges,"",%progbits
 499 0000 34000000 		.4byte	0x34
 500 0004 0200     		.2byte	0x2
 501 0006 00000000 		.4byte	.Ldebug_info0
 502 000a 04       		.byte	0x4
 503 000b 00       		.byte	0
 504 000c 0000     		.2byte	0
 505 000e 0000     		.2byte	0
 506 0010 00000000 		.4byte	.LFB0
 507 0014 02000000 		.4byte	.LFE0-.LFB0
 508 0018 00000000 		.4byte	.LFB1
 509 001c 02000000 		.4byte	.LFE1-.LFB1
 510 0020 00000000 		.4byte	.LFB2
 511 0024 28000000 		.4byte	.LFE2-.LFB2
 512 0028 00000000 		.4byte	.LFB3
 513 002c 14000000 		.4byte	.LFE3-.LFB3
 514 0030 00000000 		.4byte	0
 515 0034 00000000 		.4byte	0
 516              		.section	.debug_ranges,"",%progbits
 517              	.Ldebug_ranges0:
 518 0000 00000000 		.4byte	.LFB0
 519 0004 02000000 		.4byte	.LFE0
 520 0008 00000000 		.4byte	.LFB1
 521 000c 02000000 		.4byte	.LFE1
 522 0010 00000000 		.4byte	.LFB2
 523 0014 28000000 		.4byte	.LFE2
 524 0018 00000000 		.4byte	.LFB3
 525 001c 14000000 		.4byte	.LFE3
 526 0020 00000000 		.4byte	0
 527 0024 00000000 		.4byte	0
 528              		.section	.debug_line,"",%progbits
ARM GAS  C:\Users\User\AppData\Local\Temp\ccObyijO.s 			page 13


 529              	.Ldebug_line0:
 530 0000 A2000000 		.section	.debug_str,"MS",%progbits,1
 530      02005600 
 530      00000201 
 530      FB0E0D00 
 530      01010101 
 531              	.LASF6:
 532 0000 6C6F6E67 		.ascii	"long long int\000"
 532      206C6F6E 
 532      6720696E 
 532      7400
 533              	.LASF8:
 534 000e 756E7369 		.ascii	"unsigned int\000"
 534      676E6564 
 534      20696E74 
 534      00
 535              	.LASF16:
 536 001b 54696D65 		.ascii	"Timer_1_backupStruct\000"
 536      725F315F 
 536      6261636B 
 536      75705374 
 536      72756374 
 537              	.LASF19:
 538 0030 54696D65 		.ascii	"Timer_1_Sleep\000"
 538      725F315F 
 538      536C6565 
 538      7000
 539              	.LASF27:
 540 003e 54696D65 		.ascii	"Timer_1_backup\000"
 540      725F315F 
 540      6261636B 
 540      757000
 541              	.LASF12:
 542 004d 75696E74 		.ascii	"uint8\000"
 542      3800
 543              	.LASF5:
 544 0053 6C6F6E67 		.ascii	"long unsigned int\000"
 544      20756E73 
 544      69676E65 
 544      6420696E 
 544      7400
 545              	.LASF7:
 546 0065 6C6F6E67 		.ascii	"long long unsigned int\000"
 546      206C6F6E 
 546      6720756E 
 546      7369676E 
 546      65642069 
 547              	.LASF9:
 548 007c 666C6F61 		.ascii	"float\000"
 548      7400
 549              	.LASF23:
 550 0082 474E5520 		.ascii	"GNU C 4.9.3 20150303 (release) [ARM/embedded-4_9-br"
 550      4320342E 
 550      392E3320 
 550      32303135 
 550      30333033 
 551 00b5 616E6368 		.ascii	"anch revision 221220] -mcpu=cortex-m3 -mthumb -g -O"
ARM GAS  C:\Users\User\AppData\Local\Temp\ccObyijO.s 			page 14


 551      20726576 
 551      6973696F 
 551      6E203232 
 551      31323230 
 552 00e8 67202D73 		.ascii	"g -std=gnu11 -ffunction-sections -ffat-lto-objects\000"
 552      74643D67 
 552      6E753131 
 552      202D6666 
 552      756E6374 
 553              	.LASF26:
 554 011b 54696D65 		.ascii	"TimerEnableState\000"
 554      72456E61 
 554      626C6553 
 554      74617465 
 554      00
 555              	.LASF17:
 556 012c 54696D65 		.ascii	"Timer_1_SaveConfig\000"
 556      725F315F 
 556      53617665 
 556      436F6E66 
 556      696700
 557              	.LASF20:
 558 013f 54696D65 		.ascii	"Timer_1_Wakeup\000"
 558      725F315F 
 558      57616B65 
 558      757000
 559              	.LASF21:
 560 014e 54696D65 		.ascii	"Timer_1_Stop\000"
 560      725F315F 
 560      53746F70 
 560      00
 561              	.LASF11:
 562 015b 63686172 		.ascii	"char\000"
 562      00
 563              	.LASF4:
 564 0160 6C6F6E67 		.ascii	"long int\000"
 564      20696E74 
 564      00
 565              	.LASF10:
 566 0169 646F7562 		.ascii	"double\000"
 566      6C6500
 567              	.LASF22:
 568 0170 54696D65 		.ascii	"Timer_1_Enable\000"
 568      725F315F 
 568      456E6162 
 568      6C6500
 569              	.LASF3:
 570 017f 73686F72 		.ascii	"short unsigned int\000"
 570      7420756E 
 570      7369676E 
 570      65642069 
 570      6E7400
 571              	.LASF0:
 572 0192 7369676E 		.ascii	"signed char\000"
 572      65642063 
 572      68617200 
 573              	.LASF1:
ARM GAS  C:\Users\User\AppData\Local\Temp\ccObyijO.s 			page 15


 574 019e 756E7369 		.ascii	"unsigned char\000"
 574      676E6564 
 574      20636861 
 574      7200
 575              	.LASF24:
 576 01ac 2E5C4765 		.ascii	".\\Generated_Source\\PSoC5\\Timer_1_PM.c\000"
 576      6E657261 
 576      7465645F 
 576      536F7572 
 576      63655C50 
 577              	.LASF14:
 578 01d2 6C6F6E67 		.ascii	"long double\000"
 578      20646F75 
 578      626C6500 
 579              	.LASF18:
 580 01de 54696D65 		.ascii	"Timer_1_RestoreConfig\000"
 580      725F315F 
 580      52657374 
 580      6F726543 
 580      6F6E6669 
 581              	.LASF2:
 582 01f4 73686F72 		.ascii	"short int\000"
 582      7420696E 
 582      7400
 583              	.LASF13:
 584 01fe 72656738 		.ascii	"reg8\000"
 584      00
 585              	.LASF25:
 586 0203 433A5C55 		.ascii	"C:\\Users\\User\\Documents\\MIT 6.115\\finalproject"
 586      73657273 
 586      5C557365 
 586      725C446F 
 586      63756D65 
 587 0231 5C477569 		.ascii	"\\GuitarHero.cydsn\000"
 587      74617248 
 587      65726F2E 
 587      63796473 
 587      6E00
 588              	.LASF15:
 589 0243 73697A65 		.ascii	"sizetype\000"
 589      74797065 
 589      00
 590              		.ident	"GCC: (GNU Tools for ARM Embedded Processors) 4.9.3 20150303 (release) [ARM/embedded-4_9-br
