ARM GAS  C:\Users\User\AppData\Local\Temp\ccYAunwC.s 			page 1


   1              		.syntax unified
   2              		.cpu cortex-m3
   3              		.fpu softvfp
   4              		.eabi_attribute 20, 1
   5              		.eabi_attribute 21, 1
   6              		.eabi_attribute 23, 3
   7              		.eabi_attribute 24, 1
   8              		.eabi_attribute 25, 1
   9              		.eabi_attribute 26, 1
  10              		.eabi_attribute 30, 1
  11              		.eabi_attribute 34, 1
  12              		.eabi_attribute 18, 4
  13              		.thumb
  14              		.file	"update_isr.c"
  15              		.text
  16              	.Ltext0:
  17              		.cfi_sections	.debug_frame
  18              		.section	.text.update_isr_Interrupt,"ax",%progbits
  19              		.align	2
  20              		.global	update_isr_Interrupt
  21              		.thumb
  22              		.thumb_func
  23              		.type	update_isr_Interrupt, %function
  24              	update_isr_Interrupt:
  25              	.LFB3:
  26              		.file 1 ".\\Generated_Source\\PSoC5\\update_isr.c"
   1:.\Generated_Source\PSoC5/update_isr.c **** /*******************************************************************************
   2:.\Generated_Source\PSoC5/update_isr.c **** * File Name: update_isr.c  
   3:.\Generated_Source\PSoC5/update_isr.c **** * Version 1.70
   4:.\Generated_Source\PSoC5/update_isr.c **** *
   5:.\Generated_Source\PSoC5/update_isr.c **** *  Description:
   6:.\Generated_Source\PSoC5/update_isr.c **** *   API for controlling the state of an interrupt.
   7:.\Generated_Source\PSoC5/update_isr.c **** *
   8:.\Generated_Source\PSoC5/update_isr.c **** *
   9:.\Generated_Source\PSoC5/update_isr.c **** *  Note:
  10:.\Generated_Source\PSoC5/update_isr.c **** *
  11:.\Generated_Source\PSoC5/update_isr.c **** ********************************************************************************
  12:.\Generated_Source\PSoC5/update_isr.c **** * Copyright 2008-2015, Cypress Semiconductor Corporation.  All rights reserved.
  13:.\Generated_Source\PSoC5/update_isr.c **** * You may use this file only in accordance with the license, terms, conditions, 
  14:.\Generated_Source\PSoC5/update_isr.c **** * disclaimers, and limitations in the end user license agreement accompanying 
  15:.\Generated_Source\PSoC5/update_isr.c **** * the software package with which this file was provided.
  16:.\Generated_Source\PSoC5/update_isr.c **** *******************************************************************************/
  17:.\Generated_Source\PSoC5/update_isr.c **** 
  18:.\Generated_Source\PSoC5/update_isr.c **** 
  19:.\Generated_Source\PSoC5/update_isr.c **** #include <cydevice_trm.h>
  20:.\Generated_Source\PSoC5/update_isr.c **** #include <CyLib.h>
  21:.\Generated_Source\PSoC5/update_isr.c **** #include <update_isr.h>
  22:.\Generated_Source\PSoC5/update_isr.c **** #include "cyapicallbacks.h"
  23:.\Generated_Source\PSoC5/update_isr.c **** 
  24:.\Generated_Source\PSoC5/update_isr.c **** #if !defined(update_isr__REMOVED) /* Check for removal by optimization */
  25:.\Generated_Source\PSoC5/update_isr.c **** 
  26:.\Generated_Source\PSoC5/update_isr.c **** /*******************************************************************************
  27:.\Generated_Source\PSoC5/update_isr.c **** *  Place your includes, defines and code here 
  28:.\Generated_Source\PSoC5/update_isr.c **** ********************************************************************************/
  29:.\Generated_Source\PSoC5/update_isr.c **** /* `#START update_isr_intc` */
  30:.\Generated_Source\PSoC5/update_isr.c **** 
  31:.\Generated_Source\PSoC5/update_isr.c **** /* `#END` */
ARM GAS  C:\Users\User\AppData\Local\Temp\ccYAunwC.s 			page 2


  32:.\Generated_Source\PSoC5/update_isr.c **** 
  33:.\Generated_Source\PSoC5/update_isr.c **** #ifndef CYINT_IRQ_BASE
  34:.\Generated_Source\PSoC5/update_isr.c **** #define CYINT_IRQ_BASE      16
  35:.\Generated_Source\PSoC5/update_isr.c **** #endif /* CYINT_IRQ_BASE */
  36:.\Generated_Source\PSoC5/update_isr.c **** #ifndef CYINT_VECT_TABLE
  37:.\Generated_Source\PSoC5/update_isr.c **** #define CYINT_VECT_TABLE    ((cyisraddress **) CYREG_NVIC_VECT_OFFSET)
  38:.\Generated_Source\PSoC5/update_isr.c **** #endif /* CYINT_VECT_TABLE */
  39:.\Generated_Source\PSoC5/update_isr.c **** 
  40:.\Generated_Source\PSoC5/update_isr.c **** /* Declared in startup, used to set unused interrupts to. */
  41:.\Generated_Source\PSoC5/update_isr.c **** CY_ISR_PROTO(IntDefaultHandler);
  42:.\Generated_Source\PSoC5/update_isr.c **** 
  43:.\Generated_Source\PSoC5/update_isr.c **** 
  44:.\Generated_Source\PSoC5/update_isr.c **** /*******************************************************************************
  45:.\Generated_Source\PSoC5/update_isr.c **** * Function Name: update_isr_Start
  46:.\Generated_Source\PSoC5/update_isr.c **** ********************************************************************************
  47:.\Generated_Source\PSoC5/update_isr.c **** *
  48:.\Generated_Source\PSoC5/update_isr.c **** * Summary:
  49:.\Generated_Source\PSoC5/update_isr.c **** *  Set up the interrupt and enable it. This function disables the interrupt, 
  50:.\Generated_Source\PSoC5/update_isr.c **** *  sets the default interrupt vector, sets the priority from the value in the
  51:.\Generated_Source\PSoC5/update_isr.c **** *  Design Wide Resources Interrupt Editor, then enables the interrupt to the 
  52:.\Generated_Source\PSoC5/update_isr.c **** *  interrupt controller.
  53:.\Generated_Source\PSoC5/update_isr.c **** *
  54:.\Generated_Source\PSoC5/update_isr.c **** * Parameters:  
  55:.\Generated_Source\PSoC5/update_isr.c **** *   None
  56:.\Generated_Source\PSoC5/update_isr.c **** *
  57:.\Generated_Source\PSoC5/update_isr.c **** * Return:
  58:.\Generated_Source\PSoC5/update_isr.c **** *   None
  59:.\Generated_Source\PSoC5/update_isr.c **** *
  60:.\Generated_Source\PSoC5/update_isr.c **** *******************************************************************************/
  61:.\Generated_Source\PSoC5/update_isr.c **** void update_isr_Start(void)
  62:.\Generated_Source\PSoC5/update_isr.c **** {
  63:.\Generated_Source\PSoC5/update_isr.c ****     /* For all we know the interrupt is active. */
  64:.\Generated_Source\PSoC5/update_isr.c ****     update_isr_Disable();
  65:.\Generated_Source\PSoC5/update_isr.c **** 
  66:.\Generated_Source\PSoC5/update_isr.c ****     /* Set the ISR to point to the update_isr Interrupt. */
  67:.\Generated_Source\PSoC5/update_isr.c ****     update_isr_SetVector(&update_isr_Interrupt);
  68:.\Generated_Source\PSoC5/update_isr.c **** 
  69:.\Generated_Source\PSoC5/update_isr.c ****     /* Set the priority. */
  70:.\Generated_Source\PSoC5/update_isr.c ****     update_isr_SetPriority((uint8)update_isr_INTC_PRIOR_NUMBER);
  71:.\Generated_Source\PSoC5/update_isr.c **** 
  72:.\Generated_Source\PSoC5/update_isr.c ****     /* Enable it. */
  73:.\Generated_Source\PSoC5/update_isr.c ****     update_isr_Enable();
  74:.\Generated_Source\PSoC5/update_isr.c **** }
  75:.\Generated_Source\PSoC5/update_isr.c **** 
  76:.\Generated_Source\PSoC5/update_isr.c **** 
  77:.\Generated_Source\PSoC5/update_isr.c **** /*******************************************************************************
  78:.\Generated_Source\PSoC5/update_isr.c **** * Function Name: update_isr_StartEx
  79:.\Generated_Source\PSoC5/update_isr.c **** ********************************************************************************
  80:.\Generated_Source\PSoC5/update_isr.c **** *
  81:.\Generated_Source\PSoC5/update_isr.c **** * Summary:
  82:.\Generated_Source\PSoC5/update_isr.c **** *  Sets up the interrupt and enables it. This function disables the interrupt,
  83:.\Generated_Source\PSoC5/update_isr.c **** *  sets the interrupt vector based on the address passed in, sets the priority 
  84:.\Generated_Source\PSoC5/update_isr.c **** *  from the value in the Design Wide Resources Interrupt Editor, then enables 
  85:.\Generated_Source\PSoC5/update_isr.c **** *  the interrupt to the interrupt controller.
  86:.\Generated_Source\PSoC5/update_isr.c **** *  
  87:.\Generated_Source\PSoC5/update_isr.c **** *  When defining ISR functions, the CY_ISR and CY_ISR_PROTO macros should be 
  88:.\Generated_Source\PSoC5/update_isr.c **** *  used to provide consistent definition across compilers:
ARM GAS  C:\Users\User\AppData\Local\Temp\ccYAunwC.s 			page 3


  89:.\Generated_Source\PSoC5/update_isr.c **** *  
  90:.\Generated_Source\PSoC5/update_isr.c **** *  Function definition example:
  91:.\Generated_Source\PSoC5/update_isr.c **** *   CY_ISR(MyISR)
  92:.\Generated_Source\PSoC5/update_isr.c **** *   {
  93:.\Generated_Source\PSoC5/update_isr.c **** *   }
  94:.\Generated_Source\PSoC5/update_isr.c **** *   Function prototype example:
  95:.\Generated_Source\PSoC5/update_isr.c **** *   CY_ISR_PROTO(MyISR);
  96:.\Generated_Source\PSoC5/update_isr.c **** *
  97:.\Generated_Source\PSoC5/update_isr.c **** * Parameters:  
  98:.\Generated_Source\PSoC5/update_isr.c **** *   address: Address of the ISR to set in the interrupt vector table.
  99:.\Generated_Source\PSoC5/update_isr.c **** *
 100:.\Generated_Source\PSoC5/update_isr.c **** * Return:
 101:.\Generated_Source\PSoC5/update_isr.c **** *   None
 102:.\Generated_Source\PSoC5/update_isr.c **** *
 103:.\Generated_Source\PSoC5/update_isr.c **** *******************************************************************************/
 104:.\Generated_Source\PSoC5/update_isr.c **** void update_isr_StartEx(cyisraddress address)
 105:.\Generated_Source\PSoC5/update_isr.c **** {
 106:.\Generated_Source\PSoC5/update_isr.c ****     /* For all we know the interrupt is active. */
 107:.\Generated_Source\PSoC5/update_isr.c ****     update_isr_Disable();
 108:.\Generated_Source\PSoC5/update_isr.c **** 
 109:.\Generated_Source\PSoC5/update_isr.c ****     /* Set the ISR to point to the update_isr Interrupt. */
 110:.\Generated_Source\PSoC5/update_isr.c ****     update_isr_SetVector(address);
 111:.\Generated_Source\PSoC5/update_isr.c **** 
 112:.\Generated_Source\PSoC5/update_isr.c ****     /* Set the priority. */
 113:.\Generated_Source\PSoC5/update_isr.c ****     update_isr_SetPriority((uint8)update_isr_INTC_PRIOR_NUMBER);
 114:.\Generated_Source\PSoC5/update_isr.c **** 
 115:.\Generated_Source\PSoC5/update_isr.c ****     /* Enable it. */
 116:.\Generated_Source\PSoC5/update_isr.c ****     update_isr_Enable();
 117:.\Generated_Source\PSoC5/update_isr.c **** }
 118:.\Generated_Source\PSoC5/update_isr.c **** 
 119:.\Generated_Source\PSoC5/update_isr.c **** 
 120:.\Generated_Source\PSoC5/update_isr.c **** /*******************************************************************************
 121:.\Generated_Source\PSoC5/update_isr.c **** * Function Name: update_isr_Stop
 122:.\Generated_Source\PSoC5/update_isr.c **** ********************************************************************************
 123:.\Generated_Source\PSoC5/update_isr.c **** *
 124:.\Generated_Source\PSoC5/update_isr.c **** * Summary:
 125:.\Generated_Source\PSoC5/update_isr.c **** *   Disables and removes the interrupt.
 126:.\Generated_Source\PSoC5/update_isr.c **** *
 127:.\Generated_Source\PSoC5/update_isr.c **** * Parameters:  
 128:.\Generated_Source\PSoC5/update_isr.c **** *   None
 129:.\Generated_Source\PSoC5/update_isr.c **** *
 130:.\Generated_Source\PSoC5/update_isr.c **** * Return:
 131:.\Generated_Source\PSoC5/update_isr.c **** *   None
 132:.\Generated_Source\PSoC5/update_isr.c **** *
 133:.\Generated_Source\PSoC5/update_isr.c **** *******************************************************************************/
 134:.\Generated_Source\PSoC5/update_isr.c **** void update_isr_Stop(void)
 135:.\Generated_Source\PSoC5/update_isr.c **** {
 136:.\Generated_Source\PSoC5/update_isr.c ****     /* Disable this interrupt. */
 137:.\Generated_Source\PSoC5/update_isr.c ****     update_isr_Disable();
 138:.\Generated_Source\PSoC5/update_isr.c **** 
 139:.\Generated_Source\PSoC5/update_isr.c ****     /* Set the ISR to point to the passive one. */
 140:.\Generated_Source\PSoC5/update_isr.c ****     update_isr_SetVector(&IntDefaultHandler);
 141:.\Generated_Source\PSoC5/update_isr.c **** }
 142:.\Generated_Source\PSoC5/update_isr.c **** 
 143:.\Generated_Source\PSoC5/update_isr.c **** 
 144:.\Generated_Source\PSoC5/update_isr.c **** /*******************************************************************************
 145:.\Generated_Source\PSoC5/update_isr.c **** * Function Name: update_isr_Interrupt
ARM GAS  C:\Users\User\AppData\Local\Temp\ccYAunwC.s 			page 4


 146:.\Generated_Source\PSoC5/update_isr.c **** ********************************************************************************
 147:.\Generated_Source\PSoC5/update_isr.c **** *
 148:.\Generated_Source\PSoC5/update_isr.c **** * Summary:
 149:.\Generated_Source\PSoC5/update_isr.c **** *   The default Interrupt Service Routine for update_isr.
 150:.\Generated_Source\PSoC5/update_isr.c **** *
 151:.\Generated_Source\PSoC5/update_isr.c **** *   Add custom code between the coments to keep the next version of this file
 152:.\Generated_Source\PSoC5/update_isr.c **** *   from over writting your code.
 153:.\Generated_Source\PSoC5/update_isr.c **** *
 154:.\Generated_Source\PSoC5/update_isr.c **** * Parameters:  
 155:.\Generated_Source\PSoC5/update_isr.c **** *
 156:.\Generated_Source\PSoC5/update_isr.c **** * Return:
 157:.\Generated_Source\PSoC5/update_isr.c **** *   None
 158:.\Generated_Source\PSoC5/update_isr.c **** *
 159:.\Generated_Source\PSoC5/update_isr.c **** *******************************************************************************/
 160:.\Generated_Source\PSoC5/update_isr.c **** CY_ISR(update_isr_Interrupt)
 161:.\Generated_Source\PSoC5/update_isr.c **** {
  27              		.loc 1 161 0
  28              		.cfi_startproc
  29              		@ args = 0, pretend = 0, frame = 0
  30              		@ frame_needed = 0, uses_anonymous_args = 0
  31              		@ link register save eliminated.
  32 0000 7047     		bx	lr
  33              		.cfi_endproc
  34              	.LFE3:
  35              		.size	update_isr_Interrupt, .-update_isr_Interrupt
  36 0002 00BF     		.section	.text.update_isr_SetVector,"ax",%progbits
  37              		.align	2
  38              		.global	update_isr_SetVector
  39              		.thumb
  40              		.thumb_func
  41              		.type	update_isr_SetVector, %function
  42              	update_isr_SetVector:
  43              	.LFB4:
 162:.\Generated_Source\PSoC5/update_isr.c ****     #ifdef update_isr_INTERRUPT_INTERRUPT_CALLBACK
 163:.\Generated_Source\PSoC5/update_isr.c ****         update_isr_Interrupt_InterruptCallback();
 164:.\Generated_Source\PSoC5/update_isr.c ****     #endif /* update_isr_INTERRUPT_INTERRUPT_CALLBACK */ 
 165:.\Generated_Source\PSoC5/update_isr.c **** 
 166:.\Generated_Source\PSoC5/update_isr.c ****     /*  Place your Interrupt code here. */
 167:.\Generated_Source\PSoC5/update_isr.c ****     /* `#START update_isr_Interrupt` */
 168:.\Generated_Source\PSoC5/update_isr.c **** 
 169:.\Generated_Source\PSoC5/update_isr.c ****     /* `#END` */
 170:.\Generated_Source\PSoC5/update_isr.c **** }
 171:.\Generated_Source\PSoC5/update_isr.c **** 
 172:.\Generated_Source\PSoC5/update_isr.c **** 
 173:.\Generated_Source\PSoC5/update_isr.c **** /*******************************************************************************
 174:.\Generated_Source\PSoC5/update_isr.c **** * Function Name: update_isr_SetVector
 175:.\Generated_Source\PSoC5/update_isr.c **** ********************************************************************************
 176:.\Generated_Source\PSoC5/update_isr.c **** *
 177:.\Generated_Source\PSoC5/update_isr.c **** * Summary:
 178:.\Generated_Source\PSoC5/update_isr.c **** *   Change the ISR vector for the Interrupt. Note calling update_isr_Start
 179:.\Generated_Source\PSoC5/update_isr.c **** *   will override any effect this method would have had. To set the vector 
 180:.\Generated_Source\PSoC5/update_isr.c **** *   before the component has been started use update_isr_StartEx instead.
 181:.\Generated_Source\PSoC5/update_isr.c **** * 
 182:.\Generated_Source\PSoC5/update_isr.c **** *   When defining ISR functions, the CY_ISR and CY_ISR_PROTO macros should be 
 183:.\Generated_Source\PSoC5/update_isr.c **** *   used to provide consistent definition across compilers:
 184:.\Generated_Source\PSoC5/update_isr.c **** *
 185:.\Generated_Source\PSoC5/update_isr.c **** *   Function definition example:
ARM GAS  C:\Users\User\AppData\Local\Temp\ccYAunwC.s 			page 5


 186:.\Generated_Source\PSoC5/update_isr.c **** *   CY_ISR(MyISR)
 187:.\Generated_Source\PSoC5/update_isr.c **** *   {
 188:.\Generated_Source\PSoC5/update_isr.c **** *   }
 189:.\Generated_Source\PSoC5/update_isr.c **** *
 190:.\Generated_Source\PSoC5/update_isr.c **** *   Function prototype example:
 191:.\Generated_Source\PSoC5/update_isr.c **** *     CY_ISR_PROTO(MyISR);
 192:.\Generated_Source\PSoC5/update_isr.c **** *
 193:.\Generated_Source\PSoC5/update_isr.c **** * Parameters:
 194:.\Generated_Source\PSoC5/update_isr.c **** *   address: Address of the ISR to set in the interrupt vector table.
 195:.\Generated_Source\PSoC5/update_isr.c **** *
 196:.\Generated_Source\PSoC5/update_isr.c **** * Return:
 197:.\Generated_Source\PSoC5/update_isr.c **** *   None
 198:.\Generated_Source\PSoC5/update_isr.c **** *
 199:.\Generated_Source\PSoC5/update_isr.c **** *******************************************************************************/
 200:.\Generated_Source\PSoC5/update_isr.c **** void update_isr_SetVector(cyisraddress address)
 201:.\Generated_Source\PSoC5/update_isr.c **** {
  44              		.loc 1 201 0
  45              		.cfi_startproc
  46              		@ args = 0, pretend = 0, frame = 0
  47              		@ frame_needed = 0, uses_anonymous_args = 0
  48              		@ link register save eliminated.
  49              	.LVL0:
 202:.\Generated_Source\PSoC5/update_isr.c ****     cyisraddress * ramVectorTable;
 203:.\Generated_Source\PSoC5/update_isr.c **** 
 204:.\Generated_Source\PSoC5/update_isr.c ****     ramVectorTable = (cyisraddress *) *CYINT_VECT_TABLE;
  50              		.loc 1 204 0
  51 0000 024B     		ldr	r3, .L3
  52 0002 1B68     		ldr	r3, [r3]
  53              	.LVL1:
 205:.\Generated_Source\PSoC5/update_isr.c **** 
 206:.\Generated_Source\PSoC5/update_isr.c ****     ramVectorTable[CYINT_IRQ_BASE + (uint32)update_isr__INTC_NUMBER] = address;
  54              		.loc 1 206 0
  55 0004 C3F88400 		str	r0, [r3, #132]
  56 0008 7047     		bx	lr
  57              	.L4:
  58 000a 00BF     		.align	2
  59              	.L3:
  60 000c 08ED00E0 		.word	-536810232
  61              		.cfi_endproc
  62              	.LFE4:
  63              		.size	update_isr_SetVector, .-update_isr_SetVector
  64              		.section	.text.update_isr_GetVector,"ax",%progbits
  65              		.align	2
  66              		.global	update_isr_GetVector
  67              		.thumb
  68              		.thumb_func
  69              		.type	update_isr_GetVector, %function
  70              	update_isr_GetVector:
  71              	.LFB5:
 207:.\Generated_Source\PSoC5/update_isr.c **** }
 208:.\Generated_Source\PSoC5/update_isr.c **** 
 209:.\Generated_Source\PSoC5/update_isr.c **** 
 210:.\Generated_Source\PSoC5/update_isr.c **** /*******************************************************************************
 211:.\Generated_Source\PSoC5/update_isr.c **** * Function Name: update_isr_GetVector
 212:.\Generated_Source\PSoC5/update_isr.c **** ********************************************************************************
 213:.\Generated_Source\PSoC5/update_isr.c **** *
 214:.\Generated_Source\PSoC5/update_isr.c **** * Summary:
ARM GAS  C:\Users\User\AppData\Local\Temp\ccYAunwC.s 			page 6


 215:.\Generated_Source\PSoC5/update_isr.c **** *   Gets the "address" of the current ISR vector for the Interrupt.
 216:.\Generated_Source\PSoC5/update_isr.c **** *
 217:.\Generated_Source\PSoC5/update_isr.c **** * Parameters:
 218:.\Generated_Source\PSoC5/update_isr.c **** *   None
 219:.\Generated_Source\PSoC5/update_isr.c **** *
 220:.\Generated_Source\PSoC5/update_isr.c **** * Return:
 221:.\Generated_Source\PSoC5/update_isr.c **** *   Address of the ISR in the interrupt vector table.
 222:.\Generated_Source\PSoC5/update_isr.c **** *
 223:.\Generated_Source\PSoC5/update_isr.c **** *******************************************************************************/
 224:.\Generated_Source\PSoC5/update_isr.c **** cyisraddress update_isr_GetVector(void)
 225:.\Generated_Source\PSoC5/update_isr.c **** {
  72              		.loc 1 225 0
  73              		.cfi_startproc
  74              		@ args = 0, pretend = 0, frame = 0
  75              		@ frame_needed = 0, uses_anonymous_args = 0
  76              		@ link register save eliminated.
 226:.\Generated_Source\PSoC5/update_isr.c ****     cyisraddress * ramVectorTable;
 227:.\Generated_Source\PSoC5/update_isr.c **** 
 228:.\Generated_Source\PSoC5/update_isr.c ****     ramVectorTable = (cyisraddress *) *CYINT_VECT_TABLE;
  77              		.loc 1 228 0
  78 0000 024B     		ldr	r3, .L6
  79 0002 1B68     		ldr	r3, [r3]
  80              	.LVL2:
 229:.\Generated_Source\PSoC5/update_isr.c **** 
 230:.\Generated_Source\PSoC5/update_isr.c ****     return ramVectorTable[CYINT_IRQ_BASE + (uint32)update_isr__INTC_NUMBER];
 231:.\Generated_Source\PSoC5/update_isr.c **** }
  81              		.loc 1 231 0
  82 0004 D3F88400 		ldr	r0, [r3, #132]
  83 0008 7047     		bx	lr
  84              	.L7:
  85 000a 00BF     		.align	2
  86              	.L6:
  87 000c 08ED00E0 		.word	-536810232
  88              		.cfi_endproc
  89              	.LFE5:
  90              		.size	update_isr_GetVector, .-update_isr_GetVector
  91              		.section	.text.update_isr_SetPriority,"ax",%progbits
  92              		.align	2
  93              		.global	update_isr_SetPriority
  94              		.thumb
  95              		.thumb_func
  96              		.type	update_isr_SetPriority, %function
  97              	update_isr_SetPriority:
  98              	.LFB6:
 232:.\Generated_Source\PSoC5/update_isr.c **** 
 233:.\Generated_Source\PSoC5/update_isr.c **** 
 234:.\Generated_Source\PSoC5/update_isr.c **** /*******************************************************************************
 235:.\Generated_Source\PSoC5/update_isr.c **** * Function Name: update_isr_SetPriority
 236:.\Generated_Source\PSoC5/update_isr.c **** ********************************************************************************
 237:.\Generated_Source\PSoC5/update_isr.c **** *
 238:.\Generated_Source\PSoC5/update_isr.c **** * Summary:
 239:.\Generated_Source\PSoC5/update_isr.c **** *   Sets the Priority of the Interrupt. 
 240:.\Generated_Source\PSoC5/update_isr.c **** *
 241:.\Generated_Source\PSoC5/update_isr.c **** *   Note calling update_isr_Start or update_isr_StartEx will 
 242:.\Generated_Source\PSoC5/update_isr.c **** *   override any effect this API would have had. This API should only be called
 243:.\Generated_Source\PSoC5/update_isr.c **** *   after update_isr_Start or update_isr_StartEx has been called. 
 244:.\Generated_Source\PSoC5/update_isr.c **** *   To set the initial priority for the component, use the Design-Wide Resources
ARM GAS  C:\Users\User\AppData\Local\Temp\ccYAunwC.s 			page 7


 245:.\Generated_Source\PSoC5/update_isr.c **** *   Interrupt Editor.
 246:.\Generated_Source\PSoC5/update_isr.c **** *
 247:.\Generated_Source\PSoC5/update_isr.c **** *   Note This API has no effect on Non-maskable interrupt NMI).
 248:.\Generated_Source\PSoC5/update_isr.c **** *
 249:.\Generated_Source\PSoC5/update_isr.c **** * Parameters:
 250:.\Generated_Source\PSoC5/update_isr.c **** *   priority: Priority of the interrupt, 0 being the highest priority
 251:.\Generated_Source\PSoC5/update_isr.c **** *             PSoC 3 and PSoC 5LP: Priority is from 0 to 7.
 252:.\Generated_Source\PSoC5/update_isr.c **** *             PSoC 4: Priority is from 0 to 3.
 253:.\Generated_Source\PSoC5/update_isr.c **** *
 254:.\Generated_Source\PSoC5/update_isr.c **** * Return:
 255:.\Generated_Source\PSoC5/update_isr.c **** *   None
 256:.\Generated_Source\PSoC5/update_isr.c **** *
 257:.\Generated_Source\PSoC5/update_isr.c **** *******************************************************************************/
 258:.\Generated_Source\PSoC5/update_isr.c **** void update_isr_SetPriority(uint8 priority)
 259:.\Generated_Source\PSoC5/update_isr.c **** {
  99              		.loc 1 259 0
 100              		.cfi_startproc
 101              		@ args = 0, pretend = 0, frame = 0
 102              		@ frame_needed = 0, uses_anonymous_args = 0
 103              		@ link register save eliminated.
 104              	.LVL3:
 260:.\Generated_Source\PSoC5/update_isr.c ****     *update_isr_INTC_PRIOR = priority << 5;
 105              		.loc 1 260 0
 106 0000 4001     		lsls	r0, r0, #5
 107              	.LVL4:
 108 0002 C0B2     		uxtb	r0, r0
 109 0004 014B     		ldr	r3, .L9
 110 0006 1870     		strb	r0, [r3]
 111 0008 7047     		bx	lr
 112              	.L10:
 113 000a 00BF     		.align	2
 114              	.L9:
 115 000c 11E400E0 		.word	-536812527
 116              		.cfi_endproc
 117              	.LFE6:
 118              		.size	update_isr_SetPriority, .-update_isr_SetPriority
 119              		.section	.text.update_isr_GetPriority,"ax",%progbits
 120              		.align	2
 121              		.global	update_isr_GetPriority
 122              		.thumb
 123              		.thumb_func
 124              		.type	update_isr_GetPriority, %function
 125              	update_isr_GetPriority:
 126              	.LFB7:
 261:.\Generated_Source\PSoC5/update_isr.c **** }
 262:.\Generated_Source\PSoC5/update_isr.c **** 
 263:.\Generated_Source\PSoC5/update_isr.c **** 
 264:.\Generated_Source\PSoC5/update_isr.c **** /*******************************************************************************
 265:.\Generated_Source\PSoC5/update_isr.c **** * Function Name: update_isr_GetPriority
 266:.\Generated_Source\PSoC5/update_isr.c **** ********************************************************************************
 267:.\Generated_Source\PSoC5/update_isr.c **** *
 268:.\Generated_Source\PSoC5/update_isr.c **** * Summary:
 269:.\Generated_Source\PSoC5/update_isr.c **** *   Gets the Priority of the Interrupt.
 270:.\Generated_Source\PSoC5/update_isr.c **** *
 271:.\Generated_Source\PSoC5/update_isr.c **** * Parameters:
 272:.\Generated_Source\PSoC5/update_isr.c **** *   None
 273:.\Generated_Source\PSoC5/update_isr.c **** *
ARM GAS  C:\Users\User\AppData\Local\Temp\ccYAunwC.s 			page 8


 274:.\Generated_Source\PSoC5/update_isr.c **** * Return:
 275:.\Generated_Source\PSoC5/update_isr.c **** *   Priority of the interrupt, 0 being the highest priority
 276:.\Generated_Source\PSoC5/update_isr.c **** *    PSoC 3 and PSoC 5LP: Priority is from 0 to 7.
 277:.\Generated_Source\PSoC5/update_isr.c **** *    PSoC 4: Priority is from 0 to 3.
 278:.\Generated_Source\PSoC5/update_isr.c **** *
 279:.\Generated_Source\PSoC5/update_isr.c **** *******************************************************************************/
 280:.\Generated_Source\PSoC5/update_isr.c **** uint8 update_isr_GetPriority(void)
 281:.\Generated_Source\PSoC5/update_isr.c **** {
 127              		.loc 1 281 0
 128              		.cfi_startproc
 129              		@ args = 0, pretend = 0, frame = 0
 130              		@ frame_needed = 0, uses_anonymous_args = 0
 131              		@ link register save eliminated.
 282:.\Generated_Source\PSoC5/update_isr.c ****     uint8 priority;
 283:.\Generated_Source\PSoC5/update_isr.c **** 
 284:.\Generated_Source\PSoC5/update_isr.c **** 
 285:.\Generated_Source\PSoC5/update_isr.c ****     priority = *update_isr_INTC_PRIOR >> 5;
 132              		.loc 1 285 0
 133 0000 014B     		ldr	r3, .L12
 134 0002 1878     		ldrb	r0, [r3]	@ zero_extendqisi2
 135              	.LVL5:
 286:.\Generated_Source\PSoC5/update_isr.c **** 
 287:.\Generated_Source\PSoC5/update_isr.c ****     return priority;
 288:.\Generated_Source\PSoC5/update_isr.c **** }
 136              		.loc 1 288 0
 137 0004 4009     		lsrs	r0, r0, #5
 138              	.LVL6:
 139 0006 7047     		bx	lr
 140              	.L13:
 141              		.align	2
 142              	.L12:
 143 0008 11E400E0 		.word	-536812527
 144              		.cfi_endproc
 145              	.LFE7:
 146              		.size	update_isr_GetPriority, .-update_isr_GetPriority
 147              		.section	.text.update_isr_Enable,"ax",%progbits
 148              		.align	2
 149              		.global	update_isr_Enable
 150              		.thumb
 151              		.thumb_func
 152              		.type	update_isr_Enable, %function
 153              	update_isr_Enable:
 154              	.LFB8:
 289:.\Generated_Source\PSoC5/update_isr.c **** 
 290:.\Generated_Source\PSoC5/update_isr.c **** 
 291:.\Generated_Source\PSoC5/update_isr.c **** /*******************************************************************************
 292:.\Generated_Source\PSoC5/update_isr.c **** * Function Name: update_isr_Enable
 293:.\Generated_Source\PSoC5/update_isr.c **** ********************************************************************************
 294:.\Generated_Source\PSoC5/update_isr.c **** *
 295:.\Generated_Source\PSoC5/update_isr.c **** * Summary:
 296:.\Generated_Source\PSoC5/update_isr.c **** *   Enables the interrupt to the interrupt controller. Do not call this function
 297:.\Generated_Source\PSoC5/update_isr.c **** *   unless ISR_Start() has been called or the functionality of the ISR_Start() 
 298:.\Generated_Source\PSoC5/update_isr.c **** *   function, which sets the vector and the priority, has been called.
 299:.\Generated_Source\PSoC5/update_isr.c **** *
 300:.\Generated_Source\PSoC5/update_isr.c **** * Parameters:
 301:.\Generated_Source\PSoC5/update_isr.c **** *   None
 302:.\Generated_Source\PSoC5/update_isr.c **** *
ARM GAS  C:\Users\User\AppData\Local\Temp\ccYAunwC.s 			page 9


 303:.\Generated_Source\PSoC5/update_isr.c **** * Return:
 304:.\Generated_Source\PSoC5/update_isr.c **** *   None
 305:.\Generated_Source\PSoC5/update_isr.c **** *
 306:.\Generated_Source\PSoC5/update_isr.c **** *******************************************************************************/
 307:.\Generated_Source\PSoC5/update_isr.c **** void update_isr_Enable(void)
 308:.\Generated_Source\PSoC5/update_isr.c **** {
 155              		.loc 1 308 0
 156              		.cfi_startproc
 157              		@ args = 0, pretend = 0, frame = 0
 158              		@ frame_needed = 0, uses_anonymous_args = 0
 159              		@ link register save eliminated.
 309:.\Generated_Source\PSoC5/update_isr.c ****     /* Enable the general interrupt. */
 310:.\Generated_Source\PSoC5/update_isr.c ****     *update_isr_INTC_SET_EN = update_isr__INTC_MASK;
 160              		.loc 1 310 0
 161 0000 4FF40032 		mov	r2, #131072
 162 0004 014B     		ldr	r3, .L15
 163 0006 1A60     		str	r2, [r3]
 164 0008 7047     		bx	lr
 165              	.L16:
 166 000a 00BF     		.align	2
 167              	.L15:
 168 000c 00E100E0 		.word	-536813312
 169              		.cfi_endproc
 170              	.LFE8:
 171              		.size	update_isr_Enable, .-update_isr_Enable
 172              		.section	.text.update_isr_GetState,"ax",%progbits
 173              		.align	2
 174              		.global	update_isr_GetState
 175              		.thumb
 176              		.thumb_func
 177              		.type	update_isr_GetState, %function
 178              	update_isr_GetState:
 179              	.LFB9:
 311:.\Generated_Source\PSoC5/update_isr.c **** }
 312:.\Generated_Source\PSoC5/update_isr.c **** 
 313:.\Generated_Source\PSoC5/update_isr.c **** 
 314:.\Generated_Source\PSoC5/update_isr.c **** /*******************************************************************************
 315:.\Generated_Source\PSoC5/update_isr.c **** * Function Name: update_isr_GetState
 316:.\Generated_Source\PSoC5/update_isr.c **** ********************************************************************************
 317:.\Generated_Source\PSoC5/update_isr.c **** *
 318:.\Generated_Source\PSoC5/update_isr.c **** * Summary:
 319:.\Generated_Source\PSoC5/update_isr.c **** *   Gets the state (enabled, disabled) of the Interrupt.
 320:.\Generated_Source\PSoC5/update_isr.c **** *
 321:.\Generated_Source\PSoC5/update_isr.c **** * Parameters:
 322:.\Generated_Source\PSoC5/update_isr.c **** *   None
 323:.\Generated_Source\PSoC5/update_isr.c **** *
 324:.\Generated_Source\PSoC5/update_isr.c **** * Return:
 325:.\Generated_Source\PSoC5/update_isr.c **** *   1 if enabled, 0 if disabled.
 326:.\Generated_Source\PSoC5/update_isr.c **** *
 327:.\Generated_Source\PSoC5/update_isr.c **** *******************************************************************************/
 328:.\Generated_Source\PSoC5/update_isr.c **** uint8 update_isr_GetState(void)
 329:.\Generated_Source\PSoC5/update_isr.c **** {
 180              		.loc 1 329 0
 181              		.cfi_startproc
 182              		@ args = 0, pretend = 0, frame = 0
 183              		@ frame_needed = 0, uses_anonymous_args = 0
 184              		@ link register save eliminated.
ARM GAS  C:\Users\User\AppData\Local\Temp\ccYAunwC.s 			page 10


 330:.\Generated_Source\PSoC5/update_isr.c ****     /* Get the state of the general interrupt. */
 331:.\Generated_Source\PSoC5/update_isr.c ****     return ((*update_isr_INTC_SET_EN & (uint32)update_isr__INTC_MASK) != 0u) ? 1u:0u;
 185              		.loc 1 331 0
 186 0000 044B     		ldr	r3, .L20
 187 0002 1B68     		ldr	r3, [r3]
 188 0004 13F4003F 		tst	r3, #131072
 189 0008 01D0     		beq	.L19
 190 000a 0120     		movs	r0, #1
 191 000c 7047     		bx	lr
 192              	.L19:
 193 000e 0020     		movs	r0, #0
 332:.\Generated_Source\PSoC5/update_isr.c **** }
 194              		.loc 1 332 0
 195 0010 7047     		bx	lr
 196              	.L21:
 197 0012 00BF     		.align	2
 198              	.L20:
 199 0014 00E100E0 		.word	-536813312
 200              		.cfi_endproc
 201              	.LFE9:
 202              		.size	update_isr_GetState, .-update_isr_GetState
 203              		.section	.text.update_isr_Disable,"ax",%progbits
 204              		.align	2
 205              		.global	update_isr_Disable
 206              		.thumb
 207              		.thumb_func
 208              		.type	update_isr_Disable, %function
 209              	update_isr_Disable:
 210              	.LFB10:
 333:.\Generated_Source\PSoC5/update_isr.c **** 
 334:.\Generated_Source\PSoC5/update_isr.c **** 
 335:.\Generated_Source\PSoC5/update_isr.c **** /*******************************************************************************
 336:.\Generated_Source\PSoC5/update_isr.c **** * Function Name: update_isr_Disable
 337:.\Generated_Source\PSoC5/update_isr.c **** ********************************************************************************
 338:.\Generated_Source\PSoC5/update_isr.c **** *
 339:.\Generated_Source\PSoC5/update_isr.c **** * Summary:
 340:.\Generated_Source\PSoC5/update_isr.c **** *   Disables the Interrupt in the interrupt controller.
 341:.\Generated_Source\PSoC5/update_isr.c **** *
 342:.\Generated_Source\PSoC5/update_isr.c **** * Parameters:
 343:.\Generated_Source\PSoC5/update_isr.c **** *   None
 344:.\Generated_Source\PSoC5/update_isr.c **** *
 345:.\Generated_Source\PSoC5/update_isr.c **** * Return:
 346:.\Generated_Source\PSoC5/update_isr.c **** *   None
 347:.\Generated_Source\PSoC5/update_isr.c **** *
 348:.\Generated_Source\PSoC5/update_isr.c **** *******************************************************************************/
 349:.\Generated_Source\PSoC5/update_isr.c **** void update_isr_Disable(void)
 350:.\Generated_Source\PSoC5/update_isr.c **** {
 211              		.loc 1 350 0
 212              		.cfi_startproc
 213              		@ args = 0, pretend = 0, frame = 0
 214              		@ frame_needed = 0, uses_anonymous_args = 0
 215              		@ link register save eliminated.
 351:.\Generated_Source\PSoC5/update_isr.c ****     /* Disable the general interrupt. */
 352:.\Generated_Source\PSoC5/update_isr.c ****     *update_isr_INTC_CLR_EN = update_isr__INTC_MASK;
 216              		.loc 1 352 0
 217 0000 4FF40032 		mov	r2, #131072
 218 0004 014B     		ldr	r3, .L23
ARM GAS  C:\Users\User\AppData\Local\Temp\ccYAunwC.s 			page 11


 219 0006 1A60     		str	r2, [r3]
 220 0008 7047     		bx	lr
 221              	.L24:
 222 000a 00BF     		.align	2
 223              	.L23:
 224 000c 80E100E0 		.word	-536813184
 225              		.cfi_endproc
 226              	.LFE10:
 227              		.size	update_isr_Disable, .-update_isr_Disable
 228              		.section	.text.update_isr_Start,"ax",%progbits
 229              		.align	2
 230              		.global	update_isr_Start
 231              		.thumb
 232              		.thumb_func
 233              		.type	update_isr_Start, %function
 234              	update_isr_Start:
 235              	.LFB0:
  62:.\Generated_Source\PSoC5/update_isr.c ****     /* For all we know the interrupt is active. */
 236              		.loc 1 62 0
 237              		.cfi_startproc
 238              		@ args = 0, pretend = 0, frame = 0
 239              		@ frame_needed = 0, uses_anonymous_args = 0
 240 0000 08B5     		push	{r3, lr}
 241              		.cfi_def_cfa_offset 8
 242              		.cfi_offset 3, -8
 243              		.cfi_offset 14, -4
  64:.\Generated_Source\PSoC5/update_isr.c **** 
 244              		.loc 1 64 0
 245 0002 FFF7FEFF 		bl	update_isr_Disable
 246              	.LVL7:
  67:.\Generated_Source\PSoC5/update_isr.c **** 
 247              		.loc 1 67 0
 248 0006 0448     		ldr	r0, .L27
 249 0008 FFF7FEFF 		bl	update_isr_SetVector
 250              	.LVL8:
  70:.\Generated_Source\PSoC5/update_isr.c **** 
 251              		.loc 1 70 0
 252 000c 0720     		movs	r0, #7
 253 000e FFF7FEFF 		bl	update_isr_SetPriority
 254              	.LVL9:
  73:.\Generated_Source\PSoC5/update_isr.c **** }
 255              		.loc 1 73 0
 256 0012 FFF7FEFF 		bl	update_isr_Enable
 257              	.LVL10:
 258 0016 08BD     		pop	{r3, pc}
 259              	.L28:
 260              		.align	2
 261              	.L27:
 262 0018 00000000 		.word	update_isr_Interrupt
 263              		.cfi_endproc
 264              	.LFE0:
 265              		.size	update_isr_Start, .-update_isr_Start
 266              		.section	.text.update_isr_StartEx,"ax",%progbits
 267              		.align	2
 268              		.global	update_isr_StartEx
 269              		.thumb
 270              		.thumb_func
ARM GAS  C:\Users\User\AppData\Local\Temp\ccYAunwC.s 			page 12


 271              		.type	update_isr_StartEx, %function
 272              	update_isr_StartEx:
 273              	.LFB1:
 105:.\Generated_Source\PSoC5/update_isr.c ****     /* For all we know the interrupt is active. */
 274              		.loc 1 105 0
 275              		.cfi_startproc
 276              		@ args = 0, pretend = 0, frame = 0
 277              		@ frame_needed = 0, uses_anonymous_args = 0
 278              	.LVL11:
 279 0000 10B5     		push	{r4, lr}
 280              		.cfi_def_cfa_offset 8
 281              		.cfi_offset 4, -8
 282              		.cfi_offset 14, -4
 283 0002 0446     		mov	r4, r0
 107:.\Generated_Source\PSoC5/update_isr.c **** 
 284              		.loc 1 107 0
 285 0004 FFF7FEFF 		bl	update_isr_Disable
 286              	.LVL12:
 110:.\Generated_Source\PSoC5/update_isr.c **** 
 287              		.loc 1 110 0
 288 0008 2046     		mov	r0, r4
 289 000a FFF7FEFF 		bl	update_isr_SetVector
 290              	.LVL13:
 113:.\Generated_Source\PSoC5/update_isr.c **** 
 291              		.loc 1 113 0
 292 000e 0720     		movs	r0, #7
 293 0010 FFF7FEFF 		bl	update_isr_SetPriority
 294              	.LVL14:
 116:.\Generated_Source\PSoC5/update_isr.c **** }
 295              		.loc 1 116 0
 296 0014 FFF7FEFF 		bl	update_isr_Enable
 297              	.LVL15:
 298 0018 10BD     		pop	{r4, pc}
 299              		.cfi_endproc
 300              	.LFE1:
 301              		.size	update_isr_StartEx, .-update_isr_StartEx
 302 001a 00BF     		.section	.text.update_isr_Stop,"ax",%progbits
 303              		.align	2
 304              		.global	update_isr_Stop
 305              		.thumb
 306              		.thumb_func
 307              		.type	update_isr_Stop, %function
 308              	update_isr_Stop:
 309              	.LFB2:
 135:.\Generated_Source\PSoC5/update_isr.c ****     /* Disable this interrupt. */
 310              		.loc 1 135 0
 311              		.cfi_startproc
 312              		@ args = 0, pretend = 0, frame = 0
 313              		@ frame_needed = 0, uses_anonymous_args = 0
 314 0000 08B5     		push	{r3, lr}
 315              		.cfi_def_cfa_offset 8
 316              		.cfi_offset 3, -8
 317              		.cfi_offset 14, -4
 137:.\Generated_Source\PSoC5/update_isr.c **** 
 318              		.loc 1 137 0
 319 0002 FFF7FEFF 		bl	update_isr_Disable
 320              	.LVL16:
ARM GAS  C:\Users\User\AppData\Local\Temp\ccYAunwC.s 			page 13


 140:.\Generated_Source\PSoC5/update_isr.c **** }
 321              		.loc 1 140 0
 322 0006 0248     		ldr	r0, .L33
 323 0008 FFF7FEFF 		bl	update_isr_SetVector
 324              	.LVL17:
 325 000c 08BD     		pop	{r3, pc}
 326              	.L34:
 327 000e 00BF     		.align	2
 328              	.L33:
 329 0010 00000000 		.word	IntDefaultHandler
 330              		.cfi_endproc
 331              	.LFE2:
 332              		.size	update_isr_Stop, .-update_isr_Stop
 333              		.section	.text.update_isr_SetPending,"ax",%progbits
 334              		.align	2
 335              		.global	update_isr_SetPending
 336              		.thumb
 337              		.thumb_func
 338              		.type	update_isr_SetPending, %function
 339              	update_isr_SetPending:
 340              	.LFB11:
 353:.\Generated_Source\PSoC5/update_isr.c **** }
 354:.\Generated_Source\PSoC5/update_isr.c **** 
 355:.\Generated_Source\PSoC5/update_isr.c **** 
 356:.\Generated_Source\PSoC5/update_isr.c **** /*******************************************************************************
 357:.\Generated_Source\PSoC5/update_isr.c **** * Function Name: update_isr_SetPending
 358:.\Generated_Source\PSoC5/update_isr.c **** ********************************************************************************
 359:.\Generated_Source\PSoC5/update_isr.c **** *
 360:.\Generated_Source\PSoC5/update_isr.c **** * Summary:
 361:.\Generated_Source\PSoC5/update_isr.c **** *   Causes the Interrupt to enter the pending state, a software method of
 362:.\Generated_Source\PSoC5/update_isr.c **** *   generating the interrupt.
 363:.\Generated_Source\PSoC5/update_isr.c **** *
 364:.\Generated_Source\PSoC5/update_isr.c **** * Parameters:
 365:.\Generated_Source\PSoC5/update_isr.c **** *   None
 366:.\Generated_Source\PSoC5/update_isr.c **** *
 367:.\Generated_Source\PSoC5/update_isr.c **** * Return:
 368:.\Generated_Source\PSoC5/update_isr.c **** *   None
 369:.\Generated_Source\PSoC5/update_isr.c **** *
 370:.\Generated_Source\PSoC5/update_isr.c **** * Side Effects:
 371:.\Generated_Source\PSoC5/update_isr.c **** *   If interrupts are enabled and the interrupt is set up properly, the ISR is
 372:.\Generated_Source\PSoC5/update_isr.c **** *   entered (depending on the priority of this interrupt and other pending 
 373:.\Generated_Source\PSoC5/update_isr.c **** *   interrupts).
 374:.\Generated_Source\PSoC5/update_isr.c **** *
 375:.\Generated_Source\PSoC5/update_isr.c **** *******************************************************************************/
 376:.\Generated_Source\PSoC5/update_isr.c **** void update_isr_SetPending(void)
 377:.\Generated_Source\PSoC5/update_isr.c **** {
 341              		.loc 1 377 0
 342              		.cfi_startproc
 343              		@ args = 0, pretend = 0, frame = 0
 344              		@ frame_needed = 0, uses_anonymous_args = 0
 345              		@ link register save eliminated.
 378:.\Generated_Source\PSoC5/update_isr.c ****     *update_isr_INTC_SET_PD = update_isr__INTC_MASK;
 346              		.loc 1 378 0
 347 0000 4FF40032 		mov	r2, #131072
 348 0004 014B     		ldr	r3, .L36
 349 0006 1A60     		str	r2, [r3]
 350 0008 7047     		bx	lr
ARM GAS  C:\Users\User\AppData\Local\Temp\ccYAunwC.s 			page 14


 351              	.L37:
 352 000a 00BF     		.align	2
 353              	.L36:
 354 000c 00E200E0 		.word	-536813056
 355              		.cfi_endproc
 356              	.LFE11:
 357              		.size	update_isr_SetPending, .-update_isr_SetPending
 358              		.section	.text.update_isr_ClearPending,"ax",%progbits
 359              		.align	2
 360              		.global	update_isr_ClearPending
 361              		.thumb
 362              		.thumb_func
 363              		.type	update_isr_ClearPending, %function
 364              	update_isr_ClearPending:
 365              	.LFB12:
 379:.\Generated_Source\PSoC5/update_isr.c **** }
 380:.\Generated_Source\PSoC5/update_isr.c **** 
 381:.\Generated_Source\PSoC5/update_isr.c **** 
 382:.\Generated_Source\PSoC5/update_isr.c **** /*******************************************************************************
 383:.\Generated_Source\PSoC5/update_isr.c **** * Function Name: update_isr_ClearPending
 384:.\Generated_Source\PSoC5/update_isr.c **** ********************************************************************************
 385:.\Generated_Source\PSoC5/update_isr.c **** *
 386:.\Generated_Source\PSoC5/update_isr.c **** * Summary:
 387:.\Generated_Source\PSoC5/update_isr.c **** *   Clears a pending interrupt in the interrupt controller.
 388:.\Generated_Source\PSoC5/update_isr.c **** *
 389:.\Generated_Source\PSoC5/update_isr.c **** *   Note Some interrupt sources are clear-on-read and require the block 
 390:.\Generated_Source\PSoC5/update_isr.c **** *   interrupt/status register to be read/cleared with the appropriate block API 
 391:.\Generated_Source\PSoC5/update_isr.c **** *   (GPIO, UART, and so on). Otherwise the ISR will continue to remain in 
 392:.\Generated_Source\PSoC5/update_isr.c **** *   pending state even though the interrupt itself is cleared using this API.
 393:.\Generated_Source\PSoC5/update_isr.c **** *
 394:.\Generated_Source\PSoC5/update_isr.c **** * Parameters:
 395:.\Generated_Source\PSoC5/update_isr.c **** *   None
 396:.\Generated_Source\PSoC5/update_isr.c **** *
 397:.\Generated_Source\PSoC5/update_isr.c **** * Return:
 398:.\Generated_Source\PSoC5/update_isr.c **** *   None
 399:.\Generated_Source\PSoC5/update_isr.c **** *
 400:.\Generated_Source\PSoC5/update_isr.c **** *******************************************************************************/
 401:.\Generated_Source\PSoC5/update_isr.c **** void update_isr_ClearPending(void)
 402:.\Generated_Source\PSoC5/update_isr.c **** {
 366              		.loc 1 402 0
 367              		.cfi_startproc
 368              		@ args = 0, pretend = 0, frame = 0
 369              		@ frame_needed = 0, uses_anonymous_args = 0
 370              		@ link register save eliminated.
 403:.\Generated_Source\PSoC5/update_isr.c ****     *update_isr_INTC_CLR_PD = update_isr__INTC_MASK;
 371              		.loc 1 403 0
 372 0000 4FF40032 		mov	r2, #131072
 373 0004 014B     		ldr	r3, .L39
 374 0006 1A60     		str	r2, [r3]
 375 0008 7047     		bx	lr
 376              	.L40:
 377 000a 00BF     		.align	2
 378              	.L39:
 379 000c 80E200E0 		.word	-536812928
 380              		.cfi_endproc
 381              	.LFE12:
 382              		.size	update_isr_ClearPending, .-update_isr_ClearPending
ARM GAS  C:\Users\User\AppData\Local\Temp\ccYAunwC.s 			page 15


 383              		.text
 384              	.Letext0:
 385              		.file 2 "Generated_Source\\PSoC5/cytypes.h"
 386              		.section	.debug_info,"",%progbits
 387              	.Ldebug_info0:
 388 0000 CE020000 		.4byte	0x2ce
 389 0004 0400     		.2byte	0x4
 390 0006 00000000 		.4byte	.Ldebug_abbrev0
 391 000a 04       		.byte	0x4
 392 000b 01       		.uleb128 0x1
 393 000c 42000000 		.4byte	.LASF34
 394 0010 01       		.byte	0x1
 395 0011 00000000 		.4byte	.LASF35
 396 0015 4C010000 		.4byte	.LASF36
 397 0019 00000000 		.4byte	.Ldebug_ranges0+0
 398 001d 00000000 		.4byte	0
 399 0021 00000000 		.4byte	.Ldebug_line0
 400 0025 02       		.uleb128 0x2
 401 0026 04       		.byte	0x4
 402 0027 05       		.byte	0x5
 403 0028 696E7400 		.ascii	"int\000"
 404 002c 03       		.uleb128 0x3
 405 002d 04       		.byte	0x4
 406 002e 07       		.byte	0x7
 407 002f DE010000 		.4byte	.LASF0
 408 0033 03       		.uleb128 0x3
 409 0034 08       		.byte	0x8
 410 0035 05       		.byte	0x5
 411 0036 35020000 		.4byte	.LASF1
 412 003a 03       		.uleb128 0x3
 413 003b 08       		.byte	0x8
 414 003c 04       		.byte	0x4
 415 003d CC020000 		.4byte	.LASF2
 416 0041 03       		.uleb128 0x3
 417 0042 01       		.byte	0x1
 418 0043 06       		.byte	0x6
 419 0044 D8020000 		.4byte	.LASF3
 420 0048 03       		.uleb128 0x3
 421 0049 01       		.byte	0x1
 422 004a 08       		.byte	0x8
 423 004b 0B010000 		.4byte	.LASF4
 424 004f 03       		.uleb128 0x3
 425 0050 02       		.byte	0x2
 426 0051 05       		.byte	0x5
 427 0052 6A020000 		.4byte	.LASF5
 428 0056 03       		.uleb128 0x3
 429 0057 02       		.byte	0x2
 430 0058 07       		.byte	0x7
 431 0059 DB000000 		.4byte	.LASF6
 432 005d 03       		.uleb128 0x3
 433 005e 04       		.byte	0x4
 434 005f 05       		.byte	0x5
 435 0060 B2020000 		.4byte	.LASF7
 436 0064 03       		.uleb128 0x3
 437 0065 04       		.byte	0x4
 438 0066 07       		.byte	0x7
 439 0067 2B010000 		.4byte	.LASF8
ARM GAS  C:\Users\User\AppData\Local\Temp\ccYAunwC.s 			page 16


 440 006b 03       		.uleb128 0x3
 441 006c 08       		.byte	0x8
 442 006d 07       		.byte	0x7
 443 006e F3010000 		.4byte	.LASF9
 444 0072 03       		.uleb128 0x3
 445 0073 04       		.byte	0x4
 446 0074 07       		.byte	0x7
 447 0075 2C020000 		.4byte	.LASF10
 448 0079 04       		.uleb128 0x4
 449 007a 04       		.byte	0x4
 450 007b 7F000000 		.4byte	0x7f
 451 007f 05       		.uleb128 0x5
 452 0080 03       		.uleb128 0x3
 453 0081 01       		.byte	0x1
 454 0082 08       		.byte	0x8
 455 0083 43020000 		.4byte	.LASF11
 456 0087 06       		.uleb128 0x6
 457 0088 3D010000 		.4byte	.LASF12
 458 008c 02       		.byte	0x2
 459 008d 9201     		.2byte	0x192
 460 008f 48000000 		.4byte	0x48
 461 0093 06       		.uleb128 0x6
 462 0094 D7010000 		.4byte	.LASF13
 463 0098 02       		.byte	0x2
 464 0099 9401     		.2byte	0x194
 465 009b 64000000 		.4byte	0x64
 466 009f 03       		.uleb128 0x3
 467 00a0 04       		.byte	0x4
 468 00a1 04       		.byte	0x4
 469 00a2 05010000 		.4byte	.LASF14
 470 00a6 03       		.uleb128 0x3
 471 00a7 08       		.byte	0x8
 472 00a8 04       		.byte	0x4
 473 00a9 A3010000 		.4byte	.LASF15
 474 00ad 06       		.uleb128 0x6
 475 00ae 27020000 		.4byte	.LASF16
 476 00b2 02       		.byte	0x2
 477 00b3 3C02     		.2byte	0x23c
 478 00b5 B9000000 		.4byte	0xb9
 479 00b9 07       		.uleb128 0x7
 480 00ba 87000000 		.4byte	0x87
 481 00be 06       		.uleb128 0x6
 482 00bf 26000000 		.4byte	.LASF17
 483 00c3 02       		.byte	0x2
 484 00c4 3E02     		.2byte	0x23e
 485 00c6 CA000000 		.4byte	0xca
 486 00ca 07       		.uleb128 0x7
 487 00cb 93000000 		.4byte	0x93
 488 00cf 06       		.uleb128 0x6
 489 00d0 0A020000 		.4byte	.LASF18
 490 00d4 02       		.byte	0x2
 491 00d5 4E02     		.2byte	0x24e
 492 00d7 79000000 		.4byte	0x79
 493 00db 08       		.uleb128 0x8
 494 00dc 9D020000 		.4byte	.LASF26
 495 00e0 01       		.byte	0x1
 496 00e1 A0       		.byte	0xa0
ARM GAS  C:\Users\User\AppData\Local\Temp\ccYAunwC.s 			page 17


 497 00e2 00000000 		.4byte	.LFB3
 498 00e6 02000000 		.4byte	.LFE3-.LFB3
 499 00ea 01       		.uleb128 0x1
 500 00eb 9C       		.byte	0x9c
 501 00ec 09       		.uleb128 0x9
 502 00ed AA010000 		.4byte	.LASF20
 503 00f1 01       		.byte	0x1
 504 00f2 C8       		.byte	0xc8
 505 00f3 00000000 		.4byte	.LFB4
 506 00f7 10000000 		.4byte	.LFE4-.LFB4
 507 00fb 01       		.uleb128 0x1
 508 00fc 9C       		.byte	0x9c
 509 00fd 1C010000 		.4byte	0x11c
 510 0101 0A       		.uleb128 0xa
 511 0102 EB010000 		.4byte	.LASF22
 512 0106 01       		.byte	0x1
 513 0107 C8       		.byte	0xc8
 514 0108 CF000000 		.4byte	0xcf
 515 010c 01       		.uleb128 0x1
 516 010d 50       		.byte	0x50
 517 010e 0B       		.uleb128 0xb
 518 010f 48020000 		.4byte	.LASF19
 519 0113 01       		.byte	0x1
 520 0114 CA       		.byte	0xca
 521 0115 1C010000 		.4byte	0x11c
 522 0119 01       		.uleb128 0x1
 523 011a 53       		.byte	0x53
 524 011b 00       		.byte	0
 525 011c 04       		.uleb128 0x4
 526 011d 04       		.byte	0x4
 527 011e CF000000 		.4byte	0xcf
 528 0122 0C       		.uleb128 0xc
 529 0123 74020000 		.4byte	.LASF24
 530 0127 01       		.byte	0x1
 531 0128 E0       		.byte	0xe0
 532 0129 CF000000 		.4byte	0xcf
 533 012d 00000000 		.4byte	.LFB5
 534 0131 10000000 		.4byte	.LFE5-.LFB5
 535 0135 01       		.uleb128 0x1
 536 0136 9C       		.byte	0x9c
 537 0137 49010000 		.4byte	0x149
 538 013b 0B       		.uleb128 0xb
 539 013c 48020000 		.4byte	.LASF19
 540 0140 01       		.byte	0x1
 541 0141 E2       		.byte	0xe2
 542 0142 1C010000 		.4byte	0x11c
 543 0146 01       		.uleb128 0x1
 544 0147 53       		.byte	0x53
 545 0148 00       		.byte	0
 546 0149 0D       		.uleb128 0xd
 547 014a 8C010000 		.4byte	.LASF21
 548 014e 01       		.byte	0x1
 549 014f 0201     		.2byte	0x102
 550 0151 00000000 		.4byte	.LFB6
 551 0155 10000000 		.4byte	.LFE6-.LFB6
 552 0159 01       		.uleb128 0x1
 553 015a 9C       		.byte	0x9c
ARM GAS  C:\Users\User\AppData\Local\Temp\ccYAunwC.s 			page 18


 554 015b 70010000 		.4byte	0x170
 555 015f 0E       		.uleb128 0xe
 556 0160 43010000 		.4byte	.LASF23
 557 0164 01       		.byte	0x1
 558 0165 0201     		.2byte	0x102
 559 0167 87000000 		.4byte	0x87
 560 016b 00000000 		.4byte	.LLST0
 561 016f 00       		.byte	0
 562 0170 0F       		.uleb128 0xf
 563 0171 EE000000 		.4byte	.LASF25
 564 0175 01       		.byte	0x1
 565 0176 1801     		.2byte	0x118
 566 0178 87000000 		.4byte	0x87
 567 017c 00000000 		.4byte	.LFB7
 568 0180 0C000000 		.4byte	.LFE7-.LFB7
 569 0184 01       		.uleb128 0x1
 570 0185 9C       		.byte	0x9c
 571 0186 9B010000 		.4byte	0x19b
 572 018a 10       		.uleb128 0x10
 573 018b 43010000 		.4byte	.LASF23
 574 018f 01       		.byte	0x1
 575 0190 1A01     		.2byte	0x11a
 576 0192 87000000 		.4byte	0x87
 577 0196 21000000 		.4byte	.LLST1
 578 019a 00       		.byte	0
 579 019b 11       		.uleb128 0x11
 580 019c 19010000 		.4byte	.LASF27
 581 01a0 01       		.byte	0x1
 582 01a1 3301     		.2byte	0x133
 583 01a3 00000000 		.4byte	.LFB8
 584 01a7 10000000 		.4byte	.LFE8-.LFB8
 585 01ab 01       		.uleb128 0x1
 586 01ac 9C       		.byte	0x9c
 587 01ad 12       		.uleb128 0x12
 588 01ae 89020000 		.4byte	.LASF37
 589 01b2 01       		.byte	0x1
 590 01b3 4801     		.2byte	0x148
 591 01b5 87000000 		.4byte	0x87
 592 01b9 00000000 		.4byte	.LFB9
 593 01bd 18000000 		.4byte	.LFE9-.LFB9
 594 01c1 01       		.uleb128 0x1
 595 01c2 9C       		.byte	0x9c
 596 01c3 11       		.uleb128 0x11
 597 01c4 E4020000 		.4byte	.LASF28
 598 01c8 01       		.byte	0x1
 599 01c9 5D01     		.2byte	0x15d
 600 01cb 00000000 		.4byte	.LFB10
 601 01cf 10000000 		.4byte	.LFE10-.LFB10
 602 01d3 01       		.uleb128 0x1
 603 01d4 9C       		.byte	0x9c
 604 01d5 09       		.uleb128 0x9
 605 01d6 BB020000 		.4byte	.LASF29
 606 01da 01       		.byte	0x1
 607 01db 3D       		.byte	0x3d
 608 01dc 00000000 		.4byte	.LFB0
 609 01e0 1C000000 		.4byte	.LFE0-.LFB0
 610 01e4 01       		.uleb128 0x1
ARM GAS  C:\Users\User\AppData\Local\Temp\ccYAunwC.s 			page 19


 611 01e5 9C       		.byte	0x9c
 612 01e6 27020000 		.4byte	0x227
 613 01ea 13       		.uleb128 0x13
 614 01eb 06000000 		.4byte	.LVL7
 615 01ef C3010000 		.4byte	0x1c3
 616 01f3 14       		.uleb128 0x14
 617 01f4 0C000000 		.4byte	.LVL8
 618 01f8 EC000000 		.4byte	0xec
 619 01fc 0A020000 		.4byte	0x20a
 620 0200 15       		.uleb128 0x15
 621 0201 01       		.uleb128 0x1
 622 0202 50       		.byte	0x50
 623 0203 05       		.uleb128 0x5
 624 0204 03       		.byte	0x3
 625 0205 00000000 		.4byte	update_isr_Interrupt
 626 0209 00       		.byte	0
 627 020a 14       		.uleb128 0x14
 628 020b 12000000 		.4byte	.LVL9
 629 020f 49010000 		.4byte	0x149
 630 0213 1D020000 		.4byte	0x21d
 631 0217 15       		.uleb128 0x15
 632 0218 01       		.uleb128 0x1
 633 0219 50       		.byte	0x50
 634 021a 01       		.uleb128 0x1
 635 021b 37       		.byte	0x37
 636 021c 00       		.byte	0
 637 021d 13       		.uleb128 0x13
 638 021e 16000000 		.4byte	.LVL10
 639 0222 9B010000 		.4byte	0x19b
 640 0226 00       		.byte	0
 641 0227 09       		.uleb128 0x9
 642 0228 57020000 		.4byte	.LASF30
 643 022c 01       		.byte	0x1
 644 022d 68       		.byte	0x68
 645 022e 00000000 		.4byte	.LFB1
 646 0232 1A000000 		.4byte	.LFE1-.LFB1
 647 0236 01       		.uleb128 0x1
 648 0237 9C       		.byte	0x9c
 649 0238 85020000 		.4byte	0x285
 650 023c 16       		.uleb128 0x16
 651 023d EB010000 		.4byte	.LASF22
 652 0241 01       		.byte	0x1
 653 0242 68       		.byte	0x68
 654 0243 CF000000 		.4byte	0xcf
 655 0247 38000000 		.4byte	.LLST2
 656 024b 13       		.uleb128 0x13
 657 024c 08000000 		.4byte	.LVL12
 658 0250 C3010000 		.4byte	0x1c3
 659 0254 14       		.uleb128 0x14
 660 0255 0E000000 		.4byte	.LVL13
 661 0259 EC000000 		.4byte	0xec
 662 025d 68020000 		.4byte	0x268
 663 0261 15       		.uleb128 0x15
 664 0262 01       		.uleb128 0x1
 665 0263 50       		.byte	0x50
 666 0264 02       		.uleb128 0x2
 667 0265 74       		.byte	0x74
ARM GAS  C:\Users\User\AppData\Local\Temp\ccYAunwC.s 			page 20


 668 0266 00       		.sleb128 0
 669 0267 00       		.byte	0
 670 0268 14       		.uleb128 0x14
 671 0269 14000000 		.4byte	.LVL14
 672 026d 49010000 		.4byte	0x149
 673 0271 7B020000 		.4byte	0x27b
 674 0275 15       		.uleb128 0x15
 675 0276 01       		.uleb128 0x1
 676 0277 50       		.byte	0x50
 677 0278 01       		.uleb128 0x1
 678 0279 37       		.byte	0x37
 679 027a 00       		.byte	0
 680 027b 13       		.uleb128 0x13
 681 027c 18000000 		.4byte	.LVL15
 682 0280 9B010000 		.4byte	0x19b
 683 0284 00       		.byte	0
 684 0285 09       		.uleb128 0x9
 685 0286 17020000 		.4byte	.LASF31
 686 028a 01       		.byte	0x1
 687 028b 86       		.byte	0x86
 688 028c 00000000 		.4byte	.LFB2
 689 0290 14000000 		.4byte	.LFE2-.LFB2
 690 0294 01       		.uleb128 0x1
 691 0295 9C       		.byte	0x9c
 692 0296 AD020000 		.4byte	0x2ad
 693 029a 13       		.uleb128 0x13
 694 029b 06000000 		.4byte	.LVL16
 695 029f C3010000 		.4byte	0x1c3
 696 02a3 13       		.uleb128 0x13
 697 02a4 0C000000 		.4byte	.LVL17
 698 02a8 EC000000 		.4byte	0xec
 699 02ac 00       		.byte	0
 700 02ad 11       		.uleb128 0x11
 701 02ae 2C000000 		.4byte	.LASF32
 702 02b2 01       		.byte	0x1
 703 02b3 7801     		.2byte	0x178
 704 02b5 00000000 		.4byte	.LFB11
 705 02b9 10000000 		.4byte	.LFE11-.LFB11
 706 02bd 01       		.uleb128 0x1
 707 02be 9C       		.byte	0x9c
 708 02bf 11       		.uleb128 0x11
 709 02c0 BF010000 		.4byte	.LASF33
 710 02c4 01       		.byte	0x1
 711 02c5 9101     		.2byte	0x191
 712 02c7 00000000 		.4byte	.LFB12
 713 02cb 10000000 		.4byte	.LFE12-.LFB12
 714 02cf 01       		.uleb128 0x1
 715 02d0 9C       		.byte	0x9c
 716 02d1 00       		.byte	0
 717              		.section	.debug_abbrev,"",%progbits
 718              	.Ldebug_abbrev0:
 719 0000 01       		.uleb128 0x1
 720 0001 11       		.uleb128 0x11
 721 0002 01       		.byte	0x1
 722 0003 25       		.uleb128 0x25
 723 0004 0E       		.uleb128 0xe
 724 0005 13       		.uleb128 0x13
ARM GAS  C:\Users\User\AppData\Local\Temp\ccYAunwC.s 			page 21


 725 0006 0B       		.uleb128 0xb
 726 0007 03       		.uleb128 0x3
 727 0008 0E       		.uleb128 0xe
 728 0009 1B       		.uleb128 0x1b
 729 000a 0E       		.uleb128 0xe
 730 000b 55       		.uleb128 0x55
 731 000c 17       		.uleb128 0x17
 732 000d 11       		.uleb128 0x11
 733 000e 01       		.uleb128 0x1
 734 000f 10       		.uleb128 0x10
 735 0010 17       		.uleb128 0x17
 736 0011 00       		.byte	0
 737 0012 00       		.byte	0
 738 0013 02       		.uleb128 0x2
 739 0014 24       		.uleb128 0x24
 740 0015 00       		.byte	0
 741 0016 0B       		.uleb128 0xb
 742 0017 0B       		.uleb128 0xb
 743 0018 3E       		.uleb128 0x3e
 744 0019 0B       		.uleb128 0xb
 745 001a 03       		.uleb128 0x3
 746 001b 08       		.uleb128 0x8
 747 001c 00       		.byte	0
 748 001d 00       		.byte	0
 749 001e 03       		.uleb128 0x3
 750 001f 24       		.uleb128 0x24
 751 0020 00       		.byte	0
 752 0021 0B       		.uleb128 0xb
 753 0022 0B       		.uleb128 0xb
 754 0023 3E       		.uleb128 0x3e
 755 0024 0B       		.uleb128 0xb
 756 0025 03       		.uleb128 0x3
 757 0026 0E       		.uleb128 0xe
 758 0027 00       		.byte	0
 759 0028 00       		.byte	0
 760 0029 04       		.uleb128 0x4
 761 002a 0F       		.uleb128 0xf
 762 002b 00       		.byte	0
 763 002c 0B       		.uleb128 0xb
 764 002d 0B       		.uleb128 0xb
 765 002e 49       		.uleb128 0x49
 766 002f 13       		.uleb128 0x13
 767 0030 00       		.byte	0
 768 0031 00       		.byte	0
 769 0032 05       		.uleb128 0x5
 770 0033 15       		.uleb128 0x15
 771 0034 00       		.byte	0
 772 0035 27       		.uleb128 0x27
 773 0036 19       		.uleb128 0x19
 774 0037 00       		.byte	0
 775 0038 00       		.byte	0
 776 0039 06       		.uleb128 0x6
 777 003a 16       		.uleb128 0x16
 778 003b 00       		.byte	0
 779 003c 03       		.uleb128 0x3
 780 003d 0E       		.uleb128 0xe
 781 003e 3A       		.uleb128 0x3a
ARM GAS  C:\Users\User\AppData\Local\Temp\ccYAunwC.s 			page 22


 782 003f 0B       		.uleb128 0xb
 783 0040 3B       		.uleb128 0x3b
 784 0041 05       		.uleb128 0x5
 785 0042 49       		.uleb128 0x49
 786 0043 13       		.uleb128 0x13
 787 0044 00       		.byte	0
 788 0045 00       		.byte	0
 789 0046 07       		.uleb128 0x7
 790 0047 35       		.uleb128 0x35
 791 0048 00       		.byte	0
 792 0049 49       		.uleb128 0x49
 793 004a 13       		.uleb128 0x13
 794 004b 00       		.byte	0
 795 004c 00       		.byte	0
 796 004d 08       		.uleb128 0x8
 797 004e 2E       		.uleb128 0x2e
 798 004f 00       		.byte	0
 799 0050 3F       		.uleb128 0x3f
 800 0051 19       		.uleb128 0x19
 801 0052 03       		.uleb128 0x3
 802 0053 0E       		.uleb128 0xe
 803 0054 3A       		.uleb128 0x3a
 804 0055 0B       		.uleb128 0xb
 805 0056 3B       		.uleb128 0x3b
 806 0057 0B       		.uleb128 0xb
 807 0058 27       		.uleb128 0x27
 808 0059 19       		.uleb128 0x19
 809 005a 11       		.uleb128 0x11
 810 005b 01       		.uleb128 0x1
 811 005c 12       		.uleb128 0x12
 812 005d 06       		.uleb128 0x6
 813 005e 40       		.uleb128 0x40
 814 005f 18       		.uleb128 0x18
 815 0060 9742     		.uleb128 0x2117
 816 0062 19       		.uleb128 0x19
 817 0063 00       		.byte	0
 818 0064 00       		.byte	0
 819 0065 09       		.uleb128 0x9
 820 0066 2E       		.uleb128 0x2e
 821 0067 01       		.byte	0x1
 822 0068 3F       		.uleb128 0x3f
 823 0069 19       		.uleb128 0x19
 824 006a 03       		.uleb128 0x3
 825 006b 0E       		.uleb128 0xe
 826 006c 3A       		.uleb128 0x3a
 827 006d 0B       		.uleb128 0xb
 828 006e 3B       		.uleb128 0x3b
 829 006f 0B       		.uleb128 0xb
 830 0070 27       		.uleb128 0x27
 831 0071 19       		.uleb128 0x19
 832 0072 11       		.uleb128 0x11
 833 0073 01       		.uleb128 0x1
 834 0074 12       		.uleb128 0x12
 835 0075 06       		.uleb128 0x6
 836 0076 40       		.uleb128 0x40
 837 0077 18       		.uleb128 0x18
 838 0078 9742     		.uleb128 0x2117
ARM GAS  C:\Users\User\AppData\Local\Temp\ccYAunwC.s 			page 23


 839 007a 19       		.uleb128 0x19
 840 007b 01       		.uleb128 0x1
 841 007c 13       		.uleb128 0x13
 842 007d 00       		.byte	0
 843 007e 00       		.byte	0
 844 007f 0A       		.uleb128 0xa
 845 0080 05       		.uleb128 0x5
 846 0081 00       		.byte	0
 847 0082 03       		.uleb128 0x3
 848 0083 0E       		.uleb128 0xe
 849 0084 3A       		.uleb128 0x3a
 850 0085 0B       		.uleb128 0xb
 851 0086 3B       		.uleb128 0x3b
 852 0087 0B       		.uleb128 0xb
 853 0088 49       		.uleb128 0x49
 854 0089 13       		.uleb128 0x13
 855 008a 02       		.uleb128 0x2
 856 008b 18       		.uleb128 0x18
 857 008c 00       		.byte	0
 858 008d 00       		.byte	0
 859 008e 0B       		.uleb128 0xb
 860 008f 34       		.uleb128 0x34
 861 0090 00       		.byte	0
 862 0091 03       		.uleb128 0x3
 863 0092 0E       		.uleb128 0xe
 864 0093 3A       		.uleb128 0x3a
 865 0094 0B       		.uleb128 0xb
 866 0095 3B       		.uleb128 0x3b
 867 0096 0B       		.uleb128 0xb
 868 0097 49       		.uleb128 0x49
 869 0098 13       		.uleb128 0x13
 870 0099 02       		.uleb128 0x2
 871 009a 18       		.uleb128 0x18
 872 009b 00       		.byte	0
 873 009c 00       		.byte	0
 874 009d 0C       		.uleb128 0xc
 875 009e 2E       		.uleb128 0x2e
 876 009f 01       		.byte	0x1
 877 00a0 3F       		.uleb128 0x3f
 878 00a1 19       		.uleb128 0x19
 879 00a2 03       		.uleb128 0x3
 880 00a3 0E       		.uleb128 0xe
 881 00a4 3A       		.uleb128 0x3a
 882 00a5 0B       		.uleb128 0xb
 883 00a6 3B       		.uleb128 0x3b
 884 00a7 0B       		.uleb128 0xb
 885 00a8 27       		.uleb128 0x27
 886 00a9 19       		.uleb128 0x19
 887 00aa 49       		.uleb128 0x49
 888 00ab 13       		.uleb128 0x13
 889 00ac 11       		.uleb128 0x11
 890 00ad 01       		.uleb128 0x1
 891 00ae 12       		.uleb128 0x12
 892 00af 06       		.uleb128 0x6
 893 00b0 40       		.uleb128 0x40
 894 00b1 18       		.uleb128 0x18
 895 00b2 9742     		.uleb128 0x2117
ARM GAS  C:\Users\User\AppData\Local\Temp\ccYAunwC.s 			page 24


 896 00b4 19       		.uleb128 0x19
 897 00b5 01       		.uleb128 0x1
 898 00b6 13       		.uleb128 0x13
 899 00b7 00       		.byte	0
 900 00b8 00       		.byte	0
 901 00b9 0D       		.uleb128 0xd
 902 00ba 2E       		.uleb128 0x2e
 903 00bb 01       		.byte	0x1
 904 00bc 3F       		.uleb128 0x3f
 905 00bd 19       		.uleb128 0x19
 906 00be 03       		.uleb128 0x3
 907 00bf 0E       		.uleb128 0xe
 908 00c0 3A       		.uleb128 0x3a
 909 00c1 0B       		.uleb128 0xb
 910 00c2 3B       		.uleb128 0x3b
 911 00c3 05       		.uleb128 0x5
 912 00c4 27       		.uleb128 0x27
 913 00c5 19       		.uleb128 0x19
 914 00c6 11       		.uleb128 0x11
 915 00c7 01       		.uleb128 0x1
 916 00c8 12       		.uleb128 0x12
 917 00c9 06       		.uleb128 0x6
 918 00ca 40       		.uleb128 0x40
 919 00cb 18       		.uleb128 0x18
 920 00cc 9742     		.uleb128 0x2117
 921 00ce 19       		.uleb128 0x19
 922 00cf 01       		.uleb128 0x1
 923 00d0 13       		.uleb128 0x13
 924 00d1 00       		.byte	0
 925 00d2 00       		.byte	0
 926 00d3 0E       		.uleb128 0xe
 927 00d4 05       		.uleb128 0x5
 928 00d5 00       		.byte	0
 929 00d6 03       		.uleb128 0x3
 930 00d7 0E       		.uleb128 0xe
 931 00d8 3A       		.uleb128 0x3a
 932 00d9 0B       		.uleb128 0xb
 933 00da 3B       		.uleb128 0x3b
 934 00db 05       		.uleb128 0x5
 935 00dc 49       		.uleb128 0x49
 936 00dd 13       		.uleb128 0x13
 937 00de 02       		.uleb128 0x2
 938 00df 17       		.uleb128 0x17
 939 00e0 00       		.byte	0
 940 00e1 00       		.byte	0
 941 00e2 0F       		.uleb128 0xf
 942 00e3 2E       		.uleb128 0x2e
 943 00e4 01       		.byte	0x1
 944 00e5 3F       		.uleb128 0x3f
 945 00e6 19       		.uleb128 0x19
 946 00e7 03       		.uleb128 0x3
 947 00e8 0E       		.uleb128 0xe
 948 00e9 3A       		.uleb128 0x3a
 949 00ea 0B       		.uleb128 0xb
 950 00eb 3B       		.uleb128 0x3b
 951 00ec 05       		.uleb128 0x5
 952 00ed 27       		.uleb128 0x27
ARM GAS  C:\Users\User\AppData\Local\Temp\ccYAunwC.s 			page 25


 953 00ee 19       		.uleb128 0x19
 954 00ef 49       		.uleb128 0x49
 955 00f0 13       		.uleb128 0x13
 956 00f1 11       		.uleb128 0x11
 957 00f2 01       		.uleb128 0x1
 958 00f3 12       		.uleb128 0x12
 959 00f4 06       		.uleb128 0x6
 960 00f5 40       		.uleb128 0x40
 961 00f6 18       		.uleb128 0x18
 962 00f7 9742     		.uleb128 0x2117
 963 00f9 19       		.uleb128 0x19
 964 00fa 01       		.uleb128 0x1
 965 00fb 13       		.uleb128 0x13
 966 00fc 00       		.byte	0
 967 00fd 00       		.byte	0
 968 00fe 10       		.uleb128 0x10
 969 00ff 34       		.uleb128 0x34
 970 0100 00       		.byte	0
 971 0101 03       		.uleb128 0x3
 972 0102 0E       		.uleb128 0xe
 973 0103 3A       		.uleb128 0x3a
 974 0104 0B       		.uleb128 0xb
 975 0105 3B       		.uleb128 0x3b
 976 0106 05       		.uleb128 0x5
 977 0107 49       		.uleb128 0x49
 978 0108 13       		.uleb128 0x13
 979 0109 02       		.uleb128 0x2
 980 010a 17       		.uleb128 0x17
 981 010b 00       		.byte	0
 982 010c 00       		.byte	0
 983 010d 11       		.uleb128 0x11
 984 010e 2E       		.uleb128 0x2e
 985 010f 00       		.byte	0
 986 0110 3F       		.uleb128 0x3f
 987 0111 19       		.uleb128 0x19
 988 0112 03       		.uleb128 0x3
 989 0113 0E       		.uleb128 0xe
 990 0114 3A       		.uleb128 0x3a
 991 0115 0B       		.uleb128 0xb
 992 0116 3B       		.uleb128 0x3b
 993 0117 05       		.uleb128 0x5
 994 0118 27       		.uleb128 0x27
 995 0119 19       		.uleb128 0x19
 996 011a 11       		.uleb128 0x11
 997 011b 01       		.uleb128 0x1
 998 011c 12       		.uleb128 0x12
 999 011d 06       		.uleb128 0x6
 1000 011e 40       		.uleb128 0x40
 1001 011f 18       		.uleb128 0x18
 1002 0120 9742     		.uleb128 0x2117
 1003 0122 19       		.uleb128 0x19
 1004 0123 00       		.byte	0
 1005 0124 00       		.byte	0
 1006 0125 12       		.uleb128 0x12
 1007 0126 2E       		.uleb128 0x2e
 1008 0127 00       		.byte	0
 1009 0128 3F       		.uleb128 0x3f
ARM GAS  C:\Users\User\AppData\Local\Temp\ccYAunwC.s 			page 26


 1010 0129 19       		.uleb128 0x19
 1011 012a 03       		.uleb128 0x3
 1012 012b 0E       		.uleb128 0xe
 1013 012c 3A       		.uleb128 0x3a
 1014 012d 0B       		.uleb128 0xb
 1015 012e 3B       		.uleb128 0x3b
 1016 012f 05       		.uleb128 0x5
 1017 0130 27       		.uleb128 0x27
 1018 0131 19       		.uleb128 0x19
 1019 0132 49       		.uleb128 0x49
 1020 0133 13       		.uleb128 0x13
 1021 0134 11       		.uleb128 0x11
 1022 0135 01       		.uleb128 0x1
 1023 0136 12       		.uleb128 0x12
 1024 0137 06       		.uleb128 0x6
 1025 0138 40       		.uleb128 0x40
 1026 0139 18       		.uleb128 0x18
 1027 013a 9742     		.uleb128 0x2117
 1028 013c 19       		.uleb128 0x19
 1029 013d 00       		.byte	0
 1030 013e 00       		.byte	0
 1031 013f 13       		.uleb128 0x13
 1032 0140 898201   		.uleb128 0x4109
 1033 0143 00       		.byte	0
 1034 0144 11       		.uleb128 0x11
 1035 0145 01       		.uleb128 0x1
 1036 0146 31       		.uleb128 0x31
 1037 0147 13       		.uleb128 0x13
 1038 0148 00       		.byte	0
 1039 0149 00       		.byte	0
 1040 014a 14       		.uleb128 0x14
 1041 014b 898201   		.uleb128 0x4109
 1042 014e 01       		.byte	0x1
 1043 014f 11       		.uleb128 0x11
 1044 0150 01       		.uleb128 0x1
 1045 0151 31       		.uleb128 0x31
 1046 0152 13       		.uleb128 0x13
 1047 0153 01       		.uleb128 0x1
 1048 0154 13       		.uleb128 0x13
 1049 0155 00       		.byte	0
 1050 0156 00       		.byte	0
 1051 0157 15       		.uleb128 0x15
 1052 0158 8A8201   		.uleb128 0x410a
 1053 015b 00       		.byte	0
 1054 015c 02       		.uleb128 0x2
 1055 015d 18       		.uleb128 0x18
 1056 015e 9142     		.uleb128 0x2111
 1057 0160 18       		.uleb128 0x18
 1058 0161 00       		.byte	0
 1059 0162 00       		.byte	0
 1060 0163 16       		.uleb128 0x16
 1061 0164 05       		.uleb128 0x5
 1062 0165 00       		.byte	0
 1063 0166 03       		.uleb128 0x3
 1064 0167 0E       		.uleb128 0xe
 1065 0168 3A       		.uleb128 0x3a
 1066 0169 0B       		.uleb128 0xb
ARM GAS  C:\Users\User\AppData\Local\Temp\ccYAunwC.s 			page 27


 1067 016a 3B       		.uleb128 0x3b
 1068 016b 0B       		.uleb128 0xb
 1069 016c 49       		.uleb128 0x49
 1070 016d 13       		.uleb128 0x13
 1071 016e 02       		.uleb128 0x2
 1072 016f 17       		.uleb128 0x17
 1073 0170 00       		.byte	0
 1074 0171 00       		.byte	0
 1075 0172 00       		.byte	0
 1076              		.section	.debug_loc,"",%progbits
 1077              	.Ldebug_loc0:
 1078              	.LLST0:
 1079 0000 00000000 		.4byte	.LVL3
 1080 0004 02000000 		.4byte	.LVL4
 1081 0008 0100     		.2byte	0x1
 1082 000a 50       		.byte	0x50
 1083 000b 02000000 		.4byte	.LVL4
 1084 000f 10000000 		.4byte	.LFE6
 1085 0013 0400     		.2byte	0x4
 1086 0015 F3       		.byte	0xf3
 1087 0016 01       		.uleb128 0x1
 1088 0017 50       		.byte	0x50
 1089 0018 9F       		.byte	0x9f
 1090 0019 00000000 		.4byte	0
 1091 001d 00000000 		.4byte	0
 1092              	.LLST1:
 1093 0021 04000000 		.4byte	.LVL5
 1094 0025 06000000 		.4byte	.LVL6
 1095 0029 0500     		.2byte	0x5
 1096 002b 70       		.byte	0x70
 1097 002c 00       		.sleb128 0
 1098 002d 35       		.byte	0x35
 1099 002e 25       		.byte	0x25
 1100 002f 9F       		.byte	0x9f
 1101 0030 00000000 		.4byte	0
 1102 0034 00000000 		.4byte	0
 1103              	.LLST2:
 1104 0038 00000000 		.4byte	.LVL11
 1105 003c 07000000 		.4byte	.LVL12-1
 1106 0040 0100     		.2byte	0x1
 1107 0042 50       		.byte	0x50
 1108 0043 07000000 		.4byte	.LVL12-1
 1109 0047 1A000000 		.4byte	.LFE1
 1110 004b 0100     		.2byte	0x1
 1111 004d 54       		.byte	0x54
 1112 004e 00000000 		.4byte	0
 1113 0052 00000000 		.4byte	0
 1114              		.section	.debug_aranges,"",%progbits
 1115 0000 7C000000 		.4byte	0x7c
 1116 0004 0200     		.2byte	0x2
 1117 0006 00000000 		.4byte	.Ldebug_info0
 1118 000a 04       		.byte	0x4
 1119 000b 00       		.byte	0
 1120 000c 0000     		.2byte	0
 1121 000e 0000     		.2byte	0
 1122 0010 00000000 		.4byte	.LFB3
 1123 0014 02000000 		.4byte	.LFE3-.LFB3
ARM GAS  C:\Users\User\AppData\Local\Temp\ccYAunwC.s 			page 28


 1124 0018 00000000 		.4byte	.LFB4
 1125 001c 10000000 		.4byte	.LFE4-.LFB4
 1126 0020 00000000 		.4byte	.LFB5
 1127 0024 10000000 		.4byte	.LFE5-.LFB5
 1128 0028 00000000 		.4byte	.LFB6
 1129 002c 10000000 		.4byte	.LFE6-.LFB6
 1130 0030 00000000 		.4byte	.LFB7
 1131 0034 0C000000 		.4byte	.LFE7-.LFB7
 1132 0038 00000000 		.4byte	.LFB8
 1133 003c 10000000 		.4byte	.LFE8-.LFB8
 1134 0040 00000000 		.4byte	.LFB9
 1135 0044 18000000 		.4byte	.LFE9-.LFB9
 1136 0048 00000000 		.4byte	.LFB10
 1137 004c 10000000 		.4byte	.LFE10-.LFB10
 1138 0050 00000000 		.4byte	.LFB0
 1139 0054 1C000000 		.4byte	.LFE0-.LFB0
 1140 0058 00000000 		.4byte	.LFB1
 1141 005c 1A000000 		.4byte	.LFE1-.LFB1
 1142 0060 00000000 		.4byte	.LFB2
 1143 0064 14000000 		.4byte	.LFE2-.LFB2
 1144 0068 00000000 		.4byte	.LFB11
 1145 006c 10000000 		.4byte	.LFE11-.LFB11
 1146 0070 00000000 		.4byte	.LFB12
 1147 0074 10000000 		.4byte	.LFE12-.LFB12
 1148 0078 00000000 		.4byte	0
 1149 007c 00000000 		.4byte	0
 1150              		.section	.debug_ranges,"",%progbits
 1151              	.Ldebug_ranges0:
 1152 0000 00000000 		.4byte	.LFB3
 1153 0004 02000000 		.4byte	.LFE3
 1154 0008 00000000 		.4byte	.LFB4
 1155 000c 10000000 		.4byte	.LFE4
 1156 0010 00000000 		.4byte	.LFB5
 1157 0014 10000000 		.4byte	.LFE5
 1158 0018 00000000 		.4byte	.LFB6
 1159 001c 10000000 		.4byte	.LFE6
 1160 0020 00000000 		.4byte	.LFB7
 1161 0024 0C000000 		.4byte	.LFE7
 1162 0028 00000000 		.4byte	.LFB8
 1163 002c 10000000 		.4byte	.LFE8
 1164 0030 00000000 		.4byte	.LFB9
 1165 0034 18000000 		.4byte	.LFE9
 1166 0038 00000000 		.4byte	.LFB10
 1167 003c 10000000 		.4byte	.LFE10
 1168 0040 00000000 		.4byte	.LFB0
 1169 0044 1C000000 		.4byte	.LFE0
 1170 0048 00000000 		.4byte	.LFB1
 1171 004c 1A000000 		.4byte	.LFE1
 1172 0050 00000000 		.4byte	.LFB2
 1173 0054 14000000 		.4byte	.LFE2
 1174 0058 00000000 		.4byte	.LFB11
 1175 005c 10000000 		.4byte	.LFE11
 1176 0060 00000000 		.4byte	.LFB12
 1177 0064 10000000 		.4byte	.LFE12
 1178 0068 00000000 		.4byte	0
 1179 006c 00000000 		.4byte	0
 1180              		.section	.debug_line,"",%progbits
ARM GAS  C:\Users\User\AppData\Local\Temp\ccYAunwC.s 			page 29


 1181              	.Ldebug_line0:
 1182 0000 4C010000 		.section	.debug_str,"MS",%progbits,1
 1182      02006000 
 1182      00000201 
 1182      FB0E0D00 
 1182      01010101 
 1183              	.LASF35:
 1184 0000 2E5C4765 		.ascii	".\\Generated_Source\\PSoC5\\update_isr.c\000"
 1184      6E657261 
 1184      7465645F 
 1184      536F7572 
 1184      63655C50 
 1185              	.LASF17:
 1186 0026 72656733 		.ascii	"reg32\000"
 1186      3200
 1187              	.LASF32:
 1188 002c 75706461 		.ascii	"update_isr_SetPending\000"
 1188      74655F69 
 1188      73725F53 
 1188      65745065 
 1188      6E64696E 
 1189              	.LASF34:
 1190 0042 474E5520 		.ascii	"GNU C 4.9.3 20150303 (release) [ARM/embedded-4_9-br"
 1190      4320342E 
 1190      392E3320 
 1190      32303135 
 1190      30333033 
 1191 0075 616E6368 		.ascii	"anch revision 221220] -mcpu=cortex-m3 -mthumb -g -O"
 1191      20726576 
 1191      6973696F 
 1191      6E203232 
 1191      31323230 
 1192 00a8 67202D73 		.ascii	"g -std=gnu11 -ffunction-sections -ffat-lto-objects\000"
 1192      74643D67 
 1192      6E753131 
 1192      202D6666 
 1192      756E6374 
 1193              	.LASF6:
 1194 00db 73686F72 		.ascii	"short unsigned int\000"
 1194      7420756E 
 1194      7369676E 
 1194      65642069 
 1194      6E7400
 1195              	.LASF25:
 1196 00ee 75706461 		.ascii	"update_isr_GetPriority\000"
 1196      74655F69 
 1196      73725F47 
 1196      65745072 
 1196      696F7269 
 1197              	.LASF14:
 1198 0105 666C6F61 		.ascii	"float\000"
 1198      7400
 1199              	.LASF4:
 1200 010b 756E7369 		.ascii	"unsigned char\000"
 1200      676E6564 
 1200      20636861 
 1200      7200
ARM GAS  C:\Users\User\AppData\Local\Temp\ccYAunwC.s 			page 30


 1201              	.LASF27:
 1202 0119 75706461 		.ascii	"update_isr_Enable\000"
 1202      74655F69 
 1202      73725F45 
 1202      6E61626C 
 1202      6500
 1203              	.LASF8:
 1204 012b 6C6F6E67 		.ascii	"long unsigned int\000"
 1204      20756E73 
 1204      69676E65 
 1204      6420696E 
 1204      7400
 1205              	.LASF12:
 1206 013d 75696E74 		.ascii	"uint8\000"
 1206      3800
 1207              	.LASF23:
 1208 0143 7072696F 		.ascii	"priority\000"
 1208      72697479 
 1208      00
 1209              	.LASF36:
 1210 014c 433A5C55 		.ascii	"C:\\Users\\User\\Documents\\MIT 6.115\\finalproject"
 1210      73657273 
 1210      5C557365 
 1210      725C446F 
 1210      63756D65 
 1211 017a 5C477569 		.ascii	"\\GuitarHero.cydsn\000"
 1211      74617248 
 1211      65726F2E 
 1211      63796473 
 1211      6E00
 1212              	.LASF21:
 1213 018c 75706461 		.ascii	"update_isr_SetPriority\000"
 1213      74655F69 
 1213      73725F53 
 1213      65745072 
 1213      696F7269 
 1214              	.LASF15:
 1215 01a3 646F7562 		.ascii	"double\000"
 1215      6C6500
 1216              	.LASF20:
 1217 01aa 75706461 		.ascii	"update_isr_SetVector\000"
 1217      74655F69 
 1217      73725F53 
 1217      65745665 
 1217      63746F72 
 1218              	.LASF33:
 1219 01bf 75706461 		.ascii	"update_isr_ClearPending\000"
 1219      74655F69 
 1219      73725F43 
 1219      6C656172 
 1219      50656E64 
 1220              	.LASF13:
 1221 01d7 75696E74 		.ascii	"uint32\000"
 1221      333200
 1222              	.LASF0:
 1223 01de 756E7369 		.ascii	"unsigned int\000"
 1223      676E6564 
ARM GAS  C:\Users\User\AppData\Local\Temp\ccYAunwC.s 			page 31


 1223      20696E74 
 1223      00
 1224              	.LASF22:
 1225 01eb 61646472 		.ascii	"address\000"
 1225      65737300 
 1226              	.LASF9:
 1227 01f3 6C6F6E67 		.ascii	"long long unsigned int\000"
 1227      206C6F6E 
 1227      6720756E 
 1227      7369676E 
 1227      65642069 
 1228              	.LASF18:
 1229 020a 63796973 		.ascii	"cyisraddress\000"
 1229      72616464 
 1229      72657373 
 1229      00
 1230              	.LASF31:
 1231 0217 75706461 		.ascii	"update_isr_Stop\000"
 1231      74655F69 
 1231      73725F53 
 1231      746F7000 
 1232              	.LASF16:
 1233 0227 72656738 		.ascii	"reg8\000"
 1233      00
 1234              	.LASF10:
 1235 022c 73697A65 		.ascii	"sizetype\000"
 1235      74797065 
 1235      00
 1236              	.LASF1:
 1237 0235 6C6F6E67 		.ascii	"long long int\000"
 1237      206C6F6E 
 1237      6720696E 
 1237      7400
 1238              	.LASF11:
 1239 0243 63686172 		.ascii	"char\000"
 1239      00
 1240              	.LASF19:
 1241 0248 72616D56 		.ascii	"ramVectorTable\000"
 1241      6563746F 
 1241      72546162 
 1241      6C6500
 1242              	.LASF30:
 1243 0257 75706461 		.ascii	"update_isr_StartEx\000"
 1243      74655F69 
 1243      73725F53 
 1243      74617274 
 1243      457800
 1244              	.LASF5:
 1245 026a 73686F72 		.ascii	"short int\000"
 1245      7420696E 
 1245      7400
 1246              	.LASF24:
 1247 0274 75706461 		.ascii	"update_isr_GetVector\000"
 1247      74655F69 
 1247      73725F47 
 1247      65745665 
 1247      63746F72 
ARM GAS  C:\Users\User\AppData\Local\Temp\ccYAunwC.s 			page 32


 1248              	.LASF37:
 1249 0289 75706461 		.ascii	"update_isr_GetState\000"
 1249      74655F69 
 1249      73725F47 
 1249      65745374 
 1249      61746500 
 1250              	.LASF26:
 1251 029d 75706461 		.ascii	"update_isr_Interrupt\000"
 1251      74655F69 
 1251      73725F49 
 1251      6E746572 
 1251      72757074 
 1252              	.LASF7:
 1253 02b2 6C6F6E67 		.ascii	"long int\000"
 1253      20696E74 
 1253      00
 1254              	.LASF29:
 1255 02bb 75706461 		.ascii	"update_isr_Start\000"
 1255      74655F69 
 1255      73725F53 
 1255      74617274 
 1255      00
 1256              	.LASF2:
 1257 02cc 6C6F6E67 		.ascii	"long double\000"
 1257      20646F75 
 1257      626C6500 
 1258              	.LASF3:
 1259 02d8 7369676E 		.ascii	"signed char\000"
 1259      65642063 
 1259      68617200 
 1260              	.LASF28:
 1261 02e4 75706461 		.ascii	"update_isr_Disable\000"
 1261      74655F69 
 1261      73725F44 
 1261      69736162 
 1261      6C6500
 1262              		.ident	"GCC: (GNU Tools for ARM Embedded Processors) 4.9.3 20150303 (release) [ARM/embedded-4_9-br
